[2024-03-01T02:32:44.541+0000] {processor.py:161} INFO - Started process (PID=23) to work on /opt/airflow/dags/fetch_data.py
[2024-03-01T02:32:44.542+0000] {processor.py:830} INFO - Processing file /opt/airflow/dags/fetch_data.py for tasks to queue
[2024-03-01T02:32:44.546+0000] {logging_mixin.py:188} INFO - [2024-03-01T02:32:44.546+0000] {dagbag.py:540} INFO - Filling up the DagBag from /opt/airflow/dags/fetch_data.py
[2024-03-01T02:32:45.614+0000] {processor.py:840} INFO - DAG(s) 'stock_analyzer' retrieved from /opt/airflow/dags/fetch_data.py
[2024-03-01T02:32:46.080+0000] {logging_mixin.py:188} INFO - [2024-03-01T02:32:46.080+0000] {dag.py:3047} INFO - Sync 1 DAGs
[2024-03-01T02:32:46.303+0000] {logging_mixin.py:188} INFO - [2024-03-01T02:32:46.302+0000] {dag.py:3834} INFO - Setting next_dagrun for stock_analyzer to 2024-03-01 00:00:00+00:00, run_after=2024-03-02 00:00:00+00:00
[2024-03-01T02:32:46.626+0000] {processor.py:183} INFO - Processing /opt/airflow/dags/fetch_data.py took 2.093 seconds
[2024-03-01T02:33:16.847+0000] {processor.py:161} INFO - Started process (PID=38) to work on /opt/airflow/dags/fetch_data.py
[2024-03-01T02:33:16.848+0000] {processor.py:830} INFO - Processing file /opt/airflow/dags/fetch_data.py for tasks to queue
[2024-03-01T02:33:16.850+0000] {logging_mixin.py:188} INFO - [2024-03-01T02:33:16.850+0000] {dagbag.py:540} INFO - Filling up the DagBag from /opt/airflow/dags/fetch_data.py
[2024-03-01T02:33:16.862+0000] {processor.py:840} INFO - DAG(s) 'stock_analyzer' retrieved from /opt/airflow/dags/fetch_data.py
[2024-03-01T02:33:16.891+0000] {logging_mixin.py:188} INFO - [2024-03-01T02:33:16.891+0000] {dag.py:3047} INFO - Sync 1 DAGs
[2024-03-01T02:33:16.937+0000] {logging_mixin.py:188} INFO - [2024-03-01T02:33:16.936+0000] {dag.py:3834} INFO - Setting next_dagrun for stock_analyzer to 2024-03-01 00:00:00+00:00, run_after=2024-03-02 00:00:00+00:00
[2024-03-01T02:33:16.978+0000] {processor.py:183} INFO - Processing /opt/airflow/dags/fetch_data.py took 0.134 seconds
[2024-03-01T02:33:47.117+0000] {processor.py:161} INFO - Started process (PID=47) to work on /opt/airflow/dags/fetch_data.py
[2024-03-01T02:33:47.118+0000] {processor.py:830} INFO - Processing file /opt/airflow/dags/fetch_data.py for tasks to queue
[2024-03-01T02:33:47.120+0000] {logging_mixin.py:188} INFO - [2024-03-01T02:33:47.119+0000] {dagbag.py:540} INFO - Filling up the DagBag from /opt/airflow/dags/fetch_data.py
[2024-03-01T02:33:47.133+0000] {processor.py:840} INFO - DAG(s) 'stock_analyzer' retrieved from /opt/airflow/dags/fetch_data.py
[2024-03-01T02:33:47.161+0000] {logging_mixin.py:188} INFO - [2024-03-01T02:33:47.161+0000] {dag.py:3047} INFO - Sync 1 DAGs
[2024-03-01T02:33:47.185+0000] {logging_mixin.py:188} INFO - [2024-03-01T02:33:47.184+0000] {dag.py:3834} INFO - Setting next_dagrun for stock_analyzer to 2024-03-01 00:00:00+00:00, run_after=2024-03-02 00:00:00+00:00
[2024-03-01T02:33:47.205+0000] {processor.py:183} INFO - Processing /opt/airflow/dags/fetch_data.py took 0.092 seconds
[2024-03-01T02:34:17.331+0000] {processor.py:161} INFO - Started process (PID=55) to work on /opt/airflow/dags/fetch_data.py
[2024-03-01T02:34:17.332+0000] {processor.py:830} INFO - Processing file /opt/airflow/dags/fetch_data.py for tasks to queue
[2024-03-01T02:34:17.334+0000] {logging_mixin.py:188} INFO - [2024-03-01T02:34:17.334+0000] {dagbag.py:540} INFO - Filling up the DagBag from /opt/airflow/dags/fetch_data.py
[2024-03-01T02:34:17.349+0000] {processor.py:840} INFO - DAG(s) 'stock_analyzer' retrieved from /opt/airflow/dags/fetch_data.py
[2024-03-01T02:34:17.377+0000] {logging_mixin.py:188} INFO - [2024-03-01T02:34:17.376+0000] {dag.py:3047} INFO - Sync 1 DAGs
[2024-03-01T02:34:17.412+0000] {logging_mixin.py:188} INFO - [2024-03-01T02:34:17.412+0000] {dag.py:3834} INFO - Setting next_dagrun for stock_analyzer to 2024-03-01 00:00:00+00:00, run_after=2024-03-02 00:00:00+00:00
[2024-03-01T02:34:17.439+0000] {processor.py:183} INFO - Processing /opt/airflow/dags/fetch_data.py took 0.111 seconds
[2024-03-01T02:34:47.585+0000] {processor.py:161} INFO - Started process (PID=63) to work on /opt/airflow/dags/fetch_data.py
[2024-03-01T02:34:47.591+0000] {processor.py:830} INFO - Processing file /opt/airflow/dags/fetch_data.py for tasks to queue
[2024-03-01T02:34:47.598+0000] {logging_mixin.py:188} INFO - [2024-03-01T02:34:47.597+0000] {dagbag.py:540} INFO - Filling up the DagBag from /opt/airflow/dags/fetch_data.py
[2024-03-01T02:34:47.619+0000] {processor.py:840} INFO - DAG(s) 'stock_analyzer' retrieved from /opt/airflow/dags/fetch_data.py
[2024-03-01T02:34:47.650+0000] {logging_mixin.py:188} INFO - [2024-03-01T02:34:47.650+0000] {dag.py:3047} INFO - Sync 1 DAGs
[2024-03-01T02:34:47.676+0000] {logging_mixin.py:188} INFO - [2024-03-01T02:34:47.676+0000] {dag.py:3834} INFO - Setting next_dagrun for stock_analyzer to 2024-03-01 00:00:00+00:00, run_after=2024-03-02 00:00:00+00:00
[2024-03-01T02:34:47.707+0000] {processor.py:183} INFO - Processing /opt/airflow/dags/fetch_data.py took 0.129 seconds
[2024-03-01T02:35:17.824+0000] {processor.py:161} INFO - Started process (PID=71) to work on /opt/airflow/dags/fetch_data.py
[2024-03-01T02:35:17.825+0000] {processor.py:830} INFO - Processing file /opt/airflow/dags/fetch_data.py for tasks to queue
[2024-03-01T02:35:17.827+0000] {logging_mixin.py:188} INFO - [2024-03-01T02:35:17.826+0000] {dagbag.py:540} INFO - Filling up the DagBag from /opt/airflow/dags/fetch_data.py
[2024-03-01T02:35:17.840+0000] {processor.py:840} INFO - DAG(s) 'stock_analyzer' retrieved from /opt/airflow/dags/fetch_data.py
[2024-03-01T02:35:17.869+0000] {logging_mixin.py:188} INFO - [2024-03-01T02:35:17.868+0000] {dag.py:3047} INFO - Sync 1 DAGs
[2024-03-01T02:35:17.899+0000] {logging_mixin.py:188} INFO - [2024-03-01T02:35:17.898+0000] {dag.py:3834} INFO - Setting next_dagrun for stock_analyzer to 2024-03-01 00:00:00+00:00, run_after=2024-03-02 00:00:00+00:00
[2024-03-01T02:35:17.939+0000] {processor.py:183} INFO - Processing /opt/airflow/dags/fetch_data.py took 0.118 seconds
[2024-03-01T02:35:48.080+0000] {processor.py:161} INFO - Started process (PID=79) to work on /opt/airflow/dags/fetch_data.py
[2024-03-01T02:35:48.081+0000] {processor.py:830} INFO - Processing file /opt/airflow/dags/fetch_data.py for tasks to queue
[2024-03-01T02:35:48.083+0000] {logging_mixin.py:188} INFO - [2024-03-01T02:35:48.083+0000] {dagbag.py:540} INFO - Filling up the DagBag from /opt/airflow/dags/fetch_data.py
[2024-03-01T02:35:48.097+0000] {processor.py:840} INFO - DAG(s) 'stock_analyzer' retrieved from /opt/airflow/dags/fetch_data.py
[2024-03-01T02:35:48.125+0000] {logging_mixin.py:188} INFO - [2024-03-01T02:35:48.124+0000] {dag.py:3047} INFO - Sync 1 DAGs
[2024-03-01T02:35:48.148+0000] {logging_mixin.py:188} INFO - [2024-03-01T02:35:48.148+0000] {dag.py:3834} INFO - Setting next_dagrun for stock_analyzer to 2024-03-01 00:00:00+00:00, run_after=2024-03-02 00:00:00+00:00
[2024-03-01T02:35:48.169+0000] {processor.py:183} INFO - Processing /opt/airflow/dags/fetch_data.py took 0.092 seconds
[2024-03-01T02:36:18.291+0000] {processor.py:161} INFO - Started process (PID=87) to work on /opt/airflow/dags/fetch_data.py
[2024-03-01T02:36:18.292+0000] {processor.py:830} INFO - Processing file /opt/airflow/dags/fetch_data.py for tasks to queue
[2024-03-01T02:36:18.293+0000] {logging_mixin.py:188} INFO - [2024-03-01T02:36:18.293+0000] {dagbag.py:540} INFO - Filling up the DagBag from /opt/airflow/dags/fetch_data.py
[2024-03-01T02:36:18.307+0000] {processor.py:840} INFO - DAG(s) 'stock_analyzer' retrieved from /opt/airflow/dags/fetch_data.py
[2024-03-01T02:36:18.337+0000] {logging_mixin.py:188} INFO - [2024-03-01T02:36:18.337+0000] {dag.py:3047} INFO - Sync 1 DAGs
[2024-03-01T02:36:18.361+0000] {logging_mixin.py:188} INFO - [2024-03-01T02:36:18.361+0000] {dag.py:3834} INFO - Setting next_dagrun for stock_analyzer to 2024-03-01 00:00:00+00:00, run_after=2024-03-02 00:00:00+00:00
[2024-03-01T02:36:18.385+0000] {processor.py:183} INFO - Processing /opt/airflow/dags/fetch_data.py took 0.097 seconds
[2024-03-01T02:36:48.506+0000] {processor.py:161} INFO - Started process (PID=95) to work on /opt/airflow/dags/fetch_data.py
[2024-03-01T02:36:48.507+0000] {processor.py:830} INFO - Processing file /opt/airflow/dags/fetch_data.py for tasks to queue
[2024-03-01T02:36:48.509+0000] {logging_mixin.py:188} INFO - [2024-03-01T02:36:48.508+0000] {dagbag.py:540} INFO - Filling up the DagBag from /opt/airflow/dags/fetch_data.py
[2024-03-01T02:36:48.522+0000] {processor.py:840} INFO - DAG(s) 'stock_analyzer' retrieved from /opt/airflow/dags/fetch_data.py
[2024-03-01T02:36:48.551+0000] {logging_mixin.py:188} INFO - [2024-03-01T02:36:48.551+0000] {dag.py:3047} INFO - Sync 1 DAGs
[2024-03-01T02:36:48.575+0000] {logging_mixin.py:188} INFO - [2024-03-01T02:36:48.574+0000] {dag.py:3834} INFO - Setting next_dagrun for stock_analyzer to 2024-03-01 00:00:00+00:00, run_after=2024-03-02 00:00:00+00:00
[2024-03-01T02:36:48.596+0000] {processor.py:183} INFO - Processing /opt/airflow/dags/fetch_data.py took 0.092 seconds
