[2024-02-29T05:32:17.904+0000] {processor.py:161} INFO - Started process (PID=72) to work on /home/airflow/.local/lib/python3.11/site-packages/airflow/example_dags/example_params_ui_tutorial.py
[2024-02-29T05:32:17.940+0000] {processor.py:830} INFO - Processing file /home/airflow/.local/lib/python3.11/site-packages/airflow/example_dags/example_params_ui_tutorial.py for tasks to queue
[2024-02-29T05:32:18.002+0000] {logging_mixin.py:188} INFO - [2024-02-29T05:32:18.002+0000] {dagbag.py:540} INFO - Filling up the DagBag from /home/airflow/.local/lib/python3.11/site-packages/airflow/example_dags/example_params_ui_tutorial.py
[2024-02-29T05:32:18.098+0000] {processor.py:840} INFO - DAG(s) 'example_params_ui_tutorial' retrieved from /home/airflow/.local/lib/python3.11/site-packages/airflow/example_dags/example_params_ui_tutorial.py
[2024-02-29T05:32:19.349+0000] {logging_mixin.py:188} INFO - [2024-02-29T05:32:19.348+0000] {dag.py:3047} INFO - Sync 1 DAGs
[2024-02-29T05:32:19.457+0000] {logging_mixin.py:188} INFO - [2024-02-29T05:32:19.457+0000] {dag.py:3834} INFO - Setting next_dagrun for example_params_ui_tutorial to None, run_after=None
[2024-02-29T05:32:19.698+0000] {processor.py:183} INFO - Processing /home/airflow/.local/lib/python3.11/site-packages/airflow/example_dags/example_params_ui_tutorial.py took 1.808 seconds
[2024-02-29T05:32:50.009+0000] {processor.py:161} INFO - Started process (PID=129) to work on /home/airflow/.local/lib/python3.11/site-packages/airflow/example_dags/example_params_ui_tutorial.py
[2024-02-29T05:32:50.011+0000] {processor.py:830} INFO - Processing file /home/airflow/.local/lib/python3.11/site-packages/airflow/example_dags/example_params_ui_tutorial.py for tasks to queue
[2024-02-29T05:32:50.012+0000] {logging_mixin.py:188} INFO - [2024-02-29T05:32:50.012+0000] {dagbag.py:540} INFO - Filling up the DagBag from /home/airflow/.local/lib/python3.11/site-packages/airflow/example_dags/example_params_ui_tutorial.py
[2024-02-29T05:32:50.021+0000] {processor.py:840} INFO - DAG(s) 'example_params_ui_tutorial' retrieved from /home/airflow/.local/lib/python3.11/site-packages/airflow/example_dags/example_params_ui_tutorial.py
[2024-02-29T05:32:50.060+0000] {logging_mixin.py:188} INFO - [2024-02-29T05:32:50.060+0000] {dag.py:3047} INFO - Sync 1 DAGs
[2024-02-29T05:32:50.069+0000] {logging_mixin.py:188} INFO - [2024-02-29T05:32:50.069+0000] {dag.py:3834} INFO - Setting next_dagrun for example_params_ui_tutorial to None, run_after=None
[2024-02-29T05:32:50.087+0000] {processor.py:183} INFO - Processing /home/airflow/.local/lib/python3.11/site-packages/airflow/example_dags/example_params_ui_tutorial.py took 0.080 seconds
[2024-02-29T05:33:20.191+0000] {processor.py:161} INFO - Started process (PID=190) to work on /home/airflow/.local/lib/python3.11/site-packages/airflow/example_dags/example_params_ui_tutorial.py
[2024-02-29T05:33:20.191+0000] {processor.py:830} INFO - Processing file /home/airflow/.local/lib/python3.11/site-packages/airflow/example_dags/example_params_ui_tutorial.py for tasks to queue
[2024-02-29T05:33:20.193+0000] {logging_mixin.py:188} INFO - [2024-02-29T05:33:20.193+0000] {dagbag.py:540} INFO - Filling up the DagBag from /home/airflow/.local/lib/python3.11/site-packages/airflow/example_dags/example_params_ui_tutorial.py
[2024-02-29T05:33:20.206+0000] {processor.py:840} INFO - DAG(s) 'example_params_ui_tutorial' retrieved from /home/airflow/.local/lib/python3.11/site-packages/airflow/example_dags/example_params_ui_tutorial.py
[2024-02-29T05:33:20.275+0000] {logging_mixin.py:188} INFO - [2024-02-29T05:33:20.275+0000] {dag.py:3047} INFO - Sync 1 DAGs
[2024-02-29T05:33:20.290+0000] {logging_mixin.py:188} INFO - [2024-02-29T05:33:20.290+0000] {dag.py:3834} INFO - Setting next_dagrun for example_params_ui_tutorial to None, run_after=None
[2024-02-29T05:33:20.314+0000] {processor.py:183} INFO - Processing /home/airflow/.local/lib/python3.11/site-packages/airflow/example_dags/example_params_ui_tutorial.py took 0.126 seconds
[2024-02-29T05:33:51.063+0000] {processor.py:161} INFO - Started process (PID=253) to work on /home/airflow/.local/lib/python3.11/site-packages/airflow/example_dags/example_params_ui_tutorial.py
[2024-02-29T05:33:51.064+0000] {processor.py:830} INFO - Processing file /home/airflow/.local/lib/python3.11/site-packages/airflow/example_dags/example_params_ui_tutorial.py for tasks to queue
[2024-02-29T05:33:51.066+0000] {logging_mixin.py:188} INFO - [2024-02-29T05:33:51.065+0000] {dagbag.py:540} INFO - Filling up the DagBag from /home/airflow/.local/lib/python3.11/site-packages/airflow/example_dags/example_params_ui_tutorial.py
[2024-02-29T05:33:51.075+0000] {processor.py:840} INFO - DAG(s) 'example_params_ui_tutorial' retrieved from /home/airflow/.local/lib/python3.11/site-packages/airflow/example_dags/example_params_ui_tutorial.py
[2024-02-29T05:33:51.125+0000] {logging_mixin.py:188} INFO - [2024-02-29T05:33:51.124+0000] {dag.py:3047} INFO - Sync 1 DAGs
[2024-02-29T05:33:51.135+0000] {logging_mixin.py:188} INFO - [2024-02-29T05:33:51.135+0000] {dag.py:3834} INFO - Setting next_dagrun for example_params_ui_tutorial to None, run_after=None
[2024-02-29T05:33:51.155+0000] {processor.py:183} INFO - Processing /home/airflow/.local/lib/python3.11/site-packages/airflow/example_dags/example_params_ui_tutorial.py took 0.094 seconds
[2024-02-29T05:34:21.789+0000] {processor.py:161} INFO - Started process (PID=314) to work on /home/airflow/.local/lib/python3.11/site-packages/airflow/example_dags/example_params_ui_tutorial.py
[2024-02-29T05:34:21.790+0000] {processor.py:830} INFO - Processing file /home/airflow/.local/lib/python3.11/site-packages/airflow/example_dags/example_params_ui_tutorial.py for tasks to queue
[2024-02-29T05:34:21.792+0000] {logging_mixin.py:188} INFO - [2024-02-29T05:34:21.791+0000] {dagbag.py:540} INFO - Filling up the DagBag from /home/airflow/.local/lib/python3.11/site-packages/airflow/example_dags/example_params_ui_tutorial.py
[2024-02-29T05:34:21.804+0000] {processor.py:840} INFO - DAG(s) 'example_params_ui_tutorial' retrieved from /home/airflow/.local/lib/python3.11/site-packages/airflow/example_dags/example_params_ui_tutorial.py
[2024-02-29T05:34:21.845+0000] {logging_mixin.py:188} INFO - [2024-02-29T05:34:21.844+0000] {dag.py:3047} INFO - Sync 1 DAGs
[2024-02-29T05:34:21.853+0000] {logging_mixin.py:188} INFO - [2024-02-29T05:34:21.853+0000] {dag.py:3834} INFO - Setting next_dagrun for example_params_ui_tutorial to None, run_after=None
[2024-02-29T05:34:21.873+0000] {processor.py:183} INFO - Processing /home/airflow/.local/lib/python3.11/site-packages/airflow/example_dags/example_params_ui_tutorial.py took 0.086 seconds
[2024-02-29T05:34:52.660+0000] {processor.py:161} INFO - Started process (PID=379) to work on /home/airflow/.local/lib/python3.11/site-packages/airflow/example_dags/example_params_ui_tutorial.py
[2024-02-29T05:34:52.661+0000] {processor.py:830} INFO - Processing file /home/airflow/.local/lib/python3.11/site-packages/airflow/example_dags/example_params_ui_tutorial.py for tasks to queue
[2024-02-29T05:34:52.663+0000] {logging_mixin.py:188} INFO - [2024-02-29T05:34:52.663+0000] {dagbag.py:540} INFO - Filling up the DagBag from /home/airflow/.local/lib/python3.11/site-packages/airflow/example_dags/example_params_ui_tutorial.py
[2024-02-29T05:34:52.673+0000] {processor.py:840} INFO - DAG(s) 'example_params_ui_tutorial' retrieved from /home/airflow/.local/lib/python3.11/site-packages/airflow/example_dags/example_params_ui_tutorial.py
[2024-02-29T05:34:52.723+0000] {logging_mixin.py:188} INFO - [2024-02-29T05:34:52.723+0000] {dag.py:3047} INFO - Sync 1 DAGs
[2024-02-29T05:34:52.731+0000] {logging_mixin.py:188} INFO - [2024-02-29T05:34:52.731+0000] {dag.py:3834} INFO - Setting next_dagrun for example_params_ui_tutorial to None, run_after=None
[2024-02-29T05:34:52.750+0000] {processor.py:183} INFO - Processing /home/airflow/.local/lib/python3.11/site-packages/airflow/example_dags/example_params_ui_tutorial.py took 0.092 seconds
[2024-02-29T05:35:23.457+0000] {processor.py:161} INFO - Started process (PID=439) to work on /home/airflow/.local/lib/python3.11/site-packages/airflow/example_dags/example_params_ui_tutorial.py
[2024-02-29T05:35:23.458+0000] {processor.py:830} INFO - Processing file /home/airflow/.local/lib/python3.11/site-packages/airflow/example_dags/example_params_ui_tutorial.py for tasks to queue
[2024-02-29T05:35:23.460+0000] {logging_mixin.py:188} INFO - [2024-02-29T05:35:23.460+0000] {dagbag.py:540} INFO - Filling up the DagBag from /home/airflow/.local/lib/python3.11/site-packages/airflow/example_dags/example_params_ui_tutorial.py
[2024-02-29T05:35:23.475+0000] {processor.py:840} INFO - DAG(s) 'example_params_ui_tutorial' retrieved from /home/airflow/.local/lib/python3.11/site-packages/airflow/example_dags/example_params_ui_tutorial.py
[2024-02-29T05:35:23.518+0000] {logging_mixin.py:188} INFO - [2024-02-29T05:35:23.518+0000] {dag.py:3047} INFO - Sync 1 DAGs
[2024-02-29T05:35:23.531+0000] {logging_mixin.py:188} INFO - [2024-02-29T05:35:23.531+0000] {dag.py:3834} INFO - Setting next_dagrun for example_params_ui_tutorial to None, run_after=None
[2024-02-29T05:35:23.581+0000] {processor.py:183} INFO - Processing /home/airflow/.local/lib/python3.11/site-packages/airflow/example_dags/example_params_ui_tutorial.py took 0.127 seconds
[2024-02-29T05:35:54.262+0000] {processor.py:161} INFO - Started process (PID=503) to work on /home/airflow/.local/lib/python3.11/site-packages/airflow/example_dags/example_params_ui_tutorial.py
[2024-02-29T05:35:54.263+0000] {processor.py:830} INFO - Processing file /home/airflow/.local/lib/python3.11/site-packages/airflow/example_dags/example_params_ui_tutorial.py for tasks to queue
[2024-02-29T05:35:54.265+0000] {logging_mixin.py:188} INFO - [2024-02-29T05:35:54.265+0000] {dagbag.py:540} INFO - Filling up the DagBag from /home/airflow/.local/lib/python3.11/site-packages/airflow/example_dags/example_params_ui_tutorial.py
[2024-02-29T05:35:54.280+0000] {processor.py:840} INFO - DAG(s) 'example_params_ui_tutorial' retrieved from /home/airflow/.local/lib/python3.11/site-packages/airflow/example_dags/example_params_ui_tutorial.py
[2024-02-29T05:35:54.346+0000] {logging_mixin.py:188} INFO - [2024-02-29T05:35:54.346+0000] {dag.py:3047} INFO - Sync 1 DAGs
[2024-02-29T05:35:54.357+0000] {logging_mixin.py:188} INFO - [2024-02-29T05:35:54.356+0000] {dag.py:3834} INFO - Setting next_dagrun for example_params_ui_tutorial to None, run_after=None
[2024-02-29T05:35:54.385+0000] {processor.py:183} INFO - Processing /home/airflow/.local/lib/python3.11/site-packages/airflow/example_dags/example_params_ui_tutorial.py took 0.126 seconds
[2024-02-29T05:36:24.757+0000] {processor.py:161} INFO - Started process (PID=563) to work on /home/airflow/.local/lib/python3.11/site-packages/airflow/example_dags/example_params_ui_tutorial.py
[2024-02-29T05:36:24.758+0000] {processor.py:830} INFO - Processing file /home/airflow/.local/lib/python3.11/site-packages/airflow/example_dags/example_params_ui_tutorial.py for tasks to queue
[2024-02-29T05:36:24.760+0000] {logging_mixin.py:188} INFO - [2024-02-29T05:36:24.760+0000] {dagbag.py:540} INFO - Filling up the DagBag from /home/airflow/.local/lib/python3.11/site-packages/airflow/example_dags/example_params_ui_tutorial.py
[2024-02-29T05:36:24.775+0000] {processor.py:840} INFO - DAG(s) 'example_params_ui_tutorial' retrieved from /home/airflow/.local/lib/python3.11/site-packages/airflow/example_dags/example_params_ui_tutorial.py
[2024-02-29T05:36:24.845+0000] {logging_mixin.py:188} INFO - [2024-02-29T05:36:24.844+0000] {dag.py:3047} INFO - Sync 1 DAGs
[2024-02-29T05:36:24.869+0000] {logging_mixin.py:188} INFO - [2024-02-29T05:36:24.869+0000] {dag.py:3834} INFO - Setting next_dagrun for example_params_ui_tutorial to None, run_after=None
[2024-02-29T05:36:24.894+0000] {processor.py:183} INFO - Processing /home/airflow/.local/lib/python3.11/site-packages/airflow/example_dags/example_params_ui_tutorial.py took 0.141 seconds
[2024-02-29T05:36:54.971+0000] {processor.py:161} INFO - Started process (PID=624) to work on /home/airflow/.local/lib/python3.11/site-packages/airflow/example_dags/example_params_ui_tutorial.py
[2024-02-29T05:36:54.972+0000] {processor.py:830} INFO - Processing file /home/airflow/.local/lib/python3.11/site-packages/airflow/example_dags/example_params_ui_tutorial.py for tasks to queue
[2024-02-29T05:36:54.974+0000] {logging_mixin.py:188} INFO - [2024-02-29T05:36:54.974+0000] {dagbag.py:540} INFO - Filling up the DagBag from /home/airflow/.local/lib/python3.11/site-packages/airflow/example_dags/example_params_ui_tutorial.py
[2024-02-29T05:36:54.999+0000] {processor.py:840} INFO - DAG(s) 'example_params_ui_tutorial' retrieved from /home/airflow/.local/lib/python3.11/site-packages/airflow/example_dags/example_params_ui_tutorial.py
[2024-02-29T05:36:55.047+0000] {logging_mixin.py:188} INFO - [2024-02-29T05:36:55.046+0000] {dag.py:3047} INFO - Sync 1 DAGs
[2024-02-29T05:36:55.055+0000] {logging_mixin.py:188} INFO - [2024-02-29T05:36:55.055+0000] {dag.py:3834} INFO - Setting next_dagrun for example_params_ui_tutorial to None, run_after=None
[2024-02-29T05:36:55.076+0000] {processor.py:183} INFO - Processing /home/airflow/.local/lib/python3.11/site-packages/airflow/example_dags/example_params_ui_tutorial.py took 0.107 seconds
[2024-02-29T05:37:25.775+0000] {processor.py:161} INFO - Started process (PID=680) to work on /home/airflow/.local/lib/python3.11/site-packages/airflow/example_dags/example_params_ui_tutorial.py
[2024-02-29T05:37:25.785+0000] {processor.py:830} INFO - Processing file /home/airflow/.local/lib/python3.11/site-packages/airflow/example_dags/example_params_ui_tutorial.py for tasks to queue
[2024-02-29T05:37:25.787+0000] {logging_mixin.py:188} INFO - [2024-02-29T05:37:25.786+0000] {dagbag.py:540} INFO - Filling up the DagBag from /home/airflow/.local/lib/python3.11/site-packages/airflow/example_dags/example_params_ui_tutorial.py
[2024-02-29T05:37:25.805+0000] {processor.py:840} INFO - DAG(s) 'example_params_ui_tutorial' retrieved from /home/airflow/.local/lib/python3.11/site-packages/airflow/example_dags/example_params_ui_tutorial.py
[2024-02-29T05:37:25.934+0000] {logging_mixin.py:188} INFO - [2024-02-29T05:37:25.934+0000] {dag.py:3047} INFO - Sync 1 DAGs
[2024-02-29T05:37:25.959+0000] {logging_mixin.py:188} INFO - [2024-02-29T05:37:25.959+0000] {dag.py:3834} INFO - Setting next_dagrun for example_params_ui_tutorial to None, run_after=None
[2024-02-29T05:37:26.013+0000] {processor.py:183} INFO - Processing /home/airflow/.local/lib/python3.11/site-packages/airflow/example_dags/example_params_ui_tutorial.py took 0.241 seconds
[2024-02-29T05:37:56.253+0000] {processor.py:161} INFO - Started process (PID=737) to work on /home/airflow/.local/lib/python3.11/site-packages/airflow/example_dags/example_params_ui_tutorial.py
[2024-02-29T05:37:56.255+0000] {processor.py:830} INFO - Processing file /home/airflow/.local/lib/python3.11/site-packages/airflow/example_dags/example_params_ui_tutorial.py for tasks to queue
[2024-02-29T05:37:56.258+0000] {logging_mixin.py:188} INFO - [2024-02-29T05:37:56.257+0000] {dagbag.py:540} INFO - Filling up the DagBag from /home/airflow/.local/lib/python3.11/site-packages/airflow/example_dags/example_params_ui_tutorial.py
[2024-02-29T05:37:56.268+0000] {processor.py:840} INFO - DAG(s) 'example_params_ui_tutorial' retrieved from /home/airflow/.local/lib/python3.11/site-packages/airflow/example_dags/example_params_ui_tutorial.py
[2024-02-29T05:37:56.315+0000] {logging_mixin.py:188} INFO - [2024-02-29T05:37:56.315+0000] {dag.py:3047} INFO - Sync 1 DAGs
[2024-02-29T05:37:56.328+0000] {logging_mixin.py:188} INFO - [2024-02-29T05:37:56.328+0000] {dag.py:3834} INFO - Setting next_dagrun for example_params_ui_tutorial to None, run_after=None
[2024-02-29T05:37:56.352+0000] {processor.py:183} INFO - Processing /home/airflow/.local/lib/python3.11/site-packages/airflow/example_dags/example_params_ui_tutorial.py took 0.101 seconds
[2024-02-29T05:38:26.532+0000] {processor.py:161} INFO - Started process (PID=794) to work on /home/airflow/.local/lib/python3.11/site-packages/airflow/example_dags/example_params_ui_tutorial.py
[2024-02-29T05:38:26.533+0000] {processor.py:830} INFO - Processing file /home/airflow/.local/lib/python3.11/site-packages/airflow/example_dags/example_params_ui_tutorial.py for tasks to queue
[2024-02-29T05:38:26.534+0000] {logging_mixin.py:188} INFO - [2024-02-29T05:38:26.534+0000] {dagbag.py:540} INFO - Filling up the DagBag from /home/airflow/.local/lib/python3.11/site-packages/airflow/example_dags/example_params_ui_tutorial.py
[2024-02-29T05:38:26.543+0000] {processor.py:840} INFO - DAG(s) 'example_params_ui_tutorial' retrieved from /home/airflow/.local/lib/python3.11/site-packages/airflow/example_dags/example_params_ui_tutorial.py
[2024-02-29T05:38:26.588+0000] {logging_mixin.py:188} INFO - [2024-02-29T05:38:26.588+0000] {dag.py:3047} INFO - Sync 1 DAGs
[2024-02-29T05:38:26.596+0000] {logging_mixin.py:188} INFO - [2024-02-29T05:38:26.596+0000] {dag.py:3834} INFO - Setting next_dagrun for example_params_ui_tutorial to None, run_after=None
[2024-02-29T05:38:26.614+0000] {processor.py:183} INFO - Processing /home/airflow/.local/lib/python3.11/site-packages/airflow/example_dags/example_params_ui_tutorial.py took 0.085 seconds
[2024-02-29T05:38:56.871+0000] {processor.py:161} INFO - Started process (PID=851) to work on /home/airflow/.local/lib/python3.11/site-packages/airflow/example_dags/example_params_ui_tutorial.py
[2024-02-29T05:38:56.872+0000] {processor.py:830} INFO - Processing file /home/airflow/.local/lib/python3.11/site-packages/airflow/example_dags/example_params_ui_tutorial.py for tasks to queue
[2024-02-29T05:38:56.873+0000] {logging_mixin.py:188} INFO - [2024-02-29T05:38:56.873+0000] {dagbag.py:540} INFO - Filling up the DagBag from /home/airflow/.local/lib/python3.11/site-packages/airflow/example_dags/example_params_ui_tutorial.py
[2024-02-29T05:38:56.882+0000] {processor.py:840} INFO - DAG(s) 'example_params_ui_tutorial' retrieved from /home/airflow/.local/lib/python3.11/site-packages/airflow/example_dags/example_params_ui_tutorial.py
[2024-02-29T05:38:56.918+0000] {logging_mixin.py:188} INFO - [2024-02-29T05:38:56.918+0000] {dag.py:3047} INFO - Sync 1 DAGs
[2024-02-29T05:38:56.926+0000] {logging_mixin.py:188} INFO - [2024-02-29T05:38:56.926+0000] {dag.py:3834} INFO - Setting next_dagrun for example_params_ui_tutorial to None, run_after=None
[2024-02-29T05:38:56.945+0000] {processor.py:183} INFO - Processing /home/airflow/.local/lib/python3.11/site-packages/airflow/example_dags/example_params_ui_tutorial.py took 0.077 seconds
[2024-02-29T05:39:27.342+0000] {processor.py:161} INFO - Started process (PID=908) to work on /home/airflow/.local/lib/python3.11/site-packages/airflow/example_dags/example_params_ui_tutorial.py
[2024-02-29T05:39:27.343+0000] {processor.py:830} INFO - Processing file /home/airflow/.local/lib/python3.11/site-packages/airflow/example_dags/example_params_ui_tutorial.py for tasks to queue
[2024-02-29T05:39:27.346+0000] {logging_mixin.py:188} INFO - [2024-02-29T05:39:27.345+0000] {dagbag.py:540} INFO - Filling up the DagBag from /home/airflow/.local/lib/python3.11/site-packages/airflow/example_dags/example_params_ui_tutorial.py
[2024-02-29T05:39:27.356+0000] {processor.py:840} INFO - DAG(s) 'example_params_ui_tutorial' retrieved from /home/airflow/.local/lib/python3.11/site-packages/airflow/example_dags/example_params_ui_tutorial.py
[2024-02-29T05:39:27.407+0000] {logging_mixin.py:188} INFO - [2024-02-29T05:39:27.407+0000] {dag.py:3047} INFO - Sync 1 DAGs
[2024-02-29T05:39:27.417+0000] {logging_mixin.py:188} INFO - [2024-02-29T05:39:27.417+0000] {dag.py:3834} INFO - Setting next_dagrun for example_params_ui_tutorial to None, run_after=None
[2024-02-29T05:39:27.443+0000] {processor.py:183} INFO - Processing /home/airflow/.local/lib/python3.11/site-packages/airflow/example_dags/example_params_ui_tutorial.py took 0.107 seconds
[2024-02-29T05:39:57.639+0000] {processor.py:161} INFO - Started process (PID=965) to work on /home/airflow/.local/lib/python3.11/site-packages/airflow/example_dags/example_params_ui_tutorial.py
[2024-02-29T05:39:57.640+0000] {processor.py:830} INFO - Processing file /home/airflow/.local/lib/python3.11/site-packages/airflow/example_dags/example_params_ui_tutorial.py for tasks to queue
[2024-02-29T05:39:57.641+0000] {logging_mixin.py:188} INFO - [2024-02-29T05:39:57.641+0000] {dagbag.py:540} INFO - Filling up the DagBag from /home/airflow/.local/lib/python3.11/site-packages/airflow/example_dags/example_params_ui_tutorial.py
[2024-02-29T05:39:57.650+0000] {processor.py:840} INFO - DAG(s) 'example_params_ui_tutorial' retrieved from /home/airflow/.local/lib/python3.11/site-packages/airflow/example_dags/example_params_ui_tutorial.py
[2024-02-29T05:39:57.701+0000] {logging_mixin.py:188} INFO - [2024-02-29T05:39:57.701+0000] {dag.py:3047} INFO - Sync 1 DAGs
[2024-02-29T05:39:57.715+0000] {logging_mixin.py:188} INFO - [2024-02-29T05:39:57.715+0000] {dag.py:3834} INFO - Setting next_dagrun for example_params_ui_tutorial to None, run_after=None
[2024-02-29T05:39:57.740+0000] {processor.py:183} INFO - Processing /home/airflow/.local/lib/python3.11/site-packages/airflow/example_dags/example_params_ui_tutorial.py took 0.103 seconds
