[2024-02-29T05:32:23.820+0000] {processor.py:161} INFO - Started process (PID=78) to work on /home/airflow/.local/lib/python3.11/site-packages/airflow/example_dags/example_external_task_marker_dag.py
[2024-02-29T05:32:23.834+0000] {processor.py:830} INFO - Processing file /home/airflow/.local/lib/python3.11/site-packages/airflow/example_dags/example_external_task_marker_dag.py for tasks to queue
[2024-02-29T05:32:23.836+0000] {logging_mixin.py:188} INFO - [2024-02-29T05:32:23.835+0000] {dagbag.py:540} INFO - Filling up the DagBag from /home/airflow/.local/lib/python3.11/site-packages/airflow/example_dags/example_external_task_marker_dag.py
[2024-02-29T05:32:23.888+0000] {processor.py:840} INFO - DAG(s) 'example_external_task_marker_child', 'example_external_task_marker_parent' retrieved from /home/airflow/.local/lib/python3.11/site-packages/airflow/example_dags/example_external_task_marker_dag.py
[2024-02-29T05:32:25.117+0000] {logging_mixin.py:188} INFO - [2024-02-29T05:32:25.117+0000] {dag.py:3047} INFO - Sync 2 DAGs
[2024-02-29T05:32:25.165+0000] {logging_mixin.py:188} INFO - [2024-02-29T05:32:25.165+0000] {dag.py:3834} INFO - Setting next_dagrun for example_external_task_marker_child to None, run_after=None
[2024-02-29T05:32:25.173+0000] {logging_mixin.py:188} INFO - [2024-02-29T05:32:25.173+0000] {dag.py:3834} INFO - Setting next_dagrun for example_external_task_marker_parent to None, run_after=None
[2024-02-29T05:32:25.249+0000] {processor.py:183} INFO - Processing /home/airflow/.local/lib/python3.11/site-packages/airflow/example_dags/example_external_task_marker_dag.py took 1.432 seconds
[2024-02-29T05:32:55.814+0000] {processor.py:161} INFO - Started process (PID=136) to work on /home/airflow/.local/lib/python3.11/site-packages/airflow/example_dags/example_external_task_marker_dag.py
[2024-02-29T05:32:55.823+0000] {processor.py:830} INFO - Processing file /home/airflow/.local/lib/python3.11/site-packages/airflow/example_dags/example_external_task_marker_dag.py for tasks to queue
[2024-02-29T05:32:55.829+0000] {logging_mixin.py:188} INFO - [2024-02-29T05:32:55.828+0000] {dagbag.py:540} INFO - Filling up the DagBag from /home/airflow/.local/lib/python3.11/site-packages/airflow/example_dags/example_external_task_marker_dag.py
[2024-02-29T05:32:55.840+0000] {processor.py:840} INFO - DAG(s) 'example_external_task_marker_child', 'example_external_task_marker_parent' retrieved from /home/airflow/.local/lib/python3.11/site-packages/airflow/example_dags/example_external_task_marker_dag.py
[2024-02-29T05:32:55.871+0000] {logging_mixin.py:188} INFO - [2024-02-29T05:32:55.871+0000] {dag.py:3047} INFO - Sync 2 DAGs
[2024-02-29T05:32:55.884+0000] {logging_mixin.py:188} INFO - [2024-02-29T05:32:55.884+0000] {dag.py:3834} INFO - Setting next_dagrun for example_external_task_marker_child to None, run_after=None
[2024-02-29T05:32:55.887+0000] {logging_mixin.py:188} INFO - [2024-02-29T05:32:55.887+0000] {dag.py:3834} INFO - Setting next_dagrun for example_external_task_marker_parent to None, run_after=None
[2024-02-29T05:32:55.907+0000] {processor.py:183} INFO - Processing /home/airflow/.local/lib/python3.11/site-packages/airflow/example_dags/example_external_task_marker_dag.py took 0.096 seconds
[2024-02-29T05:33:26.753+0000] {processor.py:161} INFO - Started process (PID=198) to work on /home/airflow/.local/lib/python3.11/site-packages/airflow/example_dags/example_external_task_marker_dag.py
[2024-02-29T05:33:26.757+0000] {processor.py:830} INFO - Processing file /home/airflow/.local/lib/python3.11/site-packages/airflow/example_dags/example_external_task_marker_dag.py for tasks to queue
[2024-02-29T05:33:26.770+0000] {logging_mixin.py:188} INFO - [2024-02-29T05:33:26.769+0000] {dagbag.py:540} INFO - Filling up the DagBag from /home/airflow/.local/lib/python3.11/site-packages/airflow/example_dags/example_external_task_marker_dag.py
[2024-02-29T05:33:26.784+0000] {processor.py:840} INFO - DAG(s) 'example_external_task_marker_parent', 'example_external_task_marker_child' retrieved from /home/airflow/.local/lib/python3.11/site-packages/airflow/example_dags/example_external_task_marker_dag.py
[2024-02-29T05:33:26.885+0000] {logging_mixin.py:188} INFO - [2024-02-29T05:33:26.885+0000] {dag.py:3047} INFO - Sync 2 DAGs
[2024-02-29T05:33:26.931+0000] {logging_mixin.py:188} INFO - [2024-02-29T05:33:26.930+0000] {dag.py:3834} INFO - Setting next_dagrun for example_external_task_marker_child to None, run_after=None
[2024-02-29T05:33:26.945+0000] {logging_mixin.py:188} INFO - [2024-02-29T05:33:26.945+0000] {dag.py:3834} INFO - Setting next_dagrun for example_external_task_marker_parent to None, run_after=None
[2024-02-29T05:33:27.030+0000] {processor.py:183} INFO - Processing /home/airflow/.local/lib/python3.11/site-packages/airflow/example_dags/example_external_task_marker_dag.py took 0.302 seconds
[2024-02-29T05:33:57.392+0000] {processor.py:161} INFO - Started process (PID=260) to work on /home/airflow/.local/lib/python3.11/site-packages/airflow/example_dags/example_external_task_marker_dag.py
[2024-02-29T05:33:57.393+0000] {processor.py:830} INFO - Processing file /home/airflow/.local/lib/python3.11/site-packages/airflow/example_dags/example_external_task_marker_dag.py for tasks to queue
[2024-02-29T05:33:57.395+0000] {logging_mixin.py:188} INFO - [2024-02-29T05:33:57.394+0000] {dagbag.py:540} INFO - Filling up the DagBag from /home/airflow/.local/lib/python3.11/site-packages/airflow/example_dags/example_external_task_marker_dag.py
[2024-02-29T05:33:57.400+0000] {processor.py:840} INFO - DAG(s) 'example_external_task_marker_child', 'example_external_task_marker_parent' retrieved from /home/airflow/.local/lib/python3.11/site-packages/airflow/example_dags/example_external_task_marker_dag.py
[2024-02-29T05:33:57.446+0000] {logging_mixin.py:188} INFO - [2024-02-29T05:33:57.445+0000] {dag.py:3047} INFO - Sync 2 DAGs
[2024-02-29T05:33:57.461+0000] {logging_mixin.py:188} INFO - [2024-02-29T05:33:57.461+0000] {dag.py:3834} INFO - Setting next_dagrun for example_external_task_marker_child to None, run_after=None
[2024-02-29T05:33:57.466+0000] {logging_mixin.py:188} INFO - [2024-02-29T05:33:57.465+0000] {dag.py:3834} INFO - Setting next_dagrun for example_external_task_marker_parent to None, run_after=None
[2024-02-29T05:33:57.488+0000] {processor.py:183} INFO - Processing /home/airflow/.local/lib/python3.11/site-packages/airflow/example_dags/example_external_task_marker_dag.py took 0.098 seconds
[2024-02-29T05:34:28.091+0000] {processor.py:161} INFO - Started process (PID=321) to work on /home/airflow/.local/lib/python3.11/site-packages/airflow/example_dags/example_external_task_marker_dag.py
[2024-02-29T05:34:28.092+0000] {processor.py:830} INFO - Processing file /home/airflow/.local/lib/python3.11/site-packages/airflow/example_dags/example_external_task_marker_dag.py for tasks to queue
[2024-02-29T05:34:28.094+0000] {logging_mixin.py:188} INFO - [2024-02-29T05:34:28.093+0000] {dagbag.py:540} INFO - Filling up the DagBag from /home/airflow/.local/lib/python3.11/site-packages/airflow/example_dags/example_external_task_marker_dag.py
[2024-02-29T05:34:28.100+0000] {processor.py:840} INFO - DAG(s) 'example_external_task_marker_child', 'example_external_task_marker_parent' retrieved from /home/airflow/.local/lib/python3.11/site-packages/airflow/example_dags/example_external_task_marker_dag.py
[2024-02-29T05:34:28.124+0000] {logging_mixin.py:188} INFO - [2024-02-29T05:34:28.123+0000] {dag.py:3047} INFO - Sync 2 DAGs
[2024-02-29T05:34:28.137+0000] {logging_mixin.py:188} INFO - [2024-02-29T05:34:28.137+0000] {dag.py:3834} INFO - Setting next_dagrun for example_external_task_marker_child to None, run_after=None
[2024-02-29T05:34:28.148+0000] {logging_mixin.py:188} INFO - [2024-02-29T05:34:28.148+0000] {dag.py:3834} INFO - Setting next_dagrun for example_external_task_marker_parent to None, run_after=None
[2024-02-29T05:34:28.172+0000] {processor.py:183} INFO - Processing /home/airflow/.local/lib/python3.11/site-packages/airflow/example_dags/example_external_task_marker_dag.py took 0.084 seconds
[2024-02-29T05:34:58.977+0000] {processor.py:161} INFO - Started process (PID=386) to work on /home/airflow/.local/lib/python3.11/site-packages/airflow/example_dags/example_external_task_marker_dag.py
[2024-02-29T05:34:58.979+0000] {processor.py:830} INFO - Processing file /home/airflow/.local/lib/python3.11/site-packages/airflow/example_dags/example_external_task_marker_dag.py for tasks to queue
[2024-02-29T05:34:58.981+0000] {logging_mixin.py:188} INFO - [2024-02-29T05:34:58.980+0000] {dagbag.py:540} INFO - Filling up the DagBag from /home/airflow/.local/lib/python3.11/site-packages/airflow/example_dags/example_external_task_marker_dag.py
[2024-02-29T05:34:58.988+0000] {processor.py:840} INFO - DAG(s) 'example_external_task_marker_child', 'example_external_task_marker_parent' retrieved from /home/airflow/.local/lib/python3.11/site-packages/airflow/example_dags/example_external_task_marker_dag.py
[2024-02-29T05:34:59.015+0000] {logging_mixin.py:188} INFO - [2024-02-29T05:34:59.015+0000] {dag.py:3047} INFO - Sync 2 DAGs
[2024-02-29T05:34:59.028+0000] {logging_mixin.py:188} INFO - [2024-02-29T05:34:59.028+0000] {dag.py:3834} INFO - Setting next_dagrun for example_external_task_marker_child to None, run_after=None
[2024-02-29T05:34:59.032+0000] {logging_mixin.py:188} INFO - [2024-02-29T05:34:59.032+0000] {dag.py:3834} INFO - Setting next_dagrun for example_external_task_marker_parent to None, run_after=None
[2024-02-29T05:34:59.065+0000] {processor.py:183} INFO - Processing /home/airflow/.local/lib/python3.11/site-packages/airflow/example_dags/example_external_task_marker_dag.py took 0.091 seconds
[2024-02-29T05:35:29.820+0000] {processor.py:161} INFO - Started process (PID=449) to work on /home/airflow/.local/lib/python3.11/site-packages/airflow/example_dags/example_external_task_marker_dag.py
[2024-02-29T05:35:29.821+0000] {processor.py:830} INFO - Processing file /home/airflow/.local/lib/python3.11/site-packages/airflow/example_dags/example_external_task_marker_dag.py for tasks to queue
[2024-02-29T05:35:29.823+0000] {logging_mixin.py:188} INFO - [2024-02-29T05:35:29.823+0000] {dagbag.py:540} INFO - Filling up the DagBag from /home/airflow/.local/lib/python3.11/site-packages/airflow/example_dags/example_external_task_marker_dag.py
[2024-02-29T05:35:29.834+0000] {processor.py:840} INFO - DAG(s) 'example_external_task_marker_child', 'example_external_task_marker_parent' retrieved from /home/airflow/.local/lib/python3.11/site-packages/airflow/example_dags/example_external_task_marker_dag.py
[2024-02-29T05:35:29.870+0000] {logging_mixin.py:188} INFO - [2024-02-29T05:35:29.870+0000] {dag.py:3047} INFO - Sync 2 DAGs
[2024-02-29T05:35:29.883+0000] {logging_mixin.py:188} INFO - [2024-02-29T05:35:29.883+0000] {dag.py:3834} INFO - Setting next_dagrun for example_external_task_marker_child to None, run_after=None
[2024-02-29T05:35:29.887+0000] {logging_mixin.py:188} INFO - [2024-02-29T05:35:29.887+0000] {dag.py:3834} INFO - Setting next_dagrun for example_external_task_marker_parent to None, run_after=None
[2024-02-29T05:35:29.909+0000] {processor.py:183} INFO - Processing /home/airflow/.local/lib/python3.11/site-packages/airflow/example_dags/example_external_task_marker_dag.py took 0.092 seconds
[2024-02-29T05:36:00.781+0000] {processor.py:161} INFO - Started process (PID=512) to work on /home/airflow/.local/lib/python3.11/site-packages/airflow/example_dags/example_external_task_marker_dag.py
[2024-02-29T05:36:00.782+0000] {processor.py:830} INFO - Processing file /home/airflow/.local/lib/python3.11/site-packages/airflow/example_dags/example_external_task_marker_dag.py for tasks to queue
[2024-02-29T05:36:00.785+0000] {logging_mixin.py:188} INFO - [2024-02-29T05:36:00.784+0000] {dagbag.py:540} INFO - Filling up the DagBag from /home/airflow/.local/lib/python3.11/site-packages/airflow/example_dags/example_external_task_marker_dag.py
[2024-02-29T05:36:00.790+0000] {processor.py:840} INFO - DAG(s) 'example_external_task_marker_parent', 'example_external_task_marker_child' retrieved from /home/airflow/.local/lib/python3.11/site-packages/airflow/example_dags/example_external_task_marker_dag.py
[2024-02-29T05:36:00.814+0000] {logging_mixin.py:188} INFO - [2024-02-29T05:36:00.813+0000] {dag.py:3047} INFO - Sync 2 DAGs
[2024-02-29T05:36:00.830+0000] {logging_mixin.py:188} INFO - [2024-02-29T05:36:00.829+0000] {dag.py:3834} INFO - Setting next_dagrun for example_external_task_marker_child to None, run_after=None
[2024-02-29T05:36:00.834+0000] {logging_mixin.py:188} INFO - [2024-02-29T05:36:00.834+0000] {dag.py:3834} INFO - Setting next_dagrun for example_external_task_marker_parent to None, run_after=None
[2024-02-29T05:36:00.856+0000] {processor.py:183} INFO - Processing /home/airflow/.local/lib/python3.11/site-packages/airflow/example_dags/example_external_task_marker_dag.py took 0.077 seconds
[2024-02-29T05:36:30.975+0000] {processor.py:161} INFO - Started process (PID=570) to work on /home/airflow/.local/lib/python3.11/site-packages/airflow/example_dags/example_external_task_marker_dag.py
[2024-02-29T05:36:30.976+0000] {processor.py:830} INFO - Processing file /home/airflow/.local/lib/python3.11/site-packages/airflow/example_dags/example_external_task_marker_dag.py for tasks to queue
[2024-02-29T05:36:30.977+0000] {logging_mixin.py:188} INFO - [2024-02-29T05:36:30.977+0000] {dagbag.py:540} INFO - Filling up the DagBag from /home/airflow/.local/lib/python3.11/site-packages/airflow/example_dags/example_external_task_marker_dag.py
[2024-02-29T05:36:30.983+0000] {processor.py:840} INFO - DAG(s) 'example_external_task_marker_parent', 'example_external_task_marker_child' retrieved from /home/airflow/.local/lib/python3.11/site-packages/airflow/example_dags/example_external_task_marker_dag.py
[2024-02-29T05:36:31.008+0000] {logging_mixin.py:188} INFO - [2024-02-29T05:36:31.008+0000] {dag.py:3047} INFO - Sync 2 DAGs
[2024-02-29T05:36:31.023+0000] {logging_mixin.py:188} INFO - [2024-02-29T05:36:31.023+0000] {dag.py:3834} INFO - Setting next_dagrun for example_external_task_marker_child to None, run_after=None
[2024-02-29T05:36:31.027+0000] {logging_mixin.py:188} INFO - [2024-02-29T05:36:31.027+0000] {dag.py:3834} INFO - Setting next_dagrun for example_external_task_marker_parent to None, run_after=None
[2024-02-29T05:36:31.049+0000] {processor.py:183} INFO - Processing /home/airflow/.local/lib/python3.11/site-packages/airflow/example_dags/example_external_task_marker_dag.py took 0.077 seconds
[2024-02-29T05:37:01.189+0000] {processor.py:161} INFO - Started process (PID=630) to work on /home/airflow/.local/lib/python3.11/site-packages/airflow/example_dags/example_external_task_marker_dag.py
[2024-02-29T05:37:01.190+0000] {processor.py:830} INFO - Processing file /home/airflow/.local/lib/python3.11/site-packages/airflow/example_dags/example_external_task_marker_dag.py for tasks to queue
[2024-02-29T05:37:01.192+0000] {logging_mixin.py:188} INFO - [2024-02-29T05:37:01.192+0000] {dagbag.py:540} INFO - Filling up the DagBag from /home/airflow/.local/lib/python3.11/site-packages/airflow/example_dags/example_external_task_marker_dag.py
[2024-02-29T05:37:01.199+0000] {processor.py:840} INFO - DAG(s) 'example_external_task_marker_child', 'example_external_task_marker_parent' retrieved from /home/airflow/.local/lib/python3.11/site-packages/airflow/example_dags/example_external_task_marker_dag.py
[2024-02-29T05:37:01.224+0000] {logging_mixin.py:188} INFO - [2024-02-29T05:37:01.224+0000] {dag.py:3047} INFO - Sync 2 DAGs
[2024-02-29T05:37:01.240+0000] {logging_mixin.py:188} INFO - [2024-02-29T05:37:01.240+0000] {dag.py:3834} INFO - Setting next_dagrun for example_external_task_marker_child to None, run_after=None
[2024-02-29T05:37:01.245+0000] {logging_mixin.py:188} INFO - [2024-02-29T05:37:01.245+0000] {dag.py:3834} INFO - Setting next_dagrun for example_external_task_marker_parent to None, run_after=None
[2024-02-29T05:37:01.269+0000] {processor.py:183} INFO - Processing /home/airflow/.local/lib/python3.11/site-packages/airflow/example_dags/example_external_task_marker_dag.py took 0.082 seconds
[2024-02-29T05:37:31.969+0000] {processor.py:161} INFO - Started process (PID=686) to work on /home/airflow/.local/lib/python3.11/site-packages/airflow/example_dags/example_external_task_marker_dag.py
[2024-02-29T05:37:31.970+0000] {processor.py:830} INFO - Processing file /home/airflow/.local/lib/python3.11/site-packages/airflow/example_dags/example_external_task_marker_dag.py for tasks to queue
[2024-02-29T05:37:31.972+0000] {logging_mixin.py:188} INFO - [2024-02-29T05:37:31.971+0000] {dagbag.py:540} INFO - Filling up the DagBag from /home/airflow/.local/lib/python3.11/site-packages/airflow/example_dags/example_external_task_marker_dag.py
[2024-02-29T05:37:31.978+0000] {processor.py:840} INFO - DAG(s) 'example_external_task_marker_parent', 'example_external_task_marker_child' retrieved from /home/airflow/.local/lib/python3.11/site-packages/airflow/example_dags/example_external_task_marker_dag.py
[2024-02-29T05:37:32.004+0000] {logging_mixin.py:188} INFO - [2024-02-29T05:37:32.004+0000] {dag.py:3047} INFO - Sync 2 DAGs
[2024-02-29T05:37:32.020+0000] {logging_mixin.py:188} INFO - [2024-02-29T05:37:32.020+0000] {dag.py:3834} INFO - Setting next_dagrun for example_external_task_marker_child to None, run_after=None
[2024-02-29T05:37:32.024+0000] {logging_mixin.py:188} INFO - [2024-02-29T05:37:32.024+0000] {dag.py:3834} INFO - Setting next_dagrun for example_external_task_marker_parent to None, run_after=None
[2024-02-29T05:37:32.046+0000] {processor.py:183} INFO - Processing /home/airflow/.local/lib/python3.11/site-packages/airflow/example_dags/example_external_task_marker_dag.py took 0.079 seconds
[2024-02-29T05:38:02.094+0000] {processor.py:161} INFO - Started process (PID=743) to work on /home/airflow/.local/lib/python3.11/site-packages/airflow/example_dags/example_external_task_marker_dag.py
[2024-02-29T05:38:02.095+0000] {processor.py:830} INFO - Processing file /home/airflow/.local/lib/python3.11/site-packages/airflow/example_dags/example_external_task_marker_dag.py for tasks to queue
[2024-02-29T05:38:02.097+0000] {logging_mixin.py:188} INFO - [2024-02-29T05:38:02.096+0000] {dagbag.py:540} INFO - Filling up the DagBag from /home/airflow/.local/lib/python3.11/site-packages/airflow/example_dags/example_external_task_marker_dag.py
[2024-02-29T05:38:02.103+0000] {processor.py:840} INFO - DAG(s) 'example_external_task_marker_child', 'example_external_task_marker_parent' retrieved from /home/airflow/.local/lib/python3.11/site-packages/airflow/example_dags/example_external_task_marker_dag.py
[2024-02-29T05:38:02.126+0000] {logging_mixin.py:188} INFO - [2024-02-29T05:38:02.126+0000] {dag.py:3047} INFO - Sync 2 DAGs
[2024-02-29T05:38:02.141+0000] {logging_mixin.py:188} INFO - [2024-02-29T05:38:02.141+0000] {dag.py:3834} INFO - Setting next_dagrun for example_external_task_marker_child to None, run_after=None
[2024-02-29T05:38:02.145+0000] {logging_mixin.py:188} INFO - [2024-02-29T05:38:02.144+0000] {dag.py:3834} INFO - Setting next_dagrun for example_external_task_marker_parent to None, run_after=None
[2024-02-29T05:38:02.166+0000] {processor.py:183} INFO - Processing /home/airflow/.local/lib/python3.11/site-packages/airflow/example_dags/example_external_task_marker_dag.py took 0.075 seconds
[2024-02-29T05:38:32.975+0000] {processor.py:161} INFO - Started process (PID=806) to work on /home/airflow/.local/lib/python3.11/site-packages/airflow/example_dags/example_external_task_marker_dag.py
[2024-02-29T05:38:32.993+0000] {processor.py:830} INFO - Processing file /home/airflow/.local/lib/python3.11/site-packages/airflow/example_dags/example_external_task_marker_dag.py for tasks to queue
[2024-02-29T05:38:32.995+0000] {logging_mixin.py:188} INFO - [2024-02-29T05:38:32.995+0000] {dagbag.py:540} INFO - Filling up the DagBag from /home/airflow/.local/lib/python3.11/site-packages/airflow/example_dags/example_external_task_marker_dag.py
[2024-02-29T05:38:33.032+0000] {processor.py:840} INFO - DAG(s) 'example_external_task_marker_child', 'example_external_task_marker_parent' retrieved from /home/airflow/.local/lib/python3.11/site-packages/airflow/example_dags/example_external_task_marker_dag.py
[2024-02-29T05:38:33.216+0000] {logging_mixin.py:188} INFO - [2024-02-29T05:38:33.216+0000] {dag.py:3047} INFO - Sync 2 DAGs
[2024-02-29T05:38:33.259+0000] {logging_mixin.py:188} INFO - [2024-02-29T05:38:33.258+0000] {dag.py:3834} INFO - Setting next_dagrun for example_external_task_marker_child to None, run_after=None
[2024-02-29T05:38:33.268+0000] {logging_mixin.py:188} INFO - [2024-02-29T05:38:33.268+0000] {dag.py:3834} INFO - Setting next_dagrun for example_external_task_marker_parent to None, run_after=None
[2024-02-29T05:38:33.295+0000] {processor.py:183} INFO - Processing /home/airflow/.local/lib/python3.11/site-packages/airflow/example_dags/example_external_task_marker_dag.py took 0.339 seconds
[2024-02-29T05:39:04.206+0000] {processor.py:161} INFO - Started process (PID=863) to work on /home/airflow/.local/lib/python3.11/site-packages/airflow/example_dags/example_external_task_marker_dag.py
[2024-02-29T05:39:04.216+0000] {processor.py:830} INFO - Processing file /home/airflow/.local/lib/python3.11/site-packages/airflow/example_dags/example_external_task_marker_dag.py for tasks to queue
[2024-02-29T05:39:04.220+0000] {logging_mixin.py:188} INFO - [2024-02-29T05:39:04.219+0000] {dagbag.py:540} INFO - Filling up the DagBag from /home/airflow/.local/lib/python3.11/site-packages/airflow/example_dags/example_external_task_marker_dag.py
[2024-02-29T05:39:04.232+0000] {processor.py:840} INFO - DAG(s) 'example_external_task_marker_child', 'example_external_task_marker_parent' retrieved from /home/airflow/.local/lib/python3.11/site-packages/airflow/example_dags/example_external_task_marker_dag.py
[2024-02-29T05:39:04.266+0000] {logging_mixin.py:188} INFO - [2024-02-29T05:39:04.266+0000] {dag.py:3047} INFO - Sync 2 DAGs
[2024-02-29T05:39:04.280+0000] {logging_mixin.py:188} INFO - [2024-02-29T05:39:04.280+0000] {dag.py:3834} INFO - Setting next_dagrun for example_external_task_marker_child to None, run_after=None
[2024-02-29T05:39:04.291+0000] {logging_mixin.py:188} INFO - [2024-02-29T05:39:04.291+0000] {dag.py:3834} INFO - Setting next_dagrun for example_external_task_marker_parent to None, run_after=None
[2024-02-29T05:39:04.320+0000] {processor.py:183} INFO - Processing /home/airflow/.local/lib/python3.11/site-packages/airflow/example_dags/example_external_task_marker_dag.py took 0.117 seconds
[2024-02-29T05:39:34.705+0000] {processor.py:161} INFO - Started process (PID=921) to work on /home/airflow/.local/lib/python3.11/site-packages/airflow/example_dags/example_external_task_marker_dag.py
[2024-02-29T05:39:34.705+0000] {processor.py:830} INFO - Processing file /home/airflow/.local/lib/python3.11/site-packages/airflow/example_dags/example_external_task_marker_dag.py for tasks to queue
[2024-02-29T05:39:34.708+0000] {logging_mixin.py:188} INFO - [2024-02-29T05:39:34.707+0000] {dagbag.py:540} INFO - Filling up the DagBag from /home/airflow/.local/lib/python3.11/site-packages/airflow/example_dags/example_external_task_marker_dag.py
[2024-02-29T05:39:34.729+0000] {processor.py:840} INFO - DAG(s) 'example_external_task_marker_child', 'example_external_task_marker_parent' retrieved from /home/airflow/.local/lib/python3.11/site-packages/airflow/example_dags/example_external_task_marker_dag.py
[2024-02-29T05:39:34.776+0000] {logging_mixin.py:188} INFO - [2024-02-29T05:39:34.775+0000] {dag.py:3047} INFO - Sync 2 DAGs
[2024-02-29T05:39:34.791+0000] {logging_mixin.py:188} INFO - [2024-02-29T05:39:34.790+0000] {dag.py:3834} INFO - Setting next_dagrun for example_external_task_marker_child to None, run_after=None
[2024-02-29T05:39:34.794+0000] {logging_mixin.py:188} INFO - [2024-02-29T05:39:34.794+0000] {dag.py:3834} INFO - Setting next_dagrun for example_external_task_marker_parent to None, run_after=None
[2024-02-29T05:39:34.813+0000] {processor.py:183} INFO - Processing /home/airflow/.local/lib/python3.11/site-packages/airflow/example_dags/example_external_task_marker_dag.py took 0.112 seconds
[2024-02-29T05:40:05.023+0000] {processor.py:161} INFO - Started process (PID=977) to work on /home/airflow/.local/lib/python3.11/site-packages/airflow/example_dags/example_external_task_marker_dag.py
[2024-02-29T05:40:05.024+0000] {processor.py:830} INFO - Processing file /home/airflow/.local/lib/python3.11/site-packages/airflow/example_dags/example_external_task_marker_dag.py for tasks to queue
[2024-02-29T05:40:05.026+0000] {logging_mixin.py:188} INFO - [2024-02-29T05:40:05.026+0000] {dagbag.py:540} INFO - Filling up the DagBag from /home/airflow/.local/lib/python3.11/site-packages/airflow/example_dags/example_external_task_marker_dag.py
[2024-02-29T05:40:05.032+0000] {processor.py:840} INFO - DAG(s) 'example_external_task_marker_parent', 'example_external_task_marker_child' retrieved from /home/airflow/.local/lib/python3.11/site-packages/airflow/example_dags/example_external_task_marker_dag.py
[2024-02-29T05:40:05.058+0000] {logging_mixin.py:188} INFO - [2024-02-29T05:40:05.058+0000] {dag.py:3047} INFO - Sync 2 DAGs
[2024-02-29T05:40:05.071+0000] {logging_mixin.py:188} INFO - [2024-02-29T05:40:05.071+0000] {dag.py:3834} INFO - Setting next_dagrun for example_external_task_marker_child to None, run_after=None
[2024-02-29T05:40:05.084+0000] {logging_mixin.py:188} INFO - [2024-02-29T05:40:05.084+0000] {dag.py:3834} INFO - Setting next_dagrun for example_external_task_marker_parent to None, run_after=None
[2024-02-29T05:40:05.111+0000] {processor.py:183} INFO - Processing /home/airflow/.local/lib/python3.11/site-packages/airflow/example_dags/example_external_task_marker_dag.py took 0.091 seconds
