[2024-02-29T05:32:01.392+0000] {processor.py:161} INFO - Started process (PID=50) to work on /home/airflow/.local/lib/python3.11/site-packages/airflow/example_dags/example_kubernetes_executor.py
[2024-02-29T05:32:01.395+0000] {processor.py:830} INFO - Processing file /home/airflow/.local/lib/python3.11/site-packages/airflow/example_dags/example_kubernetes_executor.py for tasks to queue
[2024-02-29T05:32:01.397+0000] {logging_mixin.py:188} INFO - [2024-02-29T05:32:01.397+0000] {dagbag.py:540} INFO - Filling up the DagBag from /home/airflow/.local/lib/python3.11/site-packages/airflow/example_dags/example_kubernetes_executor.py
[2024-02-29T05:32:01.448+0000] {processor.py:840} INFO - DAG(s) 'example_kubernetes_executor' retrieved from /home/airflow/.local/lib/python3.11/site-packages/airflow/example_dags/example_kubernetes_executor.py
[2024-02-29T05:32:02.288+0000] {logging_mixin.py:188} INFO - [2024-02-29T05:32:02.287+0000] {dag.py:3047} INFO - Sync 1 DAGs
[2024-02-29T05:32:02.341+0000] {logging_mixin.py:188} INFO - [2024-02-29T05:32:02.340+0000] {dag.py:3834} INFO - Setting next_dagrun for example_kubernetes_executor to None, run_after=None
[2024-02-29T05:32:02.473+0000] {processor.py:183} INFO - Processing /home/airflow/.local/lib/python3.11/site-packages/airflow/example_dags/example_kubernetes_executor.py took 1.090 seconds
[2024-02-29T05:32:33.800+0000] {processor.py:161} INFO - Started process (PID=106) to work on /home/airflow/.local/lib/python3.11/site-packages/airflow/example_dags/example_kubernetes_executor.py
[2024-02-29T05:32:33.814+0000] {processor.py:830} INFO - Processing file /home/airflow/.local/lib/python3.11/site-packages/airflow/example_dags/example_kubernetes_executor.py for tasks to queue
[2024-02-29T05:32:33.816+0000] {logging_mixin.py:188} INFO - [2024-02-29T05:32:33.816+0000] {dagbag.py:540} INFO - Filling up the DagBag from /home/airflow/.local/lib/python3.11/site-packages/airflow/example_dags/example_kubernetes_executor.py
[2024-02-29T05:32:33.838+0000] {processor.py:840} INFO - DAG(s) 'example_kubernetes_executor' retrieved from /home/airflow/.local/lib/python3.11/site-packages/airflow/example_dags/example_kubernetes_executor.py
[2024-02-29T05:32:33.931+0000] {logging_mixin.py:188} INFO - [2024-02-29T05:32:33.931+0000] {dag.py:3047} INFO - Sync 1 DAGs
[2024-02-29T05:32:33.957+0000] {logging_mixin.py:188} INFO - [2024-02-29T05:32:33.957+0000] {dag.py:3834} INFO - Setting next_dagrun for example_kubernetes_executor to None, run_after=None
[2024-02-29T05:32:33.992+0000] {processor.py:183} INFO - Processing /home/airflow/.local/lib/python3.11/site-packages/airflow/example_dags/example_kubernetes_executor.py took 0.195 seconds
[2024-02-29T05:33:04.259+0000] {processor.py:161} INFO - Started process (PID=163) to work on /home/airflow/.local/lib/python3.11/site-packages/airflow/example_dags/example_kubernetes_executor.py
[2024-02-29T05:33:04.260+0000] {processor.py:830} INFO - Processing file /home/airflow/.local/lib/python3.11/site-packages/airflow/example_dags/example_kubernetes_executor.py for tasks to queue
[2024-02-29T05:33:04.261+0000] {logging_mixin.py:188} INFO - [2024-02-29T05:33:04.261+0000] {dagbag.py:540} INFO - Filling up the DagBag from /home/airflow/.local/lib/python3.11/site-packages/airflow/example_dags/example_kubernetes_executor.py
[2024-02-29T05:33:04.273+0000] {processor.py:840} INFO - DAG(s) 'example_kubernetes_executor' retrieved from /home/airflow/.local/lib/python3.11/site-packages/airflow/example_dags/example_kubernetes_executor.py
[2024-02-29T05:33:04.353+0000] {logging_mixin.py:188} INFO - [2024-02-29T05:33:04.352+0000] {dag.py:3047} INFO - Sync 1 DAGs
[2024-02-29T05:33:04.368+0000] {logging_mixin.py:188} INFO - [2024-02-29T05:33:04.367+0000] {dag.py:3834} INFO - Setting next_dagrun for example_kubernetes_executor to None, run_after=None
[2024-02-29T05:33:04.425+0000] {processor.py:183} INFO - Processing /home/airflow/.local/lib/python3.11/site-packages/airflow/example_dags/example_kubernetes_executor.py took 0.169 seconds
[2024-02-29T05:33:34.524+0000] {processor.py:161} INFO - Started process (PID=225) to work on /home/airflow/.local/lib/python3.11/site-packages/airflow/example_dags/example_kubernetes_executor.py
[2024-02-29T05:33:34.525+0000] {processor.py:830} INFO - Processing file /home/airflow/.local/lib/python3.11/site-packages/airflow/example_dags/example_kubernetes_executor.py for tasks to queue
[2024-02-29T05:33:34.527+0000] {logging_mixin.py:188} INFO - [2024-02-29T05:33:34.526+0000] {dagbag.py:540} INFO - Filling up the DagBag from /home/airflow/.local/lib/python3.11/site-packages/airflow/example_dags/example_kubernetes_executor.py
[2024-02-29T05:33:34.538+0000] {processor.py:840} INFO - DAG(s) 'example_kubernetes_executor' retrieved from /home/airflow/.local/lib/python3.11/site-packages/airflow/example_dags/example_kubernetes_executor.py
[2024-02-29T05:33:34.570+0000] {logging_mixin.py:188} INFO - [2024-02-29T05:33:34.569+0000] {dag.py:3047} INFO - Sync 1 DAGs
[2024-02-29T05:33:34.578+0000] {logging_mixin.py:188} INFO - [2024-02-29T05:33:34.578+0000] {dag.py:3834} INFO - Setting next_dagrun for example_kubernetes_executor to None, run_after=None
[2024-02-29T05:33:34.597+0000] {processor.py:183} INFO - Processing /home/airflow/.local/lib/python3.11/site-packages/airflow/example_dags/example_kubernetes_executor.py took 0.075 seconds
[2024-02-29T05:34:05.012+0000] {processor.py:161} INFO - Started process (PID=287) to work on /home/airflow/.local/lib/python3.11/site-packages/airflow/example_dags/example_kubernetes_executor.py
[2024-02-29T05:34:05.015+0000] {processor.py:830} INFO - Processing file /home/airflow/.local/lib/python3.11/site-packages/airflow/example_dags/example_kubernetes_executor.py for tasks to queue
[2024-02-29T05:34:05.017+0000] {logging_mixin.py:188} INFO - [2024-02-29T05:34:05.016+0000] {dagbag.py:540} INFO - Filling up the DagBag from /home/airflow/.local/lib/python3.11/site-packages/airflow/example_dags/example_kubernetes_executor.py
[2024-02-29T05:34:05.042+0000] {processor.py:840} INFO - DAG(s) 'example_kubernetes_executor' retrieved from /home/airflow/.local/lib/python3.11/site-packages/airflow/example_dags/example_kubernetes_executor.py
[2024-02-29T05:34:05.108+0000] {logging_mixin.py:188} INFO - [2024-02-29T05:34:05.107+0000] {dag.py:3047} INFO - Sync 1 DAGs
[2024-02-29T05:34:05.120+0000] {logging_mixin.py:188} INFO - [2024-02-29T05:34:05.120+0000] {dag.py:3834} INFO - Setting next_dagrun for example_kubernetes_executor to None, run_after=None
[2024-02-29T05:34:05.152+0000] {processor.py:183} INFO - Processing /home/airflow/.local/lib/python3.11/site-packages/airflow/example_dags/example_kubernetes_executor.py took 0.148 seconds
[2024-02-29T05:34:35.965+0000] {processor.py:161} INFO - Started process (PID=351) to work on /home/airflow/.local/lib/python3.11/site-packages/airflow/example_dags/example_kubernetes_executor.py
[2024-02-29T05:34:35.965+0000] {processor.py:830} INFO - Processing file /home/airflow/.local/lib/python3.11/site-packages/airflow/example_dags/example_kubernetes_executor.py for tasks to queue
[2024-02-29T05:34:35.967+0000] {logging_mixin.py:188} INFO - [2024-02-29T05:34:35.967+0000] {dagbag.py:540} INFO - Filling up the DagBag from /home/airflow/.local/lib/python3.11/site-packages/airflow/example_dags/example_kubernetes_executor.py
[2024-02-29T05:34:36.051+0000] {processor.py:840} INFO - DAG(s) 'example_kubernetes_executor' retrieved from /home/airflow/.local/lib/python3.11/site-packages/airflow/example_dags/example_kubernetes_executor.py
[2024-02-29T05:34:36.189+0000] {logging_mixin.py:188} INFO - [2024-02-29T05:34:36.189+0000] {dag.py:3047} INFO - Sync 1 DAGs
[2024-02-29T05:34:36.282+0000] {logging_mixin.py:188} INFO - [2024-02-29T05:34:36.281+0000] {dag.py:3834} INFO - Setting next_dagrun for example_kubernetes_executor to None, run_after=None
[2024-02-29T05:34:36.357+0000] {processor.py:183} INFO - Processing /home/airflow/.local/lib/python3.11/site-packages/airflow/example_dags/example_kubernetes_executor.py took 0.412 seconds
[2024-02-29T05:35:07.162+0000] {processor.py:161} INFO - Started process (PID=413) to work on /home/airflow/.local/lib/python3.11/site-packages/airflow/example_dags/example_kubernetes_executor.py
[2024-02-29T05:35:07.163+0000] {processor.py:830} INFO - Processing file /home/airflow/.local/lib/python3.11/site-packages/airflow/example_dags/example_kubernetes_executor.py for tasks to queue
[2024-02-29T05:35:07.164+0000] {logging_mixin.py:188} INFO - [2024-02-29T05:35:07.164+0000] {dagbag.py:540} INFO - Filling up the DagBag from /home/airflow/.local/lib/python3.11/site-packages/airflow/example_dags/example_kubernetes_executor.py
[2024-02-29T05:35:07.177+0000] {processor.py:840} INFO - DAG(s) 'example_kubernetes_executor' retrieved from /home/airflow/.local/lib/python3.11/site-packages/airflow/example_dags/example_kubernetes_executor.py
[2024-02-29T05:35:07.218+0000] {logging_mixin.py:188} INFO - [2024-02-29T05:35:07.218+0000] {dag.py:3047} INFO - Sync 1 DAGs
[2024-02-29T05:35:07.227+0000] {logging_mixin.py:188} INFO - [2024-02-29T05:35:07.227+0000] {dag.py:3834} INFO - Setting next_dagrun for example_kubernetes_executor to None, run_after=None
[2024-02-29T05:35:07.251+0000] {processor.py:183} INFO - Processing /home/airflow/.local/lib/python3.11/site-packages/airflow/example_dags/example_kubernetes_executor.py took 0.092 seconds
[2024-02-29T05:35:37.977+0000] {processor.py:161} INFO - Started process (PID=476) to work on /home/airflow/.local/lib/python3.11/site-packages/airflow/example_dags/example_kubernetes_executor.py
[2024-02-29T05:35:37.978+0000] {processor.py:830} INFO - Processing file /home/airflow/.local/lib/python3.11/site-packages/airflow/example_dags/example_kubernetes_executor.py for tasks to queue
[2024-02-29T05:35:37.979+0000] {logging_mixin.py:188} INFO - [2024-02-29T05:35:37.979+0000] {dagbag.py:540} INFO - Filling up the DagBag from /home/airflow/.local/lib/python3.11/site-packages/airflow/example_dags/example_kubernetes_executor.py
[2024-02-29T05:35:38.010+0000] {processor.py:840} INFO - DAG(s) 'example_kubernetes_executor' retrieved from /home/airflow/.local/lib/python3.11/site-packages/airflow/example_dags/example_kubernetes_executor.py
[2024-02-29T05:35:38.070+0000] {logging_mixin.py:188} INFO - [2024-02-29T05:35:38.069+0000] {dag.py:3047} INFO - Sync 1 DAGs
[2024-02-29T05:35:38.083+0000] {logging_mixin.py:188} INFO - [2024-02-29T05:35:38.082+0000] {dag.py:3834} INFO - Setting next_dagrun for example_kubernetes_executor to None, run_after=None
[2024-02-29T05:35:38.110+0000] {processor.py:183} INFO - Processing /home/airflow/.local/lib/python3.11/site-packages/airflow/example_dags/example_kubernetes_executor.py took 0.136 seconds
[2024-02-29T05:36:08.762+0000] {processor.py:161} INFO - Started process (PID=537) to work on /home/airflow/.local/lib/python3.11/site-packages/airflow/example_dags/example_kubernetes_executor.py
[2024-02-29T05:36:08.763+0000] {processor.py:830} INFO - Processing file /home/airflow/.local/lib/python3.11/site-packages/airflow/example_dags/example_kubernetes_executor.py for tasks to queue
[2024-02-29T05:36:08.765+0000] {logging_mixin.py:188} INFO - [2024-02-29T05:36:08.765+0000] {dagbag.py:540} INFO - Filling up the DagBag from /home/airflow/.local/lib/python3.11/site-packages/airflow/example_dags/example_kubernetes_executor.py
[2024-02-29T05:36:08.778+0000] {processor.py:840} INFO - DAG(s) 'example_kubernetes_executor' retrieved from /home/airflow/.local/lib/python3.11/site-packages/airflow/example_dags/example_kubernetes_executor.py
[2024-02-29T05:36:08.836+0000] {logging_mixin.py:188} INFO - [2024-02-29T05:36:08.836+0000] {dag.py:3047} INFO - Sync 1 DAGs
[2024-02-29T05:36:08.874+0000] {logging_mixin.py:188} INFO - [2024-02-29T05:36:08.874+0000] {dag.py:3834} INFO - Setting next_dagrun for example_kubernetes_executor to None, run_after=None
[2024-02-29T05:36:08.924+0000] {processor.py:183} INFO - Processing /home/airflow/.local/lib/python3.11/site-packages/airflow/example_dags/example_kubernetes_executor.py took 0.165 seconds
[2024-02-29T05:36:39.056+0000] {processor.py:161} INFO - Started process (PID=597) to work on /home/airflow/.local/lib/python3.11/site-packages/airflow/example_dags/example_kubernetes_executor.py
[2024-02-29T05:36:39.062+0000] {processor.py:830} INFO - Processing file /home/airflow/.local/lib/python3.11/site-packages/airflow/example_dags/example_kubernetes_executor.py for tasks to queue
[2024-02-29T05:36:39.064+0000] {logging_mixin.py:188} INFO - [2024-02-29T05:36:39.064+0000] {dagbag.py:540} INFO - Filling up the DagBag from /home/airflow/.local/lib/python3.11/site-packages/airflow/example_dags/example_kubernetes_executor.py
[2024-02-29T05:36:39.076+0000] {processor.py:840} INFO - DAG(s) 'example_kubernetes_executor' retrieved from /home/airflow/.local/lib/python3.11/site-packages/airflow/example_dags/example_kubernetes_executor.py
[2024-02-29T05:36:39.115+0000] {logging_mixin.py:188} INFO - [2024-02-29T05:36:39.115+0000] {dag.py:3047} INFO - Sync 1 DAGs
[2024-02-29T05:36:39.128+0000] {logging_mixin.py:188} INFO - [2024-02-29T05:36:39.128+0000] {dag.py:3834} INFO - Setting next_dagrun for example_kubernetes_executor to None, run_after=None
[2024-02-29T05:36:39.150+0000] {processor.py:183} INFO - Processing /home/airflow/.local/lib/python3.11/site-packages/airflow/example_dags/example_kubernetes_executor.py took 0.097 seconds
[2024-02-29T05:37:09.318+0000] {processor.py:161} INFO - Started process (PID=656) to work on /home/airflow/.local/lib/python3.11/site-packages/airflow/example_dags/example_kubernetes_executor.py
[2024-02-29T05:37:09.319+0000] {processor.py:830} INFO - Processing file /home/airflow/.local/lib/python3.11/site-packages/airflow/example_dags/example_kubernetes_executor.py for tasks to queue
[2024-02-29T05:37:09.320+0000] {logging_mixin.py:188} INFO - [2024-02-29T05:37:09.320+0000] {dagbag.py:540} INFO - Filling up the DagBag from /home/airflow/.local/lib/python3.11/site-packages/airflow/example_dags/example_kubernetes_executor.py
[2024-02-29T05:37:09.332+0000] {processor.py:840} INFO - DAG(s) 'example_kubernetes_executor' retrieved from /home/airflow/.local/lib/python3.11/site-packages/airflow/example_dags/example_kubernetes_executor.py
[2024-02-29T05:37:09.371+0000] {logging_mixin.py:188} INFO - [2024-02-29T05:37:09.371+0000] {dag.py:3047} INFO - Sync 1 DAGs
[2024-02-29T05:37:09.386+0000] {logging_mixin.py:188} INFO - [2024-02-29T05:37:09.385+0000] {dag.py:3834} INFO - Setting next_dagrun for example_kubernetes_executor to None, run_after=None
[2024-02-29T05:37:09.410+0000] {processor.py:183} INFO - Processing /home/airflow/.local/lib/python3.11/site-packages/airflow/example_dags/example_kubernetes_executor.py took 0.095 seconds
[2024-02-29T05:37:40.075+0000] {processor.py:161} INFO - Started process (PID=713) to work on /home/airflow/.local/lib/python3.11/site-packages/airflow/example_dags/example_kubernetes_executor.py
[2024-02-29T05:37:40.076+0000] {processor.py:830} INFO - Processing file /home/airflow/.local/lib/python3.11/site-packages/airflow/example_dags/example_kubernetes_executor.py for tasks to queue
[2024-02-29T05:37:40.078+0000] {logging_mixin.py:188} INFO - [2024-02-29T05:37:40.078+0000] {dagbag.py:540} INFO - Filling up the DagBag from /home/airflow/.local/lib/python3.11/site-packages/airflow/example_dags/example_kubernetes_executor.py
[2024-02-29T05:37:40.090+0000] {processor.py:840} INFO - DAG(s) 'example_kubernetes_executor' retrieved from /home/airflow/.local/lib/python3.11/site-packages/airflow/example_dags/example_kubernetes_executor.py
[2024-02-29T05:37:40.134+0000] {logging_mixin.py:188} INFO - [2024-02-29T05:37:40.133+0000] {dag.py:3047} INFO - Sync 1 DAGs
[2024-02-29T05:37:40.148+0000] {logging_mixin.py:188} INFO - [2024-02-29T05:37:40.147+0000] {dag.py:3834} INFO - Setting next_dagrun for example_kubernetes_executor to None, run_after=None
[2024-02-29T05:37:40.170+0000] {processor.py:183} INFO - Processing /home/airflow/.local/lib/python3.11/site-packages/airflow/example_dags/example_kubernetes_executor.py took 0.098 seconds
[2024-02-29T05:38:10.263+0000] {processor.py:161} INFO - Started process (PID=770) to work on /home/airflow/.local/lib/python3.11/site-packages/airflow/example_dags/example_kubernetes_executor.py
[2024-02-29T05:38:10.264+0000] {processor.py:830} INFO - Processing file /home/airflow/.local/lib/python3.11/site-packages/airflow/example_dags/example_kubernetes_executor.py for tasks to queue
[2024-02-29T05:38:10.266+0000] {logging_mixin.py:188} INFO - [2024-02-29T05:38:10.265+0000] {dagbag.py:540} INFO - Filling up the DagBag from /home/airflow/.local/lib/python3.11/site-packages/airflow/example_dags/example_kubernetes_executor.py
[2024-02-29T05:38:10.277+0000] {processor.py:840} INFO - DAG(s) 'example_kubernetes_executor' retrieved from /home/airflow/.local/lib/python3.11/site-packages/airflow/example_dags/example_kubernetes_executor.py
[2024-02-29T05:38:10.320+0000] {logging_mixin.py:188} INFO - [2024-02-29T05:38:10.320+0000] {dag.py:3047} INFO - Sync 1 DAGs
[2024-02-29T05:38:10.334+0000] {logging_mixin.py:188} INFO - [2024-02-29T05:38:10.334+0000] {dag.py:3834} INFO - Setting next_dagrun for example_kubernetes_executor to None, run_after=None
[2024-02-29T05:38:10.357+0000] {processor.py:183} INFO - Processing /home/airflow/.local/lib/python3.11/site-packages/airflow/example_dags/example_kubernetes_executor.py took 0.098 seconds
[2024-02-29T05:38:40.560+0000] {processor.py:161} INFO - Started process (PID=826) to work on /home/airflow/.local/lib/python3.11/site-packages/airflow/example_dags/example_kubernetes_executor.py
[2024-02-29T05:38:40.573+0000] {processor.py:830} INFO - Processing file /home/airflow/.local/lib/python3.11/site-packages/airflow/example_dags/example_kubernetes_executor.py for tasks to queue
[2024-02-29T05:38:40.575+0000] {logging_mixin.py:188} INFO - [2024-02-29T05:38:40.575+0000] {dagbag.py:540} INFO - Filling up the DagBag from /home/airflow/.local/lib/python3.11/site-packages/airflow/example_dags/example_kubernetes_executor.py
[2024-02-29T05:38:40.591+0000] {processor.py:840} INFO - DAG(s) 'example_kubernetes_executor' retrieved from /home/airflow/.local/lib/python3.11/site-packages/airflow/example_dags/example_kubernetes_executor.py
[2024-02-29T05:38:40.669+0000] {logging_mixin.py:188} INFO - [2024-02-29T05:38:40.669+0000] {dag.py:3047} INFO - Sync 1 DAGs
[2024-02-29T05:38:40.683+0000] {logging_mixin.py:188} INFO - [2024-02-29T05:38:40.683+0000] {dag.py:3834} INFO - Setting next_dagrun for example_kubernetes_executor to None, run_after=None
[2024-02-29T05:38:40.727+0000] {processor.py:183} INFO - Processing /home/airflow/.local/lib/python3.11/site-packages/airflow/example_dags/example_kubernetes_executor.py took 0.175 seconds
[2024-02-29T05:39:10.817+0000] {processor.py:161} INFO - Started process (PID=882) to work on /home/airflow/.local/lib/python3.11/site-packages/airflow/example_dags/example_kubernetes_executor.py
[2024-02-29T05:39:10.818+0000] {processor.py:830} INFO - Processing file /home/airflow/.local/lib/python3.11/site-packages/airflow/example_dags/example_kubernetes_executor.py for tasks to queue
[2024-02-29T05:39:10.819+0000] {logging_mixin.py:188} INFO - [2024-02-29T05:39:10.819+0000] {dagbag.py:540} INFO - Filling up the DagBag from /home/airflow/.local/lib/python3.11/site-packages/airflow/example_dags/example_kubernetes_executor.py
[2024-02-29T05:39:10.833+0000] {processor.py:840} INFO - DAG(s) 'example_kubernetes_executor' retrieved from /home/airflow/.local/lib/python3.11/site-packages/airflow/example_dags/example_kubernetes_executor.py
[2024-02-29T05:39:10.875+0000] {logging_mixin.py:188} INFO - [2024-02-29T05:39:10.875+0000] {dag.py:3047} INFO - Sync 1 DAGs
[2024-02-29T05:39:10.884+0000] {logging_mixin.py:188} INFO - [2024-02-29T05:39:10.884+0000] {dag.py:3834} INFO - Setting next_dagrun for example_kubernetes_executor to None, run_after=None
[2024-02-29T05:39:10.907+0000] {processor.py:183} INFO - Processing /home/airflow/.local/lib/python3.11/site-packages/airflow/example_dags/example_kubernetes_executor.py took 0.094 seconds
[2024-02-29T05:39:41.241+0000] {processor.py:161} INFO - Started process (PID=941) to work on /home/airflow/.local/lib/python3.11/site-packages/airflow/example_dags/example_kubernetes_executor.py
[2024-02-29T05:39:41.243+0000] {processor.py:830} INFO - Processing file /home/airflow/.local/lib/python3.11/site-packages/airflow/example_dags/example_kubernetes_executor.py for tasks to queue
[2024-02-29T05:39:41.249+0000] {logging_mixin.py:188} INFO - [2024-02-29T05:39:41.249+0000] {dagbag.py:540} INFO - Filling up the DagBag from /home/airflow/.local/lib/python3.11/site-packages/airflow/example_dags/example_kubernetes_executor.py
[2024-02-29T05:39:41.276+0000] {processor.py:840} INFO - DAG(s) 'example_kubernetes_executor' retrieved from /home/airflow/.local/lib/python3.11/site-packages/airflow/example_dags/example_kubernetes_executor.py
[2024-02-29T05:39:41.384+0000] {logging_mixin.py:188} INFO - [2024-02-29T05:39:41.384+0000] {dag.py:3047} INFO - Sync 1 DAGs
[2024-02-29T05:39:41.397+0000] {logging_mixin.py:188} INFO - [2024-02-29T05:39:41.396+0000] {dag.py:3834} INFO - Setting next_dagrun for example_kubernetes_executor to None, run_after=None
[2024-02-29T05:39:41.464+0000] {processor.py:183} INFO - Processing /home/airflow/.local/lib/python3.11/site-packages/airflow/example_dags/example_kubernetes_executor.py took 0.255 seconds
[2024-02-29T05:40:12.225+0000] {processor.py:161} INFO - Started process (PID=997) to work on /home/airflow/.local/lib/python3.11/site-packages/airflow/example_dags/example_kubernetes_executor.py
[2024-02-29T05:40:12.231+0000] {processor.py:830} INFO - Processing file /home/airflow/.local/lib/python3.11/site-packages/airflow/example_dags/example_kubernetes_executor.py for tasks to queue
[2024-02-29T05:40:12.239+0000] {logging_mixin.py:188} INFO - [2024-02-29T05:40:12.239+0000] {dagbag.py:540} INFO - Filling up the DagBag from /home/airflow/.local/lib/python3.11/site-packages/airflow/example_dags/example_kubernetes_executor.py
[2024-02-29T05:40:12.273+0000] {processor.py:840} INFO - DAG(s) 'example_kubernetes_executor' retrieved from /home/airflow/.local/lib/python3.11/site-packages/airflow/example_dags/example_kubernetes_executor.py
[2024-02-29T05:40:12.399+0000] {logging_mixin.py:188} INFO - [2024-02-29T05:40:12.399+0000] {dag.py:3047} INFO - Sync 1 DAGs
[2024-02-29T05:40:12.450+0000] {logging_mixin.py:188} INFO - [2024-02-29T05:40:12.450+0000] {dag.py:3834} INFO - Setting next_dagrun for example_kubernetes_executor to None, run_after=None
[2024-02-29T05:40:12.559+0000] {processor.py:183} INFO - Processing /home/airflow/.local/lib/python3.11/site-packages/airflow/example_dags/example_kubernetes_executor.py took 0.337 seconds
