[2024-02-29T05:31:53.996+0000] {processor.py:161} INFO - Started process (PID=33) to work on /home/airflow/.local/lib/python3.11/site-packages/airflow/example_dags/example_complex.py
[2024-02-29T05:31:54.001+0000] {processor.py:830} INFO - Processing file /home/airflow/.local/lib/python3.11/site-packages/airflow/example_dags/example_complex.py for tasks to queue
[2024-02-29T05:31:54.018+0000] {logging_mixin.py:188} INFO - [2024-02-29T05:31:54.018+0000] {dagbag.py:540} INFO - Filling up the DagBag from /home/airflow/.local/lib/python3.11/site-packages/airflow/example_dags/example_complex.py
[2024-02-29T05:31:54.088+0000] {processor.py:840} INFO - DAG(s) 'example_complex' retrieved from /home/airflow/.local/lib/python3.11/site-packages/airflow/example_dags/example_complex.py
[2024-02-29T05:31:55.183+0000] {logging_mixin.py:188} INFO - [2024-02-29T05:31:55.183+0000] {dag.py:3047} INFO - Sync 1 DAGs
[2024-02-29T05:31:55.226+0000] {logging_mixin.py:188} INFO - [2024-02-29T05:31:55.226+0000] {dag.py:3834} INFO - Setting next_dagrun for example_complex to None, run_after=None
[2024-02-29T05:31:55.364+0000] {processor.py:183} INFO - Processing /home/airflow/.local/lib/python3.11/site-packages/airflow/example_dags/example_complex.py took 1.394 seconds
[2024-02-29T05:32:28.238+0000] {processor.py:161} INFO - Started process (PID=88) to work on /home/airflow/.local/lib/python3.11/site-packages/airflow/example_dags/example_complex.py
[2024-02-29T05:32:28.265+0000] {processor.py:830} INFO - Processing file /home/airflow/.local/lib/python3.11/site-packages/airflow/example_dags/example_complex.py for tasks to queue
[2024-02-29T05:32:28.272+0000] {logging_mixin.py:188} INFO - [2024-02-29T05:32:28.271+0000] {dagbag.py:540} INFO - Filling up the DagBag from /home/airflow/.local/lib/python3.11/site-packages/airflow/example_dags/example_complex.py
[2024-02-29T05:32:28.297+0000] {processor.py:840} INFO - DAG(s) 'example_complex' retrieved from /home/airflow/.local/lib/python3.11/site-packages/airflow/example_dags/example_complex.py
[2024-02-29T05:32:28.389+0000] {logging_mixin.py:188} INFO - [2024-02-29T05:32:28.389+0000] {dag.py:3047} INFO - Sync 1 DAGs
[2024-02-29T05:32:28.418+0000] {logging_mixin.py:188} INFO - [2024-02-29T05:32:28.418+0000] {dag.py:3834} INFO - Setting next_dagrun for example_complex to None, run_after=None
[2024-02-29T05:32:28.464+0000] {processor.py:183} INFO - Processing /home/airflow/.local/lib/python3.11/site-packages/airflow/example_dags/example_complex.py took 0.254 seconds
[2024-02-29T05:32:59.106+0000] {processor.py:161} INFO - Started process (PID=143) to work on /home/airflow/.local/lib/python3.11/site-packages/airflow/example_dags/example_complex.py
[2024-02-29T05:32:59.107+0000] {processor.py:830} INFO - Processing file /home/airflow/.local/lib/python3.11/site-packages/airflow/example_dags/example_complex.py for tasks to queue
[2024-02-29T05:32:59.109+0000] {logging_mixin.py:188} INFO - [2024-02-29T05:32:59.109+0000] {dagbag.py:540} INFO - Filling up the DagBag from /home/airflow/.local/lib/python3.11/site-packages/airflow/example_dags/example_complex.py
[2024-02-29T05:32:59.124+0000] {processor.py:840} INFO - DAG(s) 'example_complex' retrieved from /home/airflow/.local/lib/python3.11/site-packages/airflow/example_dags/example_complex.py
[2024-02-29T05:32:59.203+0000] {logging_mixin.py:188} INFO - [2024-02-29T05:32:59.203+0000] {dag.py:3047} INFO - Sync 1 DAGs
[2024-02-29T05:32:59.241+0000] {logging_mixin.py:188} INFO - [2024-02-29T05:32:59.241+0000] {dag.py:3834} INFO - Setting next_dagrun for example_complex to None, run_after=None
[2024-02-29T05:32:59.275+0000] {processor.py:183} INFO - Processing /home/airflow/.local/lib/python3.11/site-packages/airflow/example_dags/example_complex.py took 0.171 seconds
[2024-02-29T05:33:29.604+0000] {processor.py:161} INFO - Started process (PID=205) to work on /home/airflow/.local/lib/python3.11/site-packages/airflow/example_dags/example_complex.py
[2024-02-29T05:33:29.607+0000] {processor.py:830} INFO - Processing file /home/airflow/.local/lib/python3.11/site-packages/airflow/example_dags/example_complex.py for tasks to queue
[2024-02-29T05:33:29.619+0000] {logging_mixin.py:188} INFO - [2024-02-29T05:33:29.618+0000] {dagbag.py:540} INFO - Filling up the DagBag from /home/airflow/.local/lib/python3.11/site-packages/airflow/example_dags/example_complex.py
[2024-02-29T05:33:29.630+0000] {processor.py:840} INFO - DAG(s) 'example_complex' retrieved from /home/airflow/.local/lib/python3.11/site-packages/airflow/example_dags/example_complex.py
[2024-02-29T05:33:29.725+0000] {logging_mixin.py:188} INFO - [2024-02-29T05:33:29.717+0000] {dag.py:3047} INFO - Sync 1 DAGs
[2024-02-29T05:33:29.741+0000] {logging_mixin.py:188} INFO - [2024-02-29T05:33:29.741+0000] {dag.py:3834} INFO - Setting next_dagrun for example_complex to None, run_after=None
[2024-02-29T05:33:29.821+0000] {processor.py:183} INFO - Processing /home/airflow/.local/lib/python3.11/site-packages/airflow/example_dags/example_complex.py took 0.220 seconds
[2024-02-29T05:34:00.039+0000] {processor.py:161} INFO - Started process (PID=267) to work on /home/airflow/.local/lib/python3.11/site-packages/airflow/example_dags/example_complex.py
[2024-02-29T05:34:00.050+0000] {processor.py:830} INFO - Processing file /home/airflow/.local/lib/python3.11/site-packages/airflow/example_dags/example_complex.py for tasks to queue
[2024-02-29T05:34:00.060+0000] {logging_mixin.py:188} INFO - [2024-02-29T05:34:00.060+0000] {dagbag.py:540} INFO - Filling up the DagBag from /home/airflow/.local/lib/python3.11/site-packages/airflow/example_dags/example_complex.py
[2024-02-29T05:34:00.090+0000] {processor.py:840} INFO - DAG(s) 'example_complex' retrieved from /home/airflow/.local/lib/python3.11/site-packages/airflow/example_dags/example_complex.py
[2024-02-29T05:34:00.192+0000] {logging_mixin.py:188} INFO - [2024-02-29T05:34:00.191+0000] {dag.py:3047} INFO - Sync 1 DAGs
[2024-02-29T05:34:00.286+0000] {logging_mixin.py:188} INFO - [2024-02-29T05:34:00.286+0000] {dag.py:3834} INFO - Setting next_dagrun for example_complex to None, run_after=None
[2024-02-29T05:34:00.367+0000] {processor.py:183} INFO - Processing /home/airflow/.local/lib/python3.11/site-packages/airflow/example_dags/example_complex.py took 0.331 seconds
[2024-02-29T05:34:30.516+0000] {processor.py:161} INFO - Started process (PID=330) to work on /home/airflow/.local/lib/python3.11/site-packages/airflow/example_dags/example_complex.py
[2024-02-29T05:34:30.523+0000] {processor.py:830} INFO - Processing file /home/airflow/.local/lib/python3.11/site-packages/airflow/example_dags/example_complex.py for tasks to queue
[2024-02-29T05:34:30.527+0000] {logging_mixin.py:188} INFO - [2024-02-29T05:34:30.526+0000] {dagbag.py:540} INFO - Filling up the DagBag from /home/airflow/.local/lib/python3.11/site-packages/airflow/example_dags/example_complex.py
[2024-02-29T05:34:30.540+0000] {processor.py:840} INFO - DAG(s) 'example_complex' retrieved from /home/airflow/.local/lib/python3.11/site-packages/airflow/example_dags/example_complex.py
[2024-02-29T05:34:30.605+0000] {logging_mixin.py:188} INFO - [2024-02-29T05:34:30.605+0000] {dag.py:3047} INFO - Sync 1 DAGs
[2024-02-29T05:34:30.624+0000] {logging_mixin.py:188} INFO - [2024-02-29T05:34:30.624+0000] {dag.py:3834} INFO - Setting next_dagrun for example_complex to None, run_after=None
[2024-02-29T05:34:30.685+0000] {processor.py:183} INFO - Processing /home/airflow/.local/lib/python3.11/site-packages/airflow/example_dags/example_complex.py took 0.177 seconds
[2024-02-29T05:35:01.307+0000] {processor.py:161} INFO - Started process (PID=394) to work on /home/airflow/.local/lib/python3.11/site-packages/airflow/example_dags/example_complex.py
[2024-02-29T05:35:01.321+0000] {processor.py:830} INFO - Processing file /home/airflow/.local/lib/python3.11/site-packages/airflow/example_dags/example_complex.py for tasks to queue
[2024-02-29T05:35:01.323+0000] {logging_mixin.py:188} INFO - [2024-02-29T05:35:01.322+0000] {dagbag.py:540} INFO - Filling up the DagBag from /home/airflow/.local/lib/python3.11/site-packages/airflow/example_dags/example_complex.py
[2024-02-29T05:35:01.354+0000] {processor.py:840} INFO - DAG(s) 'example_complex' retrieved from /home/airflow/.local/lib/python3.11/site-packages/airflow/example_dags/example_complex.py
[2024-02-29T05:35:01.387+0000] {logging_mixin.py:188} INFO - [2024-02-29T05:35:01.386+0000] {dag.py:3047} INFO - Sync 1 DAGs
[2024-02-29T05:35:01.399+0000] {logging_mixin.py:188} INFO - [2024-02-29T05:35:01.398+0000] {dag.py:3834} INFO - Setting next_dagrun for example_complex to None, run_after=None
[2024-02-29T05:35:01.423+0000] {processor.py:183} INFO - Processing /home/airflow/.local/lib/python3.11/site-packages/airflow/example_dags/example_complex.py took 0.119 seconds
[2024-02-29T05:35:32.159+0000] {processor.py:161} INFO - Started process (PID=463) to work on /home/airflow/.local/lib/python3.11/site-packages/airflow/example_dags/example_complex.py
[2024-02-29T05:35:32.166+0000] {processor.py:830} INFO - Processing file /home/airflow/.local/lib/python3.11/site-packages/airflow/example_dags/example_complex.py for tasks to queue
[2024-02-29T05:35:32.168+0000] {logging_mixin.py:188} INFO - [2024-02-29T05:35:32.168+0000] {dagbag.py:540} INFO - Filling up the DagBag from /home/airflow/.local/lib/python3.11/site-packages/airflow/example_dags/example_complex.py
[2024-02-29T05:35:32.205+0000] {processor.py:840} INFO - DAG(s) 'example_complex' retrieved from /home/airflow/.local/lib/python3.11/site-packages/airflow/example_dags/example_complex.py
[2024-02-29T05:35:32.277+0000] {logging_mixin.py:188} INFO - [2024-02-29T05:35:32.277+0000] {dag.py:3047} INFO - Sync 1 DAGs
[2024-02-29T05:35:32.310+0000] {logging_mixin.py:188} INFO - [2024-02-29T05:35:32.309+0000] {dag.py:3834} INFO - Setting next_dagrun for example_complex to None, run_after=None
[2024-02-29T05:35:32.354+0000] {processor.py:183} INFO - Processing /home/airflow/.local/lib/python3.11/site-packages/airflow/example_dags/example_complex.py took 0.197 seconds
[2024-02-29T05:36:03.086+0000] {processor.py:161} INFO - Started process (PID=525) to work on /home/airflow/.local/lib/python3.11/site-packages/airflow/example_dags/example_complex.py
[2024-02-29T05:36:03.087+0000] {processor.py:830} INFO - Processing file /home/airflow/.local/lib/python3.11/site-packages/airflow/example_dags/example_complex.py for tasks to queue
[2024-02-29T05:36:03.091+0000] {logging_mixin.py:188} INFO - [2024-02-29T05:36:03.090+0000] {dagbag.py:540} INFO - Filling up the DagBag from /home/airflow/.local/lib/python3.11/site-packages/airflow/example_dags/example_complex.py
[2024-02-29T05:36:03.105+0000] {processor.py:840} INFO - DAG(s) 'example_complex' retrieved from /home/airflow/.local/lib/python3.11/site-packages/airflow/example_dags/example_complex.py
[2024-02-29T05:36:03.141+0000] {logging_mixin.py:188} INFO - [2024-02-29T05:36:03.140+0000] {dag.py:3047} INFO - Sync 1 DAGs
[2024-02-29T05:36:03.153+0000] {logging_mixin.py:188} INFO - [2024-02-29T05:36:03.153+0000] {dag.py:3834} INFO - Setting next_dagrun for example_complex to None, run_after=None
[2024-02-29T05:36:03.176+0000] {processor.py:183} INFO - Processing /home/airflow/.local/lib/python3.11/site-packages/airflow/example_dags/example_complex.py took 0.096 seconds
[2024-02-29T05:36:33.324+0000] {processor.py:161} INFO - Started process (PID=584) to work on /home/airflow/.local/lib/python3.11/site-packages/airflow/example_dags/example_complex.py
[2024-02-29T05:36:33.325+0000] {processor.py:830} INFO - Processing file /home/airflow/.local/lib/python3.11/site-packages/airflow/example_dags/example_complex.py for tasks to queue
[2024-02-29T05:36:33.327+0000] {logging_mixin.py:188} INFO - [2024-02-29T05:36:33.327+0000] {dagbag.py:540} INFO - Filling up the DagBag from /home/airflow/.local/lib/python3.11/site-packages/airflow/example_dags/example_complex.py
[2024-02-29T05:36:33.340+0000] {processor.py:840} INFO - DAG(s) 'example_complex' retrieved from /home/airflow/.local/lib/python3.11/site-packages/airflow/example_dags/example_complex.py
[2024-02-29T05:36:33.370+0000] {logging_mixin.py:188} INFO - [2024-02-29T05:36:33.370+0000] {dag.py:3047} INFO - Sync 1 DAGs
[2024-02-29T05:36:33.383+0000] {logging_mixin.py:188} INFO - [2024-02-29T05:36:33.383+0000] {dag.py:3834} INFO - Setting next_dagrun for example_complex to None, run_after=None
[2024-02-29T05:36:33.403+0000] {processor.py:183} INFO - Processing /home/airflow/.local/lib/python3.11/site-packages/airflow/example_dags/example_complex.py took 0.082 seconds
[2024-02-29T05:37:03.467+0000] {processor.py:161} INFO - Started process (PID=643) to work on /home/airflow/.local/lib/python3.11/site-packages/airflow/example_dags/example_complex.py
[2024-02-29T05:37:03.468+0000] {processor.py:830} INFO - Processing file /home/airflow/.local/lib/python3.11/site-packages/airflow/example_dags/example_complex.py for tasks to queue
[2024-02-29T05:37:03.470+0000] {logging_mixin.py:188} INFO - [2024-02-29T05:37:03.469+0000] {dagbag.py:540} INFO - Filling up the DagBag from /home/airflow/.local/lib/python3.11/site-packages/airflow/example_dags/example_complex.py
[2024-02-29T05:37:03.482+0000] {processor.py:840} INFO - DAG(s) 'example_complex' retrieved from /home/airflow/.local/lib/python3.11/site-packages/airflow/example_dags/example_complex.py
[2024-02-29T05:37:03.514+0000] {logging_mixin.py:188} INFO - [2024-02-29T05:37:03.514+0000] {dag.py:3047} INFO - Sync 1 DAGs
[2024-02-29T05:37:03.527+0000] {logging_mixin.py:188} INFO - [2024-02-29T05:37:03.527+0000] {dag.py:3834} INFO - Setting next_dagrun for example_complex to None, run_after=None
[2024-02-29T05:37:03.550+0000] {processor.py:183} INFO - Processing /home/airflow/.local/lib/python3.11/site-packages/airflow/example_dags/example_complex.py took 0.088 seconds
[2024-02-29T05:37:34.304+0000] {processor.py:161} INFO - Started process (PID=700) to work on /home/airflow/.local/lib/python3.11/site-packages/airflow/example_dags/example_complex.py
[2024-02-29T05:37:34.312+0000] {processor.py:830} INFO - Processing file /home/airflow/.local/lib/python3.11/site-packages/airflow/example_dags/example_complex.py for tasks to queue
[2024-02-29T05:37:34.327+0000] {logging_mixin.py:188} INFO - [2024-02-29T05:37:34.326+0000] {dagbag.py:540} INFO - Filling up the DagBag from /home/airflow/.local/lib/python3.11/site-packages/airflow/example_dags/example_complex.py
[2024-02-29T05:37:34.354+0000] {processor.py:840} INFO - DAG(s) 'example_complex' retrieved from /home/airflow/.local/lib/python3.11/site-packages/airflow/example_dags/example_complex.py
[2024-02-29T05:37:34.418+0000] {logging_mixin.py:188} INFO - [2024-02-29T05:37:34.418+0000] {dag.py:3047} INFO - Sync 1 DAGs
[2024-02-29T05:37:34.428+0000] {logging_mixin.py:188} INFO - [2024-02-29T05:37:34.428+0000] {dag.py:3834} INFO - Setting next_dagrun for example_complex to None, run_after=None
[2024-02-29T05:37:34.451+0000] {processor.py:183} INFO - Processing /home/airflow/.local/lib/python3.11/site-packages/airflow/example_dags/example_complex.py took 0.168 seconds
[2024-02-29T05:38:05.372+0000] {processor.py:161} INFO - Started process (PID=757) to work on /home/airflow/.local/lib/python3.11/site-packages/airflow/example_dags/example_complex.py
[2024-02-29T05:38:05.372+0000] {processor.py:830} INFO - Processing file /home/airflow/.local/lib/python3.11/site-packages/airflow/example_dags/example_complex.py for tasks to queue
[2024-02-29T05:38:05.374+0000] {logging_mixin.py:188} INFO - [2024-02-29T05:38:05.374+0000] {dagbag.py:540} INFO - Filling up the DagBag from /home/airflow/.local/lib/python3.11/site-packages/airflow/example_dags/example_complex.py
[2024-02-29T05:38:05.388+0000] {processor.py:840} INFO - DAG(s) 'example_complex' retrieved from /home/airflow/.local/lib/python3.11/site-packages/airflow/example_dags/example_complex.py
[2024-02-29T05:38:05.423+0000] {logging_mixin.py:188} INFO - [2024-02-29T05:38:05.423+0000] {dag.py:3047} INFO - Sync 1 DAGs
[2024-02-29T05:38:05.453+0000] {logging_mixin.py:188} INFO - [2024-02-29T05:38:05.453+0000] {dag.py:3834} INFO - Setting next_dagrun for example_complex to None, run_after=None
[2024-02-29T05:38:05.476+0000] {processor.py:183} INFO - Processing /home/airflow/.local/lib/python3.11/site-packages/airflow/example_dags/example_complex.py took 0.107 seconds
[2024-02-29T05:38:35.537+0000] {processor.py:161} INFO - Started process (PID=813) to work on /home/airflow/.local/lib/python3.11/site-packages/airflow/example_dags/example_complex.py
[2024-02-29T05:38:35.539+0000] {processor.py:830} INFO - Processing file /home/airflow/.local/lib/python3.11/site-packages/airflow/example_dags/example_complex.py for tasks to queue
[2024-02-29T05:38:35.541+0000] {logging_mixin.py:188} INFO - [2024-02-29T05:38:35.541+0000] {dagbag.py:540} INFO - Filling up the DagBag from /home/airflow/.local/lib/python3.11/site-packages/airflow/example_dags/example_complex.py
[2024-02-29T05:38:35.567+0000] {processor.py:840} INFO - DAG(s) 'example_complex' retrieved from /home/airflow/.local/lib/python3.11/site-packages/airflow/example_dags/example_complex.py
[2024-02-29T05:38:35.613+0000] {logging_mixin.py:188} INFO - [2024-02-29T05:38:35.612+0000] {dag.py:3047} INFO - Sync 1 DAGs
[2024-02-29T05:38:35.632+0000] {logging_mixin.py:188} INFO - [2024-02-29T05:38:35.632+0000] {dag.py:3834} INFO - Setting next_dagrun for example_complex to None, run_after=None
[2024-02-29T05:38:35.662+0000] {processor.py:183} INFO - Processing /home/airflow/.local/lib/python3.11/site-packages/airflow/example_dags/example_complex.py took 0.128 seconds
[2024-02-29T05:39:06.628+0000] {processor.py:161} INFO - Started process (PID=870) to work on /home/airflow/.local/lib/python3.11/site-packages/airflow/example_dags/example_complex.py
[2024-02-29T05:39:06.633+0000] {processor.py:830} INFO - Processing file /home/airflow/.local/lib/python3.11/site-packages/airflow/example_dags/example_complex.py for tasks to queue
[2024-02-29T05:39:06.636+0000] {logging_mixin.py:188} INFO - [2024-02-29T05:39:06.636+0000] {dagbag.py:540} INFO - Filling up the DagBag from /home/airflow/.local/lib/python3.11/site-packages/airflow/example_dags/example_complex.py
[2024-02-29T05:39:06.672+0000] {processor.py:840} INFO - DAG(s) 'example_complex' retrieved from /home/airflow/.local/lib/python3.11/site-packages/airflow/example_dags/example_complex.py
[2024-02-29T05:39:06.768+0000] {logging_mixin.py:188} INFO - [2024-02-29T05:39:06.768+0000] {dag.py:3047} INFO - Sync 1 DAGs
[2024-02-29T05:39:06.798+0000] {logging_mixin.py:188} INFO - [2024-02-29T05:39:06.798+0000] {dag.py:3834} INFO - Setting next_dagrun for example_complex to None, run_after=None
[2024-02-29T05:39:06.820+0000] {processor.py:183} INFO - Processing /home/airflow/.local/lib/python3.11/site-packages/airflow/example_dags/example_complex.py took 0.195 seconds
[2024-02-29T05:39:37.007+0000] {processor.py:161} INFO - Started process (PID=928) to work on /home/airflow/.local/lib/python3.11/site-packages/airflow/example_dags/example_complex.py
[2024-02-29T05:39:37.021+0000] {processor.py:830} INFO - Processing file /home/airflow/.local/lib/python3.11/site-packages/airflow/example_dags/example_complex.py for tasks to queue
[2024-02-29T05:39:37.022+0000] {logging_mixin.py:188} INFO - [2024-02-29T05:39:37.022+0000] {dagbag.py:540} INFO - Filling up the DagBag from /home/airflow/.local/lib/python3.11/site-packages/airflow/example_dags/example_complex.py
[2024-02-29T05:39:37.076+0000] {processor.py:840} INFO - DAG(s) 'example_complex' retrieved from /home/airflow/.local/lib/python3.11/site-packages/airflow/example_dags/example_complex.py
[2024-02-29T05:39:37.169+0000] {logging_mixin.py:188} INFO - [2024-02-29T05:39:37.169+0000] {dag.py:3047} INFO - Sync 1 DAGs
[2024-02-29T05:39:37.214+0000] {logging_mixin.py:188} INFO - [2024-02-29T05:39:37.214+0000] {dag.py:3834} INFO - Setting next_dagrun for example_complex to None, run_after=None
[2024-02-29T05:39:37.254+0000] {processor.py:183} INFO - Processing /home/airflow/.local/lib/python3.11/site-packages/airflow/example_dags/example_complex.py took 0.250 seconds
[2024-02-29T05:40:07.359+0000] {processor.py:161} INFO - Started process (PID=984) to work on /home/airflow/.local/lib/python3.11/site-packages/airflow/example_dags/example_complex.py
[2024-02-29T05:40:07.360+0000] {processor.py:830} INFO - Processing file /home/airflow/.local/lib/python3.11/site-packages/airflow/example_dags/example_complex.py for tasks to queue
[2024-02-29T05:40:07.362+0000] {logging_mixin.py:188} INFO - [2024-02-29T05:40:07.361+0000] {dagbag.py:540} INFO - Filling up the DagBag from /home/airflow/.local/lib/python3.11/site-packages/airflow/example_dags/example_complex.py
[2024-02-29T05:40:07.370+0000] {processor.py:840} INFO - DAG(s) 'example_complex' retrieved from /home/airflow/.local/lib/python3.11/site-packages/airflow/example_dags/example_complex.py
[2024-02-29T05:40:07.392+0000] {logging_mixin.py:188} INFO - [2024-02-29T05:40:07.392+0000] {dag.py:3047} INFO - Sync 1 DAGs
[2024-02-29T05:40:07.401+0000] {logging_mixin.py:188} INFO - [2024-02-29T05:40:07.400+0000] {dag.py:3834} INFO - Setting next_dagrun for example_complex to None, run_after=None
[2024-02-29T05:40:07.420+0000] {processor.py:183} INFO - Processing /home/airflow/.local/lib/python3.11/site-packages/airflow/example_dags/example_complex.py took 0.063 seconds
