[2024-02-29T05:32:16.118+0000] {processor.py:161} INFO - Started process (PID=70) to work on /home/airflow/.local/lib/python3.11/site-packages/airflow/example_dags/example_local_kubernetes_executor.py
[2024-02-29T05:32:16.129+0000] {processor.py:830} INFO - Processing file /home/airflow/.local/lib/python3.11/site-packages/airflow/example_dags/example_local_kubernetes_executor.py for tasks to queue
[2024-02-29T05:32:16.131+0000] {logging_mixin.py:188} INFO - [2024-02-29T05:32:16.130+0000] {dagbag.py:540} INFO - Filling up the DagBag from /home/airflow/.local/lib/python3.11/site-packages/airflow/example_dags/example_local_kubernetes_executor.py
[2024-02-29T05:32:16.166+0000] {processor.py:840} INFO - DAG(s) 'example_local_kubernetes_executor' retrieved from /home/airflow/.local/lib/python3.11/site-packages/airflow/example_dags/example_local_kubernetes_executor.py
[2024-02-29T05:32:17.242+0000] {logging_mixin.py:188} INFO - [2024-02-29T05:32:17.242+0000] {dag.py:3047} INFO - Sync 1 DAGs
[2024-02-29T05:32:17.332+0000] {logging_mixin.py:188} INFO - [2024-02-29T05:32:17.332+0000] {dag.py:3834} INFO - Setting next_dagrun for example_local_kubernetes_executor to None, run_after=None
[2024-02-29T05:32:17.515+0000] {processor.py:183} INFO - Processing /home/airflow/.local/lib/python3.11/site-packages/airflow/example_dags/example_local_kubernetes_executor.py took 1.409 seconds
[2024-02-29T05:32:47.913+0000] {processor.py:161} INFO - Started process (PID=127) to work on /home/airflow/.local/lib/python3.11/site-packages/airflow/example_dags/example_local_kubernetes_executor.py
[2024-02-29T05:32:47.914+0000] {processor.py:830} INFO - Processing file /home/airflow/.local/lib/python3.11/site-packages/airflow/example_dags/example_local_kubernetes_executor.py for tasks to queue
[2024-02-29T05:32:47.915+0000] {logging_mixin.py:188} INFO - [2024-02-29T05:32:47.915+0000] {dagbag.py:540} INFO - Filling up the DagBag from /home/airflow/.local/lib/python3.11/site-packages/airflow/example_dags/example_local_kubernetes_executor.py
[2024-02-29T05:32:47.923+0000] {processor.py:840} INFO - DAG(s) 'example_local_kubernetes_executor' retrieved from /home/airflow/.local/lib/python3.11/site-packages/airflow/example_dags/example_local_kubernetes_executor.py
[2024-02-29T05:32:47.950+0000] {logging_mixin.py:188} INFO - [2024-02-29T05:32:47.949+0000] {dag.py:3047} INFO - Sync 1 DAGs
[2024-02-29T05:32:47.958+0000] {logging_mixin.py:188} INFO - [2024-02-29T05:32:47.958+0000] {dag.py:3834} INFO - Setting next_dagrun for example_local_kubernetes_executor to None, run_after=None
[2024-02-29T05:32:47.978+0000] {processor.py:183} INFO - Processing /home/airflow/.local/lib/python3.11/site-packages/airflow/example_dags/example_local_kubernetes_executor.py took 0.067 seconds
[2024-02-29T05:33:18.006+0000] {processor.py:161} INFO - Started process (PID=188) to work on /home/airflow/.local/lib/python3.11/site-packages/airflow/example_dags/example_local_kubernetes_executor.py
[2024-02-29T05:33:18.007+0000] {processor.py:830} INFO - Processing file /home/airflow/.local/lib/python3.11/site-packages/airflow/example_dags/example_local_kubernetes_executor.py for tasks to queue
[2024-02-29T05:33:18.008+0000] {logging_mixin.py:188} INFO - [2024-02-29T05:33:18.008+0000] {dagbag.py:540} INFO - Filling up the DagBag from /home/airflow/.local/lib/python3.11/site-packages/airflow/example_dags/example_local_kubernetes_executor.py
[2024-02-29T05:33:18.013+0000] {processor.py:840} INFO - DAG(s) 'example_local_kubernetes_executor' retrieved from /home/airflow/.local/lib/python3.11/site-packages/airflow/example_dags/example_local_kubernetes_executor.py
[2024-02-29T05:33:18.039+0000] {logging_mixin.py:188} INFO - [2024-02-29T05:33:18.039+0000] {dag.py:3047} INFO - Sync 1 DAGs
[2024-02-29T05:33:18.048+0000] {logging_mixin.py:188} INFO - [2024-02-29T05:33:18.048+0000] {dag.py:3834} INFO - Setting next_dagrun for example_local_kubernetes_executor to None, run_after=None
[2024-02-29T05:33:18.067+0000] {processor.py:183} INFO - Processing /home/airflow/.local/lib/python3.11/site-packages/airflow/example_dags/example_local_kubernetes_executor.py took 0.064 seconds
[2024-02-29T05:33:49.046+0000] {processor.py:161} INFO - Started process (PID=251) to work on /home/airflow/.local/lib/python3.11/site-packages/airflow/example_dags/example_local_kubernetes_executor.py
[2024-02-29T05:33:49.047+0000] {processor.py:830} INFO - Processing file /home/airflow/.local/lib/python3.11/site-packages/airflow/example_dags/example_local_kubernetes_executor.py for tasks to queue
[2024-02-29T05:33:49.049+0000] {logging_mixin.py:188} INFO - [2024-02-29T05:33:49.049+0000] {dagbag.py:540} INFO - Filling up the DagBag from /home/airflow/.local/lib/python3.11/site-packages/airflow/example_dags/example_local_kubernetes_executor.py
[2024-02-29T05:33:49.057+0000] {processor.py:840} INFO - DAG(s) 'example_local_kubernetes_executor' retrieved from /home/airflow/.local/lib/python3.11/site-packages/airflow/example_dags/example_local_kubernetes_executor.py
[2024-02-29T05:33:49.090+0000] {logging_mixin.py:188} INFO - [2024-02-29T05:33:49.090+0000] {dag.py:3047} INFO - Sync 1 DAGs
[2024-02-29T05:33:49.111+0000] {logging_mixin.py:188} INFO - [2024-02-29T05:33:49.111+0000] {dag.py:3834} INFO - Setting next_dagrun for example_local_kubernetes_executor to None, run_after=None
[2024-02-29T05:33:49.137+0000] {processor.py:183} INFO - Processing /home/airflow/.local/lib/python3.11/site-packages/airflow/example_dags/example_local_kubernetes_executor.py took 0.094 seconds
[2024-02-29T05:34:19.670+0000] {processor.py:161} INFO - Started process (PID=312) to work on /home/airflow/.local/lib/python3.11/site-packages/airflow/example_dags/example_local_kubernetes_executor.py
[2024-02-29T05:34:19.671+0000] {processor.py:830} INFO - Processing file /home/airflow/.local/lib/python3.11/site-packages/airflow/example_dags/example_local_kubernetes_executor.py for tasks to queue
[2024-02-29T05:34:19.673+0000] {logging_mixin.py:188} INFO - [2024-02-29T05:34:19.673+0000] {dagbag.py:540} INFO - Filling up the DagBag from /home/airflow/.local/lib/python3.11/site-packages/airflow/example_dags/example_local_kubernetes_executor.py
[2024-02-29T05:34:19.680+0000] {processor.py:840} INFO - DAG(s) 'example_local_kubernetes_executor' retrieved from /home/airflow/.local/lib/python3.11/site-packages/airflow/example_dags/example_local_kubernetes_executor.py
[2024-02-29T05:34:19.729+0000] {logging_mixin.py:188} INFO - [2024-02-29T05:34:19.729+0000] {dag.py:3047} INFO - Sync 1 DAGs
[2024-02-29T05:34:19.738+0000] {logging_mixin.py:188} INFO - [2024-02-29T05:34:19.738+0000] {dag.py:3834} INFO - Setting next_dagrun for example_local_kubernetes_executor to None, run_after=None
[2024-02-29T05:34:19.756+0000] {processor.py:183} INFO - Processing /home/airflow/.local/lib/python3.11/site-packages/airflow/example_dags/example_local_kubernetes_executor.py took 0.101 seconds
[2024-02-29T05:34:50.505+0000] {processor.py:161} INFO - Started process (PID=376) to work on /home/airflow/.local/lib/python3.11/site-packages/airflow/example_dags/example_local_kubernetes_executor.py
[2024-02-29T05:34:50.507+0000] {processor.py:830} INFO - Processing file /home/airflow/.local/lib/python3.11/site-packages/airflow/example_dags/example_local_kubernetes_executor.py for tasks to queue
[2024-02-29T05:34:50.509+0000] {logging_mixin.py:188} INFO - [2024-02-29T05:34:50.508+0000] {dagbag.py:540} INFO - Filling up the DagBag from /home/airflow/.local/lib/python3.11/site-packages/airflow/example_dags/example_local_kubernetes_executor.py
[2024-02-29T05:34:50.530+0000] {processor.py:840} INFO - DAG(s) 'example_local_kubernetes_executor' retrieved from /home/airflow/.local/lib/python3.11/site-packages/airflow/example_dags/example_local_kubernetes_executor.py
[2024-02-29T05:34:50.574+0000] {logging_mixin.py:188} INFO - [2024-02-29T05:34:50.573+0000] {dag.py:3047} INFO - Sync 1 DAGs
[2024-02-29T05:34:50.585+0000] {logging_mixin.py:188} INFO - [2024-02-29T05:34:50.585+0000] {dag.py:3834} INFO - Setting next_dagrun for example_local_kubernetes_executor to None, run_after=None
[2024-02-29T05:34:50.605+0000] {processor.py:183} INFO - Processing /home/airflow/.local/lib/python3.11/site-packages/airflow/example_dags/example_local_kubernetes_executor.py took 0.104 seconds
[2024-02-29T05:35:21.328+0000] {processor.py:161} INFO - Started process (PID=436) to work on /home/airflow/.local/lib/python3.11/site-packages/airflow/example_dags/example_local_kubernetes_executor.py
[2024-02-29T05:35:21.329+0000] {processor.py:830} INFO - Processing file /home/airflow/.local/lib/python3.11/site-packages/airflow/example_dags/example_local_kubernetes_executor.py for tasks to queue
[2024-02-29T05:35:21.331+0000] {logging_mixin.py:188} INFO - [2024-02-29T05:35:21.330+0000] {dagbag.py:540} INFO - Filling up the DagBag from /home/airflow/.local/lib/python3.11/site-packages/airflow/example_dags/example_local_kubernetes_executor.py
[2024-02-29T05:35:21.338+0000] {processor.py:840} INFO - DAG(s) 'example_local_kubernetes_executor' retrieved from /home/airflow/.local/lib/python3.11/site-packages/airflow/example_dags/example_local_kubernetes_executor.py
[2024-02-29T05:35:21.366+0000] {logging_mixin.py:188} INFO - [2024-02-29T05:35:21.366+0000] {dag.py:3047} INFO - Sync 1 DAGs
[2024-02-29T05:35:21.378+0000] {logging_mixin.py:188} INFO - [2024-02-29T05:35:21.377+0000] {dag.py:3834} INFO - Setting next_dagrun for example_local_kubernetes_executor to None, run_after=None
[2024-02-29T05:35:21.399+0000] {processor.py:183} INFO - Processing /home/airflow/.local/lib/python3.11/site-packages/airflow/example_dags/example_local_kubernetes_executor.py took 0.077 seconds
[2024-02-29T05:35:52.152+0000] {processor.py:161} INFO - Started process (PID=501) to work on /home/airflow/.local/lib/python3.11/site-packages/airflow/example_dags/example_local_kubernetes_executor.py
[2024-02-29T05:35:52.153+0000] {processor.py:830} INFO - Processing file /home/airflow/.local/lib/python3.11/site-packages/airflow/example_dags/example_local_kubernetes_executor.py for tasks to queue
[2024-02-29T05:35:52.155+0000] {logging_mixin.py:188} INFO - [2024-02-29T05:35:52.155+0000] {dagbag.py:540} INFO - Filling up the DagBag from /home/airflow/.local/lib/python3.11/site-packages/airflow/example_dags/example_local_kubernetes_executor.py
[2024-02-29T05:35:52.166+0000] {processor.py:840} INFO - DAG(s) 'example_local_kubernetes_executor' retrieved from /home/airflow/.local/lib/python3.11/site-packages/airflow/example_dags/example_local_kubernetes_executor.py
[2024-02-29T05:35:52.204+0000] {logging_mixin.py:188} INFO - [2024-02-29T05:35:52.204+0000] {dag.py:3047} INFO - Sync 1 DAGs
[2024-02-29T05:35:52.213+0000] {logging_mixin.py:188} INFO - [2024-02-29T05:35:52.213+0000] {dag.py:3834} INFO - Setting next_dagrun for example_local_kubernetes_executor to None, run_after=None
[2024-02-29T05:35:52.230+0000] {processor.py:183} INFO - Processing /home/airflow/.local/lib/python3.11/site-packages/airflow/example_dags/example_local_kubernetes_executor.py took 0.084 seconds
[2024-02-29T05:36:22.649+0000] {processor.py:161} INFO - Started process (PID=561) to work on /home/airflow/.local/lib/python3.11/site-packages/airflow/example_dags/example_local_kubernetes_executor.py
[2024-02-29T05:36:22.650+0000] {processor.py:830} INFO - Processing file /home/airflow/.local/lib/python3.11/site-packages/airflow/example_dags/example_local_kubernetes_executor.py for tasks to queue
[2024-02-29T05:36:22.652+0000] {logging_mixin.py:188} INFO - [2024-02-29T05:36:22.652+0000] {dagbag.py:540} INFO - Filling up the DagBag from /home/airflow/.local/lib/python3.11/site-packages/airflow/example_dags/example_local_kubernetes_executor.py
[2024-02-29T05:36:22.659+0000] {processor.py:840} INFO - DAG(s) 'example_local_kubernetes_executor' retrieved from /home/airflow/.local/lib/python3.11/site-packages/airflow/example_dags/example_local_kubernetes_executor.py
[2024-02-29T05:36:22.692+0000] {logging_mixin.py:188} INFO - [2024-02-29T05:36:22.691+0000] {dag.py:3047} INFO - Sync 1 DAGs
[2024-02-29T05:36:22.702+0000] {logging_mixin.py:188} INFO - [2024-02-29T05:36:22.702+0000] {dag.py:3834} INFO - Setting next_dagrun for example_local_kubernetes_executor to None, run_after=None
[2024-02-29T05:36:22.720+0000] {processor.py:183} INFO - Processing /home/airflow/.local/lib/python3.11/site-packages/airflow/example_dags/example_local_kubernetes_executor.py took 0.075 seconds
[2024-02-29T05:36:53.737+0000] {processor.py:161} INFO - Started process (PID=622) to work on /home/airflow/.local/lib/python3.11/site-packages/airflow/example_dags/example_local_kubernetes_executor.py
[2024-02-29T05:36:53.738+0000] {processor.py:830} INFO - Processing file /home/airflow/.local/lib/python3.11/site-packages/airflow/example_dags/example_local_kubernetes_executor.py for tasks to queue
[2024-02-29T05:36:53.740+0000] {logging_mixin.py:188} INFO - [2024-02-29T05:36:53.739+0000] {dagbag.py:540} INFO - Filling up the DagBag from /home/airflow/.local/lib/python3.11/site-packages/airflow/example_dags/example_local_kubernetes_executor.py
[2024-02-29T05:36:53.747+0000] {processor.py:840} INFO - DAG(s) 'example_local_kubernetes_executor' retrieved from /home/airflow/.local/lib/python3.11/site-packages/airflow/example_dags/example_local_kubernetes_executor.py
[2024-02-29T05:36:53.791+0000] {logging_mixin.py:188} INFO - [2024-02-29T05:36:53.791+0000] {dag.py:3047} INFO - Sync 1 DAGs
[2024-02-29T05:36:53.805+0000] {logging_mixin.py:188} INFO - [2024-02-29T05:36:53.805+0000] {dag.py:3834} INFO - Setting next_dagrun for example_local_kubernetes_executor to None, run_after=None
[2024-02-29T05:36:53.826+0000] {processor.py:183} INFO - Processing /home/airflow/.local/lib/python3.11/site-packages/airflow/example_dags/example_local_kubernetes_executor.py took 0.093 seconds
[2024-02-29T05:37:24.491+0000] {processor.py:161} INFO - Started process (PID=678) to work on /home/airflow/.local/lib/python3.11/site-packages/airflow/example_dags/example_local_kubernetes_executor.py
[2024-02-29T05:37:24.493+0000] {processor.py:830} INFO - Processing file /home/airflow/.local/lib/python3.11/site-packages/airflow/example_dags/example_local_kubernetes_executor.py for tasks to queue
[2024-02-29T05:37:24.501+0000] {logging_mixin.py:188} INFO - [2024-02-29T05:37:24.494+0000] {dagbag.py:540} INFO - Filling up the DagBag from /home/airflow/.local/lib/python3.11/site-packages/airflow/example_dags/example_local_kubernetes_executor.py
[2024-02-29T05:37:24.525+0000] {processor.py:840} INFO - DAG(s) 'example_local_kubernetes_executor' retrieved from /home/airflow/.local/lib/python3.11/site-packages/airflow/example_dags/example_local_kubernetes_executor.py
[2024-02-29T05:37:24.633+0000] {logging_mixin.py:188} INFO - [2024-02-29T05:37:24.633+0000] {dag.py:3047} INFO - Sync 1 DAGs
[2024-02-29T05:37:24.658+0000] {logging_mixin.py:188} INFO - [2024-02-29T05:37:24.658+0000] {dag.py:3834} INFO - Setting next_dagrun for example_local_kubernetes_executor to None, run_after=None
[2024-02-29T05:37:24.693+0000] {processor.py:183} INFO - Processing /home/airflow/.local/lib/python3.11/site-packages/airflow/example_dags/example_local_kubernetes_executor.py took 0.210 seconds
[2024-02-29T05:37:55.131+0000] {processor.py:161} INFO - Started process (PID=735) to work on /home/airflow/.local/lib/python3.11/site-packages/airflow/example_dags/example_local_kubernetes_executor.py
[2024-02-29T05:37:55.132+0000] {processor.py:830} INFO - Processing file /home/airflow/.local/lib/python3.11/site-packages/airflow/example_dags/example_local_kubernetes_executor.py for tasks to queue
[2024-02-29T05:37:55.134+0000] {logging_mixin.py:188} INFO - [2024-02-29T05:37:55.133+0000] {dagbag.py:540} INFO - Filling up the DagBag from /home/airflow/.local/lib/python3.11/site-packages/airflow/example_dags/example_local_kubernetes_executor.py
[2024-02-29T05:37:55.141+0000] {processor.py:840} INFO - DAG(s) 'example_local_kubernetes_executor' retrieved from /home/airflow/.local/lib/python3.11/site-packages/airflow/example_dags/example_local_kubernetes_executor.py
[2024-02-29T05:37:55.182+0000] {logging_mixin.py:188} INFO - [2024-02-29T05:37:55.182+0000] {dag.py:3047} INFO - Sync 1 DAGs
[2024-02-29T05:37:55.194+0000] {logging_mixin.py:188} INFO - [2024-02-29T05:37:55.194+0000] {dag.py:3834} INFO - Setting next_dagrun for example_local_kubernetes_executor to None, run_after=None
[2024-02-29T05:37:55.217+0000] {processor.py:183} INFO - Processing /home/airflow/.local/lib/python3.11/site-packages/airflow/example_dags/example_local_kubernetes_executor.py took 0.090 seconds
[2024-02-29T05:38:25.413+0000] {processor.py:161} INFO - Started process (PID=792) to work on /home/airflow/.local/lib/python3.11/site-packages/airflow/example_dags/example_local_kubernetes_executor.py
[2024-02-29T05:38:25.414+0000] {processor.py:830} INFO - Processing file /home/airflow/.local/lib/python3.11/site-packages/airflow/example_dags/example_local_kubernetes_executor.py for tasks to queue
[2024-02-29T05:38:25.417+0000] {logging_mixin.py:188} INFO - [2024-02-29T05:38:25.417+0000] {dagbag.py:540} INFO - Filling up the DagBag from /home/airflow/.local/lib/python3.11/site-packages/airflow/example_dags/example_local_kubernetes_executor.py
[2024-02-29T05:38:25.424+0000] {processor.py:840} INFO - DAG(s) 'example_local_kubernetes_executor' retrieved from /home/airflow/.local/lib/python3.11/site-packages/airflow/example_dags/example_local_kubernetes_executor.py
[2024-02-29T05:38:25.462+0000] {logging_mixin.py:188} INFO - [2024-02-29T05:38:25.462+0000] {dag.py:3047} INFO - Sync 1 DAGs
[2024-02-29T05:38:25.476+0000] {logging_mixin.py:188} INFO - [2024-02-29T05:38:25.476+0000] {dag.py:3834} INFO - Setting next_dagrun for example_local_kubernetes_executor to None, run_after=None
[2024-02-29T05:38:25.499+0000] {processor.py:183} INFO - Processing /home/airflow/.local/lib/python3.11/site-packages/airflow/example_dags/example_local_kubernetes_executor.py took 0.089 seconds
[2024-02-29T05:38:55.756+0000] {processor.py:161} INFO - Started process (PID=849) to work on /home/airflow/.local/lib/python3.11/site-packages/airflow/example_dags/example_local_kubernetes_executor.py
[2024-02-29T05:38:55.757+0000] {processor.py:830} INFO - Processing file /home/airflow/.local/lib/python3.11/site-packages/airflow/example_dags/example_local_kubernetes_executor.py for tasks to queue
[2024-02-29T05:38:55.759+0000] {logging_mixin.py:188} INFO - [2024-02-29T05:38:55.758+0000] {dagbag.py:540} INFO - Filling up the DagBag from /home/airflow/.local/lib/python3.11/site-packages/airflow/example_dags/example_local_kubernetes_executor.py
[2024-02-29T05:38:55.766+0000] {processor.py:840} INFO - DAG(s) 'example_local_kubernetes_executor' retrieved from /home/airflow/.local/lib/python3.11/site-packages/airflow/example_dags/example_local_kubernetes_executor.py
[2024-02-29T05:38:55.801+0000] {logging_mixin.py:188} INFO - [2024-02-29T05:38:55.801+0000] {dag.py:3047} INFO - Sync 1 DAGs
[2024-02-29T05:38:55.814+0000] {logging_mixin.py:188} INFO - [2024-02-29T05:38:55.814+0000] {dag.py:3834} INFO - Setting next_dagrun for example_local_kubernetes_executor to None, run_after=None
[2024-02-29T05:38:55.837+0000] {processor.py:183} INFO - Processing /home/airflow/.local/lib/python3.11/site-packages/airflow/example_dags/example_local_kubernetes_executor.py took 0.084 seconds
[2024-02-29T05:39:26.215+0000] {processor.py:161} INFO - Started process (PID=906) to work on /home/airflow/.local/lib/python3.11/site-packages/airflow/example_dags/example_local_kubernetes_executor.py
[2024-02-29T05:39:26.216+0000] {processor.py:830} INFO - Processing file /home/airflow/.local/lib/python3.11/site-packages/airflow/example_dags/example_local_kubernetes_executor.py for tasks to queue
[2024-02-29T05:39:26.218+0000] {logging_mixin.py:188} INFO - [2024-02-29T05:39:26.218+0000] {dagbag.py:540} INFO - Filling up the DagBag from /home/airflow/.local/lib/python3.11/site-packages/airflow/example_dags/example_local_kubernetes_executor.py
[2024-02-29T05:39:26.225+0000] {processor.py:840} INFO - DAG(s) 'example_local_kubernetes_executor' retrieved from /home/airflow/.local/lib/python3.11/site-packages/airflow/example_dags/example_local_kubernetes_executor.py
[2024-02-29T05:39:26.267+0000] {logging_mixin.py:188} INFO - [2024-02-29T05:39:26.267+0000] {dag.py:3047} INFO - Sync 1 DAGs
[2024-02-29T05:39:26.280+0000] {logging_mixin.py:188} INFO - [2024-02-29T05:39:26.280+0000] {dag.py:3834} INFO - Setting next_dagrun for example_local_kubernetes_executor to None, run_after=None
[2024-02-29T05:39:26.305+0000] {processor.py:183} INFO - Processing /home/airflow/.local/lib/python3.11/site-packages/airflow/example_dags/example_local_kubernetes_executor.py took 0.094 seconds
[2024-02-29T05:39:56.402+0000] {processor.py:161} INFO - Started process (PID=963) to work on /home/airflow/.local/lib/python3.11/site-packages/airflow/example_dags/example_local_kubernetes_executor.py
[2024-02-29T05:39:56.403+0000] {processor.py:830} INFO - Processing file /home/airflow/.local/lib/python3.11/site-packages/airflow/example_dags/example_local_kubernetes_executor.py for tasks to queue
[2024-02-29T05:39:56.405+0000] {logging_mixin.py:188} INFO - [2024-02-29T05:39:56.404+0000] {dagbag.py:540} INFO - Filling up the DagBag from /home/airflow/.local/lib/python3.11/site-packages/airflow/example_dags/example_local_kubernetes_executor.py
[2024-02-29T05:39:56.431+0000] {processor.py:840} INFO - DAG(s) 'example_local_kubernetes_executor' retrieved from /home/airflow/.local/lib/python3.11/site-packages/airflow/example_dags/example_local_kubernetes_executor.py
[2024-02-29T05:39:56.543+0000] {logging_mixin.py:188} INFO - [2024-02-29T05:39:56.543+0000] {dag.py:3047} INFO - Sync 1 DAGs
[2024-02-29T05:39:56.604+0000] {logging_mixin.py:188} INFO - [2024-02-29T05:39:56.604+0000] {dag.py:3834} INFO - Setting next_dagrun for example_local_kubernetes_executor to None, run_after=None
[2024-02-29T05:39:56.635+0000] {processor.py:183} INFO - Processing /home/airflow/.local/lib/python3.11/site-packages/airflow/example_dags/example_local_kubernetes_executor.py took 0.238 seconds
