[2024-02-29T05:32:06.428+0000] {processor.py:161} INFO - Started process (PID=58) to work on /home/airflow/.local/lib/python3.11/site-packages/airflow/example_dags/example_xcomargs.py
[2024-02-29T05:32:06.430+0000] {processor.py:830} INFO - Processing file /home/airflow/.local/lib/python3.11/site-packages/airflow/example_dags/example_xcomargs.py for tasks to queue
[2024-02-29T05:32:06.451+0000] {logging_mixin.py:188} INFO - [2024-02-29T05:32:06.451+0000] {dagbag.py:540} INFO - Filling up the DagBag from /home/airflow/.local/lib/python3.11/site-packages/airflow/example_dags/example_xcomargs.py
[2024-02-29T05:32:06.534+0000] {processor.py:840} INFO - DAG(s) 'example_xcom_args', 'example_xcom_args_with_operators' retrieved from /home/airflow/.local/lib/python3.11/site-packages/airflow/example_dags/example_xcomargs.py
[2024-02-29T05:32:07.569+0000] {logging_mixin.py:188} INFO - [2024-02-29T05:32:07.569+0000] {dag.py:3047} INFO - Sync 2 DAGs
[2024-02-29T05:32:07.723+0000] {logging_mixin.py:188} INFO - [2024-02-29T05:32:07.722+0000] {dag.py:3834} INFO - Setting next_dagrun for example_xcom_args to None, run_after=None
[2024-02-29T05:32:07.757+0000] {logging_mixin.py:188} INFO - [2024-02-29T05:32:07.757+0000] {dag.py:3834} INFO - Setting next_dagrun for example_xcom_args_with_operators to None, run_after=None
[2024-02-29T05:32:07.981+0000] {processor.py:183} INFO - Processing /home/airflow/.local/lib/python3.11/site-packages/airflow/example_dags/example_xcomargs.py took 1.592 seconds
[2024-02-29T05:32:38.234+0000] {processor.py:161} INFO - Started process (PID=114) to work on /home/airflow/.local/lib/python3.11/site-packages/airflow/example_dags/example_xcomargs.py
[2024-02-29T05:32:38.239+0000] {processor.py:830} INFO - Processing file /home/airflow/.local/lib/python3.11/site-packages/airflow/example_dags/example_xcomargs.py for tasks to queue
[2024-02-29T05:32:38.243+0000] {logging_mixin.py:188} INFO - [2024-02-29T05:32:38.240+0000] {dagbag.py:540} INFO - Filling up the DagBag from /home/airflow/.local/lib/python3.11/site-packages/airflow/example_dags/example_xcomargs.py
[2024-02-29T05:32:38.268+0000] {processor.py:840} INFO - DAG(s) 'example_xcom_args_with_operators', 'example_xcom_args' retrieved from /home/airflow/.local/lib/python3.11/site-packages/airflow/example_dags/example_xcomargs.py
[2024-02-29T05:32:38.317+0000] {logging_mixin.py:188} INFO - [2024-02-29T05:32:38.317+0000] {dag.py:3047} INFO - Sync 2 DAGs
[2024-02-29T05:32:38.340+0000] {logging_mixin.py:188} INFO - [2024-02-29T05:32:38.340+0000] {dag.py:3834} INFO - Setting next_dagrun for example_xcom_args to None, run_after=None
[2024-02-29T05:32:38.354+0000] {logging_mixin.py:188} INFO - [2024-02-29T05:32:38.353+0000] {dag.py:3834} INFO - Setting next_dagrun for example_xcom_args_with_operators to None, run_after=None
[2024-02-29T05:32:38.411+0000] {processor.py:183} INFO - Processing /home/airflow/.local/lib/python3.11/site-packages/airflow/example_dags/example_xcomargs.py took 0.197 seconds
[2024-02-29T05:33:08.909+0000] {processor.py:161} INFO - Started process (PID=172) to work on /home/airflow/.local/lib/python3.11/site-packages/airflow/example_dags/example_xcomargs.py
[2024-02-29T05:33:08.911+0000] {processor.py:830} INFO - Processing file /home/airflow/.local/lib/python3.11/site-packages/airflow/example_dags/example_xcomargs.py for tasks to queue
[2024-02-29T05:33:08.913+0000] {logging_mixin.py:188} INFO - [2024-02-29T05:33:08.912+0000] {dagbag.py:540} INFO - Filling up the DagBag from /home/airflow/.local/lib/python3.11/site-packages/airflow/example_dags/example_xcomargs.py
[2024-02-29T05:33:08.923+0000] {processor.py:840} INFO - DAG(s) 'example_xcom_args', 'example_xcom_args_with_operators' retrieved from /home/airflow/.local/lib/python3.11/site-packages/airflow/example_dags/example_xcomargs.py
[2024-02-29T05:33:08.949+0000] {logging_mixin.py:188} INFO - [2024-02-29T05:33:08.949+0000] {dag.py:3047} INFO - Sync 2 DAGs
[2024-02-29T05:33:08.963+0000] {logging_mixin.py:188} INFO - [2024-02-29T05:33:08.962+0000] {dag.py:3834} INFO - Setting next_dagrun for example_xcom_args to None, run_after=None
[2024-02-29T05:33:08.967+0000] {logging_mixin.py:188} INFO - [2024-02-29T05:33:08.967+0000] {dag.py:3834} INFO - Setting next_dagrun for example_xcom_args_with_operators to None, run_after=None
[2024-02-29T05:33:09.007+0000] {processor.py:183} INFO - Processing /home/airflow/.local/lib/python3.11/site-packages/airflow/example_dags/example_xcomargs.py took 0.100 seconds
[2024-02-29T05:33:39.203+0000] {processor.py:161} INFO - Started process (PID=236) to work on /home/airflow/.local/lib/python3.11/site-packages/airflow/example_dags/example_xcomargs.py
[2024-02-29T05:33:39.204+0000] {processor.py:830} INFO - Processing file /home/airflow/.local/lib/python3.11/site-packages/airflow/example_dags/example_xcomargs.py for tasks to queue
[2024-02-29T05:33:39.206+0000] {logging_mixin.py:188} INFO - [2024-02-29T05:33:39.205+0000] {dagbag.py:540} INFO - Filling up the DagBag from /home/airflow/.local/lib/python3.11/site-packages/airflow/example_dags/example_xcomargs.py
[2024-02-29T05:33:39.215+0000] {processor.py:840} INFO - DAG(s) 'example_xcom_args', 'example_xcom_args_with_operators' retrieved from /home/airflow/.local/lib/python3.11/site-packages/airflow/example_dags/example_xcomargs.py
[2024-02-29T05:33:39.241+0000] {logging_mixin.py:188} INFO - [2024-02-29T05:33:39.240+0000] {dag.py:3047} INFO - Sync 2 DAGs
[2024-02-29T05:33:39.254+0000] {logging_mixin.py:188} INFO - [2024-02-29T05:33:39.254+0000] {dag.py:3834} INFO - Setting next_dagrun for example_xcom_args to None, run_after=None
[2024-02-29T05:33:39.258+0000] {logging_mixin.py:188} INFO - [2024-02-29T05:33:39.258+0000] {dag.py:3834} INFO - Setting next_dagrun for example_xcom_args_with_operators to None, run_after=None
[2024-02-29T05:33:39.282+0000] {processor.py:183} INFO - Processing /home/airflow/.local/lib/python3.11/site-packages/airflow/example_dags/example_xcomargs.py took 0.082 seconds
[2024-02-29T05:34:09.752+0000] {processor.py:161} INFO - Started process (PID=298) to work on /home/airflow/.local/lib/python3.11/site-packages/airflow/example_dags/example_xcomargs.py
[2024-02-29T05:34:09.754+0000] {processor.py:830} INFO - Processing file /home/airflow/.local/lib/python3.11/site-packages/airflow/example_dags/example_xcomargs.py for tasks to queue
[2024-02-29T05:34:09.755+0000] {logging_mixin.py:188} INFO - [2024-02-29T05:34:09.755+0000] {dagbag.py:540} INFO - Filling up the DagBag from /home/airflow/.local/lib/python3.11/site-packages/airflow/example_dags/example_xcomargs.py
[2024-02-29T05:34:09.774+0000] {processor.py:840} INFO - DAG(s) 'example_xcom_args_with_operators', 'example_xcom_args' retrieved from /home/airflow/.local/lib/python3.11/site-packages/airflow/example_dags/example_xcomargs.py
[2024-02-29T05:34:09.813+0000] {logging_mixin.py:188} INFO - [2024-02-29T05:34:09.813+0000] {dag.py:3047} INFO - Sync 2 DAGs
[2024-02-29T05:34:09.828+0000] {logging_mixin.py:188} INFO - [2024-02-29T05:34:09.827+0000] {dag.py:3834} INFO - Setting next_dagrun for example_xcom_args to None, run_after=None
[2024-02-29T05:34:09.833+0000] {logging_mixin.py:188} INFO - [2024-02-29T05:34:09.833+0000] {dag.py:3834} INFO - Setting next_dagrun for example_xcom_args_with_operators to None, run_after=None
[2024-02-29T05:34:09.854+0000] {processor.py:183} INFO - Processing /home/airflow/.local/lib/python3.11/site-packages/airflow/example_dags/example_xcomargs.py took 0.105 seconds
[2024-02-29T05:34:40.760+0000] {processor.py:161} INFO - Started process (PID=361) to work on /home/airflow/.local/lib/python3.11/site-packages/airflow/example_dags/example_xcomargs.py
[2024-02-29T05:34:40.761+0000] {processor.py:830} INFO - Processing file /home/airflow/.local/lib/python3.11/site-packages/airflow/example_dags/example_xcomargs.py for tasks to queue
[2024-02-29T05:34:40.763+0000] {logging_mixin.py:188} INFO - [2024-02-29T05:34:40.763+0000] {dagbag.py:540} INFO - Filling up the DagBag from /home/airflow/.local/lib/python3.11/site-packages/airflow/example_dags/example_xcomargs.py
[2024-02-29T05:34:40.772+0000] {processor.py:840} INFO - DAG(s) 'example_xcom_args_with_operators', 'example_xcom_args' retrieved from /home/airflow/.local/lib/python3.11/site-packages/airflow/example_dags/example_xcomargs.py
[2024-02-29T05:34:40.797+0000] {logging_mixin.py:188} INFO - [2024-02-29T05:34:40.797+0000] {dag.py:3047} INFO - Sync 2 DAGs
[2024-02-29T05:34:40.811+0000] {logging_mixin.py:188} INFO - [2024-02-29T05:34:40.811+0000] {dag.py:3834} INFO - Setting next_dagrun for example_xcom_args to None, run_after=None
[2024-02-29T05:34:40.815+0000] {logging_mixin.py:188} INFO - [2024-02-29T05:34:40.815+0000] {dag.py:3834} INFO - Setting next_dagrun for example_xcom_args_with_operators to None, run_after=None
[2024-02-29T05:34:40.837+0000] {processor.py:183} INFO - Processing /home/airflow/.local/lib/python3.11/site-packages/airflow/example_dags/example_xcomargs.py took 0.079 seconds
[2024-02-29T05:35:11.199+0000] {processor.py:161} INFO - Started process (PID=423) to work on /home/airflow/.local/lib/python3.11/site-packages/airflow/example_dags/example_xcomargs.py
[2024-02-29T05:35:11.209+0000] {processor.py:830} INFO - Processing file /home/airflow/.local/lib/python3.11/site-packages/airflow/example_dags/example_xcomargs.py for tasks to queue
[2024-02-29T05:35:11.210+0000] {logging_mixin.py:188} INFO - [2024-02-29T05:35:11.210+0000] {dagbag.py:540} INFO - Filling up the DagBag from /home/airflow/.local/lib/python3.11/site-packages/airflow/example_dags/example_xcomargs.py
[2024-02-29T05:35:11.241+0000] {processor.py:840} INFO - DAG(s) 'example_xcom_args_with_operators', 'example_xcom_args' retrieved from /home/airflow/.local/lib/python3.11/site-packages/airflow/example_dags/example_xcomargs.py
[2024-02-29T05:35:11.377+0000] {logging_mixin.py:188} INFO - [2024-02-29T05:35:11.375+0000] {dag.py:3047} INFO - Sync 2 DAGs
[2024-02-29T05:35:11.447+0000] {logging_mixin.py:188} INFO - [2024-02-29T05:35:11.446+0000] {dag.py:3834} INFO - Setting next_dagrun for example_xcom_args to None, run_after=None
[2024-02-29T05:35:11.481+0000] {logging_mixin.py:188} INFO - [2024-02-29T05:35:11.481+0000] {dag.py:3834} INFO - Setting next_dagrun for example_xcom_args_with_operators to None, run_after=None
[2024-02-29T05:35:11.539+0000] {processor.py:183} INFO - Processing /home/airflow/.local/lib/python3.11/site-packages/airflow/example_dags/example_xcomargs.py took 0.343 seconds
[2024-02-29T05:35:41.707+0000] {processor.py:161} INFO - Started process (PID=487) to work on /home/airflow/.local/lib/python3.11/site-packages/airflow/example_dags/example_xcomargs.py
[2024-02-29T05:35:41.708+0000] {processor.py:830} INFO - Processing file /home/airflow/.local/lib/python3.11/site-packages/airflow/example_dags/example_xcomargs.py for tasks to queue
[2024-02-29T05:35:41.710+0000] {logging_mixin.py:188} INFO - [2024-02-29T05:35:41.709+0000] {dagbag.py:540} INFO - Filling up the DagBag from /home/airflow/.local/lib/python3.11/site-packages/airflow/example_dags/example_xcomargs.py
[2024-02-29T05:35:41.717+0000] {processor.py:840} INFO - DAG(s) 'example_xcom_args', 'example_xcom_args_with_operators' retrieved from /home/airflow/.local/lib/python3.11/site-packages/airflow/example_dags/example_xcomargs.py
[2024-02-29T05:35:41.742+0000] {logging_mixin.py:188} INFO - [2024-02-29T05:35:41.742+0000] {dag.py:3047} INFO - Sync 2 DAGs
[2024-02-29T05:35:41.756+0000] {logging_mixin.py:188} INFO - [2024-02-29T05:35:41.756+0000] {dag.py:3834} INFO - Setting next_dagrun for example_xcom_args to None, run_after=None
[2024-02-29T05:35:41.760+0000] {logging_mixin.py:188} INFO - [2024-02-29T05:35:41.760+0000] {dag.py:3834} INFO - Setting next_dagrun for example_xcom_args_with_operators to None, run_after=None
[2024-02-29T05:35:41.788+0000] {processor.py:183} INFO - Processing /home/airflow/.local/lib/python3.11/site-packages/airflow/example_dags/example_xcomargs.py took 0.084 seconds
[2024-02-29T05:36:12.311+0000] {processor.py:161} INFO - Started process (PID=548) to work on /home/airflow/.local/lib/python3.11/site-packages/airflow/example_dags/example_xcomargs.py
[2024-02-29T05:36:12.314+0000] {processor.py:830} INFO - Processing file /home/airflow/.local/lib/python3.11/site-packages/airflow/example_dags/example_xcomargs.py for tasks to queue
[2024-02-29T05:36:12.317+0000] {logging_mixin.py:188} INFO - [2024-02-29T05:36:12.317+0000] {dagbag.py:540} INFO - Filling up the DagBag from /home/airflow/.local/lib/python3.11/site-packages/airflow/example_dags/example_xcomargs.py
[2024-02-29T05:36:12.327+0000] {processor.py:840} INFO - DAG(s) 'example_xcom_args_with_operators', 'example_xcom_args' retrieved from /home/airflow/.local/lib/python3.11/site-packages/airflow/example_dags/example_xcomargs.py
[2024-02-29T05:36:12.407+0000] {logging_mixin.py:188} INFO - [2024-02-29T05:36:12.407+0000] {dag.py:3047} INFO - Sync 2 DAGs
[2024-02-29T05:36:12.429+0000] {logging_mixin.py:188} INFO - [2024-02-29T05:36:12.429+0000] {dag.py:3834} INFO - Setting next_dagrun for example_xcom_args to None, run_after=None
[2024-02-29T05:36:12.434+0000] {logging_mixin.py:188} INFO - [2024-02-29T05:36:12.434+0000] {dag.py:3834} INFO - Setting next_dagrun for example_xcom_args_with_operators to None, run_after=None
[2024-02-29T05:36:12.455+0000] {processor.py:183} INFO - Processing /home/airflow/.local/lib/python3.11/site-packages/airflow/example_dags/example_xcomargs.py took 0.147 seconds
[2024-02-29T05:36:42.497+0000] {processor.py:161} INFO - Started process (PID=607) to work on /home/airflow/.local/lib/python3.11/site-packages/airflow/example_dags/example_xcomargs.py
[2024-02-29T05:36:42.498+0000] {processor.py:830} INFO - Processing file /home/airflow/.local/lib/python3.11/site-packages/airflow/example_dags/example_xcomargs.py for tasks to queue
[2024-02-29T05:36:42.500+0000] {logging_mixin.py:188} INFO - [2024-02-29T05:36:42.499+0000] {dagbag.py:540} INFO - Filling up the DagBag from /home/airflow/.local/lib/python3.11/site-packages/airflow/example_dags/example_xcomargs.py
[2024-02-29T05:36:42.506+0000] {processor.py:840} INFO - DAG(s) 'example_xcom_args_with_operators', 'example_xcom_args' retrieved from /home/airflow/.local/lib/python3.11/site-packages/airflow/example_dags/example_xcomargs.py
[2024-02-29T05:36:42.523+0000] {logging_mixin.py:188} INFO - [2024-02-29T05:36:42.523+0000] {dag.py:3047} INFO - Sync 2 DAGs
[2024-02-29T05:36:42.534+0000] {logging_mixin.py:188} INFO - [2024-02-29T05:36:42.534+0000] {dag.py:3834} INFO - Setting next_dagrun for example_xcom_args to None, run_after=None
[2024-02-29T05:36:42.537+0000] {logging_mixin.py:188} INFO - [2024-02-29T05:36:42.537+0000] {dag.py:3834} INFO - Setting next_dagrun for example_xcom_args_with_operators to None, run_after=None
[2024-02-29T05:36:42.554+0000] {processor.py:183} INFO - Processing /home/airflow/.local/lib/python3.11/site-packages/airflow/example_dags/example_xcomargs.py took 0.060 seconds
[2024-02-29T05:37:12.639+0000] {processor.py:161} INFO - Started process (PID=664) to work on /home/airflow/.local/lib/python3.11/site-packages/airflow/example_dags/example_xcomargs.py
[2024-02-29T05:37:12.640+0000] {processor.py:830} INFO - Processing file /home/airflow/.local/lib/python3.11/site-packages/airflow/example_dags/example_xcomargs.py for tasks to queue
[2024-02-29T05:37:12.641+0000] {logging_mixin.py:188} INFO - [2024-02-29T05:37:12.641+0000] {dagbag.py:540} INFO - Filling up the DagBag from /home/airflow/.local/lib/python3.11/site-packages/airflow/example_dags/example_xcomargs.py
[2024-02-29T05:37:12.650+0000] {processor.py:840} INFO - DAG(s) 'example_xcom_args', 'example_xcom_args_with_operators' retrieved from /home/airflow/.local/lib/python3.11/site-packages/airflow/example_dags/example_xcomargs.py
[2024-02-29T05:37:12.673+0000] {logging_mixin.py:188} INFO - [2024-02-29T05:37:12.672+0000] {dag.py:3047} INFO - Sync 2 DAGs
[2024-02-29T05:37:12.685+0000] {logging_mixin.py:188} INFO - [2024-02-29T05:37:12.685+0000] {dag.py:3834} INFO - Setting next_dagrun for example_xcom_args to None, run_after=None
[2024-02-29T05:37:12.689+0000] {logging_mixin.py:188} INFO - [2024-02-29T05:37:12.689+0000] {dag.py:3834} INFO - Setting next_dagrun for example_xcom_args_with_operators to None, run_after=None
[2024-02-29T05:37:12.710+0000] {processor.py:183} INFO - Processing /home/airflow/.local/lib/python3.11/site-packages/airflow/example_dags/example_xcomargs.py took 0.074 seconds
[2024-02-29T05:37:43.461+0000] {processor.py:161} INFO - Started process (PID=721) to work on /home/airflow/.local/lib/python3.11/site-packages/airflow/example_dags/example_xcomargs.py
[2024-02-29T05:37:43.462+0000] {processor.py:830} INFO - Processing file /home/airflow/.local/lib/python3.11/site-packages/airflow/example_dags/example_xcomargs.py for tasks to queue
[2024-02-29T05:37:43.464+0000] {logging_mixin.py:188} INFO - [2024-02-29T05:37:43.464+0000] {dagbag.py:540} INFO - Filling up the DagBag from /home/airflow/.local/lib/python3.11/site-packages/airflow/example_dags/example_xcomargs.py
[2024-02-29T05:37:43.473+0000] {processor.py:840} INFO - DAG(s) 'example_xcom_args', 'example_xcom_args_with_operators' retrieved from /home/airflow/.local/lib/python3.11/site-packages/airflow/example_dags/example_xcomargs.py
[2024-02-29T05:37:43.498+0000] {logging_mixin.py:188} INFO - [2024-02-29T05:37:43.498+0000] {dag.py:3047} INFO - Sync 2 DAGs
[2024-02-29T05:37:43.513+0000] {logging_mixin.py:188} INFO - [2024-02-29T05:37:43.513+0000] {dag.py:3834} INFO - Setting next_dagrun for example_xcom_args to None, run_after=None
[2024-02-29T05:37:43.517+0000] {logging_mixin.py:188} INFO - [2024-02-29T05:37:43.517+0000] {dag.py:3834} INFO - Setting next_dagrun for example_xcom_args_with_operators to None, run_after=None
[2024-02-29T05:37:43.538+0000] {processor.py:183} INFO - Processing /home/airflow/.local/lib/python3.11/site-packages/airflow/example_dags/example_xcomargs.py took 0.083 seconds
[2024-02-29T05:38:13.712+0000] {processor.py:161} INFO - Started process (PID=778) to work on /home/airflow/.local/lib/python3.11/site-packages/airflow/example_dags/example_xcomargs.py
[2024-02-29T05:38:13.713+0000] {processor.py:830} INFO - Processing file /home/airflow/.local/lib/python3.11/site-packages/airflow/example_dags/example_xcomargs.py for tasks to queue
[2024-02-29T05:38:13.715+0000] {logging_mixin.py:188} INFO - [2024-02-29T05:38:13.715+0000] {dagbag.py:540} INFO - Filling up the DagBag from /home/airflow/.local/lib/python3.11/site-packages/airflow/example_dags/example_xcomargs.py
[2024-02-29T05:38:13.724+0000] {processor.py:840} INFO - DAG(s) 'example_xcom_args_with_operators', 'example_xcom_args' retrieved from /home/airflow/.local/lib/python3.11/site-packages/airflow/example_dags/example_xcomargs.py
[2024-02-29T05:38:13.766+0000] {logging_mixin.py:188} INFO - [2024-02-29T05:38:13.765+0000] {dag.py:3047} INFO - Sync 2 DAGs
[2024-02-29T05:38:13.798+0000] {logging_mixin.py:188} INFO - [2024-02-29T05:38:13.798+0000] {dag.py:3834} INFO - Setting next_dagrun for example_xcom_args to None, run_after=None
[2024-02-29T05:38:13.802+0000] {logging_mixin.py:188} INFO - [2024-02-29T05:38:13.802+0000] {dag.py:3834} INFO - Setting next_dagrun for example_xcom_args_with_operators to None, run_after=None
[2024-02-29T05:38:13.830+0000] {processor.py:183} INFO - Processing /home/airflow/.local/lib/python3.11/site-packages/airflow/example_dags/example_xcomargs.py took 0.121 seconds
[2024-02-29T05:38:44.036+0000] {processor.py:161} INFO - Started process (PID=834) to work on /home/airflow/.local/lib/python3.11/site-packages/airflow/example_dags/example_xcomargs.py
[2024-02-29T05:38:44.037+0000] {processor.py:830} INFO - Processing file /home/airflow/.local/lib/python3.11/site-packages/airflow/example_dags/example_xcomargs.py for tasks to queue
[2024-02-29T05:38:44.039+0000] {logging_mixin.py:188} INFO - [2024-02-29T05:38:44.039+0000] {dagbag.py:540} INFO - Filling up the DagBag from /home/airflow/.local/lib/python3.11/site-packages/airflow/example_dags/example_xcomargs.py
[2024-02-29T05:38:44.047+0000] {processor.py:840} INFO - DAG(s) 'example_xcom_args_with_operators', 'example_xcom_args' retrieved from /home/airflow/.local/lib/python3.11/site-packages/airflow/example_dags/example_xcomargs.py
[2024-02-29T05:38:44.071+0000] {logging_mixin.py:188} INFO - [2024-02-29T05:38:44.071+0000] {dag.py:3047} INFO - Sync 2 DAGs
[2024-02-29T05:38:44.085+0000] {logging_mixin.py:188} INFO - [2024-02-29T05:38:44.085+0000] {dag.py:3834} INFO - Setting next_dagrun for example_xcom_args to None, run_after=None
[2024-02-29T05:38:44.089+0000] {logging_mixin.py:188} INFO - [2024-02-29T05:38:44.089+0000] {dag.py:3834} INFO - Setting next_dagrun for example_xcom_args_with_operators to None, run_after=None
[2024-02-29T05:38:44.111+0000] {processor.py:183} INFO - Processing /home/airflow/.local/lib/python3.11/site-packages/airflow/example_dags/example_xcomargs.py took 0.077 seconds
[2024-02-29T05:39:14.266+0000] {processor.py:161} INFO - Started process (PID=890) to work on /home/airflow/.local/lib/python3.11/site-packages/airflow/example_dags/example_xcomargs.py
[2024-02-29T05:39:14.267+0000] {processor.py:830} INFO - Processing file /home/airflow/.local/lib/python3.11/site-packages/airflow/example_dags/example_xcomargs.py for tasks to queue
[2024-02-29T05:39:14.269+0000] {logging_mixin.py:188} INFO - [2024-02-29T05:39:14.269+0000] {dagbag.py:540} INFO - Filling up the DagBag from /home/airflow/.local/lib/python3.11/site-packages/airflow/example_dags/example_xcomargs.py
[2024-02-29T05:39:14.278+0000] {processor.py:840} INFO - DAG(s) 'example_xcom_args_with_operators', 'example_xcom_args' retrieved from /home/airflow/.local/lib/python3.11/site-packages/airflow/example_dags/example_xcomargs.py
[2024-02-29T05:39:14.307+0000] {logging_mixin.py:188} INFO - [2024-02-29T05:39:14.306+0000] {dag.py:3047} INFO - Sync 2 DAGs
[2024-02-29T05:39:14.322+0000] {logging_mixin.py:188} INFO - [2024-02-29T05:39:14.321+0000] {dag.py:3834} INFO - Setting next_dagrun for example_xcom_args to None, run_after=None
[2024-02-29T05:39:14.326+0000] {logging_mixin.py:188} INFO - [2024-02-29T05:39:14.325+0000] {dag.py:3834} INFO - Setting next_dagrun for example_xcom_args_with_operators to None, run_after=None
[2024-02-29T05:39:14.346+0000] {processor.py:183} INFO - Processing /home/airflow/.local/lib/python3.11/site-packages/airflow/example_dags/example_xcomargs.py took 0.082 seconds
[2024-02-29T05:39:44.529+0000] {processor.py:161} INFO - Started process (PID=949) to work on /home/airflow/.local/lib/python3.11/site-packages/airflow/example_dags/example_xcomargs.py
[2024-02-29T05:39:44.530+0000] {processor.py:830} INFO - Processing file /home/airflow/.local/lib/python3.11/site-packages/airflow/example_dags/example_xcomargs.py for tasks to queue
[2024-02-29T05:39:44.532+0000] {logging_mixin.py:188} INFO - [2024-02-29T05:39:44.531+0000] {dagbag.py:540} INFO - Filling up the DagBag from /home/airflow/.local/lib/python3.11/site-packages/airflow/example_dags/example_xcomargs.py
[2024-02-29T05:39:44.541+0000] {processor.py:840} INFO - DAG(s) 'example_xcom_args_with_operators', 'example_xcom_args' retrieved from /home/airflow/.local/lib/python3.11/site-packages/airflow/example_dags/example_xcomargs.py
[2024-02-29T05:39:44.570+0000] {logging_mixin.py:188} INFO - [2024-02-29T05:39:44.570+0000] {dag.py:3047} INFO - Sync 2 DAGs
[2024-02-29T05:39:44.584+0000] {logging_mixin.py:188} INFO - [2024-02-29T05:39:44.583+0000] {dag.py:3834} INFO - Setting next_dagrun for example_xcom_args to None, run_after=None
[2024-02-29T05:39:44.587+0000] {logging_mixin.py:188} INFO - [2024-02-29T05:39:44.587+0000] {dag.py:3834} INFO - Setting next_dagrun for example_xcom_args_with_operators to None, run_after=None
[2024-02-29T05:39:44.609+0000] {processor.py:183} INFO - Processing /home/airflow/.local/lib/python3.11/site-packages/airflow/example_dags/example_xcomargs.py took 0.083 seconds
[2024-02-29T05:40:15.525+0000] {processor.py:161} INFO - Started process (PID=1005) to work on /home/airflow/.local/lib/python3.11/site-packages/airflow/example_dags/example_xcomargs.py
[2024-02-29T05:40:15.526+0000] {processor.py:830} INFO - Processing file /home/airflow/.local/lib/python3.11/site-packages/airflow/example_dags/example_xcomargs.py for tasks to queue
[2024-02-29T05:40:15.533+0000] {logging_mixin.py:188} INFO - [2024-02-29T05:40:15.533+0000] {dagbag.py:540} INFO - Filling up the DagBag from /home/airflow/.local/lib/python3.11/site-packages/airflow/example_dags/example_xcomargs.py
[2024-02-29T05:40:15.558+0000] {processor.py:840} INFO - DAG(s) 'example_xcom_args_with_operators', 'example_xcom_args' retrieved from /home/airflow/.local/lib/python3.11/site-packages/airflow/example_dags/example_xcomargs.py
[2024-02-29T05:40:15.633+0000] {logging_mixin.py:188} INFO - [2024-02-29T05:40:15.633+0000] {dag.py:3047} INFO - Sync 2 DAGs
[2024-02-29T05:40:15.662+0000] {logging_mixin.py:188} INFO - [2024-02-29T05:40:15.662+0000] {dag.py:3834} INFO - Setting next_dagrun for example_xcom_args to None, run_after=None
[2024-02-29T05:40:15.677+0000] {logging_mixin.py:188} INFO - [2024-02-29T05:40:15.677+0000] {dag.py:3834} INFO - Setting next_dagrun for example_xcom_args_with_operators to None, run_after=None
[2024-02-29T05:40:15.785+0000] {processor.py:183} INFO - Processing /home/airflow/.local/lib/python3.11/site-packages/airflow/example_dags/example_xcomargs.py took 0.263 seconds
