[2024-02-29T05:32:25.380+0000] {processor.py:161} INFO - Started process (PID=80) to work on /home/airflow/.local/lib/python3.11/site-packages/airflow/example_dags/example_setup_teardown.py
[2024-02-29T05:32:25.403+0000] {processor.py:830} INFO - Processing file /home/airflow/.local/lib/python3.11/site-packages/airflow/example_dags/example_setup_teardown.py for tasks to queue
[2024-02-29T05:32:25.405+0000] {logging_mixin.py:188} INFO - [2024-02-29T05:32:25.405+0000] {dagbag.py:540} INFO - Filling up the DagBag from /home/airflow/.local/lib/python3.11/site-packages/airflow/example_dags/example_setup_teardown.py
[2024-02-29T05:32:25.453+0000] {processor.py:840} INFO - DAG(s) 'example_setup_teardown' retrieved from /home/airflow/.local/lib/python3.11/site-packages/airflow/example_dags/example_setup_teardown.py
[2024-02-29T05:32:26.369+0000] {logging_mixin.py:188} INFO - [2024-02-29T05:32:26.369+0000] {dag.py:3047} INFO - Sync 1 DAGs
[2024-02-29T05:32:26.525+0000] {logging_mixin.py:188} INFO - [2024-02-29T05:32:26.524+0000] {dag.py:3834} INFO - Setting next_dagrun for example_setup_teardown to 2024-02-28 00:00:00+00:00, run_after=2024-02-29 00:00:00+00:00
[2024-02-29T05:32:26.670+0000] {processor.py:183} INFO - Processing /home/airflow/.local/lib/python3.11/site-packages/airflow/example_dags/example_setup_teardown.py took 1.292 seconds
[2024-02-29T05:32:56.941+0000] {processor.py:161} INFO - Started process (PID=138) to work on /home/airflow/.local/lib/python3.11/site-packages/airflow/example_dags/example_setup_teardown.py
[2024-02-29T05:32:56.942+0000] {processor.py:830} INFO - Processing file /home/airflow/.local/lib/python3.11/site-packages/airflow/example_dags/example_setup_teardown.py for tasks to queue
[2024-02-29T05:32:56.944+0000] {logging_mixin.py:188} INFO - [2024-02-29T05:32:56.943+0000] {dagbag.py:540} INFO - Filling up the DagBag from /home/airflow/.local/lib/python3.11/site-packages/airflow/example_dags/example_setup_teardown.py
[2024-02-29T05:32:56.950+0000] {processor.py:840} INFO - DAG(s) 'example_setup_teardown' retrieved from /home/airflow/.local/lib/python3.11/site-packages/airflow/example_dags/example_setup_teardown.py
[2024-02-29T05:32:56.972+0000] {logging_mixin.py:188} INFO - [2024-02-29T05:32:56.972+0000] {dag.py:3047} INFO - Sync 1 DAGs
[2024-02-29T05:32:57.002+0000] {logging_mixin.py:188} INFO - [2024-02-29T05:32:57.002+0000] {dag.py:3834} INFO - Setting next_dagrun for example_setup_teardown to 2024-02-28 00:00:00+00:00, run_after=2024-02-29 00:00:00+00:00
[2024-02-29T05:32:57.025+0000] {processor.py:183} INFO - Processing /home/airflow/.local/lib/python3.11/site-packages/airflow/example_dags/example_setup_teardown.py took 0.087 seconds
[2024-02-29T05:33:27.131+0000] {processor.py:161} INFO - Started process (PID=200) to work on /home/airflow/.local/lib/python3.11/site-packages/airflow/example_dags/example_setup_teardown.py
[2024-02-29T05:33:27.132+0000] {processor.py:830} INFO - Processing file /home/airflow/.local/lib/python3.11/site-packages/airflow/example_dags/example_setup_teardown.py for tasks to queue
[2024-02-29T05:33:27.162+0000] {logging_mixin.py:188} INFO - [2024-02-29T05:33:27.161+0000] {dagbag.py:540} INFO - Filling up the DagBag from /home/airflow/.local/lib/python3.11/site-packages/airflow/example_dags/example_setup_teardown.py
[2024-02-29T05:33:27.189+0000] {processor.py:840} INFO - DAG(s) 'example_setup_teardown' retrieved from /home/airflow/.local/lib/python3.11/site-packages/airflow/example_dags/example_setup_teardown.py
[2024-02-29T05:33:27.289+0000] {logging_mixin.py:188} INFO - [2024-02-29T05:33:27.289+0000] {dag.py:3047} INFO - Sync 1 DAGs
[2024-02-29T05:33:27.386+0000] {logging_mixin.py:188} INFO - [2024-02-29T05:33:27.385+0000] {dag.py:3834} INFO - Setting next_dagrun for example_setup_teardown to 2024-02-28 00:00:00+00:00, run_after=2024-02-29 00:00:00+00:00
[2024-02-29T05:33:27.440+0000] {processor.py:183} INFO - Processing /home/airflow/.local/lib/python3.11/site-packages/airflow/example_dags/example_setup_teardown.py took 0.313 seconds
[2024-02-29T05:33:57.594+0000] {processor.py:161} INFO - Started process (PID=263) to work on /home/airflow/.local/lib/python3.11/site-packages/airflow/example_dags/example_setup_teardown.py
[2024-02-29T05:33:57.595+0000] {processor.py:830} INFO - Processing file /home/airflow/.local/lib/python3.11/site-packages/airflow/example_dags/example_setup_teardown.py for tasks to queue
[2024-02-29T05:33:57.605+0000] {logging_mixin.py:188} INFO - [2024-02-29T05:33:57.605+0000] {dagbag.py:540} INFO - Filling up the DagBag from /home/airflow/.local/lib/python3.11/site-packages/airflow/example_dags/example_setup_teardown.py
[2024-02-29T05:33:57.614+0000] {processor.py:840} INFO - DAG(s) 'example_setup_teardown' retrieved from /home/airflow/.local/lib/python3.11/site-packages/airflow/example_dags/example_setup_teardown.py
[2024-02-29T05:33:57.643+0000] {logging_mixin.py:188} INFO - [2024-02-29T05:33:57.643+0000] {dag.py:3047} INFO - Sync 1 DAGs
[2024-02-29T05:33:57.671+0000] {logging_mixin.py:188} INFO - [2024-02-29T05:33:57.670+0000] {dag.py:3834} INFO - Setting next_dagrun for example_setup_teardown to 2024-02-28 00:00:00+00:00, run_after=2024-02-29 00:00:00+00:00
[2024-02-29T05:33:57.697+0000] {processor.py:183} INFO - Processing /home/airflow/.local/lib/python3.11/site-packages/airflow/example_dags/example_setup_teardown.py took 0.110 seconds
[2024-02-29T05:34:28.202+0000] {processor.py:161} INFO - Started process (PID=323) to work on /home/airflow/.local/lib/python3.11/site-packages/airflow/example_dags/example_setup_teardown.py
[2024-02-29T05:34:28.203+0000] {processor.py:830} INFO - Processing file /home/airflow/.local/lib/python3.11/site-packages/airflow/example_dags/example_setup_teardown.py for tasks to queue
[2024-02-29T05:34:28.206+0000] {logging_mixin.py:188} INFO - [2024-02-29T05:34:28.205+0000] {dagbag.py:540} INFO - Filling up the DagBag from /home/airflow/.local/lib/python3.11/site-packages/airflow/example_dags/example_setup_teardown.py
[2024-02-29T05:34:28.211+0000] {processor.py:840} INFO - DAG(s) 'example_setup_teardown' retrieved from /home/airflow/.local/lib/python3.11/site-packages/airflow/example_dags/example_setup_teardown.py
[2024-02-29T05:34:28.229+0000] {logging_mixin.py:188} INFO - [2024-02-29T05:34:28.229+0000] {dag.py:3047} INFO - Sync 1 DAGs
[2024-02-29T05:34:28.247+0000] {logging_mixin.py:188} INFO - [2024-02-29T05:34:28.247+0000] {dag.py:3834} INFO - Setting next_dagrun for example_setup_teardown to 2024-02-28 00:00:00+00:00, run_after=2024-02-29 00:00:00+00:00
[2024-02-29T05:34:28.266+0000] {processor.py:183} INFO - Processing /home/airflow/.local/lib/python3.11/site-packages/airflow/example_dags/example_setup_teardown.py took 0.067 seconds
[2024-02-29T05:34:59.103+0000] {processor.py:161} INFO - Started process (PID=388) to work on /home/airflow/.local/lib/python3.11/site-packages/airflow/example_dags/example_setup_teardown.py
[2024-02-29T05:34:59.104+0000] {processor.py:830} INFO - Processing file /home/airflow/.local/lib/python3.11/site-packages/airflow/example_dags/example_setup_teardown.py for tasks to queue
[2024-02-29T05:34:59.106+0000] {logging_mixin.py:188} INFO - [2024-02-29T05:34:59.106+0000] {dagbag.py:540} INFO - Filling up the DagBag from /home/airflow/.local/lib/python3.11/site-packages/airflow/example_dags/example_setup_teardown.py
[2024-02-29T05:34:59.114+0000] {processor.py:840} INFO - DAG(s) 'example_setup_teardown' retrieved from /home/airflow/.local/lib/python3.11/site-packages/airflow/example_dags/example_setup_teardown.py
[2024-02-29T05:34:59.139+0000] {logging_mixin.py:188} INFO - [2024-02-29T05:34:59.139+0000] {dag.py:3047} INFO - Sync 1 DAGs
[2024-02-29T05:34:59.161+0000] {logging_mixin.py:188} INFO - [2024-02-29T05:34:59.161+0000] {dag.py:3834} INFO - Setting next_dagrun for example_setup_teardown to 2024-02-28 00:00:00+00:00, run_after=2024-02-29 00:00:00+00:00
[2024-02-29T05:34:59.184+0000] {processor.py:183} INFO - Processing /home/airflow/.local/lib/python3.11/site-packages/airflow/example_dags/example_setup_teardown.py took 0.085 seconds
[2024-02-29T05:35:29.943+0000] {processor.py:161} INFO - Started process (PID=451) to work on /home/airflow/.local/lib/python3.11/site-packages/airflow/example_dags/example_setup_teardown.py
[2024-02-29T05:35:29.944+0000] {processor.py:830} INFO - Processing file /home/airflow/.local/lib/python3.11/site-packages/airflow/example_dags/example_setup_teardown.py for tasks to queue
[2024-02-29T05:35:29.946+0000] {logging_mixin.py:188} INFO - [2024-02-29T05:35:29.945+0000] {dagbag.py:540} INFO - Filling up the DagBag from /home/airflow/.local/lib/python3.11/site-packages/airflow/example_dags/example_setup_teardown.py
[2024-02-29T05:35:29.951+0000] {processor.py:840} INFO - DAG(s) 'example_setup_teardown' retrieved from /home/airflow/.local/lib/python3.11/site-packages/airflow/example_dags/example_setup_teardown.py
[2024-02-29T05:35:29.971+0000] {logging_mixin.py:188} INFO - [2024-02-29T05:35:29.971+0000] {dag.py:3047} INFO - Sync 1 DAGs
[2024-02-29T05:35:29.994+0000] {logging_mixin.py:188} INFO - [2024-02-29T05:35:29.994+0000] {dag.py:3834} INFO - Setting next_dagrun for example_setup_teardown to 2024-02-28 00:00:00+00:00, run_after=2024-02-29 00:00:00+00:00
[2024-02-29T05:35:30.015+0000] {processor.py:183} INFO - Processing /home/airflow/.local/lib/python3.11/site-packages/airflow/example_dags/example_setup_teardown.py took 0.076 seconds
[2024-02-29T05:36:00.916+0000] {processor.py:161} INFO - Started process (PID=514) to work on /home/airflow/.local/lib/python3.11/site-packages/airflow/example_dags/example_setup_teardown.py
[2024-02-29T05:36:00.917+0000] {processor.py:830} INFO - Processing file /home/airflow/.local/lib/python3.11/site-packages/airflow/example_dags/example_setup_teardown.py for tasks to queue
[2024-02-29T05:36:00.919+0000] {logging_mixin.py:188} INFO - [2024-02-29T05:36:00.918+0000] {dagbag.py:540} INFO - Filling up the DagBag from /home/airflow/.local/lib/python3.11/site-packages/airflow/example_dags/example_setup_teardown.py
[2024-02-29T05:36:00.927+0000] {processor.py:840} INFO - DAG(s) 'example_setup_teardown' retrieved from /home/airflow/.local/lib/python3.11/site-packages/airflow/example_dags/example_setup_teardown.py
[2024-02-29T05:36:00.947+0000] {logging_mixin.py:188} INFO - [2024-02-29T05:36:00.947+0000] {dag.py:3047} INFO - Sync 1 DAGs
[2024-02-29T05:36:00.970+0000] {logging_mixin.py:188} INFO - [2024-02-29T05:36:00.970+0000] {dag.py:3834} INFO - Setting next_dagrun for example_setup_teardown to 2024-02-28 00:00:00+00:00, run_after=2024-02-29 00:00:00+00:00
[2024-02-29T05:36:00.993+0000] {processor.py:183} INFO - Processing /home/airflow/.local/lib/python3.11/site-packages/airflow/example_dags/example_setup_teardown.py took 0.081 seconds
[2024-02-29T05:36:31.079+0000] {processor.py:161} INFO - Started process (PID=572) to work on /home/airflow/.local/lib/python3.11/site-packages/airflow/example_dags/example_setup_teardown.py
[2024-02-29T05:36:31.081+0000] {processor.py:830} INFO - Processing file /home/airflow/.local/lib/python3.11/site-packages/airflow/example_dags/example_setup_teardown.py for tasks to queue
[2024-02-29T05:36:31.083+0000] {logging_mixin.py:188} INFO - [2024-02-29T05:36:31.082+0000] {dagbag.py:540} INFO - Filling up the DagBag from /home/airflow/.local/lib/python3.11/site-packages/airflow/example_dags/example_setup_teardown.py
[2024-02-29T05:36:31.090+0000] {processor.py:840} INFO - DAG(s) 'example_setup_teardown' retrieved from /home/airflow/.local/lib/python3.11/site-packages/airflow/example_dags/example_setup_teardown.py
[2024-02-29T05:36:31.134+0000] {logging_mixin.py:188} INFO - [2024-02-29T05:36:31.134+0000] {dag.py:3047} INFO - Sync 1 DAGs
[2024-02-29T05:36:31.160+0000] {logging_mixin.py:188} INFO - [2024-02-29T05:36:31.160+0000] {dag.py:3834} INFO - Setting next_dagrun for example_setup_teardown to 2024-02-28 00:00:00+00:00, run_after=2024-02-29 00:00:00+00:00
[2024-02-29T05:36:31.193+0000] {processor.py:183} INFO - Processing /home/airflow/.local/lib/python3.11/site-packages/airflow/example_dags/example_setup_teardown.py took 0.118 seconds
[2024-02-29T05:37:01.331+0000] {processor.py:161} INFO - Started process (PID=633) to work on /home/airflow/.local/lib/python3.11/site-packages/airflow/example_dags/example_setup_teardown.py
[2024-02-29T05:37:01.332+0000] {processor.py:830} INFO - Processing file /home/airflow/.local/lib/python3.11/site-packages/airflow/example_dags/example_setup_teardown.py for tasks to queue
[2024-02-29T05:37:01.334+0000] {logging_mixin.py:188} INFO - [2024-02-29T05:37:01.334+0000] {dagbag.py:540} INFO - Filling up the DagBag from /home/airflow/.local/lib/python3.11/site-packages/airflow/example_dags/example_setup_teardown.py
[2024-02-29T05:37:01.342+0000] {processor.py:840} INFO - DAG(s) 'example_setup_teardown' retrieved from /home/airflow/.local/lib/python3.11/site-packages/airflow/example_dags/example_setup_teardown.py
[2024-02-29T05:37:01.365+0000] {logging_mixin.py:188} INFO - [2024-02-29T05:37:01.364+0000] {dag.py:3047} INFO - Sync 1 DAGs
[2024-02-29T05:37:01.388+0000] {logging_mixin.py:188} INFO - [2024-02-29T05:37:01.388+0000] {dag.py:3834} INFO - Setting next_dagrun for example_setup_teardown to 2024-02-28 00:00:00+00:00, run_after=2024-02-29 00:00:00+00:00
[2024-02-29T05:37:01.410+0000] {processor.py:183} INFO - Processing /home/airflow/.local/lib/python3.11/site-packages/airflow/example_dags/example_setup_teardown.py took 0.082 seconds
[2024-02-29T05:37:32.076+0000] {processor.py:161} INFO - Started process (PID=688) to work on /home/airflow/.local/lib/python3.11/site-packages/airflow/example_dags/example_setup_teardown.py
[2024-02-29T05:37:32.077+0000] {processor.py:830} INFO - Processing file /home/airflow/.local/lib/python3.11/site-packages/airflow/example_dags/example_setup_teardown.py for tasks to queue
[2024-02-29T05:37:32.079+0000] {logging_mixin.py:188} INFO - [2024-02-29T05:37:32.079+0000] {dagbag.py:540} INFO - Filling up the DagBag from /home/airflow/.local/lib/python3.11/site-packages/airflow/example_dags/example_setup_teardown.py
[2024-02-29T05:37:32.086+0000] {processor.py:840} INFO - DAG(s) 'example_setup_teardown' retrieved from /home/airflow/.local/lib/python3.11/site-packages/airflow/example_dags/example_setup_teardown.py
[2024-02-29T05:37:32.106+0000] {logging_mixin.py:188} INFO - [2024-02-29T05:37:32.106+0000] {dag.py:3047} INFO - Sync 1 DAGs
[2024-02-29T05:37:32.129+0000] {logging_mixin.py:188} INFO - [2024-02-29T05:37:32.129+0000] {dag.py:3834} INFO - Setting next_dagrun for example_setup_teardown to 2024-02-28 00:00:00+00:00, run_after=2024-02-29 00:00:00+00:00
[2024-02-29T05:37:32.154+0000] {processor.py:183} INFO - Processing /home/airflow/.local/lib/python3.11/site-packages/airflow/example_dags/example_setup_teardown.py took 0.080 seconds
[2024-02-29T05:38:02.199+0000] {processor.py:161} INFO - Started process (PID=745) to work on /home/airflow/.local/lib/python3.11/site-packages/airflow/example_dags/example_setup_teardown.py
[2024-02-29T05:38:02.200+0000] {processor.py:830} INFO - Processing file /home/airflow/.local/lib/python3.11/site-packages/airflow/example_dags/example_setup_teardown.py for tasks to queue
[2024-02-29T05:38:02.202+0000] {logging_mixin.py:188} INFO - [2024-02-29T05:38:02.202+0000] {dagbag.py:540} INFO - Filling up the DagBag from /home/airflow/.local/lib/python3.11/site-packages/airflow/example_dags/example_setup_teardown.py
[2024-02-29T05:38:02.216+0000] {processor.py:840} INFO - DAG(s) 'example_setup_teardown' retrieved from /home/airflow/.local/lib/python3.11/site-packages/airflow/example_dags/example_setup_teardown.py
[2024-02-29T05:38:02.254+0000] {logging_mixin.py:188} INFO - [2024-02-29T05:38:02.253+0000] {dag.py:3047} INFO - Sync 1 DAGs
[2024-02-29T05:38:02.289+0000] {logging_mixin.py:188} INFO - [2024-02-29T05:38:02.288+0000] {dag.py:3834} INFO - Setting next_dagrun for example_setup_teardown to 2024-02-28 00:00:00+00:00, run_after=2024-02-29 00:00:00+00:00
[2024-02-29T05:38:02.313+0000] {processor.py:183} INFO - Processing /home/airflow/.local/lib/python3.11/site-packages/airflow/example_dags/example_setup_teardown.py took 0.117 seconds
[2024-02-29T05:38:33.331+0000] {processor.py:161} INFO - Started process (PID=808) to work on /home/airflow/.local/lib/python3.11/site-packages/airflow/example_dags/example_setup_teardown.py
[2024-02-29T05:38:33.332+0000] {processor.py:830} INFO - Processing file /home/airflow/.local/lib/python3.11/site-packages/airflow/example_dags/example_setup_teardown.py for tasks to queue
[2024-02-29T05:38:33.334+0000] {logging_mixin.py:188} INFO - [2024-02-29T05:38:33.334+0000] {dagbag.py:540} INFO - Filling up the DagBag from /home/airflow/.local/lib/python3.11/site-packages/airflow/example_dags/example_setup_teardown.py
[2024-02-29T05:38:33.362+0000] {processor.py:840} INFO - DAG(s) 'example_setup_teardown' retrieved from /home/airflow/.local/lib/python3.11/site-packages/airflow/example_dags/example_setup_teardown.py
[2024-02-29T05:38:33.383+0000] {logging_mixin.py:188} INFO - [2024-02-29T05:38:33.383+0000] {dag.py:3047} INFO - Sync 1 DAGs
[2024-02-29T05:38:33.411+0000] {logging_mixin.py:188} INFO - [2024-02-29T05:38:33.410+0000] {dag.py:3834} INFO - Setting next_dagrun for example_setup_teardown to 2024-02-28 00:00:00+00:00, run_after=2024-02-29 00:00:00+00:00
[2024-02-29T05:38:33.458+0000] {processor.py:183} INFO - Processing /home/airflow/.local/lib/python3.11/site-packages/airflow/example_dags/example_setup_teardown.py took 0.131 seconds
[2024-02-29T05:39:04.372+0000] {processor.py:161} INFO - Started process (PID=865) to work on /home/airflow/.local/lib/python3.11/site-packages/airflow/example_dags/example_setup_teardown.py
[2024-02-29T05:39:04.373+0000] {processor.py:830} INFO - Processing file /home/airflow/.local/lib/python3.11/site-packages/airflow/example_dags/example_setup_teardown.py for tasks to queue
[2024-02-29T05:39:04.376+0000] {logging_mixin.py:188} INFO - [2024-02-29T05:39:04.376+0000] {dagbag.py:540} INFO - Filling up the DagBag from /home/airflow/.local/lib/python3.11/site-packages/airflow/example_dags/example_setup_teardown.py
[2024-02-29T05:39:04.400+0000] {processor.py:840} INFO - DAG(s) 'example_setup_teardown' retrieved from /home/airflow/.local/lib/python3.11/site-packages/airflow/example_dags/example_setup_teardown.py
[2024-02-29T05:39:04.429+0000] {logging_mixin.py:188} INFO - [2024-02-29T05:39:04.429+0000] {dag.py:3047} INFO - Sync 1 DAGs
[2024-02-29T05:39:04.477+0000] {logging_mixin.py:188} INFO - [2024-02-29T05:39:04.477+0000] {dag.py:3834} INFO - Setting next_dagrun for example_setup_teardown to 2024-02-28 00:00:00+00:00, run_after=2024-02-29 00:00:00+00:00
[2024-02-29T05:39:04.530+0000] {processor.py:183} INFO - Processing /home/airflow/.local/lib/python3.11/site-packages/airflow/example_dags/example_setup_teardown.py took 0.165 seconds
[2024-02-29T05:39:34.839+0000] {processor.py:161} INFO - Started process (PID=923) to work on /home/airflow/.local/lib/python3.11/site-packages/airflow/example_dags/example_setup_teardown.py
[2024-02-29T05:39:34.840+0000] {processor.py:830} INFO - Processing file /home/airflow/.local/lib/python3.11/site-packages/airflow/example_dags/example_setup_teardown.py for tasks to queue
[2024-02-29T05:39:34.841+0000] {logging_mixin.py:188} INFO - [2024-02-29T05:39:34.841+0000] {dagbag.py:540} INFO - Filling up the DagBag from /home/airflow/.local/lib/python3.11/site-packages/airflow/example_dags/example_setup_teardown.py
[2024-02-29T05:39:34.847+0000] {processor.py:840} INFO - DAG(s) 'example_setup_teardown' retrieved from /home/airflow/.local/lib/python3.11/site-packages/airflow/example_dags/example_setup_teardown.py
[2024-02-29T05:39:34.863+0000] {logging_mixin.py:188} INFO - [2024-02-29T05:39:34.863+0000] {dag.py:3047} INFO - Sync 1 DAGs
[2024-02-29T05:39:34.879+0000] {logging_mixin.py:188} INFO - [2024-02-29T05:39:34.879+0000] {dag.py:3834} INFO - Setting next_dagrun for example_setup_teardown to 2024-02-28 00:00:00+00:00, run_after=2024-02-29 00:00:00+00:00
[2024-02-29T05:39:34.897+0000] {processor.py:183} INFO - Processing /home/airflow/.local/lib/python3.11/site-packages/airflow/example_dags/example_setup_teardown.py took 0.060 seconds
[2024-02-29T05:40:05.137+0000] {processor.py:161} INFO - Started process (PID=979) to work on /home/airflow/.local/lib/python3.11/site-packages/airflow/example_dags/example_setup_teardown.py
[2024-02-29T05:40:05.138+0000] {processor.py:830} INFO - Processing file /home/airflow/.local/lib/python3.11/site-packages/airflow/example_dags/example_setup_teardown.py for tasks to queue
[2024-02-29T05:40:05.140+0000] {logging_mixin.py:188} INFO - [2024-02-29T05:40:05.139+0000] {dagbag.py:540} INFO - Filling up the DagBag from /home/airflow/.local/lib/python3.11/site-packages/airflow/example_dags/example_setup_teardown.py
[2024-02-29T05:40:05.148+0000] {processor.py:840} INFO - DAG(s) 'example_setup_teardown' retrieved from /home/airflow/.local/lib/python3.11/site-packages/airflow/example_dags/example_setup_teardown.py
[2024-02-29T05:40:05.172+0000] {logging_mixin.py:188} INFO - [2024-02-29T05:40:05.171+0000] {dag.py:3047} INFO - Sync 1 DAGs
[2024-02-29T05:40:05.194+0000] {logging_mixin.py:188} INFO - [2024-02-29T05:40:05.194+0000] {dag.py:3834} INFO - Setting next_dagrun for example_setup_teardown to 2024-02-28 00:00:00+00:00, run_after=2024-02-29 00:00:00+00:00
[2024-02-29T05:40:05.218+0000] {processor.py:183} INFO - Processing /home/airflow/.local/lib/python3.11/site-packages/airflow/example_dags/example_setup_teardown.py took 0.084 seconds
