[2024-02-29T05:32:19.927+0000] {processor.py:161} INFO - Started process (PID=74) to work on /home/airflow/.local/lib/python3.11/site-packages/airflow/example_dags/example_latest_only.py
[2024-02-29T05:32:19.935+0000] {processor.py:830} INFO - Processing file /home/airflow/.local/lib/python3.11/site-packages/airflow/example_dags/example_latest_only.py for tasks to queue
[2024-02-29T05:32:19.940+0000] {logging_mixin.py:188} INFO - [2024-02-29T05:32:19.937+0000] {dagbag.py:540} INFO - Filling up the DagBag from /home/airflow/.local/lib/python3.11/site-packages/airflow/example_dags/example_latest_only.py
[2024-02-29T05:32:19.950+0000] {processor.py:840} INFO - DAG(s) 'latest_only' retrieved from /home/airflow/.local/lib/python3.11/site-packages/airflow/example_dags/example_latest_only.py
[2024-02-29T05:32:21.249+0000] {logging_mixin.py:188} INFO - [2024-02-29T05:32:21.248+0000] {dag.py:3047} INFO - Sync 1 DAGs
[2024-02-29T05:32:21.421+0000] {logging_mixin.py:188} INFO - [2024-02-29T05:32:21.421+0000] {dag.py:3834} INFO - Setting next_dagrun for latest_only to 2024-02-29 00:00:00+00:00, run_after=2024-02-29 04:00:00+00:00
[2024-02-29T05:32:21.565+0000] {processor.py:183} INFO - Processing /home/airflow/.local/lib/python3.11/site-packages/airflow/example_dags/example_latest_only.py took 1.649 seconds
[2024-02-29T05:32:52.139+0000] {processor.py:161} INFO - Started process (PID=131) to work on /home/airflow/.local/lib/python3.11/site-packages/airflow/example_dags/example_latest_only.py
[2024-02-29T05:32:52.153+0000] {processor.py:830} INFO - Processing file /home/airflow/.local/lib/python3.11/site-packages/airflow/example_dags/example_latest_only.py for tasks to queue
[2024-02-29T05:32:52.155+0000] {logging_mixin.py:188} INFO - [2024-02-29T05:32:52.154+0000] {dagbag.py:540} INFO - Filling up the DagBag from /home/airflow/.local/lib/python3.11/site-packages/airflow/example_dags/example_latest_only.py
[2024-02-29T05:32:52.166+0000] {processor.py:840} INFO - DAG(s) 'latest_only' retrieved from /home/airflow/.local/lib/python3.11/site-packages/airflow/example_dags/example_latest_only.py
[2024-02-29T05:32:52.222+0000] {logging_mixin.py:188} INFO - [2024-02-29T05:32:52.221+0000] {dag.py:3047} INFO - Sync 1 DAGs
[2024-02-29T05:32:52.268+0000] {logging_mixin.py:188} INFO - [2024-02-29T05:32:52.268+0000] {dag.py:3834} INFO - Setting next_dagrun for latest_only to 2024-02-29 00:00:00+00:00, run_after=2024-02-29 04:00:00+00:00
[2024-02-29T05:32:52.315+0000] {processor.py:183} INFO - Processing /home/airflow/.local/lib/python3.11/site-packages/airflow/example_dags/example_latest_only.py took 0.180 seconds
[2024-02-29T05:33:22.454+0000] {processor.py:161} INFO - Started process (PID=193) to work on /home/airflow/.local/lib/python3.11/site-packages/airflow/example_dags/example_latest_only.py
[2024-02-29T05:33:22.455+0000] {processor.py:830} INFO - Processing file /home/airflow/.local/lib/python3.11/site-packages/airflow/example_dags/example_latest_only.py for tasks to queue
[2024-02-29T05:33:22.456+0000] {logging_mixin.py:188} INFO - [2024-02-29T05:33:22.456+0000] {dagbag.py:540} INFO - Filling up the DagBag from /home/airflow/.local/lib/python3.11/site-packages/airflow/example_dags/example_latest_only.py
[2024-02-29T05:33:22.460+0000] {processor.py:840} INFO - DAG(s) 'latest_only' retrieved from /home/airflow/.local/lib/python3.11/site-packages/airflow/example_dags/example_latest_only.py
[2024-02-29T05:33:22.475+0000] {logging_mixin.py:188} INFO - [2024-02-29T05:33:22.475+0000] {dag.py:3047} INFO - Sync 1 DAGs
[2024-02-29T05:33:22.491+0000] {logging_mixin.py:188} INFO - [2024-02-29T05:33:22.491+0000] {dag.py:3834} INFO - Setting next_dagrun for latest_only to 2024-02-29 00:00:00+00:00, run_after=2024-02-29 04:00:00+00:00
[2024-02-29T05:33:22.513+0000] {processor.py:183} INFO - Processing /home/airflow/.local/lib/python3.11/site-packages/airflow/example_dags/example_latest_only.py took 0.061 seconds
[2024-02-29T05:33:53.187+0000] {processor.py:161} INFO - Started process (PID=255) to work on /home/airflow/.local/lib/python3.11/site-packages/airflow/example_dags/example_latest_only.py
[2024-02-29T05:33:53.188+0000] {processor.py:830} INFO - Processing file /home/airflow/.local/lib/python3.11/site-packages/airflow/example_dags/example_latest_only.py for tasks to queue
[2024-02-29T05:33:53.189+0000] {logging_mixin.py:188} INFO - [2024-02-29T05:33:53.189+0000] {dagbag.py:540} INFO - Filling up the DagBag from /home/airflow/.local/lib/python3.11/site-packages/airflow/example_dags/example_latest_only.py
[2024-02-29T05:33:53.194+0000] {processor.py:840} INFO - DAG(s) 'latest_only' retrieved from /home/airflow/.local/lib/python3.11/site-packages/airflow/example_dags/example_latest_only.py
[2024-02-29T05:33:53.212+0000] {logging_mixin.py:188} INFO - [2024-02-29T05:33:53.212+0000] {dag.py:3047} INFO - Sync 1 DAGs
[2024-02-29T05:33:53.229+0000] {logging_mixin.py:188} INFO - [2024-02-29T05:33:53.229+0000] {dag.py:3834} INFO - Setting next_dagrun for latest_only to 2024-02-29 00:00:00+00:00, run_after=2024-02-29 04:00:00+00:00
[2024-02-29T05:33:53.248+0000] {processor.py:183} INFO - Processing /home/airflow/.local/lib/python3.11/site-packages/airflow/example_dags/example_latest_only.py took 0.063 seconds
[2024-02-29T05:34:23.908+0000] {processor.py:161} INFO - Started process (PID=317) to work on /home/airflow/.local/lib/python3.11/site-packages/airflow/example_dags/example_latest_only.py
[2024-02-29T05:34:23.908+0000] {processor.py:830} INFO - Processing file /home/airflow/.local/lib/python3.11/site-packages/airflow/example_dags/example_latest_only.py for tasks to queue
[2024-02-29T05:34:23.910+0000] {logging_mixin.py:188} INFO - [2024-02-29T05:34:23.909+0000] {dagbag.py:540} INFO - Filling up the DagBag from /home/airflow/.local/lib/python3.11/site-packages/airflow/example_dags/example_latest_only.py
[2024-02-29T05:34:23.914+0000] {processor.py:840} INFO - DAG(s) 'latest_only' retrieved from /home/airflow/.local/lib/python3.11/site-packages/airflow/example_dags/example_latest_only.py
[2024-02-29T05:34:23.929+0000] {logging_mixin.py:188} INFO - [2024-02-29T05:34:23.929+0000] {dag.py:3047} INFO - Sync 1 DAGs
[2024-02-29T05:34:23.946+0000] {logging_mixin.py:188} INFO - [2024-02-29T05:34:23.946+0000] {dag.py:3834} INFO - Setting next_dagrun for latest_only to 2024-02-29 00:00:00+00:00, run_after=2024-02-29 04:00:00+00:00
[2024-02-29T05:34:23.966+0000] {processor.py:183} INFO - Processing /home/airflow/.local/lib/python3.11/site-packages/airflow/example_dags/example_latest_only.py took 0.061 seconds
[2024-02-29T05:34:54.782+0000] {processor.py:161} INFO - Started process (PID=381) to work on /home/airflow/.local/lib/python3.11/site-packages/airflow/example_dags/example_latest_only.py
[2024-02-29T05:34:54.782+0000] {processor.py:830} INFO - Processing file /home/airflow/.local/lib/python3.11/site-packages/airflow/example_dags/example_latest_only.py for tasks to queue
[2024-02-29T05:34:54.785+0000] {logging_mixin.py:188} INFO - [2024-02-29T05:34:54.785+0000] {dagbag.py:540} INFO - Filling up the DagBag from /home/airflow/.local/lib/python3.11/site-packages/airflow/example_dags/example_latest_only.py
[2024-02-29T05:34:54.791+0000] {processor.py:840} INFO - DAG(s) 'latest_only' retrieved from /home/airflow/.local/lib/python3.11/site-packages/airflow/example_dags/example_latest_only.py
[2024-02-29T05:34:54.822+0000] {logging_mixin.py:188} INFO - [2024-02-29T05:34:54.822+0000] {dag.py:3047} INFO - Sync 1 DAGs
[2024-02-29T05:34:54.849+0000] {logging_mixin.py:188} INFO - [2024-02-29T05:34:54.849+0000] {dag.py:3834} INFO - Setting next_dagrun for latest_only to 2024-02-29 00:00:00+00:00, run_after=2024-02-29 04:00:00+00:00
[2024-02-29T05:34:54.872+0000] {processor.py:183} INFO - Processing /home/airflow/.local/lib/python3.11/site-packages/airflow/example_dags/example_latest_only.py took 0.093 seconds
[2024-02-29T05:35:25.532+0000] {processor.py:161} INFO - Started process (PID=442) to work on /home/airflow/.local/lib/python3.11/site-packages/airflow/example_dags/example_latest_only.py
[2024-02-29T05:35:25.533+0000] {processor.py:830} INFO - Processing file /home/airflow/.local/lib/python3.11/site-packages/airflow/example_dags/example_latest_only.py for tasks to queue
[2024-02-29T05:35:25.535+0000] {logging_mixin.py:188} INFO - [2024-02-29T05:35:25.534+0000] {dagbag.py:540} INFO - Filling up the DagBag from /home/airflow/.local/lib/python3.11/site-packages/airflow/example_dags/example_latest_only.py
[2024-02-29T05:35:25.540+0000] {processor.py:840} INFO - DAG(s) 'latest_only' retrieved from /home/airflow/.local/lib/python3.11/site-packages/airflow/example_dags/example_latest_only.py
[2024-02-29T05:35:25.561+0000] {logging_mixin.py:188} INFO - [2024-02-29T05:35:25.561+0000] {dag.py:3047} INFO - Sync 1 DAGs
[2024-02-29T05:35:25.581+0000] {logging_mixin.py:188} INFO - [2024-02-29T05:35:25.581+0000] {dag.py:3834} INFO - Setting next_dagrun for latest_only to 2024-02-29 00:00:00+00:00, run_after=2024-02-29 04:00:00+00:00
[2024-02-29T05:35:25.599+0000] {processor.py:183} INFO - Processing /home/airflow/.local/lib/python3.11/site-packages/airflow/example_dags/example_latest_only.py took 0.072 seconds
[2024-02-29T05:35:56.479+0000] {processor.py:161} INFO - Started process (PID=506) to work on /home/airflow/.local/lib/python3.11/site-packages/airflow/example_dags/example_latest_only.py
[2024-02-29T05:35:56.480+0000] {processor.py:830} INFO - Processing file /home/airflow/.local/lib/python3.11/site-packages/airflow/example_dags/example_latest_only.py for tasks to queue
[2024-02-29T05:35:56.482+0000] {logging_mixin.py:188} INFO - [2024-02-29T05:35:56.482+0000] {dagbag.py:540} INFO - Filling up the DagBag from /home/airflow/.local/lib/python3.11/site-packages/airflow/example_dags/example_latest_only.py
[2024-02-29T05:35:56.487+0000] {processor.py:840} INFO - DAG(s) 'latest_only' retrieved from /home/airflow/.local/lib/python3.11/site-packages/airflow/example_dags/example_latest_only.py
[2024-02-29T05:35:56.501+0000] {logging_mixin.py:188} INFO - [2024-02-29T05:35:56.501+0000] {dag.py:3047} INFO - Sync 1 DAGs
[2024-02-29T05:35:56.517+0000] {logging_mixin.py:188} INFO - [2024-02-29T05:35:56.517+0000] {dag.py:3834} INFO - Setting next_dagrun for latest_only to 2024-02-29 00:00:00+00:00, run_after=2024-02-29 04:00:00+00:00
[2024-02-29T05:35:56.535+0000] {processor.py:183} INFO - Processing /home/airflow/.local/lib/python3.11/site-packages/airflow/example_dags/example_latest_only.py took 0.059 seconds
[2024-02-29T05:36:26.804+0000] {processor.py:161} INFO - Started process (PID=565) to work on /home/airflow/.local/lib/python3.11/site-packages/airflow/example_dags/example_latest_only.py
[2024-02-29T05:36:26.805+0000] {processor.py:830} INFO - Processing file /home/airflow/.local/lib/python3.11/site-packages/airflow/example_dags/example_latest_only.py for tasks to queue
[2024-02-29T05:36:26.806+0000] {logging_mixin.py:188} INFO - [2024-02-29T05:36:26.806+0000] {dagbag.py:540} INFO - Filling up the DagBag from /home/airflow/.local/lib/python3.11/site-packages/airflow/example_dags/example_latest_only.py
[2024-02-29T05:36:26.810+0000] {processor.py:840} INFO - DAG(s) 'latest_only' retrieved from /home/airflow/.local/lib/python3.11/site-packages/airflow/example_dags/example_latest_only.py
[2024-02-29T05:36:26.827+0000] {logging_mixin.py:188} INFO - [2024-02-29T05:36:26.827+0000] {dag.py:3047} INFO - Sync 1 DAGs
[2024-02-29T05:36:26.846+0000] {logging_mixin.py:188} INFO - [2024-02-29T05:36:26.845+0000] {dag.py:3834} INFO - Setting next_dagrun for latest_only to 2024-02-29 00:00:00+00:00, run_after=2024-02-29 04:00:00+00:00
[2024-02-29T05:36:26.864+0000] {processor.py:183} INFO - Processing /home/airflow/.local/lib/python3.11/site-packages/airflow/example_dags/example_latest_only.py took 0.062 seconds
[2024-02-29T05:36:56.992+0000] {processor.py:161} INFO - Started process (PID=626) to work on /home/airflow/.local/lib/python3.11/site-packages/airflow/example_dags/example_latest_only.py
[2024-02-29T05:36:56.994+0000] {processor.py:830} INFO - Processing file /home/airflow/.local/lib/python3.11/site-packages/airflow/example_dags/example_latest_only.py for tasks to queue
[2024-02-29T05:36:56.996+0000] {logging_mixin.py:188} INFO - [2024-02-29T05:36:56.995+0000] {dagbag.py:540} INFO - Filling up the DagBag from /home/airflow/.local/lib/python3.11/site-packages/airflow/example_dags/example_latest_only.py
[2024-02-29T05:36:57.000+0000] {processor.py:840} INFO - DAG(s) 'latest_only' retrieved from /home/airflow/.local/lib/python3.11/site-packages/airflow/example_dags/example_latest_only.py
[2024-02-29T05:36:57.015+0000] {logging_mixin.py:188} INFO - [2024-02-29T05:36:57.015+0000] {dag.py:3047} INFO - Sync 1 DAGs
[2024-02-29T05:36:57.035+0000] {logging_mixin.py:188} INFO - [2024-02-29T05:36:57.035+0000] {dag.py:3834} INFO - Setting next_dagrun for latest_only to 2024-02-29 00:00:00+00:00, run_after=2024-02-29 04:00:00+00:00
[2024-02-29T05:36:57.057+0000] {processor.py:183} INFO - Processing /home/airflow/.local/lib/python3.11/site-packages/airflow/example_dags/example_latest_only.py took 0.068 seconds
[2024-02-29T05:37:27.818+0000] {processor.py:161} INFO - Started process (PID=682) to work on /home/airflow/.local/lib/python3.11/site-packages/airflow/example_dags/example_latest_only.py
[2024-02-29T05:37:27.819+0000] {processor.py:830} INFO - Processing file /home/airflow/.local/lib/python3.11/site-packages/airflow/example_dags/example_latest_only.py for tasks to queue
[2024-02-29T05:37:27.821+0000] {logging_mixin.py:188} INFO - [2024-02-29T05:37:27.821+0000] {dagbag.py:540} INFO - Filling up the DagBag from /home/airflow/.local/lib/python3.11/site-packages/airflow/example_dags/example_latest_only.py
[2024-02-29T05:37:27.826+0000] {processor.py:840} INFO - DAG(s) 'latest_only' retrieved from /home/airflow/.local/lib/python3.11/site-packages/airflow/example_dags/example_latest_only.py
[2024-02-29T05:37:27.847+0000] {logging_mixin.py:188} INFO - [2024-02-29T05:37:27.847+0000] {dag.py:3047} INFO - Sync 1 DAGs
[2024-02-29T05:37:27.867+0000] {logging_mixin.py:188} INFO - [2024-02-29T05:37:27.867+0000] {dag.py:3834} INFO - Setting next_dagrun for latest_only to 2024-02-29 00:00:00+00:00, run_after=2024-02-29 04:00:00+00:00
[2024-02-29T05:37:27.909+0000] {processor.py:183} INFO - Processing /home/airflow/.local/lib/python3.11/site-packages/airflow/example_dags/example_latest_only.py took 0.094 seconds
[2024-02-29T05:37:58.416+0000] {processor.py:161} INFO - Started process (PID=739) to work on /home/airflow/.local/lib/python3.11/site-packages/airflow/example_dags/example_latest_only.py
[2024-02-29T05:37:58.429+0000] {processor.py:830} INFO - Processing file /home/airflow/.local/lib/python3.11/site-packages/airflow/example_dags/example_latest_only.py for tasks to queue
[2024-02-29T05:37:58.431+0000] {logging_mixin.py:188} INFO - [2024-02-29T05:37:58.431+0000] {dagbag.py:540} INFO - Filling up the DagBag from /home/airflow/.local/lib/python3.11/site-packages/airflow/example_dags/example_latest_only.py
[2024-02-29T05:37:58.437+0000] {processor.py:840} INFO - DAG(s) 'latest_only' retrieved from /home/airflow/.local/lib/python3.11/site-packages/airflow/example_dags/example_latest_only.py
[2024-02-29T05:37:58.483+0000] {logging_mixin.py:188} INFO - [2024-02-29T05:37:58.483+0000] {dag.py:3047} INFO - Sync 1 DAGs
[2024-02-29T05:37:58.532+0000] {logging_mixin.py:188} INFO - [2024-02-29T05:37:58.532+0000] {dag.py:3834} INFO - Setting next_dagrun for latest_only to 2024-02-29 00:00:00+00:00, run_after=2024-02-29 04:00:00+00:00
[2024-02-29T05:37:58.570+0000] {processor.py:183} INFO - Processing /home/airflow/.local/lib/python3.11/site-packages/airflow/example_dags/example_latest_only.py took 0.157 seconds
[2024-02-29T05:38:28.643+0000] {processor.py:161} INFO - Started process (PID=796) to work on /home/airflow/.local/lib/python3.11/site-packages/airflow/example_dags/example_latest_only.py
[2024-02-29T05:38:28.644+0000] {processor.py:830} INFO - Processing file /home/airflow/.local/lib/python3.11/site-packages/airflow/example_dags/example_latest_only.py for tasks to queue
[2024-02-29T05:38:28.646+0000] {logging_mixin.py:188} INFO - [2024-02-29T05:38:28.645+0000] {dagbag.py:540} INFO - Filling up the DagBag from /home/airflow/.local/lib/python3.11/site-packages/airflow/example_dags/example_latest_only.py
[2024-02-29T05:38:28.649+0000] {processor.py:840} INFO - DAG(s) 'latest_only' retrieved from /home/airflow/.local/lib/python3.11/site-packages/airflow/example_dags/example_latest_only.py
[2024-02-29T05:38:28.664+0000] {logging_mixin.py:188} INFO - [2024-02-29T05:38:28.664+0000] {dag.py:3047} INFO - Sync 1 DAGs
[2024-02-29T05:38:28.680+0000] {logging_mixin.py:188} INFO - [2024-02-29T05:38:28.680+0000] {dag.py:3834} INFO - Setting next_dagrun for latest_only to 2024-02-29 00:00:00+00:00, run_after=2024-02-29 04:00:00+00:00
[2024-02-29T05:38:28.700+0000] {processor.py:183} INFO - Processing /home/airflow/.local/lib/python3.11/site-packages/airflow/example_dags/example_latest_only.py took 0.059 seconds
[2024-02-29T05:38:58.975+0000] {processor.py:161} INFO - Started process (PID=853) to work on /home/airflow/.local/lib/python3.11/site-packages/airflow/example_dags/example_latest_only.py
[2024-02-29T05:38:58.975+0000] {processor.py:830} INFO - Processing file /home/airflow/.local/lib/python3.11/site-packages/airflow/example_dags/example_latest_only.py for tasks to queue
[2024-02-29T05:38:58.977+0000] {logging_mixin.py:188} INFO - [2024-02-29T05:38:58.977+0000] {dagbag.py:540} INFO - Filling up the DagBag from /home/airflow/.local/lib/python3.11/site-packages/airflow/example_dags/example_latest_only.py
[2024-02-29T05:38:58.981+0000] {processor.py:840} INFO - DAG(s) 'latest_only' retrieved from /home/airflow/.local/lib/python3.11/site-packages/airflow/example_dags/example_latest_only.py
[2024-02-29T05:38:58.996+0000] {logging_mixin.py:188} INFO - [2024-02-29T05:38:58.996+0000] {dag.py:3047} INFO - Sync 1 DAGs
[2024-02-29T05:38:59.011+0000] {logging_mixin.py:188} INFO - [2024-02-29T05:38:59.011+0000] {dag.py:3834} INFO - Setting next_dagrun for latest_only to 2024-02-29 00:00:00+00:00, run_after=2024-02-29 04:00:00+00:00
[2024-02-29T05:38:59.031+0000] {processor.py:183} INFO - Processing /home/airflow/.local/lib/python3.11/site-packages/airflow/example_dags/example_latest_only.py took 0.059 seconds
[2024-02-29T05:39:29.481+0000] {processor.py:161} INFO - Started process (PID=910) to work on /home/airflow/.local/lib/python3.11/site-packages/airflow/example_dags/example_latest_only.py
[2024-02-29T05:39:29.482+0000] {processor.py:830} INFO - Processing file /home/airflow/.local/lib/python3.11/site-packages/airflow/example_dags/example_latest_only.py for tasks to queue
[2024-02-29T05:39:29.484+0000] {logging_mixin.py:188} INFO - [2024-02-29T05:39:29.484+0000] {dagbag.py:540} INFO - Filling up the DagBag from /home/airflow/.local/lib/python3.11/site-packages/airflow/example_dags/example_latest_only.py
[2024-02-29T05:39:29.491+0000] {processor.py:840} INFO - DAG(s) 'latest_only' retrieved from /home/airflow/.local/lib/python3.11/site-packages/airflow/example_dags/example_latest_only.py
[2024-02-29T05:39:29.507+0000] {logging_mixin.py:188} INFO - [2024-02-29T05:39:29.507+0000] {dag.py:3047} INFO - Sync 1 DAGs
[2024-02-29T05:39:29.522+0000] {logging_mixin.py:188} INFO - [2024-02-29T05:39:29.522+0000] {dag.py:3834} INFO - Setting next_dagrun for latest_only to 2024-02-29 00:00:00+00:00, run_after=2024-02-29 04:00:00+00:00
[2024-02-29T05:39:29.540+0000] {processor.py:183} INFO - Processing /home/airflow/.local/lib/python3.11/site-packages/airflow/example_dags/example_latest_only.py took 0.062 seconds
[2024-02-29T05:39:59.694+0000] {processor.py:161} INFO - Started process (PID=967) to work on /home/airflow/.local/lib/python3.11/site-packages/airflow/example_dags/example_latest_only.py
[2024-02-29T05:39:59.695+0000] {processor.py:830} INFO - Processing file /home/airflow/.local/lib/python3.11/site-packages/airflow/example_dags/example_latest_only.py for tasks to queue
[2024-02-29T05:39:59.697+0000] {logging_mixin.py:188} INFO - [2024-02-29T05:39:59.697+0000] {dagbag.py:540} INFO - Filling up the DagBag from /home/airflow/.local/lib/python3.11/site-packages/airflow/example_dags/example_latest_only.py
[2024-02-29T05:39:59.705+0000] {processor.py:840} INFO - DAG(s) 'latest_only' retrieved from /home/airflow/.local/lib/python3.11/site-packages/airflow/example_dags/example_latest_only.py
[2024-02-29T05:39:59.727+0000] {logging_mixin.py:188} INFO - [2024-02-29T05:39:59.727+0000] {dag.py:3047} INFO - Sync 1 DAGs
[2024-02-29T05:39:59.753+0000] {logging_mixin.py:188} INFO - [2024-02-29T05:39:59.752+0000] {dag.py:3834} INFO - Setting next_dagrun for latest_only to 2024-02-29 00:00:00+00:00, run_after=2024-02-29 04:00:00+00:00
[2024-02-29T05:39:59.780+0000] {processor.py:183} INFO - Processing /home/airflow/.local/lib/python3.11/site-packages/airflow/example_dags/example_latest_only.py took 0.089 seconds
