[2024-02-29T05:32:05.359+0000] {processor.py:161} INFO - Started process (PID=57) to work on /home/airflow/.local/lib/python3.11/site-packages/airflow/example_dags/example_sensors.py
[2024-02-29T05:32:05.364+0000] {processor.py:830} INFO - Processing file /home/airflow/.local/lib/python3.11/site-packages/airflow/example_dags/example_sensors.py for tasks to queue
[2024-02-29T05:32:05.387+0000] {logging_mixin.py:188} INFO - [2024-02-29T05:32:05.384+0000] {dagbag.py:540} INFO - Filling up the DagBag from /home/airflow/.local/lib/python3.11/site-packages/airflow/example_dags/example_sensors.py
[2024-02-29T05:32:05.462+0000] {processor.py:840} INFO - DAG(s) 'example_sensors' retrieved from /home/airflow/.local/lib/python3.11/site-packages/airflow/example_dags/example_sensors.py
[2024-02-29T05:32:06.585+0000] {logging_mixin.py:188} INFO - [2024-02-29T05:32:06.585+0000] {dag.py:3047} INFO - Sync 1 DAGs
[2024-02-29T05:32:06.634+0000] {logging_mixin.py:188} INFO - [2024-02-29T05:32:06.634+0000] {dag.py:3834} INFO - Setting next_dagrun for example_sensors to None, run_after=None
[2024-02-29T05:32:06.776+0000] {processor.py:183} INFO - Processing /home/airflow/.local/lib/python3.11/site-packages/airflow/example_dags/example_sensors.py took 1.428 seconds
[2024-02-29T05:32:36.976+0000] {processor.py:161} INFO - Started process (PID=113) to work on /home/airflow/.local/lib/python3.11/site-packages/airflow/example_dags/example_sensors.py
[2024-02-29T05:32:36.984+0000] {processor.py:830} INFO - Processing file /home/airflow/.local/lib/python3.11/site-packages/airflow/example_dags/example_sensors.py for tasks to queue
[2024-02-29T05:32:36.988+0000] {logging_mixin.py:188} INFO - [2024-02-29T05:32:36.988+0000] {dagbag.py:540} INFO - Filling up the DagBag from /home/airflow/.local/lib/python3.11/site-packages/airflow/example_dags/example_sensors.py
[2024-02-29T05:32:37.043+0000] {processor.py:840} INFO - DAG(s) 'example_sensors' retrieved from /home/airflow/.local/lib/python3.11/site-packages/airflow/example_dags/example_sensors.py
[2024-02-29T05:32:37.110+0000] {logging_mixin.py:188} INFO - [2024-02-29T05:32:37.110+0000] {dag.py:3047} INFO - Sync 1 DAGs
[2024-02-29T05:32:37.126+0000] {logging_mixin.py:188} INFO - [2024-02-29T05:32:37.125+0000] {dag.py:3834} INFO - Setting next_dagrun for example_sensors to None, run_after=None
[2024-02-29T05:32:37.153+0000] {processor.py:183} INFO - Processing /home/airflow/.local/lib/python3.11/site-packages/airflow/example_dags/example_sensors.py took 0.225 seconds
[2024-02-29T05:33:07.803+0000] {processor.py:161} INFO - Started process (PID=171) to work on /home/airflow/.local/lib/python3.11/site-packages/airflow/example_dags/example_sensors.py
[2024-02-29T05:33:07.804+0000] {processor.py:830} INFO - Processing file /home/airflow/.local/lib/python3.11/site-packages/airflow/example_dags/example_sensors.py for tasks to queue
[2024-02-29T05:33:07.807+0000] {logging_mixin.py:188} INFO - [2024-02-29T05:33:07.806+0000] {dagbag.py:540} INFO - Filling up the DagBag from /home/airflow/.local/lib/python3.11/site-packages/airflow/example_dags/example_sensors.py
[2024-02-29T05:33:07.816+0000] {processor.py:840} INFO - DAG(s) 'example_sensors' retrieved from /home/airflow/.local/lib/python3.11/site-packages/airflow/example_dags/example_sensors.py
[2024-02-29T05:33:07.862+0000] {logging_mixin.py:188} INFO - [2024-02-29T05:33:07.862+0000] {dag.py:3047} INFO - Sync 1 DAGs
[2024-02-29T05:33:07.873+0000] {logging_mixin.py:188} INFO - [2024-02-29T05:33:07.872+0000] {dag.py:3834} INFO - Setting next_dagrun for example_sensors to None, run_after=None
[2024-02-29T05:33:07.895+0000] {processor.py:183} INFO - Processing /home/airflow/.local/lib/python3.11/site-packages/airflow/example_dags/example_sensors.py took 0.096 seconds
[2024-02-29T05:33:38.069+0000] {processor.py:161} INFO - Started process (PID=235) to work on /home/airflow/.local/lib/python3.11/site-packages/airflow/example_dags/example_sensors.py
[2024-02-29T05:33:38.070+0000] {processor.py:830} INFO - Processing file /home/airflow/.local/lib/python3.11/site-packages/airflow/example_dags/example_sensors.py for tasks to queue
[2024-02-29T05:33:38.072+0000] {logging_mixin.py:188} INFO - [2024-02-29T05:33:38.072+0000] {dagbag.py:540} INFO - Filling up the DagBag from /home/airflow/.local/lib/python3.11/site-packages/airflow/example_dags/example_sensors.py
[2024-02-29T05:33:38.082+0000] {processor.py:840} INFO - DAG(s) 'example_sensors' retrieved from /home/airflow/.local/lib/python3.11/site-packages/airflow/example_dags/example_sensors.py
[2024-02-29T05:33:38.131+0000] {logging_mixin.py:188} INFO - [2024-02-29T05:33:38.129+0000] {dag.py:3047} INFO - Sync 1 DAGs
[2024-02-29T05:33:38.150+0000] {logging_mixin.py:188} INFO - [2024-02-29T05:33:38.149+0000] {dag.py:3834} INFO - Setting next_dagrun for example_sensors to None, run_after=None
[2024-02-29T05:33:38.190+0000] {processor.py:183} INFO - Processing /home/airflow/.local/lib/python3.11/site-packages/airflow/example_dags/example_sensors.py took 0.123 seconds
[2024-02-29T05:34:08.649+0000] {processor.py:161} INFO - Started process (PID=297) to work on /home/airflow/.local/lib/python3.11/site-packages/airflow/example_dags/example_sensors.py
[2024-02-29T05:34:08.649+0000] {processor.py:830} INFO - Processing file /home/airflow/.local/lib/python3.11/site-packages/airflow/example_dags/example_sensors.py for tasks to queue
[2024-02-29T05:34:08.652+0000] {logging_mixin.py:188} INFO - [2024-02-29T05:34:08.651+0000] {dagbag.py:540} INFO - Filling up the DagBag from /home/airflow/.local/lib/python3.11/site-packages/airflow/example_dags/example_sensors.py
[2024-02-29T05:34:08.661+0000] {processor.py:840} INFO - DAG(s) 'example_sensors' retrieved from /home/airflow/.local/lib/python3.11/site-packages/airflow/example_dags/example_sensors.py
[2024-02-29T05:34:08.686+0000] {logging_mixin.py:188} INFO - [2024-02-29T05:34:08.686+0000] {dag.py:3047} INFO - Sync 1 DAGs
[2024-02-29T05:34:08.699+0000] {logging_mixin.py:188} INFO - [2024-02-29T05:34:08.699+0000] {dag.py:3834} INFO - Setting next_dagrun for example_sensors to None, run_after=None
[2024-02-29T05:34:08.722+0000] {processor.py:183} INFO - Processing /home/airflow/.local/lib/python3.11/site-packages/airflow/example_dags/example_sensors.py took 0.079 seconds
[2024-02-29T05:34:39.443+0000] {processor.py:161} INFO - Started process (PID=360) to work on /home/airflow/.local/lib/python3.11/site-packages/airflow/example_dags/example_sensors.py
[2024-02-29T05:34:39.444+0000] {processor.py:830} INFO - Processing file /home/airflow/.local/lib/python3.11/site-packages/airflow/example_dags/example_sensors.py for tasks to queue
[2024-02-29T05:34:39.446+0000] {logging_mixin.py:188} INFO - [2024-02-29T05:34:39.445+0000] {dagbag.py:540} INFO - Filling up the DagBag from /home/airflow/.local/lib/python3.11/site-packages/airflow/example_dags/example_sensors.py
[2024-02-29T05:34:39.458+0000] {processor.py:840} INFO - DAG(s) 'example_sensors' retrieved from /home/airflow/.local/lib/python3.11/site-packages/airflow/example_dags/example_sensors.py
[2024-02-29T05:34:39.625+0000] {logging_mixin.py:188} INFO - [2024-02-29T05:34:39.625+0000] {dag.py:3047} INFO - Sync 1 DAGs
[2024-02-29T05:34:39.677+0000] {logging_mixin.py:188} INFO - [2024-02-29T05:34:39.677+0000] {dag.py:3834} INFO - Setting next_dagrun for example_sensors to None, run_after=None
[2024-02-29T05:34:39.785+0000] {processor.py:183} INFO - Processing /home/airflow/.local/lib/python3.11/site-packages/airflow/example_dags/example_sensors.py took 0.345 seconds
[2024-02-29T05:35:09.943+0000] {processor.py:161} INFO - Started process (PID=422) to work on /home/airflow/.local/lib/python3.11/site-packages/airflow/example_dags/example_sensors.py
[2024-02-29T05:35:09.956+0000] {processor.py:830} INFO - Processing file /home/airflow/.local/lib/python3.11/site-packages/airflow/example_dags/example_sensors.py for tasks to queue
[2024-02-29T05:35:09.964+0000] {logging_mixin.py:188} INFO - [2024-02-29T05:35:09.963+0000] {dagbag.py:540} INFO - Filling up the DagBag from /home/airflow/.local/lib/python3.11/site-packages/airflow/example_dags/example_sensors.py
[2024-02-29T05:35:10.013+0000] {processor.py:840} INFO - DAG(s) 'example_sensors' retrieved from /home/airflow/.local/lib/python3.11/site-packages/airflow/example_dags/example_sensors.py
[2024-02-29T05:35:10.110+0000] {logging_mixin.py:188} INFO - [2024-02-29T05:35:10.109+0000] {dag.py:3047} INFO - Sync 1 DAGs
[2024-02-29T05:35:10.170+0000] {logging_mixin.py:188} INFO - [2024-02-29T05:35:10.170+0000] {dag.py:3834} INFO - Setting next_dagrun for example_sensors to None, run_after=None
[2024-02-29T05:35:10.201+0000] {processor.py:183} INFO - Processing /home/airflow/.local/lib/python3.11/site-packages/airflow/example_dags/example_sensors.py took 0.265 seconds
[2024-02-29T05:35:40.598+0000] {processor.py:161} INFO - Started process (PID=486) to work on /home/airflow/.local/lib/python3.11/site-packages/airflow/example_dags/example_sensors.py
[2024-02-29T05:35:40.599+0000] {processor.py:830} INFO - Processing file /home/airflow/.local/lib/python3.11/site-packages/airflow/example_dags/example_sensors.py for tasks to queue
[2024-02-29T05:35:40.602+0000] {logging_mixin.py:188} INFO - [2024-02-29T05:35:40.601+0000] {dagbag.py:540} INFO - Filling up the DagBag from /home/airflow/.local/lib/python3.11/site-packages/airflow/example_dags/example_sensors.py
[2024-02-29T05:35:40.612+0000] {processor.py:840} INFO - DAG(s) 'example_sensors' retrieved from /home/airflow/.local/lib/python3.11/site-packages/airflow/example_dags/example_sensors.py
[2024-02-29T05:35:40.640+0000] {logging_mixin.py:188} INFO - [2024-02-29T05:35:40.640+0000] {dag.py:3047} INFO - Sync 1 DAGs
[2024-02-29T05:35:40.653+0000] {logging_mixin.py:188} INFO - [2024-02-29T05:35:40.652+0000] {dag.py:3834} INFO - Setting next_dagrun for example_sensors to None, run_after=None
[2024-02-29T05:35:40.674+0000] {processor.py:183} INFO - Processing /home/airflow/.local/lib/python3.11/site-packages/airflow/example_dags/example_sensors.py took 0.080 seconds
[2024-02-29T05:36:11.207+0000] {processor.py:161} INFO - Started process (PID=547) to work on /home/airflow/.local/lib/python3.11/site-packages/airflow/example_dags/example_sensors.py
[2024-02-29T05:36:11.208+0000] {processor.py:830} INFO - Processing file /home/airflow/.local/lib/python3.11/site-packages/airflow/example_dags/example_sensors.py for tasks to queue
[2024-02-29T05:36:11.210+0000] {logging_mixin.py:188} INFO - [2024-02-29T05:36:11.210+0000] {dagbag.py:540} INFO - Filling up the DagBag from /home/airflow/.local/lib/python3.11/site-packages/airflow/example_dags/example_sensors.py
[2024-02-29T05:36:11.220+0000] {processor.py:840} INFO - DAG(s) 'example_sensors' retrieved from /home/airflow/.local/lib/python3.11/site-packages/airflow/example_dags/example_sensors.py
[2024-02-29T05:36:11.250+0000] {logging_mixin.py:188} INFO - [2024-02-29T05:36:11.250+0000] {dag.py:3047} INFO - Sync 1 DAGs
[2024-02-29T05:36:11.265+0000] {logging_mixin.py:188} INFO - [2024-02-29T05:36:11.265+0000] {dag.py:3834} INFO - Setting next_dagrun for example_sensors to None, run_after=None
[2024-02-29T05:36:11.286+0000] {processor.py:183} INFO - Processing /home/airflow/.local/lib/python3.11/site-packages/airflow/example_dags/example_sensors.py took 0.083 seconds
[2024-02-29T05:36:41.374+0000] {processor.py:161} INFO - Started process (PID=604) to work on /home/airflow/.local/lib/python3.11/site-packages/airflow/example_dags/example_sensors.py
[2024-02-29T05:36:41.375+0000] {processor.py:830} INFO - Processing file /home/airflow/.local/lib/python3.11/site-packages/airflow/example_dags/example_sensors.py for tasks to queue
[2024-02-29T05:36:41.377+0000] {logging_mixin.py:188} INFO - [2024-02-29T05:36:41.377+0000] {dagbag.py:540} INFO - Filling up the DagBag from /home/airflow/.local/lib/python3.11/site-packages/airflow/example_dags/example_sensors.py
[2024-02-29T05:36:41.396+0000] {processor.py:840} INFO - DAG(s) 'example_sensors' retrieved from /home/airflow/.local/lib/python3.11/site-packages/airflow/example_dags/example_sensors.py
[2024-02-29T05:36:41.427+0000] {logging_mixin.py:188} INFO - [2024-02-29T05:36:41.427+0000] {dag.py:3047} INFO - Sync 1 DAGs
[2024-02-29T05:36:41.437+0000] {logging_mixin.py:188} INFO - [2024-02-29T05:36:41.437+0000] {dag.py:3834} INFO - Setting next_dagrun for example_sensors to None, run_after=None
[2024-02-29T05:36:41.460+0000] {processor.py:183} INFO - Processing /home/airflow/.local/lib/python3.11/site-packages/airflow/example_dags/example_sensors.py took 0.089 seconds
[2024-02-29T05:37:11.580+0000] {processor.py:161} INFO - Started process (PID=663) to work on /home/airflow/.local/lib/python3.11/site-packages/airflow/example_dags/example_sensors.py
[2024-02-29T05:37:11.581+0000] {processor.py:830} INFO - Processing file /home/airflow/.local/lib/python3.11/site-packages/airflow/example_dags/example_sensors.py for tasks to queue
[2024-02-29T05:37:11.583+0000] {logging_mixin.py:188} INFO - [2024-02-29T05:37:11.583+0000] {dagbag.py:540} INFO - Filling up the DagBag from /home/airflow/.local/lib/python3.11/site-packages/airflow/example_dags/example_sensors.py
[2024-02-29T05:37:11.593+0000] {processor.py:840} INFO - DAG(s) 'example_sensors' retrieved from /home/airflow/.local/lib/python3.11/site-packages/airflow/example_dags/example_sensors.py
[2024-02-29T05:37:11.626+0000] {logging_mixin.py:188} INFO - [2024-02-29T05:37:11.626+0000] {dag.py:3047} INFO - Sync 1 DAGs
[2024-02-29T05:37:11.638+0000] {logging_mixin.py:188} INFO - [2024-02-29T05:37:11.638+0000] {dag.py:3834} INFO - Setting next_dagrun for example_sensors to None, run_after=None
[2024-02-29T05:37:11.659+0000] {processor.py:183} INFO - Processing /home/airflow/.local/lib/python3.11/site-packages/airflow/example_dags/example_sensors.py took 0.083 seconds
[2024-02-29T05:37:42.371+0000] {processor.py:161} INFO - Started process (PID=720) to work on /home/airflow/.local/lib/python3.11/site-packages/airflow/example_dags/example_sensors.py
[2024-02-29T05:37:42.377+0000] {processor.py:830} INFO - Processing file /home/airflow/.local/lib/python3.11/site-packages/airflow/example_dags/example_sensors.py for tasks to queue
[2024-02-29T05:37:42.379+0000] {logging_mixin.py:188} INFO - [2024-02-29T05:37:42.379+0000] {dagbag.py:540} INFO - Filling up the DagBag from /home/airflow/.local/lib/python3.11/site-packages/airflow/example_dags/example_sensors.py
[2024-02-29T05:37:42.391+0000] {processor.py:840} INFO - DAG(s) 'example_sensors' retrieved from /home/airflow/.local/lib/python3.11/site-packages/airflow/example_dags/example_sensors.py
[2024-02-29T05:37:42.421+0000] {logging_mixin.py:188} INFO - [2024-02-29T05:37:42.420+0000] {dag.py:3047} INFO - Sync 1 DAGs
[2024-02-29T05:37:42.435+0000] {logging_mixin.py:188} INFO - [2024-02-29T05:37:42.435+0000] {dag.py:3834} INFO - Setting next_dagrun for example_sensors to None, run_after=None
[2024-02-29T05:37:42.455+0000] {processor.py:183} INFO - Processing /home/airflow/.local/lib/python3.11/site-packages/airflow/example_dags/example_sensors.py took 0.087 seconds
[2024-02-29T05:38:12.607+0000] {processor.py:161} INFO - Started process (PID=777) to work on /home/airflow/.local/lib/python3.11/site-packages/airflow/example_dags/example_sensors.py
[2024-02-29T05:38:12.608+0000] {processor.py:830} INFO - Processing file /home/airflow/.local/lib/python3.11/site-packages/airflow/example_dags/example_sensors.py for tasks to queue
[2024-02-29T05:38:12.610+0000] {logging_mixin.py:188} INFO - [2024-02-29T05:38:12.609+0000] {dagbag.py:540} INFO - Filling up the DagBag from /home/airflow/.local/lib/python3.11/site-packages/airflow/example_dags/example_sensors.py
[2024-02-29T05:38:12.619+0000] {processor.py:840} INFO - DAG(s) 'example_sensors' retrieved from /home/airflow/.local/lib/python3.11/site-packages/airflow/example_dags/example_sensors.py
[2024-02-29T05:38:12.661+0000] {logging_mixin.py:188} INFO - [2024-02-29T05:38:12.661+0000] {dag.py:3047} INFO - Sync 1 DAGs
[2024-02-29T05:38:12.671+0000] {logging_mixin.py:188} INFO - [2024-02-29T05:38:12.671+0000] {dag.py:3834} INFO - Setting next_dagrun for example_sensors to None, run_after=None
[2024-02-29T05:38:12.698+0000] {processor.py:183} INFO - Processing /home/airflow/.local/lib/python3.11/site-packages/airflow/example_dags/example_sensors.py took 0.094 seconds
[2024-02-29T05:38:42.927+0000] {processor.py:161} INFO - Started process (PID=833) to work on /home/airflow/.local/lib/python3.11/site-packages/airflow/example_dags/example_sensors.py
[2024-02-29T05:38:42.928+0000] {processor.py:830} INFO - Processing file /home/airflow/.local/lib/python3.11/site-packages/airflow/example_dags/example_sensors.py for tasks to queue
[2024-02-29T05:38:42.930+0000] {logging_mixin.py:188} INFO - [2024-02-29T05:38:42.930+0000] {dagbag.py:540} INFO - Filling up the DagBag from /home/airflow/.local/lib/python3.11/site-packages/airflow/example_dags/example_sensors.py
[2024-02-29T05:38:42.941+0000] {processor.py:840} INFO - DAG(s) 'example_sensors' retrieved from /home/airflow/.local/lib/python3.11/site-packages/airflow/example_dags/example_sensors.py
[2024-02-29T05:38:42.967+0000] {logging_mixin.py:188} INFO - [2024-02-29T05:38:42.967+0000] {dag.py:3047} INFO - Sync 1 DAGs
[2024-02-29T05:38:42.986+0000] {logging_mixin.py:188} INFO - [2024-02-29T05:38:42.985+0000] {dag.py:3834} INFO - Setting next_dagrun for example_sensors to None, run_after=None
[2024-02-29T05:38:43.009+0000] {processor.py:183} INFO - Processing /home/airflow/.local/lib/python3.11/site-packages/airflow/example_dags/example_sensors.py took 0.085 seconds
[2024-02-29T05:39:13.087+0000] {processor.py:161} INFO - Started process (PID=889) to work on /home/airflow/.local/lib/python3.11/site-packages/airflow/example_dags/example_sensors.py
[2024-02-29T05:39:13.091+0000] {processor.py:830} INFO - Processing file /home/airflow/.local/lib/python3.11/site-packages/airflow/example_dags/example_sensors.py for tasks to queue
[2024-02-29T05:39:13.093+0000] {logging_mixin.py:188} INFO - [2024-02-29T05:39:13.093+0000] {dagbag.py:540} INFO - Filling up the DagBag from /home/airflow/.local/lib/python3.11/site-packages/airflow/example_dags/example_sensors.py
[2024-02-29T05:39:13.116+0000] {processor.py:840} INFO - DAG(s) 'example_sensors' retrieved from /home/airflow/.local/lib/python3.11/site-packages/airflow/example_dags/example_sensors.py
[2024-02-29T05:39:13.196+0000] {logging_mixin.py:188} INFO - [2024-02-29T05:39:13.196+0000] {dag.py:3047} INFO - Sync 1 DAGs
[2024-02-29T05:39:13.229+0000] {logging_mixin.py:188} INFO - [2024-02-29T05:39:13.229+0000] {dag.py:3834} INFO - Setting next_dagrun for example_sensors to None, run_after=None
[2024-02-29T05:39:13.273+0000] {processor.py:183} INFO - Processing /home/airflow/.local/lib/python3.11/site-packages/airflow/example_dags/example_sensors.py took 0.197 seconds
[2024-02-29T05:39:43.406+0000] {processor.py:161} INFO - Started process (PID=947) to work on /home/airflow/.local/lib/python3.11/site-packages/airflow/example_dags/example_sensors.py
[2024-02-29T05:39:43.407+0000] {processor.py:830} INFO - Processing file /home/airflow/.local/lib/python3.11/site-packages/airflow/example_dags/example_sensors.py for tasks to queue
[2024-02-29T05:39:43.410+0000] {logging_mixin.py:188} INFO - [2024-02-29T05:39:43.409+0000] {dagbag.py:540} INFO - Filling up the DagBag from /home/airflow/.local/lib/python3.11/site-packages/airflow/example_dags/example_sensors.py
[2024-02-29T05:39:43.420+0000] {processor.py:840} INFO - DAG(s) 'example_sensors' retrieved from /home/airflow/.local/lib/python3.11/site-packages/airflow/example_dags/example_sensors.py
[2024-02-29T05:39:43.445+0000] {logging_mixin.py:188} INFO - [2024-02-29T05:39:43.445+0000] {dag.py:3047} INFO - Sync 1 DAGs
[2024-02-29T05:39:43.461+0000] {logging_mixin.py:188} INFO - [2024-02-29T05:39:43.461+0000] {dag.py:3834} INFO - Setting next_dagrun for example_sensors to None, run_after=None
[2024-02-29T05:39:43.488+0000] {processor.py:183} INFO - Processing /home/airflow/.local/lib/python3.11/site-packages/airflow/example_dags/example_sensors.py took 0.086 seconds
[2024-02-29T05:40:14.263+0000] {processor.py:161} INFO - Started process (PID=1003) to work on /home/airflow/.local/lib/python3.11/site-packages/airflow/example_dags/example_sensors.py
[2024-02-29T05:40:14.268+0000] {processor.py:830} INFO - Processing file /home/airflow/.local/lib/python3.11/site-packages/airflow/example_dags/example_sensors.py for tasks to queue
[2024-02-29T05:40:14.270+0000] {logging_mixin.py:188} INFO - [2024-02-29T05:40:14.270+0000] {dagbag.py:540} INFO - Filling up the DagBag from /home/airflow/.local/lib/python3.11/site-packages/airflow/example_dags/example_sensors.py
[2024-02-29T05:40:14.283+0000] {processor.py:840} INFO - DAG(s) 'example_sensors' retrieved from /home/airflow/.local/lib/python3.11/site-packages/airflow/example_dags/example_sensors.py
[2024-02-29T05:40:14.345+0000] {logging_mixin.py:188} INFO - [2024-02-29T05:40:14.345+0000] {dag.py:3047} INFO - Sync 1 DAGs
[2024-02-29T05:40:14.367+0000] {logging_mixin.py:188} INFO - [2024-02-29T05:40:14.367+0000] {dag.py:3834} INFO - Setting next_dagrun for example_sensors to None, run_after=None
[2024-02-29T05:40:14.414+0000] {processor.py:183} INFO - Processing /home/airflow/.local/lib/python3.11/site-packages/airflow/example_dags/example_sensors.py took 0.158 seconds
