[2024-02-29T05:31:54.860+0000] {processor.py:161} INFO - Started process (PID=34) to work on /home/airflow/.local/lib/python3.11/site-packages/airflow/example_dags/example_short_circuit_decorator.py
[2024-02-29T05:31:54.861+0000] {processor.py:830} INFO - Processing file /home/airflow/.local/lib/python3.11/site-packages/airflow/example_dags/example_short_circuit_decorator.py for tasks to queue
[2024-02-29T05:31:54.863+0000] {logging_mixin.py:188} INFO - [2024-02-29T05:31:54.862+0000] {dagbag.py:540} INFO - Filling up the DagBag from /home/airflow/.local/lib/python3.11/site-packages/airflow/example_dags/example_short_circuit_decorator.py
[2024-02-29T05:31:54.936+0000] {processor.py:840} INFO - DAG(s) 'example_short_circuit_decorator' retrieved from /home/airflow/.local/lib/python3.11/site-packages/airflow/example_dags/example_short_circuit_decorator.py
[2024-02-29T05:31:55.542+0000] {logging_mixin.py:188} INFO - [2024-02-29T05:31:55.542+0000] {dag.py:3047} INFO - Sync 1 DAGs
[2024-02-29T05:31:55.595+0000] {logging_mixin.py:188} INFO - [2024-02-29T05:31:55.595+0000] {dag.py:3834} INFO - Setting next_dagrun for example_short_circuit_decorator to 2024-02-28 00:00:00+00:00, run_after=2024-02-29 00:00:00+00:00
[2024-02-29T05:31:55.669+0000] {processor.py:183} INFO - Processing /home/airflow/.local/lib/python3.11/site-packages/airflow/example_dags/example_short_circuit_decorator.py took 0.826 seconds
[2024-02-29T05:32:28.560+0000] {processor.py:161} INFO - Started process (PID=89) to work on /home/airflow/.local/lib/python3.11/site-packages/airflow/example_dags/example_short_circuit_decorator.py
[2024-02-29T05:32:28.585+0000] {processor.py:830} INFO - Processing file /home/airflow/.local/lib/python3.11/site-packages/airflow/example_dags/example_short_circuit_decorator.py for tasks to queue
[2024-02-29T05:32:28.587+0000] {logging_mixin.py:188} INFO - [2024-02-29T05:32:28.586+0000] {dagbag.py:540} INFO - Filling up the DagBag from /home/airflow/.local/lib/python3.11/site-packages/airflow/example_dags/example_short_circuit_decorator.py
[2024-02-29T05:32:28.608+0000] {processor.py:840} INFO - DAG(s) 'example_short_circuit_decorator' retrieved from /home/airflow/.local/lib/python3.11/site-packages/airflow/example_dags/example_short_circuit_decorator.py
[2024-02-29T05:32:28.677+0000] {logging_mixin.py:188} INFO - [2024-02-29T05:32:28.677+0000] {dag.py:3047} INFO - Sync 1 DAGs
[2024-02-29T05:32:28.756+0000] {logging_mixin.py:188} INFO - [2024-02-29T05:32:28.756+0000] {dag.py:3834} INFO - Setting next_dagrun for example_short_circuit_decorator to 2024-02-28 00:00:00+00:00, run_after=2024-02-29 00:00:00+00:00
[2024-02-29T05:32:28.796+0000] {processor.py:183} INFO - Processing /home/airflow/.local/lib/python3.11/site-packages/airflow/example_dags/example_short_circuit_decorator.py took 0.239 seconds
[2024-02-29T05:32:59.119+0000] {processor.py:161} INFO - Started process (PID=144) to work on /home/airflow/.local/lib/python3.11/site-packages/airflow/example_dags/example_short_circuit_decorator.py
[2024-02-29T05:32:59.120+0000] {processor.py:830} INFO - Processing file /home/airflow/.local/lib/python3.11/site-packages/airflow/example_dags/example_short_circuit_decorator.py for tasks to queue
[2024-02-29T05:32:59.122+0000] {logging_mixin.py:188} INFO - [2024-02-29T05:32:59.122+0000] {dagbag.py:540} INFO - Filling up the DagBag from /home/airflow/.local/lib/python3.11/site-packages/airflow/example_dags/example_short_circuit_decorator.py
[2024-02-29T05:32:59.142+0000] {processor.py:840} INFO - DAG(s) 'example_short_circuit_decorator' retrieved from /home/airflow/.local/lib/python3.11/site-packages/airflow/example_dags/example_short_circuit_decorator.py
[2024-02-29T05:32:59.177+0000] {logging_mixin.py:188} INFO - [2024-02-29T05:32:59.177+0000] {dag.py:3047} INFO - Sync 1 DAGs
[2024-02-29T05:32:59.225+0000] {logging_mixin.py:188} INFO - [2024-02-29T05:32:59.225+0000] {dag.py:3834} INFO - Setting next_dagrun for example_short_circuit_decorator to 2024-02-28 00:00:00+00:00, run_after=2024-02-29 00:00:00+00:00
[2024-02-29T05:32:59.256+0000] {processor.py:183} INFO - Processing /home/airflow/.local/lib/python3.11/site-packages/airflow/example_dags/example_short_circuit_decorator.py took 0.140 seconds
[2024-02-29T05:33:29.631+0000] {processor.py:161} INFO - Started process (PID=206) to work on /home/airflow/.local/lib/python3.11/site-packages/airflow/example_dags/example_short_circuit_decorator.py
[2024-02-29T05:33:29.634+0000] {processor.py:830} INFO - Processing file /home/airflow/.local/lib/python3.11/site-packages/airflow/example_dags/example_short_circuit_decorator.py for tasks to queue
[2024-02-29T05:33:29.638+0000] {logging_mixin.py:188} INFO - [2024-02-29T05:33:29.637+0000] {dagbag.py:540} INFO - Filling up the DagBag from /home/airflow/.local/lib/python3.11/site-packages/airflow/example_dags/example_short_circuit_decorator.py
[2024-02-29T05:33:29.665+0000] {processor.py:840} INFO - DAG(s) 'example_short_circuit_decorator' retrieved from /home/airflow/.local/lib/python3.11/site-packages/airflow/example_dags/example_short_circuit_decorator.py
[2024-02-29T05:33:29.736+0000] {logging_mixin.py:188} INFO - [2024-02-29T05:33:29.736+0000] {dag.py:3047} INFO - Sync 1 DAGs
[2024-02-29T05:33:29.816+0000] {logging_mixin.py:188} INFO - [2024-02-29T05:33:29.813+0000] {dag.py:3834} INFO - Setting next_dagrun for example_short_circuit_decorator to 2024-02-28 00:00:00+00:00, run_after=2024-02-29 00:00:00+00:00
[2024-02-29T05:33:29.888+0000] {processor.py:183} INFO - Processing /home/airflow/.local/lib/python3.11/site-packages/airflow/example_dags/example_short_circuit_decorator.py took 0.279 seconds
[2024-02-29T05:34:00.074+0000] {processor.py:161} INFO - Started process (PID=268) to work on /home/airflow/.local/lib/python3.11/site-packages/airflow/example_dags/example_short_circuit_decorator.py
[2024-02-29T05:34:00.083+0000] {processor.py:830} INFO - Processing file /home/airflow/.local/lib/python3.11/site-packages/airflow/example_dags/example_short_circuit_decorator.py for tasks to queue
[2024-02-29T05:34:00.085+0000] {logging_mixin.py:188} INFO - [2024-02-29T05:34:00.085+0000] {dagbag.py:540} INFO - Filling up the DagBag from /home/airflow/.local/lib/python3.11/site-packages/airflow/example_dags/example_short_circuit_decorator.py
[2024-02-29T05:34:00.170+0000] {processor.py:840} INFO - DAG(s) 'example_short_circuit_decorator' retrieved from /home/airflow/.local/lib/python3.11/site-packages/airflow/example_dags/example_short_circuit_decorator.py
[2024-02-29T05:34:00.293+0000] {logging_mixin.py:188} INFO - [2024-02-29T05:34:00.293+0000] {dag.py:3047} INFO - Sync 1 DAGs
[2024-02-29T05:34:00.398+0000] {logging_mixin.py:188} INFO - [2024-02-29T05:34:00.397+0000] {dag.py:3834} INFO - Setting next_dagrun for example_short_circuit_decorator to 2024-02-28 00:00:00+00:00, run_after=2024-02-29 00:00:00+00:00
[2024-02-29T05:34:00.470+0000] {processor.py:183} INFO - Processing /home/airflow/.local/lib/python3.11/site-packages/airflow/example_dags/example_short_circuit_decorator.py took 0.409 seconds
[2024-02-29T05:34:30.610+0000] {processor.py:161} INFO - Started process (PID=331) to work on /home/airflow/.local/lib/python3.11/site-packages/airflow/example_dags/example_short_circuit_decorator.py
[2024-02-29T05:34:30.611+0000] {processor.py:830} INFO - Processing file /home/airflow/.local/lib/python3.11/site-packages/airflow/example_dags/example_short_circuit_decorator.py for tasks to queue
[2024-02-29T05:34:30.617+0000] {logging_mixin.py:188} INFO - [2024-02-29T05:34:30.617+0000] {dagbag.py:540} INFO - Filling up the DagBag from /home/airflow/.local/lib/python3.11/site-packages/airflow/example_dags/example_short_circuit_decorator.py
[2024-02-29T05:34:30.639+0000] {processor.py:840} INFO - DAG(s) 'example_short_circuit_decorator' retrieved from /home/airflow/.local/lib/python3.11/site-packages/airflow/example_dags/example_short_circuit_decorator.py
[2024-02-29T05:34:30.664+0000] {logging_mixin.py:188} INFO - [2024-02-29T05:34:30.664+0000] {dag.py:3047} INFO - Sync 1 DAGs
[2024-02-29T05:34:30.692+0000] {logging_mixin.py:188} INFO - [2024-02-29T05:34:30.692+0000] {dag.py:3834} INFO - Setting next_dagrun for example_short_circuit_decorator to 2024-02-28 00:00:00+00:00, run_after=2024-02-29 00:00:00+00:00
[2024-02-29T05:34:30.750+0000] {processor.py:183} INFO - Processing /home/airflow/.local/lib/python3.11/site-packages/airflow/example_dags/example_short_circuit_decorator.py took 0.150 seconds
[2024-02-29T05:35:01.405+0000] {processor.py:161} INFO - Started process (PID=395) to work on /home/airflow/.local/lib/python3.11/site-packages/airflow/example_dags/example_short_circuit_decorator.py
[2024-02-29T05:35:01.406+0000] {processor.py:830} INFO - Processing file /home/airflow/.local/lib/python3.11/site-packages/airflow/example_dags/example_short_circuit_decorator.py for tasks to queue
[2024-02-29T05:35:01.408+0000] {logging_mixin.py:188} INFO - [2024-02-29T05:35:01.408+0000] {dagbag.py:540} INFO - Filling up the DagBag from /home/airflow/.local/lib/python3.11/site-packages/airflow/example_dags/example_short_circuit_decorator.py
[2024-02-29T05:35:01.416+0000] {processor.py:840} INFO - DAG(s) 'example_short_circuit_decorator' retrieved from /home/airflow/.local/lib/python3.11/site-packages/airflow/example_dags/example_short_circuit_decorator.py
[2024-02-29T05:35:01.447+0000] {logging_mixin.py:188} INFO - [2024-02-29T05:35:01.447+0000] {dag.py:3047} INFO - Sync 1 DAGs
[2024-02-29T05:35:01.472+0000] {logging_mixin.py:188} INFO - [2024-02-29T05:35:01.472+0000] {dag.py:3834} INFO - Setting next_dagrun for example_short_circuit_decorator to 2024-02-28 00:00:00+00:00, run_after=2024-02-29 00:00:00+00:00
[2024-02-29T05:35:01.494+0000] {processor.py:183} INFO - Processing /home/airflow/.local/lib/python3.11/site-packages/airflow/example_dags/example_short_circuit_decorator.py took 0.092 seconds
[2024-02-29T05:35:32.344+0000] {processor.py:161} INFO - Started process (PID=464) to work on /home/airflow/.local/lib/python3.11/site-packages/airflow/example_dags/example_short_circuit_decorator.py
[2024-02-29T05:35:32.345+0000] {processor.py:830} INFO - Processing file /home/airflow/.local/lib/python3.11/site-packages/airflow/example_dags/example_short_circuit_decorator.py for tasks to queue
[2024-02-29T05:35:32.347+0000] {logging_mixin.py:188} INFO - [2024-02-29T05:35:32.346+0000] {dagbag.py:540} INFO - Filling up the DagBag from /home/airflow/.local/lib/python3.11/site-packages/airflow/example_dags/example_short_circuit_decorator.py
[2024-02-29T05:35:32.373+0000] {processor.py:840} INFO - DAG(s) 'example_short_circuit_decorator' retrieved from /home/airflow/.local/lib/python3.11/site-packages/airflow/example_dags/example_short_circuit_decorator.py
[2024-02-29T05:35:32.405+0000] {logging_mixin.py:188} INFO - [2024-02-29T05:35:32.404+0000] {dag.py:3047} INFO - Sync 1 DAGs
[2024-02-29T05:35:32.425+0000] {logging_mixin.py:188} INFO - [2024-02-29T05:35:32.425+0000] {dag.py:3834} INFO - Setting next_dagrun for example_short_circuit_decorator to 2024-02-28 00:00:00+00:00, run_after=2024-02-29 00:00:00+00:00
[2024-02-29T05:35:32.447+0000] {processor.py:183} INFO - Processing /home/airflow/.local/lib/python3.11/site-packages/airflow/example_dags/example_short_circuit_decorator.py took 0.106 seconds
[2024-02-29T05:36:03.203+0000] {processor.py:161} INFO - Started process (PID=526) to work on /home/airflow/.local/lib/python3.11/site-packages/airflow/example_dags/example_short_circuit_decorator.py
[2024-02-29T05:36:03.204+0000] {processor.py:830} INFO - Processing file /home/airflow/.local/lib/python3.11/site-packages/airflow/example_dags/example_short_circuit_decorator.py for tasks to queue
[2024-02-29T05:36:03.205+0000] {logging_mixin.py:188} INFO - [2024-02-29T05:36:03.205+0000] {dagbag.py:540} INFO - Filling up the DagBag from /home/airflow/.local/lib/python3.11/site-packages/airflow/example_dags/example_short_circuit_decorator.py
[2024-02-29T05:36:03.212+0000] {processor.py:840} INFO - DAG(s) 'example_short_circuit_decorator' retrieved from /home/airflow/.local/lib/python3.11/site-packages/airflow/example_dags/example_short_circuit_decorator.py
[2024-02-29T05:36:03.230+0000] {logging_mixin.py:188} INFO - [2024-02-29T05:36:03.230+0000] {dag.py:3047} INFO - Sync 1 DAGs
[2024-02-29T05:36:03.245+0000] {logging_mixin.py:188} INFO - [2024-02-29T05:36:03.245+0000] {dag.py:3834} INFO - Setting next_dagrun for example_short_circuit_decorator to 2024-02-28 00:00:00+00:00, run_after=2024-02-29 00:00:00+00:00
[2024-02-29T05:36:03.264+0000] {processor.py:183} INFO - Processing /home/airflow/.local/lib/python3.11/site-packages/airflow/example_dags/example_short_circuit_decorator.py took 0.064 seconds
[2024-02-29T05:36:33.403+0000] {processor.py:161} INFO - Started process (PID=585) to work on /home/airflow/.local/lib/python3.11/site-packages/airflow/example_dags/example_short_circuit_decorator.py
[2024-02-29T05:36:33.405+0000] {processor.py:830} INFO - Processing file /home/airflow/.local/lib/python3.11/site-packages/airflow/example_dags/example_short_circuit_decorator.py for tasks to queue
[2024-02-29T05:36:33.407+0000] {logging_mixin.py:188} INFO - [2024-02-29T05:36:33.406+0000] {dagbag.py:540} INFO - Filling up the DagBag from /home/airflow/.local/lib/python3.11/site-packages/airflow/example_dags/example_short_circuit_decorator.py
[2024-02-29T05:36:33.415+0000] {processor.py:840} INFO - DAG(s) 'example_short_circuit_decorator' retrieved from /home/airflow/.local/lib/python3.11/site-packages/airflow/example_dags/example_short_circuit_decorator.py
[2024-02-29T05:36:33.434+0000] {logging_mixin.py:188} INFO - [2024-02-29T05:36:33.434+0000] {dag.py:3047} INFO - Sync 1 DAGs
[2024-02-29T05:36:33.451+0000] {logging_mixin.py:188} INFO - [2024-02-29T05:36:33.451+0000] {dag.py:3834} INFO - Setting next_dagrun for example_short_circuit_decorator to 2024-02-28 00:00:00+00:00, run_after=2024-02-29 00:00:00+00:00
[2024-02-29T05:36:33.468+0000] {processor.py:183} INFO - Processing /home/airflow/.local/lib/python3.11/site-packages/airflow/example_dags/example_short_circuit_decorator.py took 0.068 seconds
[2024-02-29T05:37:03.577+0000] {processor.py:161} INFO - Started process (PID=644) to work on /home/airflow/.local/lib/python3.11/site-packages/airflow/example_dags/example_short_circuit_decorator.py
[2024-02-29T05:37:03.578+0000] {processor.py:830} INFO - Processing file /home/airflow/.local/lib/python3.11/site-packages/airflow/example_dags/example_short_circuit_decorator.py for tasks to queue
[2024-02-29T05:37:03.579+0000] {logging_mixin.py:188} INFO - [2024-02-29T05:37:03.579+0000] {dagbag.py:540} INFO - Filling up the DagBag from /home/airflow/.local/lib/python3.11/site-packages/airflow/example_dags/example_short_circuit_decorator.py
[2024-02-29T05:37:03.586+0000] {processor.py:840} INFO - DAG(s) 'example_short_circuit_decorator' retrieved from /home/airflow/.local/lib/python3.11/site-packages/airflow/example_dags/example_short_circuit_decorator.py
[2024-02-29T05:37:03.603+0000] {logging_mixin.py:188} INFO - [2024-02-29T05:37:03.603+0000] {dag.py:3047} INFO - Sync 1 DAGs
[2024-02-29T05:37:03.620+0000] {logging_mixin.py:188} INFO - [2024-02-29T05:37:03.620+0000] {dag.py:3834} INFO - Setting next_dagrun for example_short_circuit_decorator to 2024-02-28 00:00:00+00:00, run_after=2024-02-29 00:00:00+00:00
[2024-02-29T05:37:03.638+0000] {processor.py:183} INFO - Processing /home/airflow/.local/lib/python3.11/site-packages/airflow/example_dags/example_short_circuit_decorator.py took 0.064 seconds
[2024-02-29T05:37:34.466+0000] {processor.py:161} INFO - Started process (PID=701) to work on /home/airflow/.local/lib/python3.11/site-packages/airflow/example_dags/example_short_circuit_decorator.py
[2024-02-29T05:37:34.467+0000] {processor.py:830} INFO - Processing file /home/airflow/.local/lib/python3.11/site-packages/airflow/example_dags/example_short_circuit_decorator.py for tasks to queue
[2024-02-29T05:37:34.469+0000] {logging_mixin.py:188} INFO - [2024-02-29T05:37:34.468+0000] {dagbag.py:540} INFO - Filling up the DagBag from /home/airflow/.local/lib/python3.11/site-packages/airflow/example_dags/example_short_circuit_decorator.py
[2024-02-29T05:37:34.475+0000] {processor.py:840} INFO - DAG(s) 'example_short_circuit_decorator' retrieved from /home/airflow/.local/lib/python3.11/site-packages/airflow/example_dags/example_short_circuit_decorator.py
[2024-02-29T05:37:34.492+0000] {logging_mixin.py:188} INFO - [2024-02-29T05:37:34.492+0000] {dag.py:3047} INFO - Sync 1 DAGs
[2024-02-29T05:37:34.509+0000] {logging_mixin.py:188} INFO - [2024-02-29T05:37:34.508+0000] {dag.py:3834} INFO - Setting next_dagrun for example_short_circuit_decorator to 2024-02-28 00:00:00+00:00, run_after=2024-02-29 00:00:00+00:00
[2024-02-29T05:37:34.527+0000] {processor.py:183} INFO - Processing /home/airflow/.local/lib/python3.11/site-packages/airflow/example_dags/example_short_circuit_decorator.py took 0.064 seconds
[2024-02-29T05:38:05.504+0000] {processor.py:161} INFO - Started process (PID=758) to work on /home/airflow/.local/lib/python3.11/site-packages/airflow/example_dags/example_short_circuit_decorator.py
[2024-02-29T05:38:05.505+0000] {processor.py:830} INFO - Processing file /home/airflow/.local/lib/python3.11/site-packages/airflow/example_dags/example_short_circuit_decorator.py for tasks to queue
[2024-02-29T05:38:05.507+0000] {logging_mixin.py:188} INFO - [2024-02-29T05:38:05.506+0000] {dagbag.py:540} INFO - Filling up the DagBag from /home/airflow/.local/lib/python3.11/site-packages/airflow/example_dags/example_short_circuit_decorator.py
[2024-02-29T05:38:05.513+0000] {processor.py:840} INFO - DAG(s) 'example_short_circuit_decorator' retrieved from /home/airflow/.local/lib/python3.11/site-packages/airflow/example_dags/example_short_circuit_decorator.py
[2024-02-29T05:38:05.529+0000] {logging_mixin.py:188} INFO - [2024-02-29T05:38:05.529+0000] {dag.py:3047} INFO - Sync 1 DAGs
[2024-02-29T05:38:05.544+0000] {logging_mixin.py:188} INFO - [2024-02-29T05:38:05.544+0000] {dag.py:3834} INFO - Setting next_dagrun for example_short_circuit_decorator to 2024-02-28 00:00:00+00:00, run_after=2024-02-29 00:00:00+00:00
[2024-02-29T05:38:05.563+0000] {processor.py:183} INFO - Processing /home/airflow/.local/lib/python3.11/site-packages/airflow/example_dags/example_short_circuit_decorator.py took 0.064 seconds
[2024-02-29T05:38:35.697+0000] {processor.py:161} INFO - Started process (PID=814) to work on /home/airflow/.local/lib/python3.11/site-packages/airflow/example_dags/example_short_circuit_decorator.py
[2024-02-29T05:38:35.698+0000] {processor.py:830} INFO - Processing file /home/airflow/.local/lib/python3.11/site-packages/airflow/example_dags/example_short_circuit_decorator.py for tasks to queue
[2024-02-29T05:38:35.700+0000] {logging_mixin.py:188} INFO - [2024-02-29T05:38:35.700+0000] {dagbag.py:540} INFO - Filling up the DagBag from /home/airflow/.local/lib/python3.11/site-packages/airflow/example_dags/example_short_circuit_decorator.py
[2024-02-29T05:38:35.709+0000] {processor.py:840} INFO - DAG(s) 'example_short_circuit_decorator' retrieved from /home/airflow/.local/lib/python3.11/site-packages/airflow/example_dags/example_short_circuit_decorator.py
[2024-02-29T05:38:35.728+0000] {logging_mixin.py:188} INFO - [2024-02-29T05:38:35.728+0000] {dag.py:3047} INFO - Sync 1 DAGs
[2024-02-29T05:38:35.744+0000] {logging_mixin.py:188} INFO - [2024-02-29T05:38:35.744+0000] {dag.py:3834} INFO - Setting next_dagrun for example_short_circuit_decorator to 2024-02-28 00:00:00+00:00, run_after=2024-02-29 00:00:00+00:00
[2024-02-29T05:38:35.762+0000] {processor.py:183} INFO - Processing /home/airflow/.local/lib/python3.11/site-packages/airflow/example_dags/example_short_circuit_decorator.py took 0.068 seconds
[2024-02-29T05:39:06.852+0000] {processor.py:161} INFO - Started process (PID=871) to work on /home/airflow/.local/lib/python3.11/site-packages/airflow/example_dags/example_short_circuit_decorator.py
[2024-02-29T05:39:06.855+0000] {processor.py:830} INFO - Processing file /home/airflow/.local/lib/python3.11/site-packages/airflow/example_dags/example_short_circuit_decorator.py for tasks to queue
[2024-02-29T05:39:06.858+0000] {logging_mixin.py:188} INFO - [2024-02-29T05:39:06.857+0000] {dagbag.py:540} INFO - Filling up the DagBag from /home/airflow/.local/lib/python3.11/site-packages/airflow/example_dags/example_short_circuit_decorator.py
[2024-02-29T05:39:06.868+0000] {processor.py:840} INFO - DAG(s) 'example_short_circuit_decorator' retrieved from /home/airflow/.local/lib/python3.11/site-packages/airflow/example_dags/example_short_circuit_decorator.py
[2024-02-29T05:39:06.997+0000] {logging_mixin.py:188} INFO - [2024-02-29T05:39:06.997+0000] {dag.py:3047} INFO - Sync 1 DAGs
[2024-02-29T05:39:07.066+0000] {logging_mixin.py:188} INFO - [2024-02-29T05:39:07.065+0000] {dag.py:3834} INFO - Setting next_dagrun for example_short_circuit_decorator to 2024-02-28 00:00:00+00:00, run_after=2024-02-29 00:00:00+00:00
[2024-02-29T05:39:07.103+0000] {processor.py:183} INFO - Processing /home/airflow/.local/lib/python3.11/site-packages/airflow/example_dags/example_short_circuit_decorator.py took 0.254 seconds
[2024-02-29T05:39:37.209+0000] {processor.py:161} INFO - Started process (PID=929) to work on /home/airflow/.local/lib/python3.11/site-packages/airflow/example_dags/example_short_circuit_decorator.py
[2024-02-29T05:39:37.210+0000] {processor.py:830} INFO - Processing file /home/airflow/.local/lib/python3.11/site-packages/airflow/example_dags/example_short_circuit_decorator.py for tasks to queue
[2024-02-29T05:39:37.217+0000] {logging_mixin.py:188} INFO - [2024-02-29T05:39:37.212+0000] {dagbag.py:540} INFO - Filling up the DagBag from /home/airflow/.local/lib/python3.11/site-packages/airflow/example_dags/example_short_circuit_decorator.py
[2024-02-29T05:39:37.243+0000] {processor.py:840} INFO - DAG(s) 'example_short_circuit_decorator' retrieved from /home/airflow/.local/lib/python3.11/site-packages/airflow/example_dags/example_short_circuit_decorator.py
[2024-02-29T05:39:37.292+0000] {logging_mixin.py:188} INFO - [2024-02-29T05:39:37.292+0000] {dag.py:3047} INFO - Sync 1 DAGs
[2024-02-29T05:39:37.327+0000] {logging_mixin.py:188} INFO - [2024-02-29T05:39:37.326+0000] {dag.py:3834} INFO - Setting next_dagrun for example_short_circuit_decorator to 2024-02-28 00:00:00+00:00, run_after=2024-02-29 00:00:00+00:00
[2024-02-29T05:39:37.359+0000] {processor.py:183} INFO - Processing /home/airflow/.local/lib/python3.11/site-packages/airflow/example_dags/example_short_circuit_decorator.py took 0.153 seconds
[2024-02-29T05:40:07.443+0000] {processor.py:161} INFO - Started process (PID=985) to work on /home/airflow/.local/lib/python3.11/site-packages/airflow/example_dags/example_short_circuit_decorator.py
[2024-02-29T05:40:07.444+0000] {processor.py:830} INFO - Processing file /home/airflow/.local/lib/python3.11/site-packages/airflow/example_dags/example_short_circuit_decorator.py for tasks to queue
[2024-02-29T05:40:07.446+0000] {logging_mixin.py:188} INFO - [2024-02-29T05:40:07.446+0000] {dagbag.py:540} INFO - Filling up the DagBag from /home/airflow/.local/lib/python3.11/site-packages/airflow/example_dags/example_short_circuit_decorator.py
[2024-02-29T05:40:07.454+0000] {processor.py:840} INFO - DAG(s) 'example_short_circuit_decorator' retrieved from /home/airflow/.local/lib/python3.11/site-packages/airflow/example_dags/example_short_circuit_decorator.py
[2024-02-29T05:40:07.471+0000] {logging_mixin.py:188} INFO - [2024-02-29T05:40:07.471+0000] {dag.py:3047} INFO - Sync 1 DAGs
[2024-02-29T05:40:07.486+0000] {logging_mixin.py:188} INFO - [2024-02-29T05:40:07.486+0000] {dag.py:3834} INFO - Setting next_dagrun for example_short_circuit_decorator to 2024-02-28 00:00:00+00:00, run_after=2024-02-29 00:00:00+00:00
[2024-02-29T05:40:07.505+0000] {processor.py:183} INFO - Processing /home/airflow/.local/lib/python3.11/site-packages/airflow/example_dags/example_short_circuit_decorator.py took 0.065 seconds
