[2024-02-29T05:32:18.260+0000] {processor.py:161} INFO - Started process (PID=73) to work on /home/airflow/.local/lib/python3.11/site-packages/airflow/example_dags/example_setup_teardown_taskflow.py
[2024-02-29T05:32:18.272+0000] {processor.py:830} INFO - Processing file /home/airflow/.local/lib/python3.11/site-packages/airflow/example_dags/example_setup_teardown_taskflow.py for tasks to queue
[2024-02-29T05:32:18.277+0000] {logging_mixin.py:188} INFO - [2024-02-29T05:32:18.277+0000] {dagbag.py:540} INFO - Filling up the DagBag from /home/airflow/.local/lib/python3.11/site-packages/airflow/example_dags/example_setup_teardown_taskflow.py
[2024-02-29T05:32:18.411+0000] {processor.py:840} INFO - DAG(s) 'example_setup_teardown_taskflow' retrieved from /home/airflow/.local/lib/python3.11/site-packages/airflow/example_dags/example_setup_teardown_taskflow.py
[2024-02-29T05:32:19.697+0000] {logging_mixin.py:188} INFO - [2024-02-29T05:32:19.697+0000] {dag.py:3047} INFO - Sync 1 DAGs
[2024-02-29T05:32:19.824+0000] {logging_mixin.py:188} INFO - [2024-02-29T05:32:19.824+0000] {dag.py:3834} INFO - Setting next_dagrun for example_setup_teardown_taskflow to 2024-02-28 00:00:00+00:00, run_after=2024-02-29 00:00:00+00:00
[2024-02-29T05:32:20.117+0000] {processor.py:183} INFO - Processing /home/airflow/.local/lib/python3.11/site-packages/airflow/example_dags/example_setup_teardown_taskflow.py took 1.882 seconds
[2024-02-29T05:32:51.072+0000] {processor.py:161} INFO - Started process (PID=130) to work on /home/airflow/.local/lib/python3.11/site-packages/airflow/example_dags/example_setup_teardown_taskflow.py
[2024-02-29T05:32:51.073+0000] {processor.py:830} INFO - Processing file /home/airflow/.local/lib/python3.11/site-packages/airflow/example_dags/example_setup_teardown_taskflow.py for tasks to queue
[2024-02-29T05:32:51.075+0000] {logging_mixin.py:188} INFO - [2024-02-29T05:32:51.074+0000] {dagbag.py:540} INFO - Filling up the DagBag from /home/airflow/.local/lib/python3.11/site-packages/airflow/example_dags/example_setup_teardown_taskflow.py
[2024-02-29T05:32:51.088+0000] {processor.py:840} INFO - DAG(s) 'example_setup_teardown_taskflow' retrieved from /home/airflow/.local/lib/python3.11/site-packages/airflow/example_dags/example_setup_teardown_taskflow.py
[2024-02-29T05:32:51.125+0000] {logging_mixin.py:188} INFO - [2024-02-29T05:32:51.125+0000] {dag.py:3047} INFO - Sync 1 DAGs
[2024-02-29T05:32:51.163+0000] {logging_mixin.py:188} INFO - [2024-02-29T05:32:51.163+0000] {dag.py:3834} INFO - Setting next_dagrun for example_setup_teardown_taskflow to 2024-02-28 00:00:00+00:00, run_after=2024-02-29 00:00:00+00:00
[2024-02-29T05:32:51.190+0000] {processor.py:183} INFO - Processing /home/airflow/.local/lib/python3.11/site-packages/airflow/example_dags/example_setup_teardown_taskflow.py took 0.122 seconds
[2024-02-29T05:33:21.354+0000] {processor.py:161} INFO - Started process (PID=191) to work on /home/airflow/.local/lib/python3.11/site-packages/airflow/example_dags/example_setup_teardown_taskflow.py
[2024-02-29T05:33:21.355+0000] {processor.py:830} INFO - Processing file /home/airflow/.local/lib/python3.11/site-packages/airflow/example_dags/example_setup_teardown_taskflow.py for tasks to queue
[2024-02-29T05:33:21.357+0000] {logging_mixin.py:188} INFO - [2024-02-29T05:33:21.356+0000] {dagbag.py:540} INFO - Filling up the DagBag from /home/airflow/.local/lib/python3.11/site-packages/airflow/example_dags/example_setup_teardown_taskflow.py
[2024-02-29T05:33:21.364+0000] {processor.py:840} INFO - DAG(s) 'example_setup_teardown_taskflow' retrieved from /home/airflow/.local/lib/python3.11/site-packages/airflow/example_dags/example_setup_teardown_taskflow.py
[2024-02-29T05:33:21.381+0000] {logging_mixin.py:188} INFO - [2024-02-29T05:33:21.381+0000] {dag.py:3047} INFO - Sync 1 DAGs
[2024-02-29T05:33:21.397+0000] {logging_mixin.py:188} INFO - [2024-02-29T05:33:21.397+0000] {dag.py:3834} INFO - Setting next_dagrun for example_setup_teardown_taskflow to 2024-02-28 00:00:00+00:00, run_after=2024-02-29 00:00:00+00:00
[2024-02-29T05:33:21.423+0000] {processor.py:183} INFO - Processing /home/airflow/.local/lib/python3.11/site-packages/airflow/example_dags/example_setup_teardown_taskflow.py took 0.071 seconds
[2024-02-29T05:33:52.153+0000] {processor.py:161} INFO - Started process (PID=254) to work on /home/airflow/.local/lib/python3.11/site-packages/airflow/example_dags/example_setup_teardown_taskflow.py
[2024-02-29T05:33:52.154+0000] {processor.py:830} INFO - Processing file /home/airflow/.local/lib/python3.11/site-packages/airflow/example_dags/example_setup_teardown_taskflow.py for tasks to queue
[2024-02-29T05:33:52.156+0000] {logging_mixin.py:188} INFO - [2024-02-29T05:33:52.155+0000] {dagbag.py:540} INFO - Filling up the DagBag from /home/airflow/.local/lib/python3.11/site-packages/airflow/example_dags/example_setup_teardown_taskflow.py
[2024-02-29T05:33:52.164+0000] {processor.py:840} INFO - DAG(s) 'example_setup_teardown_taskflow' retrieved from /home/airflow/.local/lib/python3.11/site-packages/airflow/example_dags/example_setup_teardown_taskflow.py
[2024-02-29T05:33:52.185+0000] {logging_mixin.py:188} INFO - [2024-02-29T05:33:52.185+0000] {dag.py:3047} INFO - Sync 1 DAGs
[2024-02-29T05:33:52.200+0000] {logging_mixin.py:188} INFO - [2024-02-29T05:33:52.200+0000] {dag.py:3834} INFO - Setting next_dagrun for example_setup_teardown_taskflow to 2024-02-28 00:00:00+00:00, run_after=2024-02-29 00:00:00+00:00
[2024-02-29T05:33:52.221+0000] {processor.py:183} INFO - Processing /home/airflow/.local/lib/python3.11/site-packages/airflow/example_dags/example_setup_teardown_taskflow.py took 0.070 seconds
[2024-02-29T05:34:22.852+0000] {processor.py:161} INFO - Started process (PID=316) to work on /home/airflow/.local/lib/python3.11/site-packages/airflow/example_dags/example_setup_teardown_taskflow.py
[2024-02-29T05:34:22.853+0000] {processor.py:830} INFO - Processing file /home/airflow/.local/lib/python3.11/site-packages/airflow/example_dags/example_setup_teardown_taskflow.py for tasks to queue
[2024-02-29T05:34:22.855+0000] {logging_mixin.py:188} INFO - [2024-02-29T05:34:22.855+0000] {dagbag.py:540} INFO - Filling up the DagBag from /home/airflow/.local/lib/python3.11/site-packages/airflow/example_dags/example_setup_teardown_taskflow.py
[2024-02-29T05:34:22.866+0000] {processor.py:840} INFO - DAG(s) 'example_setup_teardown_taskflow' retrieved from /home/airflow/.local/lib/python3.11/site-packages/airflow/example_dags/example_setup_teardown_taskflow.py
[2024-02-29T05:34:22.884+0000] {logging_mixin.py:188} INFO - [2024-02-29T05:34:22.884+0000] {dag.py:3047} INFO - Sync 1 DAGs
[2024-02-29T05:34:22.907+0000] {logging_mixin.py:188} INFO - [2024-02-29T05:34:22.906+0000] {dag.py:3834} INFO - Setting next_dagrun for example_setup_teardown_taskflow to 2024-02-28 00:00:00+00:00, run_after=2024-02-29 00:00:00+00:00
[2024-02-29T05:34:22.926+0000] {processor.py:183} INFO - Processing /home/airflow/.local/lib/python3.11/site-packages/airflow/example_dags/example_setup_teardown_taskflow.py took 0.078 seconds
[2024-02-29T05:34:53.721+0000] {processor.py:161} INFO - Started process (PID=380) to work on /home/airflow/.local/lib/python3.11/site-packages/airflow/example_dags/example_setup_teardown_taskflow.py
[2024-02-29T05:34:53.722+0000] {processor.py:830} INFO - Processing file /home/airflow/.local/lib/python3.11/site-packages/airflow/example_dags/example_setup_teardown_taskflow.py for tasks to queue
[2024-02-29T05:34:53.723+0000] {logging_mixin.py:188} INFO - [2024-02-29T05:34:53.723+0000] {dagbag.py:540} INFO - Filling up the DagBag from /home/airflow/.local/lib/python3.11/site-packages/airflow/example_dags/example_setup_teardown_taskflow.py
[2024-02-29T05:34:53.730+0000] {processor.py:840} INFO - DAG(s) 'example_setup_teardown_taskflow' retrieved from /home/airflow/.local/lib/python3.11/site-packages/airflow/example_dags/example_setup_teardown_taskflow.py
[2024-02-29T05:34:53.747+0000] {logging_mixin.py:188} INFO - [2024-02-29T05:34:53.747+0000] {dag.py:3047} INFO - Sync 1 DAGs
[2024-02-29T05:34:53.762+0000] {logging_mixin.py:188} INFO - [2024-02-29T05:34:53.762+0000] {dag.py:3834} INFO - Setting next_dagrun for example_setup_teardown_taskflow to 2024-02-28 00:00:00+00:00, run_after=2024-02-29 00:00:00+00:00
[2024-02-29T05:34:53.783+0000] {processor.py:183} INFO - Processing /home/airflow/.local/lib/python3.11/site-packages/airflow/example_dags/example_setup_teardown_taskflow.py took 0.065 seconds
[2024-02-29T05:35:24.512+0000] {processor.py:161} INFO - Started process (PID=440) to work on /home/airflow/.local/lib/python3.11/site-packages/airflow/example_dags/example_setup_teardown_taskflow.py
[2024-02-29T05:35:24.512+0000] {processor.py:830} INFO - Processing file /home/airflow/.local/lib/python3.11/site-packages/airflow/example_dags/example_setup_teardown_taskflow.py for tasks to queue
[2024-02-29T05:35:24.514+0000] {logging_mixin.py:188} INFO - [2024-02-29T05:35:24.514+0000] {dagbag.py:540} INFO - Filling up the DagBag from /home/airflow/.local/lib/python3.11/site-packages/airflow/example_dags/example_setup_teardown_taskflow.py
[2024-02-29T05:35:24.521+0000] {processor.py:840} INFO - DAG(s) 'example_setup_teardown_taskflow' retrieved from /home/airflow/.local/lib/python3.11/site-packages/airflow/example_dags/example_setup_teardown_taskflow.py
[2024-02-29T05:35:24.537+0000] {logging_mixin.py:188} INFO - [2024-02-29T05:35:24.537+0000] {dag.py:3047} INFO - Sync 1 DAGs
[2024-02-29T05:35:24.557+0000] {logging_mixin.py:188} INFO - [2024-02-29T05:35:24.556+0000] {dag.py:3834} INFO - Setting next_dagrun for example_setup_teardown_taskflow to 2024-02-28 00:00:00+00:00, run_after=2024-02-29 00:00:00+00:00
[2024-02-29T05:35:24.575+0000] {processor.py:183} INFO - Processing /home/airflow/.local/lib/python3.11/site-packages/airflow/example_dags/example_setup_teardown_taskflow.py took 0.066 seconds
[2024-02-29T05:35:55.322+0000] {processor.py:161} INFO - Started process (PID=504) to work on /home/airflow/.local/lib/python3.11/site-packages/airflow/example_dags/example_setup_teardown_taskflow.py
[2024-02-29T05:35:55.323+0000] {processor.py:830} INFO - Processing file /home/airflow/.local/lib/python3.11/site-packages/airflow/example_dags/example_setup_teardown_taskflow.py for tasks to queue
[2024-02-29T05:35:55.325+0000] {logging_mixin.py:188} INFO - [2024-02-29T05:35:55.325+0000] {dagbag.py:540} INFO - Filling up the DagBag from /home/airflow/.local/lib/python3.11/site-packages/airflow/example_dags/example_setup_teardown_taskflow.py
[2024-02-29T05:35:55.335+0000] {processor.py:840} INFO - DAG(s) 'example_setup_teardown_taskflow' retrieved from /home/airflow/.local/lib/python3.11/site-packages/airflow/example_dags/example_setup_teardown_taskflow.py
[2024-02-29T05:35:55.361+0000] {logging_mixin.py:188} INFO - [2024-02-29T05:35:55.360+0000] {dag.py:3047} INFO - Sync 1 DAGs
[2024-02-29T05:35:55.384+0000] {logging_mixin.py:188} INFO - [2024-02-29T05:35:55.384+0000] {dag.py:3834} INFO - Setting next_dagrun for example_setup_teardown_taskflow to 2024-02-28 00:00:00+00:00, run_after=2024-02-29 00:00:00+00:00
[2024-02-29T05:35:55.410+0000] {processor.py:183} INFO - Processing /home/airflow/.local/lib/python3.11/site-packages/airflow/example_dags/example_setup_teardown_taskflow.py took 0.092 seconds
[2024-02-29T05:36:25.796+0000] {processor.py:161} INFO - Started process (PID=564) to work on /home/airflow/.local/lib/python3.11/site-packages/airflow/example_dags/example_setup_teardown_taskflow.py
[2024-02-29T05:36:25.797+0000] {processor.py:830} INFO - Processing file /home/airflow/.local/lib/python3.11/site-packages/airflow/example_dags/example_setup_teardown_taskflow.py for tasks to queue
[2024-02-29T05:36:25.798+0000] {logging_mixin.py:188} INFO - [2024-02-29T05:36:25.798+0000] {dagbag.py:540} INFO - Filling up the DagBag from /home/airflow/.local/lib/python3.11/site-packages/airflow/example_dags/example_setup_teardown_taskflow.py
[2024-02-29T05:36:25.806+0000] {processor.py:840} INFO - DAG(s) 'example_setup_teardown_taskflow' retrieved from /home/airflow/.local/lib/python3.11/site-packages/airflow/example_dags/example_setup_teardown_taskflow.py
[2024-02-29T05:36:25.830+0000] {logging_mixin.py:188} INFO - [2024-02-29T05:36:25.830+0000] {dag.py:3047} INFO - Sync 1 DAGs
[2024-02-29T05:36:25.845+0000] {logging_mixin.py:188} INFO - [2024-02-29T05:36:25.845+0000] {dag.py:3834} INFO - Setting next_dagrun for example_setup_teardown_taskflow to 2024-02-28 00:00:00+00:00, run_after=2024-02-29 00:00:00+00:00
[2024-02-29T05:36:25.863+0000] {processor.py:183} INFO - Processing /home/airflow/.local/lib/python3.11/site-packages/airflow/example_dags/example_setup_teardown_taskflow.py took 0.070 seconds
[2024-02-29T05:36:55.983+0000] {processor.py:161} INFO - Started process (PID=625) to work on /home/airflow/.local/lib/python3.11/site-packages/airflow/example_dags/example_setup_teardown_taskflow.py
[2024-02-29T05:36:55.984+0000] {processor.py:830} INFO - Processing file /home/airflow/.local/lib/python3.11/site-packages/airflow/example_dags/example_setup_teardown_taskflow.py for tasks to queue
[2024-02-29T05:36:55.985+0000] {logging_mixin.py:188} INFO - [2024-02-29T05:36:55.985+0000] {dagbag.py:540} INFO - Filling up the DagBag from /home/airflow/.local/lib/python3.11/site-packages/airflow/example_dags/example_setup_teardown_taskflow.py
[2024-02-29T05:36:55.993+0000] {processor.py:840} INFO - DAG(s) 'example_setup_teardown_taskflow' retrieved from /home/airflow/.local/lib/python3.11/site-packages/airflow/example_dags/example_setup_teardown_taskflow.py
[2024-02-29T05:36:56.014+0000] {logging_mixin.py:188} INFO - [2024-02-29T05:36:56.014+0000] {dag.py:3047} INFO - Sync 1 DAGs
[2024-02-29T05:36:56.033+0000] {logging_mixin.py:188} INFO - [2024-02-29T05:36:56.033+0000] {dag.py:3834} INFO - Setting next_dagrun for example_setup_teardown_taskflow to 2024-02-28 00:00:00+00:00, run_after=2024-02-29 00:00:00+00:00
[2024-02-29T05:36:56.052+0000] {processor.py:183} INFO - Processing /home/airflow/.local/lib/python3.11/site-packages/airflow/example_dags/example_setup_teardown_taskflow.py took 0.071 seconds
[2024-02-29T05:37:26.798+0000] {processor.py:161} INFO - Started process (PID=681) to work on /home/airflow/.local/lib/python3.11/site-packages/airflow/example_dags/example_setup_teardown_taskflow.py
[2024-02-29T05:37:26.809+0000] {processor.py:830} INFO - Processing file /home/airflow/.local/lib/python3.11/site-packages/airflow/example_dags/example_setup_teardown_taskflow.py for tasks to queue
[2024-02-29T05:37:26.813+0000] {logging_mixin.py:188} INFO - [2024-02-29T05:37:26.812+0000] {dagbag.py:540} INFO - Filling up the DagBag from /home/airflow/.local/lib/python3.11/site-packages/airflow/example_dags/example_setup_teardown_taskflow.py
[2024-02-29T05:37:26.846+0000] {processor.py:840} INFO - DAG(s) 'example_setup_teardown_taskflow' retrieved from /home/airflow/.local/lib/python3.11/site-packages/airflow/example_dags/example_setup_teardown_taskflow.py
[2024-02-29T05:37:26.888+0000] {logging_mixin.py:188} INFO - [2024-02-29T05:37:26.888+0000] {dag.py:3047} INFO - Sync 1 DAGs
[2024-02-29T05:37:26.914+0000] {logging_mixin.py:188} INFO - [2024-02-29T05:37:26.914+0000] {dag.py:3834} INFO - Setting next_dagrun for example_setup_teardown_taskflow to 2024-02-28 00:00:00+00:00, run_after=2024-02-29 00:00:00+00:00
[2024-02-29T05:37:26.951+0000] {processor.py:183} INFO - Processing /home/airflow/.local/lib/python3.11/site-packages/airflow/example_dags/example_setup_teardown_taskflow.py took 0.156 seconds
[2024-02-29T05:37:57.323+0000] {processor.py:161} INFO - Started process (PID=738) to work on /home/airflow/.local/lib/python3.11/site-packages/airflow/example_dags/example_setup_teardown_taskflow.py
[2024-02-29T05:37:57.324+0000] {processor.py:830} INFO - Processing file /home/airflow/.local/lib/python3.11/site-packages/airflow/example_dags/example_setup_teardown_taskflow.py for tasks to queue
[2024-02-29T05:37:57.326+0000] {logging_mixin.py:188} INFO - [2024-02-29T05:37:57.325+0000] {dagbag.py:540} INFO - Filling up the DagBag from /home/airflow/.local/lib/python3.11/site-packages/airflow/example_dags/example_setup_teardown_taskflow.py
[2024-02-29T05:37:57.344+0000] {processor.py:840} INFO - DAG(s) 'example_setup_teardown_taskflow' retrieved from /home/airflow/.local/lib/python3.11/site-packages/airflow/example_dags/example_setup_teardown_taskflow.py
[2024-02-29T05:37:57.392+0000] {logging_mixin.py:188} INFO - [2024-02-29T05:37:57.392+0000] {dag.py:3047} INFO - Sync 1 DAGs
[2024-02-29T05:37:57.418+0000] {logging_mixin.py:188} INFO - [2024-02-29T05:37:57.418+0000] {dag.py:3834} INFO - Setting next_dagrun for example_setup_teardown_taskflow to 2024-02-28 00:00:00+00:00, run_after=2024-02-29 00:00:00+00:00
[2024-02-29T05:37:57.441+0000] {processor.py:183} INFO - Processing /home/airflow/.local/lib/python3.11/site-packages/airflow/example_dags/example_setup_teardown_taskflow.py took 0.128 seconds
[2024-02-29T05:38:27.561+0000] {processor.py:161} INFO - Started process (PID=795) to work on /home/airflow/.local/lib/python3.11/site-packages/airflow/example_dags/example_setup_teardown_taskflow.py
[2024-02-29T05:38:27.562+0000] {processor.py:830} INFO - Processing file /home/airflow/.local/lib/python3.11/site-packages/airflow/example_dags/example_setup_teardown_taskflow.py for tasks to queue
[2024-02-29T05:38:27.563+0000] {logging_mixin.py:188} INFO - [2024-02-29T05:38:27.563+0000] {dagbag.py:540} INFO - Filling up the DagBag from /home/airflow/.local/lib/python3.11/site-packages/airflow/example_dags/example_setup_teardown_taskflow.py
[2024-02-29T05:38:27.571+0000] {processor.py:840} INFO - DAG(s) 'example_setup_teardown_taskflow' retrieved from /home/airflow/.local/lib/python3.11/site-packages/airflow/example_dags/example_setup_teardown_taskflow.py
[2024-02-29T05:38:27.587+0000] {logging_mixin.py:188} INFO - [2024-02-29T05:38:27.587+0000] {dag.py:3047} INFO - Sync 1 DAGs
[2024-02-29T05:38:27.602+0000] {logging_mixin.py:188} INFO - [2024-02-29T05:38:27.602+0000] {dag.py:3834} INFO - Setting next_dagrun for example_setup_teardown_taskflow to 2024-02-28 00:00:00+00:00, run_after=2024-02-29 00:00:00+00:00
[2024-02-29T05:38:27.621+0000] {processor.py:183} INFO - Processing /home/airflow/.local/lib/python3.11/site-packages/airflow/example_dags/example_setup_teardown_taskflow.py took 0.062 seconds
[2024-02-29T05:38:57.891+0000] {processor.py:161} INFO - Started process (PID=852) to work on /home/airflow/.local/lib/python3.11/site-packages/airflow/example_dags/example_setup_teardown_taskflow.py
[2024-02-29T05:38:57.894+0000] {processor.py:830} INFO - Processing file /home/airflow/.local/lib/python3.11/site-packages/airflow/example_dags/example_setup_teardown_taskflow.py for tasks to queue
[2024-02-29T05:38:57.896+0000] {logging_mixin.py:188} INFO - [2024-02-29T05:38:57.896+0000] {dagbag.py:540} INFO - Filling up the DagBag from /home/airflow/.local/lib/python3.11/site-packages/airflow/example_dags/example_setup_teardown_taskflow.py
[2024-02-29T05:38:57.919+0000] {processor.py:840} INFO - DAG(s) 'example_setup_teardown_taskflow' retrieved from /home/airflow/.local/lib/python3.11/site-packages/airflow/example_dags/example_setup_teardown_taskflow.py
[2024-02-29T05:38:57.957+0000] {logging_mixin.py:188} INFO - [2024-02-29T05:38:57.957+0000] {dag.py:3047} INFO - Sync 1 DAGs
[2024-02-29T05:38:57.982+0000] {logging_mixin.py:188} INFO - [2024-02-29T05:38:57.982+0000] {dag.py:3834} INFO - Setting next_dagrun for example_setup_teardown_taskflow to 2024-02-28 00:00:00+00:00, run_after=2024-02-29 00:00:00+00:00
[2024-02-29T05:38:58.002+0000] {processor.py:183} INFO - Processing /home/airflow/.local/lib/python3.11/site-packages/airflow/example_dags/example_setup_teardown_taskflow.py took 0.114 seconds
[2024-02-29T05:39:28.368+0000] {processor.py:161} INFO - Started process (PID=909) to work on /home/airflow/.local/lib/python3.11/site-packages/airflow/example_dags/example_setup_teardown_taskflow.py
[2024-02-29T05:39:28.369+0000] {processor.py:830} INFO - Processing file /home/airflow/.local/lib/python3.11/site-packages/airflow/example_dags/example_setup_teardown_taskflow.py for tasks to queue
[2024-02-29T05:39:28.371+0000] {logging_mixin.py:188} INFO - [2024-02-29T05:39:28.370+0000] {dagbag.py:540} INFO - Filling up the DagBag from /home/airflow/.local/lib/python3.11/site-packages/airflow/example_dags/example_setup_teardown_taskflow.py
[2024-02-29T05:39:28.381+0000] {processor.py:840} INFO - DAG(s) 'example_setup_teardown_taskflow' retrieved from /home/airflow/.local/lib/python3.11/site-packages/airflow/example_dags/example_setup_teardown_taskflow.py
[2024-02-29T05:39:28.408+0000] {logging_mixin.py:188} INFO - [2024-02-29T05:39:28.407+0000] {dag.py:3047} INFO - Sync 1 DAGs
[2024-02-29T05:39:28.439+0000] {logging_mixin.py:188} INFO - [2024-02-29T05:39:28.439+0000] {dag.py:3834} INFO - Setting next_dagrun for example_setup_teardown_taskflow to 2024-02-28 00:00:00+00:00, run_after=2024-02-29 00:00:00+00:00
[2024-02-29T05:39:28.475+0000] {processor.py:183} INFO - Processing /home/airflow/.local/lib/python3.11/site-packages/airflow/example_dags/example_setup_teardown_taskflow.py took 0.110 seconds
[2024-02-29T05:39:58.673+0000] {processor.py:161} INFO - Started process (PID=966) to work on /home/airflow/.local/lib/python3.11/site-packages/airflow/example_dags/example_setup_teardown_taskflow.py
[2024-02-29T05:39:58.673+0000] {processor.py:830} INFO - Processing file /home/airflow/.local/lib/python3.11/site-packages/airflow/example_dags/example_setup_teardown_taskflow.py for tasks to queue
[2024-02-29T05:39:58.675+0000] {logging_mixin.py:188} INFO - [2024-02-29T05:39:58.674+0000] {dagbag.py:540} INFO - Filling up the DagBag from /home/airflow/.local/lib/python3.11/site-packages/airflow/example_dags/example_setup_teardown_taskflow.py
[2024-02-29T05:39:58.682+0000] {processor.py:840} INFO - DAG(s) 'example_setup_teardown_taskflow' retrieved from /home/airflow/.local/lib/python3.11/site-packages/airflow/example_dags/example_setup_teardown_taskflow.py
[2024-02-29T05:39:58.698+0000] {logging_mixin.py:188} INFO - [2024-02-29T05:39:58.698+0000] {dag.py:3047} INFO - Sync 1 DAGs
[2024-02-29T05:39:58.719+0000] {logging_mixin.py:188} INFO - [2024-02-29T05:39:58.719+0000] {dag.py:3834} INFO - Setting next_dagrun for example_setup_teardown_taskflow to 2024-02-28 00:00:00+00:00, run_after=2024-02-29 00:00:00+00:00
[2024-02-29T05:39:58.743+0000] {processor.py:183} INFO - Processing /home/airflow/.local/lib/python3.11/site-packages/airflow/example_dags/example_setup_teardown_taskflow.py took 0.073 seconds
