[2024-02-29T05:31:56.593+0000] {processor.py:161} INFO - Started process (PID=37) to work on /home/airflow/.local/lib/python3.11/site-packages/airflow/example_dags/example_task_group_decorator.py
[2024-02-29T05:31:56.624+0000] {processor.py:830} INFO - Processing file /home/airflow/.local/lib/python3.11/site-packages/airflow/example_dags/example_task_group_decorator.py for tasks to queue
[2024-02-29T05:31:56.630+0000] {logging_mixin.py:188} INFO - [2024-02-29T05:31:56.629+0000] {dagbag.py:540} INFO - Filling up the DagBag from /home/airflow/.local/lib/python3.11/site-packages/airflow/example_dags/example_task_group_decorator.py
[2024-02-29T05:31:56.712+0000] {processor.py:840} INFO - DAG(s) 'example_task_group_decorator' retrieved from /home/airflow/.local/lib/python3.11/site-packages/airflow/example_dags/example_task_group_decorator.py
[2024-02-29T05:31:57.317+0000] {logging_mixin.py:188} INFO - [2024-02-29T05:31:57.317+0000] {dag.py:3047} INFO - Sync 1 DAGs
[2024-02-29T05:31:57.435+0000] {logging_mixin.py:188} INFO - [2024-02-29T05:31:57.435+0000] {dag.py:3834} INFO - Setting next_dagrun for example_task_group_decorator to 2024-02-28 00:00:00+00:00, run_after=2024-02-29 00:00:00+00:00
[2024-02-29T05:31:57.505+0000] {processor.py:183} INFO - Processing /home/airflow/.local/lib/python3.11/site-packages/airflow/example_dags/example_task_group_decorator.py took 0.914 seconds
[2024-02-29T05:32:29.788+0000] {processor.py:161} INFO - Started process (PID=92) to work on /home/airflow/.local/lib/python3.11/site-packages/airflow/example_dags/example_task_group_decorator.py
[2024-02-29T05:32:29.793+0000] {processor.py:830} INFO - Processing file /home/airflow/.local/lib/python3.11/site-packages/airflow/example_dags/example_task_group_decorator.py for tasks to queue
[2024-02-29T05:32:29.795+0000] {logging_mixin.py:188} INFO - [2024-02-29T05:32:29.795+0000] {dagbag.py:540} INFO - Filling up the DagBag from /home/airflow/.local/lib/python3.11/site-packages/airflow/example_dags/example_task_group_decorator.py
[2024-02-29T05:32:29.823+0000] {processor.py:840} INFO - DAG(s) 'example_task_group_decorator' retrieved from /home/airflow/.local/lib/python3.11/site-packages/airflow/example_dags/example_task_group_decorator.py
[2024-02-29T05:32:29.948+0000] {logging_mixin.py:188} INFO - [2024-02-29T05:32:29.948+0000] {dag.py:3047} INFO - Sync 1 DAGs
[2024-02-29T05:32:30.010+0000] {logging_mixin.py:188} INFO - [2024-02-29T05:32:30.009+0000] {dag.py:3834} INFO - Setting next_dagrun for example_task_group_decorator to 2024-02-28 00:00:00+00:00, run_after=2024-02-29 00:00:00+00:00
[2024-02-29T05:32:30.081+0000] {processor.py:183} INFO - Processing /home/airflow/.local/lib/python3.11/site-packages/airflow/example_dags/example_task_group_decorator.py took 0.296 seconds
[2024-02-29T05:33:00.323+0000] {processor.py:161} INFO - Started process (PID=147) to work on /home/airflow/.local/lib/python3.11/site-packages/airflow/example_dags/example_task_group_decorator.py
[2024-02-29T05:33:00.324+0000] {processor.py:830} INFO - Processing file /home/airflow/.local/lib/python3.11/site-packages/airflow/example_dags/example_task_group_decorator.py for tasks to queue
[2024-02-29T05:33:00.326+0000] {logging_mixin.py:188} INFO - [2024-02-29T05:33:00.325+0000] {dagbag.py:540} INFO - Filling up the DagBag from /home/airflow/.local/lib/python3.11/site-packages/airflow/example_dags/example_task_group_decorator.py
[2024-02-29T05:33:00.342+0000] {processor.py:840} INFO - DAG(s) 'example_task_group_decorator' retrieved from /home/airflow/.local/lib/python3.11/site-packages/airflow/example_dags/example_task_group_decorator.py
[2024-02-29T05:33:00.369+0000] {logging_mixin.py:188} INFO - [2024-02-29T05:33:00.368+0000] {dag.py:3047} INFO - Sync 1 DAGs
[2024-02-29T05:33:00.391+0000] {logging_mixin.py:188} INFO - [2024-02-29T05:33:00.391+0000] {dag.py:3834} INFO - Setting next_dagrun for example_task_group_decorator to 2024-02-28 00:00:00+00:00, run_after=2024-02-29 00:00:00+00:00
[2024-02-29T05:33:00.416+0000] {processor.py:183} INFO - Processing /home/airflow/.local/lib/python3.11/site-packages/airflow/example_dags/example_task_group_decorator.py took 0.096 seconds
[2024-02-29T05:33:31.041+0000] {processor.py:161} INFO - Started process (PID=210) to work on /home/airflow/.local/lib/python3.11/site-packages/airflow/example_dags/example_task_group_decorator.py
[2024-02-29T05:33:31.042+0000] {processor.py:830} INFO - Processing file /home/airflow/.local/lib/python3.11/site-packages/airflow/example_dags/example_task_group_decorator.py for tasks to queue
[2024-02-29T05:33:31.044+0000] {logging_mixin.py:188} INFO - [2024-02-29T05:33:31.044+0000] {dagbag.py:540} INFO - Filling up the DagBag from /home/airflow/.local/lib/python3.11/site-packages/airflow/example_dags/example_task_group_decorator.py
[2024-02-29T05:33:31.058+0000] {processor.py:840} INFO - DAG(s) 'example_task_group_decorator' retrieved from /home/airflow/.local/lib/python3.11/site-packages/airflow/example_dags/example_task_group_decorator.py
[2024-02-29T05:33:31.090+0000] {logging_mixin.py:188} INFO - [2024-02-29T05:33:31.090+0000] {dag.py:3047} INFO - Sync 1 DAGs
[2024-02-29T05:33:31.114+0000] {logging_mixin.py:188} INFO - [2024-02-29T05:33:31.114+0000] {dag.py:3834} INFO - Setting next_dagrun for example_task_group_decorator to 2024-02-28 00:00:00+00:00, run_after=2024-02-29 00:00:00+00:00
[2024-02-29T05:33:31.135+0000] {processor.py:183} INFO - Processing /home/airflow/.local/lib/python3.11/site-packages/airflow/example_dags/example_task_group_decorator.py took 0.100 seconds
[2024-02-29T05:34:01.858+0000] {processor.py:161} INFO - Started process (PID=278) to work on /home/airflow/.local/lib/python3.11/site-packages/airflow/example_dags/example_task_group_decorator.py
[2024-02-29T05:34:01.879+0000] {processor.py:830} INFO - Processing file /home/airflow/.local/lib/python3.11/site-packages/airflow/example_dags/example_task_group_decorator.py for tasks to queue
[2024-02-29T05:34:01.892+0000] {logging_mixin.py:188} INFO - [2024-02-29T05:34:01.891+0000] {dagbag.py:540} INFO - Filling up the DagBag from /home/airflow/.local/lib/python3.11/site-packages/airflow/example_dags/example_task_group_decorator.py
[2024-02-29T05:34:02.001+0000] {processor.py:840} INFO - DAG(s) 'example_task_group_decorator' retrieved from /home/airflow/.local/lib/python3.11/site-packages/airflow/example_dags/example_task_group_decorator.py
[2024-02-29T05:34:02.141+0000] {logging_mixin.py:188} INFO - [2024-02-29T05:34:02.141+0000] {dag.py:3047} INFO - Sync 1 DAGs
[2024-02-29T05:34:02.200+0000] {logging_mixin.py:188} INFO - [2024-02-29T05:34:02.200+0000] {dag.py:3834} INFO - Setting next_dagrun for example_task_group_decorator to 2024-02-28 00:00:00+00:00, run_after=2024-02-29 00:00:00+00:00
[2024-02-29T05:34:02.245+0000] {processor.py:183} INFO - Processing /home/airflow/.local/lib/python3.11/site-packages/airflow/example_dags/example_task_group_decorator.py took 0.418 seconds
[2024-02-29T05:34:32.824+0000] {processor.py:161} INFO - Started process (PID=342) to work on /home/airflow/.local/lib/python3.11/site-packages/airflow/example_dags/example_task_group_decorator.py
[2024-02-29T05:34:32.825+0000] {processor.py:830} INFO - Processing file /home/airflow/.local/lib/python3.11/site-packages/airflow/example_dags/example_task_group_decorator.py for tasks to queue
[2024-02-29T05:34:32.827+0000] {logging_mixin.py:188} INFO - [2024-02-29T05:34:32.827+0000] {dagbag.py:540} INFO - Filling up the DagBag from /home/airflow/.local/lib/python3.11/site-packages/airflow/example_dags/example_task_group_decorator.py
[2024-02-29T05:34:32.847+0000] {processor.py:840} INFO - DAG(s) 'example_task_group_decorator' retrieved from /home/airflow/.local/lib/python3.11/site-packages/airflow/example_dags/example_task_group_decorator.py
[2024-02-29T05:34:32.904+0000] {logging_mixin.py:188} INFO - [2024-02-29T05:34:32.904+0000] {dag.py:3047} INFO - Sync 1 DAGs
[2024-02-29T05:34:32.968+0000] {logging_mixin.py:188} INFO - [2024-02-29T05:34:32.968+0000] {dag.py:3834} INFO - Setting next_dagrun for example_task_group_decorator to 2024-02-28 00:00:00+00:00, run_after=2024-02-29 00:00:00+00:00
[2024-02-29T05:34:33.011+0000] {processor.py:183} INFO - Processing /home/airflow/.local/lib/python3.11/site-packages/airflow/example_dags/example_task_group_decorator.py took 0.190 seconds
[2024-02-29T05:35:03.560+0000] {processor.py:161} INFO - Started process (PID=403) to work on /home/airflow/.local/lib/python3.11/site-packages/airflow/example_dags/example_task_group_decorator.py
[2024-02-29T05:35:03.561+0000] {processor.py:830} INFO - Processing file /home/airflow/.local/lib/python3.11/site-packages/airflow/example_dags/example_task_group_decorator.py for tasks to queue
[2024-02-29T05:35:03.563+0000] {logging_mixin.py:188} INFO - [2024-02-29T05:35:03.563+0000] {dagbag.py:540} INFO - Filling up the DagBag from /home/airflow/.local/lib/python3.11/site-packages/airflow/example_dags/example_task_group_decorator.py
[2024-02-29T05:35:03.581+0000] {processor.py:840} INFO - DAG(s) 'example_task_group_decorator' retrieved from /home/airflow/.local/lib/python3.11/site-packages/airflow/example_dags/example_task_group_decorator.py
[2024-02-29T05:35:03.616+0000] {logging_mixin.py:188} INFO - [2024-02-29T05:35:03.616+0000] {dag.py:3047} INFO - Sync 1 DAGs
[2024-02-29T05:35:03.637+0000] {logging_mixin.py:188} INFO - [2024-02-29T05:35:03.637+0000] {dag.py:3834} INFO - Setting next_dagrun for example_task_group_decorator to 2024-02-28 00:00:00+00:00, run_after=2024-02-29 00:00:00+00:00
[2024-02-29T05:35:03.657+0000] {processor.py:183} INFO - Processing /home/airflow/.local/lib/python3.11/site-packages/airflow/example_dags/example_task_group_decorator.py took 0.100 seconds
[2024-02-29T05:35:34.488+0000] {processor.py:161} INFO - Started process (PID=468) to work on /home/airflow/.local/lib/python3.11/site-packages/airflow/example_dags/example_task_group_decorator.py
[2024-02-29T05:35:34.488+0000] {processor.py:830} INFO - Processing file /home/airflow/.local/lib/python3.11/site-packages/airflow/example_dags/example_task_group_decorator.py for tasks to queue
[2024-02-29T05:35:34.490+0000] {logging_mixin.py:188} INFO - [2024-02-29T05:35:34.490+0000] {dagbag.py:540} INFO - Filling up the DagBag from /home/airflow/.local/lib/python3.11/site-packages/airflow/example_dags/example_task_group_decorator.py
[2024-02-29T05:35:34.506+0000] {processor.py:840} INFO - DAG(s) 'example_task_group_decorator' retrieved from /home/airflow/.local/lib/python3.11/site-packages/airflow/example_dags/example_task_group_decorator.py
[2024-02-29T05:35:34.531+0000] {logging_mixin.py:188} INFO - [2024-02-29T05:35:34.531+0000] {dag.py:3047} INFO - Sync 1 DAGs
[2024-02-29T05:35:34.567+0000] {logging_mixin.py:188} INFO - [2024-02-29T05:35:34.567+0000] {dag.py:3834} INFO - Setting next_dagrun for example_task_group_decorator to 2024-02-28 00:00:00+00:00, run_after=2024-02-29 00:00:00+00:00
[2024-02-29T05:35:34.599+0000] {processor.py:183} INFO - Processing /home/airflow/.local/lib/python3.11/site-packages/airflow/example_dags/example_task_group_decorator.py took 0.113 seconds
[2024-02-29T05:36:05.252+0000] {processor.py:161} INFO - Started process (PID=529) to work on /home/airflow/.local/lib/python3.11/site-packages/airflow/example_dags/example_task_group_decorator.py
[2024-02-29T05:36:05.253+0000] {processor.py:830} INFO - Processing file /home/airflow/.local/lib/python3.11/site-packages/airflow/example_dags/example_task_group_decorator.py for tasks to queue
[2024-02-29T05:36:05.256+0000] {logging_mixin.py:188} INFO - [2024-02-29T05:36:05.256+0000] {dagbag.py:540} INFO - Filling up the DagBag from /home/airflow/.local/lib/python3.11/site-packages/airflow/example_dags/example_task_group_decorator.py
[2024-02-29T05:36:05.275+0000] {processor.py:840} INFO - DAG(s) 'example_task_group_decorator' retrieved from /home/airflow/.local/lib/python3.11/site-packages/airflow/example_dags/example_task_group_decorator.py
[2024-02-29T05:36:05.301+0000] {logging_mixin.py:188} INFO - [2024-02-29T05:36:05.301+0000] {dag.py:3047} INFO - Sync 1 DAGs
[2024-02-29T05:36:05.333+0000] {logging_mixin.py:188} INFO - [2024-02-29T05:36:05.333+0000] {dag.py:3834} INFO - Setting next_dagrun for example_task_group_decorator to 2024-02-28 00:00:00+00:00, run_after=2024-02-29 00:00:00+00:00
[2024-02-29T05:36:05.361+0000] {processor.py:183} INFO - Processing /home/airflow/.local/lib/python3.11/site-packages/airflow/example_dags/example_task_group_decorator.py took 0.113 seconds
[2024-02-29T05:36:35.512+0000] {processor.py:161} INFO - Started process (PID=588) to work on /home/airflow/.local/lib/python3.11/site-packages/airflow/example_dags/example_task_group_decorator.py
[2024-02-29T05:36:35.513+0000] {processor.py:830} INFO - Processing file /home/airflow/.local/lib/python3.11/site-packages/airflow/example_dags/example_task_group_decorator.py for tasks to queue
[2024-02-29T05:36:35.515+0000] {logging_mixin.py:188} INFO - [2024-02-29T05:36:35.515+0000] {dagbag.py:540} INFO - Filling up the DagBag from /home/airflow/.local/lib/python3.11/site-packages/airflow/example_dags/example_task_group_decorator.py
[2024-02-29T05:36:35.531+0000] {processor.py:840} INFO - DAG(s) 'example_task_group_decorator' retrieved from /home/airflow/.local/lib/python3.11/site-packages/airflow/example_dags/example_task_group_decorator.py
[2024-02-29T05:36:35.568+0000] {logging_mixin.py:188} INFO - [2024-02-29T05:36:35.568+0000] {dag.py:3047} INFO - Sync 1 DAGs
[2024-02-29T05:36:35.596+0000] {logging_mixin.py:188} INFO - [2024-02-29T05:36:35.596+0000] {dag.py:3834} INFO - Setting next_dagrun for example_task_group_decorator to 2024-02-28 00:00:00+00:00, run_after=2024-02-29 00:00:00+00:00
[2024-02-29T05:36:35.616+0000] {processor.py:183} INFO - Processing /home/airflow/.local/lib/python3.11/site-packages/airflow/example_dags/example_task_group_decorator.py took 0.107 seconds
[2024-02-29T05:37:05.726+0000] {processor.py:161} INFO - Started process (PID=647) to work on /home/airflow/.local/lib/python3.11/site-packages/airflow/example_dags/example_task_group_decorator.py
[2024-02-29T05:37:05.727+0000] {processor.py:830} INFO - Processing file /home/airflow/.local/lib/python3.11/site-packages/airflow/example_dags/example_task_group_decorator.py for tasks to queue
[2024-02-29T05:37:05.741+0000] {logging_mixin.py:188} INFO - [2024-02-29T05:37:05.741+0000] {dagbag.py:540} INFO - Filling up the DagBag from /home/airflow/.local/lib/python3.11/site-packages/airflow/example_dags/example_task_group_decorator.py
[2024-02-29T05:37:05.777+0000] {processor.py:840} INFO - DAG(s) 'example_task_group_decorator' retrieved from /home/airflow/.local/lib/python3.11/site-packages/airflow/example_dags/example_task_group_decorator.py
[2024-02-29T05:37:05.844+0000] {logging_mixin.py:188} INFO - [2024-02-29T05:37:05.844+0000] {dag.py:3047} INFO - Sync 1 DAGs
[2024-02-29T05:37:05.868+0000] {logging_mixin.py:188} INFO - [2024-02-29T05:37:05.868+0000] {dag.py:3834} INFO - Setting next_dagrun for example_task_group_decorator to 2024-02-28 00:00:00+00:00, run_after=2024-02-29 00:00:00+00:00
[2024-02-29T05:37:05.894+0000] {processor.py:183} INFO - Processing /home/airflow/.local/lib/python3.11/site-packages/airflow/example_dags/example_task_group_decorator.py took 0.171 seconds
[2024-02-29T05:37:36.577+0000] {processor.py:161} INFO - Started process (PID=704) to work on /home/airflow/.local/lib/python3.11/site-packages/airflow/example_dags/example_task_group_decorator.py
[2024-02-29T05:37:36.578+0000] {processor.py:830} INFO - Processing file /home/airflow/.local/lib/python3.11/site-packages/airflow/example_dags/example_task_group_decorator.py for tasks to queue
[2024-02-29T05:37:36.580+0000] {logging_mixin.py:188} INFO - [2024-02-29T05:37:36.579+0000] {dagbag.py:540} INFO - Filling up the DagBag from /home/airflow/.local/lib/python3.11/site-packages/airflow/example_dags/example_task_group_decorator.py
[2024-02-29T05:37:36.596+0000] {processor.py:840} INFO - DAG(s) 'example_task_group_decorator' retrieved from /home/airflow/.local/lib/python3.11/site-packages/airflow/example_dags/example_task_group_decorator.py
[2024-02-29T05:37:36.622+0000] {logging_mixin.py:188} INFO - [2024-02-29T05:37:36.621+0000] {dag.py:3047} INFO - Sync 1 DAGs
[2024-02-29T05:37:36.652+0000] {logging_mixin.py:188} INFO - [2024-02-29T05:37:36.652+0000] {dag.py:3834} INFO - Setting next_dagrun for example_task_group_decorator to 2024-02-28 00:00:00+00:00, run_after=2024-02-29 00:00:00+00:00
[2024-02-29T05:37:36.674+0000] {processor.py:183} INFO - Processing /home/airflow/.local/lib/python3.11/site-packages/airflow/example_dags/example_task_group_decorator.py took 0.101 seconds
[2024-02-29T05:38:07.608+0000] {processor.py:161} INFO - Started process (PID=761) to work on /home/airflow/.local/lib/python3.11/site-packages/airflow/example_dags/example_task_group_decorator.py
[2024-02-29T05:38:07.609+0000] {processor.py:830} INFO - Processing file /home/airflow/.local/lib/python3.11/site-packages/airflow/example_dags/example_task_group_decorator.py for tasks to queue
[2024-02-29T05:38:07.612+0000] {logging_mixin.py:188} INFO - [2024-02-29T05:38:07.611+0000] {dagbag.py:540} INFO - Filling up the DagBag from /home/airflow/.local/lib/python3.11/site-packages/airflow/example_dags/example_task_group_decorator.py
[2024-02-29T05:38:07.628+0000] {processor.py:840} INFO - DAG(s) 'example_task_group_decorator' retrieved from /home/airflow/.local/lib/python3.11/site-packages/airflow/example_dags/example_task_group_decorator.py
[2024-02-29T05:38:07.656+0000] {logging_mixin.py:188} INFO - [2024-02-29T05:38:07.656+0000] {dag.py:3047} INFO - Sync 1 DAGs
[2024-02-29T05:38:07.681+0000] {logging_mixin.py:188} INFO - [2024-02-29T05:38:07.680+0000] {dag.py:3834} INFO - Setting next_dagrun for example_task_group_decorator to 2024-02-28 00:00:00+00:00, run_after=2024-02-29 00:00:00+00:00
[2024-02-29T05:38:07.701+0000] {processor.py:183} INFO - Processing /home/airflow/.local/lib/python3.11/site-packages/airflow/example_dags/example_task_group_decorator.py took 0.095 seconds
[2024-02-29T05:38:37.808+0000] {processor.py:161} INFO - Started process (PID=817) to work on /home/airflow/.local/lib/python3.11/site-packages/airflow/example_dags/example_task_group_decorator.py
[2024-02-29T05:38:37.810+0000] {processor.py:830} INFO - Processing file /home/airflow/.local/lib/python3.11/site-packages/airflow/example_dags/example_task_group_decorator.py for tasks to queue
[2024-02-29T05:38:37.812+0000] {logging_mixin.py:188} INFO - [2024-02-29T05:38:37.811+0000] {dagbag.py:540} INFO - Filling up the DagBag from /home/airflow/.local/lib/python3.11/site-packages/airflow/example_dags/example_task_group_decorator.py
[2024-02-29T05:38:37.829+0000] {processor.py:840} INFO - DAG(s) 'example_task_group_decorator' retrieved from /home/airflow/.local/lib/python3.11/site-packages/airflow/example_dags/example_task_group_decorator.py
[2024-02-29T05:38:37.856+0000] {logging_mixin.py:188} INFO - [2024-02-29T05:38:37.856+0000] {dag.py:3047} INFO - Sync 1 DAGs
[2024-02-29T05:38:37.877+0000] {logging_mixin.py:188} INFO - [2024-02-29T05:38:37.877+0000] {dag.py:3834} INFO - Setting next_dagrun for example_task_group_decorator to 2024-02-28 00:00:00+00:00, run_after=2024-02-29 00:00:00+00:00
[2024-02-29T05:38:37.899+0000] {processor.py:183} INFO - Processing /home/airflow/.local/lib/python3.11/site-packages/airflow/example_dags/example_task_group_decorator.py took 0.094 seconds
[2024-02-29T05:39:07.987+0000] {processor.py:161} INFO - Started process (PID=874) to work on /home/airflow/.local/lib/python3.11/site-packages/airflow/example_dags/example_task_group_decorator.py
[2024-02-29T05:39:07.988+0000] {processor.py:830} INFO - Processing file /home/airflow/.local/lib/python3.11/site-packages/airflow/example_dags/example_task_group_decorator.py for tasks to queue
[2024-02-29T05:39:07.990+0000] {logging_mixin.py:188} INFO - [2024-02-29T05:39:07.990+0000] {dagbag.py:540} INFO - Filling up the DagBag from /home/airflow/.local/lib/python3.11/site-packages/airflow/example_dags/example_task_group_decorator.py
[2024-02-29T05:39:08.007+0000] {processor.py:840} INFO - DAG(s) 'example_task_group_decorator' retrieved from /home/airflow/.local/lib/python3.11/site-packages/airflow/example_dags/example_task_group_decorator.py
[2024-02-29T05:39:08.047+0000] {logging_mixin.py:188} INFO - [2024-02-29T05:39:08.047+0000] {dag.py:3047} INFO - Sync 1 DAGs
[2024-02-29T05:39:08.084+0000] {logging_mixin.py:188} INFO - [2024-02-29T05:39:08.084+0000] {dag.py:3834} INFO - Setting next_dagrun for example_task_group_decorator to 2024-02-28 00:00:00+00:00, run_after=2024-02-29 00:00:00+00:00
[2024-02-29T05:39:08.116+0000] {processor.py:183} INFO - Processing /home/airflow/.local/lib/python3.11/site-packages/airflow/example_dags/example_task_group_decorator.py took 0.133 seconds
[2024-02-29T05:39:38.440+0000] {processor.py:161} INFO - Started process (PID=932) to work on /home/airflow/.local/lib/python3.11/site-packages/airflow/example_dags/example_task_group_decorator.py
[2024-02-29T05:39:38.464+0000] {processor.py:830} INFO - Processing file /home/airflow/.local/lib/python3.11/site-packages/airflow/example_dags/example_task_group_decorator.py for tasks to queue
[2024-02-29T05:39:38.487+0000] {logging_mixin.py:188} INFO - [2024-02-29T05:39:38.486+0000] {dagbag.py:540} INFO - Filling up the DagBag from /home/airflow/.local/lib/python3.11/site-packages/airflow/example_dags/example_task_group_decorator.py
[2024-02-29T05:39:38.603+0000] {processor.py:840} INFO - DAG(s) 'example_task_group_decorator' retrieved from /home/airflow/.local/lib/python3.11/site-packages/airflow/example_dags/example_task_group_decorator.py
[2024-02-29T05:39:38.705+0000] {logging_mixin.py:188} INFO - [2024-02-29T05:39:38.705+0000] {dag.py:3047} INFO - Sync 1 DAGs
[2024-02-29T05:39:38.799+0000] {logging_mixin.py:188} INFO - [2024-02-29T05:39:38.799+0000] {dag.py:3834} INFO - Setting next_dagrun for example_task_group_decorator to 2024-02-28 00:00:00+00:00, run_after=2024-02-29 00:00:00+00:00
[2024-02-29T05:39:38.912+0000] {processor.py:183} INFO - Processing /home/airflow/.local/lib/python3.11/site-packages/airflow/example_dags/example_task_group_decorator.py took 0.475 seconds
[2024-02-29T05:40:09.610+0000] {processor.py:161} INFO - Started process (PID=988) to work on /home/airflow/.local/lib/python3.11/site-packages/airflow/example_dags/example_task_group_decorator.py
[2024-02-29T05:40:09.615+0000] {processor.py:830} INFO - Processing file /home/airflow/.local/lib/python3.11/site-packages/airflow/example_dags/example_task_group_decorator.py for tasks to queue
[2024-02-29T05:40:09.617+0000] {logging_mixin.py:188} INFO - [2024-02-29T05:40:09.616+0000] {dagbag.py:540} INFO - Filling up the DagBag from /home/airflow/.local/lib/python3.11/site-packages/airflow/example_dags/example_task_group_decorator.py
[2024-02-29T05:40:09.657+0000] {processor.py:840} INFO - DAG(s) 'example_task_group_decorator' retrieved from /home/airflow/.local/lib/python3.11/site-packages/airflow/example_dags/example_task_group_decorator.py
[2024-02-29T05:40:09.845+0000] {logging_mixin.py:188} INFO - [2024-02-29T05:40:09.845+0000] {dag.py:3047} INFO - Sync 1 DAGs
[2024-02-29T05:40:09.963+0000] {logging_mixin.py:188} INFO - [2024-02-29T05:40:09.963+0000] {dag.py:3834} INFO - Setting next_dagrun for example_task_group_decorator to 2024-02-28 00:00:00+00:00, run_after=2024-02-29 00:00:00+00:00
[2024-02-29T05:40:10.019+0000] {processor.py:183} INFO - Processing /home/airflow/.local/lib/python3.11/site-packages/airflow/example_dags/example_task_group_decorator.py took 0.416 seconds
