[2024-02-29T05:31:57.669+0000] {processor.py:161} INFO - Started process (PID=39) to work on /home/airflow/.local/lib/python3.11/site-packages/airflow/example_dags/example_branch_datetime_operator.py
[2024-02-29T05:31:57.672+0000] {processor.py:830} INFO - Processing file /home/airflow/.local/lib/python3.11/site-packages/airflow/example_dags/example_branch_datetime_operator.py for tasks to queue
[2024-02-29T05:31:57.688+0000] {logging_mixin.py:188} INFO - [2024-02-29T05:31:57.681+0000] {dagbag.py:540} INFO - Filling up the DagBag from /home/airflow/.local/lib/python3.11/site-packages/airflow/example_dags/example_branch_datetime_operator.py
[2024-02-29T05:31:57.737+0000] {processor.py:840} INFO - DAG(s) 'example_branch_datetime_operator', 'example_branch_datetime_operator_3', 'example_branch_datetime_operator_2' retrieved from /home/airflow/.local/lib/python3.11/site-packages/airflow/example_dags/example_branch_datetime_operator.py
[2024-02-29T05:31:58.503+0000] {logging_mixin.py:188} INFO - [2024-02-29T05:31:58.503+0000] {dag.py:3047} INFO - Sync 3 DAGs
[2024-02-29T05:31:58.608+0000] {logging_mixin.py:188} INFO - [2024-02-29T05:31:58.607+0000] {dag.py:3834} INFO - Setting next_dagrun for example_branch_datetime_operator to 2024-02-28 00:00:00+00:00, run_after=2024-02-29 00:00:00+00:00
[2024-02-29T05:31:58.621+0000] {logging_mixin.py:188} INFO - [2024-02-29T05:31:58.621+0000] {dag.py:3834} INFO - Setting next_dagrun for example_branch_datetime_operator_2 to 2024-02-28 00:00:00+00:00, run_after=2024-02-29 00:00:00+00:00
[2024-02-29T05:31:58.638+0000] {logging_mixin.py:188} INFO - [2024-02-29T05:31:58.638+0000] {dag.py:3834} INFO - Setting next_dagrun for example_branch_datetime_operator_3 to 2024-02-28 00:00:00+00:00, run_after=2024-02-29 00:00:00+00:00
[2024-02-29T05:31:58.779+0000] {processor.py:183} INFO - Processing /home/airflow/.local/lib/python3.11/site-packages/airflow/example_dags/example_branch_datetime_operator.py took 1.120 seconds
[2024-02-29T05:32:30.603+0000] {processor.py:161} INFO - Started process (PID=94) to work on /home/airflow/.local/lib/python3.11/site-packages/airflow/example_dags/example_branch_datetime_operator.py
[2024-02-29T05:32:30.605+0000] {processor.py:830} INFO - Processing file /home/airflow/.local/lib/python3.11/site-packages/airflow/example_dags/example_branch_datetime_operator.py for tasks to queue
[2024-02-29T05:32:30.607+0000] {logging_mixin.py:188} INFO - [2024-02-29T05:32:30.606+0000] {dagbag.py:540} INFO - Filling up the DagBag from /home/airflow/.local/lib/python3.11/site-packages/airflow/example_dags/example_branch_datetime_operator.py
[2024-02-29T05:32:30.649+0000] {processor.py:840} INFO - DAG(s) 'example_branch_datetime_operator_3', 'example_branch_datetime_operator_2', 'example_branch_datetime_operator' retrieved from /home/airflow/.local/lib/python3.11/site-packages/airflow/example_dags/example_branch_datetime_operator.py
[2024-02-29T05:32:30.739+0000] {logging_mixin.py:188} INFO - [2024-02-29T05:32:30.738+0000] {dag.py:3047} INFO - Sync 3 DAGs
[2024-02-29T05:32:30.866+0000] {logging_mixin.py:188} INFO - [2024-02-29T05:32:30.866+0000] {dag.py:3834} INFO - Setting next_dagrun for example_branch_datetime_operator to 2024-02-28 00:00:00+00:00, run_after=2024-02-29 00:00:00+00:00
[2024-02-29T05:32:30.887+0000] {logging_mixin.py:188} INFO - [2024-02-29T05:32:30.887+0000] {dag.py:3834} INFO - Setting next_dagrun for example_branch_datetime_operator_2 to 2024-02-28 00:00:00+00:00, run_after=2024-02-29 00:00:00+00:00
[2024-02-29T05:32:30.894+0000] {logging_mixin.py:188} INFO - [2024-02-29T05:32:30.893+0000] {dag.py:3834} INFO - Setting next_dagrun for example_branch_datetime_operator_3 to 2024-02-28 00:00:00+00:00, run_after=2024-02-29 00:00:00+00:00
[2024-02-29T05:32:30.941+0000] {processor.py:183} INFO - Processing /home/airflow/.local/lib/python3.11/site-packages/airflow/example_dags/example_branch_datetime_operator.py took 0.358 seconds
[2024-02-29T05:33:01.454+0000] {processor.py:161} INFO - Started process (PID=154) to work on /home/airflow/.local/lib/python3.11/site-packages/airflow/example_dags/example_branch_datetime_operator.py
[2024-02-29T05:33:01.455+0000] {processor.py:830} INFO - Processing file /home/airflow/.local/lib/python3.11/site-packages/airflow/example_dags/example_branch_datetime_operator.py for tasks to queue
[2024-02-29T05:33:01.457+0000] {logging_mixin.py:188} INFO - [2024-02-29T05:33:01.457+0000] {dagbag.py:540} INFO - Filling up the DagBag from /home/airflow/.local/lib/python3.11/site-packages/airflow/example_dags/example_branch_datetime_operator.py
[2024-02-29T05:33:01.476+0000] {processor.py:840} INFO - DAG(s) 'example_branch_datetime_operator', 'example_branch_datetime_operator_3', 'example_branch_datetime_operator_2' retrieved from /home/airflow/.local/lib/python3.11/site-packages/airflow/example_dags/example_branch_datetime_operator.py
[2024-02-29T05:33:01.509+0000] {logging_mixin.py:188} INFO - [2024-02-29T05:33:01.509+0000] {dag.py:3047} INFO - Sync 3 DAGs
[2024-02-29T05:33:01.534+0000] {logging_mixin.py:188} INFO - [2024-02-29T05:33:01.534+0000] {dag.py:3834} INFO - Setting next_dagrun for example_branch_datetime_operator to 2024-02-28 00:00:00+00:00, run_after=2024-02-29 00:00:00+00:00
[2024-02-29T05:33:01.538+0000] {logging_mixin.py:188} INFO - [2024-02-29T05:33:01.538+0000] {dag.py:3834} INFO - Setting next_dagrun for example_branch_datetime_operator_2 to 2024-02-28 00:00:00+00:00, run_after=2024-02-29 00:00:00+00:00
[2024-02-29T05:33:01.544+0000] {logging_mixin.py:188} INFO - [2024-02-29T05:33:01.543+0000] {dag.py:3834} INFO - Setting next_dagrun for example_branch_datetime_operator_3 to 2024-02-28 00:00:00+00:00, run_after=2024-02-29 00:00:00+00:00
[2024-02-29T05:33:01.575+0000] {processor.py:183} INFO - Processing /home/airflow/.local/lib/python3.11/site-packages/airflow/example_dags/example_branch_datetime_operator.py took 0.128 seconds
[2024-02-29T05:33:32.077+0000] {processor.py:161} INFO - Started process (PID=219) to work on /home/airflow/.local/lib/python3.11/site-packages/airflow/example_dags/example_branch_datetime_operator.py
[2024-02-29T05:33:32.079+0000] {processor.py:830} INFO - Processing file /home/airflow/.local/lib/python3.11/site-packages/airflow/example_dags/example_branch_datetime_operator.py for tasks to queue
[2024-02-29T05:33:32.081+0000] {logging_mixin.py:188} INFO - [2024-02-29T05:33:32.080+0000] {dagbag.py:540} INFO - Filling up the DagBag from /home/airflow/.local/lib/python3.11/site-packages/airflow/example_dags/example_branch_datetime_operator.py
[2024-02-29T05:33:32.092+0000] {processor.py:840} INFO - DAG(s) 'example_branch_datetime_operator', 'example_branch_datetime_operator_3', 'example_branch_datetime_operator_2' retrieved from /home/airflow/.local/lib/python3.11/site-packages/airflow/example_dags/example_branch_datetime_operator.py
[2024-02-29T05:33:32.125+0000] {logging_mixin.py:188} INFO - [2024-02-29T05:33:32.125+0000] {dag.py:3047} INFO - Sync 3 DAGs
[2024-02-29T05:33:32.148+0000] {logging_mixin.py:188} INFO - [2024-02-29T05:33:32.148+0000] {dag.py:3834} INFO - Setting next_dagrun for example_branch_datetime_operator to 2024-02-28 00:00:00+00:00, run_after=2024-02-29 00:00:00+00:00
[2024-02-29T05:33:32.159+0000] {logging_mixin.py:188} INFO - [2024-02-29T05:33:32.153+0000] {dag.py:3834} INFO - Setting next_dagrun for example_branch_datetime_operator_2 to 2024-02-28 00:00:00+00:00, run_after=2024-02-29 00:00:00+00:00
[2024-02-29T05:33:32.161+0000] {logging_mixin.py:188} INFO - [2024-02-29T05:33:32.161+0000] {dag.py:3834} INFO - Setting next_dagrun for example_branch_datetime_operator_3 to 2024-02-28 00:00:00+00:00, run_after=2024-02-29 00:00:00+00:00
[2024-02-29T05:33:32.179+0000] {processor.py:183} INFO - Processing /home/airflow/.local/lib/python3.11/site-packages/airflow/example_dags/example_branch_datetime_operator.py took 0.107 seconds
[2024-02-29T05:34:02.317+0000] {processor.py:161} INFO - Started process (PID=280) to work on /home/airflow/.local/lib/python3.11/site-packages/airflow/example_dags/example_branch_datetime_operator.py
[2024-02-29T05:34:02.318+0000] {processor.py:830} INFO - Processing file /home/airflow/.local/lib/python3.11/site-packages/airflow/example_dags/example_branch_datetime_operator.py for tasks to queue
[2024-02-29T05:34:02.320+0000] {logging_mixin.py:188} INFO - [2024-02-29T05:34:02.319+0000] {dagbag.py:540} INFO - Filling up the DagBag from /home/airflow/.local/lib/python3.11/site-packages/airflow/example_dags/example_branch_datetime_operator.py
[2024-02-29T05:34:02.387+0000] {processor.py:840} INFO - DAG(s) 'example_branch_datetime_operator', 'example_branch_datetime_operator_3', 'example_branch_datetime_operator_2' retrieved from /home/airflow/.local/lib/python3.11/site-packages/airflow/example_dags/example_branch_datetime_operator.py
[2024-02-29T05:34:02.430+0000] {logging_mixin.py:188} INFO - [2024-02-29T05:34:02.430+0000] {dag.py:3047} INFO - Sync 3 DAGs
[2024-02-29T05:34:02.471+0000] {logging_mixin.py:188} INFO - [2024-02-29T05:34:02.471+0000] {dag.py:3834} INFO - Setting next_dagrun for example_branch_datetime_operator to 2024-02-28 00:00:00+00:00, run_after=2024-02-29 00:00:00+00:00
[2024-02-29T05:34:02.477+0000] {logging_mixin.py:188} INFO - [2024-02-29T05:34:02.476+0000] {dag.py:3834} INFO - Setting next_dagrun for example_branch_datetime_operator_2 to 2024-02-28 00:00:00+00:00, run_after=2024-02-29 00:00:00+00:00
[2024-02-29T05:34:02.483+0000] {logging_mixin.py:188} INFO - [2024-02-29T05:34:02.483+0000] {dag.py:3834} INFO - Setting next_dagrun for example_branch_datetime_operator_3 to 2024-02-28 00:00:00+00:00, run_after=2024-02-29 00:00:00+00:00
[2024-02-29T05:34:02.511+0000] {processor.py:183} INFO - Processing /home/airflow/.local/lib/python3.11/site-packages/airflow/example_dags/example_branch_datetime_operator.py took 0.210 seconds
[2024-02-29T05:34:33.051+0000] {processor.py:161} INFO - Started process (PID=344) to work on /home/airflow/.local/lib/python3.11/site-packages/airflow/example_dags/example_branch_datetime_operator.py
[2024-02-29T05:34:33.052+0000] {processor.py:830} INFO - Processing file /home/airflow/.local/lib/python3.11/site-packages/airflow/example_dags/example_branch_datetime_operator.py for tasks to queue
[2024-02-29T05:34:33.054+0000] {logging_mixin.py:188} INFO - [2024-02-29T05:34:33.054+0000] {dagbag.py:540} INFO - Filling up the DagBag from /home/airflow/.local/lib/python3.11/site-packages/airflow/example_dags/example_branch_datetime_operator.py
[2024-02-29T05:34:33.066+0000] {processor.py:840} INFO - DAG(s) 'example_branch_datetime_operator', 'example_branch_datetime_operator_2', 'example_branch_datetime_operator_3' retrieved from /home/airflow/.local/lib/python3.11/site-packages/airflow/example_dags/example_branch_datetime_operator.py
[2024-02-29T05:34:33.094+0000] {logging_mixin.py:188} INFO - [2024-02-29T05:34:33.093+0000] {dag.py:3047} INFO - Sync 3 DAGs
[2024-02-29T05:34:33.115+0000] {logging_mixin.py:188} INFO - [2024-02-29T05:34:33.115+0000] {dag.py:3834} INFO - Setting next_dagrun for example_branch_datetime_operator to 2024-02-28 00:00:00+00:00, run_after=2024-02-29 00:00:00+00:00
[2024-02-29T05:34:33.120+0000] {logging_mixin.py:188} INFO - [2024-02-29T05:34:33.119+0000] {dag.py:3834} INFO - Setting next_dagrun for example_branch_datetime_operator_2 to 2024-02-28 00:00:00+00:00, run_after=2024-02-29 00:00:00+00:00
[2024-02-29T05:34:33.122+0000] {logging_mixin.py:188} INFO - [2024-02-29T05:34:33.122+0000] {dag.py:3834} INFO - Setting next_dagrun for example_branch_datetime_operator_3 to 2024-02-28 00:00:00+00:00, run_after=2024-02-29 00:00:00+00:00
[2024-02-29T05:34:33.146+0000] {processor.py:183} INFO - Processing /home/airflow/.local/lib/python3.11/site-packages/airflow/example_dags/example_branch_datetime_operator.py took 0.098 seconds
[2024-02-29T05:35:03.692+0000] {processor.py:161} INFO - Started process (PID=405) to work on /home/airflow/.local/lib/python3.11/site-packages/airflow/example_dags/example_branch_datetime_operator.py
[2024-02-29T05:35:03.693+0000] {processor.py:830} INFO - Processing file /home/airflow/.local/lib/python3.11/site-packages/airflow/example_dags/example_branch_datetime_operator.py for tasks to queue
[2024-02-29T05:35:03.695+0000] {logging_mixin.py:188} INFO - [2024-02-29T05:35:03.695+0000] {dagbag.py:540} INFO - Filling up the DagBag from /home/airflow/.local/lib/python3.11/site-packages/airflow/example_dags/example_branch_datetime_operator.py
[2024-02-29T05:35:03.727+0000] {processor.py:840} INFO - DAG(s) 'example_branch_datetime_operator_2', 'example_branch_datetime_operator', 'example_branch_datetime_operator_3' retrieved from /home/airflow/.local/lib/python3.11/site-packages/airflow/example_dags/example_branch_datetime_operator.py
[2024-02-29T05:35:03.764+0000] {logging_mixin.py:188} INFO - [2024-02-29T05:35:03.764+0000] {dag.py:3047} INFO - Sync 3 DAGs
[2024-02-29T05:35:03.789+0000] {logging_mixin.py:188} INFO - [2024-02-29T05:35:03.788+0000] {dag.py:3834} INFO - Setting next_dagrun for example_branch_datetime_operator to 2024-02-28 00:00:00+00:00, run_after=2024-02-29 00:00:00+00:00
[2024-02-29T05:35:03.794+0000] {logging_mixin.py:188} INFO - [2024-02-29T05:35:03.794+0000] {dag.py:3834} INFO - Setting next_dagrun for example_branch_datetime_operator_2 to 2024-02-28 00:00:00+00:00, run_after=2024-02-29 00:00:00+00:00
[2024-02-29T05:35:03.797+0000] {logging_mixin.py:188} INFO - [2024-02-29T05:35:03.797+0000] {dag.py:3834} INFO - Setting next_dagrun for example_branch_datetime_operator_3 to 2024-02-28 00:00:00+00:00, run_after=2024-02-29 00:00:00+00:00
[2024-02-29T05:35:03.818+0000] {processor.py:183} INFO - Processing /home/airflow/.local/lib/python3.11/site-packages/airflow/example_dags/example_branch_datetime_operator.py took 0.128 seconds
[2024-02-29T05:35:34.626+0000] {processor.py:161} INFO - Started process (PID=470) to work on /home/airflow/.local/lib/python3.11/site-packages/airflow/example_dags/example_branch_datetime_operator.py
[2024-02-29T05:35:34.627+0000] {processor.py:830} INFO - Processing file /home/airflow/.local/lib/python3.11/site-packages/airflow/example_dags/example_branch_datetime_operator.py for tasks to queue
[2024-02-29T05:35:34.629+0000] {logging_mixin.py:188} INFO - [2024-02-29T05:35:34.628+0000] {dagbag.py:540} INFO - Filling up the DagBag from /home/airflow/.local/lib/python3.11/site-packages/airflow/example_dags/example_branch_datetime_operator.py
[2024-02-29T05:35:34.637+0000] {processor.py:840} INFO - DAG(s) 'example_branch_datetime_operator_2', 'example_branch_datetime_operator_3', 'example_branch_datetime_operator' retrieved from /home/airflow/.local/lib/python3.11/site-packages/airflow/example_dags/example_branch_datetime_operator.py
[2024-02-29T05:35:34.658+0000] {logging_mixin.py:188} INFO - [2024-02-29T05:35:34.657+0000] {dag.py:3047} INFO - Sync 3 DAGs
[2024-02-29T05:35:34.674+0000] {logging_mixin.py:188} INFO - [2024-02-29T05:35:34.674+0000] {dag.py:3834} INFO - Setting next_dagrun for example_branch_datetime_operator to 2024-02-28 00:00:00+00:00, run_after=2024-02-29 00:00:00+00:00
[2024-02-29T05:35:34.677+0000] {logging_mixin.py:188} INFO - [2024-02-29T05:35:34.677+0000] {dag.py:3834} INFO - Setting next_dagrun for example_branch_datetime_operator_2 to 2024-02-28 00:00:00+00:00, run_after=2024-02-29 00:00:00+00:00
[2024-02-29T05:35:34.679+0000] {logging_mixin.py:188} INFO - [2024-02-29T05:35:34.679+0000] {dag.py:3834} INFO - Setting next_dagrun for example_branch_datetime_operator_3 to 2024-02-28 00:00:00+00:00, run_after=2024-02-29 00:00:00+00:00
[2024-02-29T05:35:34.699+0000] {processor.py:183} INFO - Processing /home/airflow/.local/lib/python3.11/site-packages/airflow/example_dags/example_branch_datetime_operator.py took 0.075 seconds
[2024-02-29T05:36:05.393+0000] {processor.py:161} INFO - Started process (PID=531) to work on /home/airflow/.local/lib/python3.11/site-packages/airflow/example_dags/example_branch_datetime_operator.py
[2024-02-29T05:36:05.394+0000] {processor.py:830} INFO - Processing file /home/airflow/.local/lib/python3.11/site-packages/airflow/example_dags/example_branch_datetime_operator.py for tasks to queue
[2024-02-29T05:36:05.396+0000] {logging_mixin.py:188} INFO - [2024-02-29T05:36:05.395+0000] {dagbag.py:540} INFO - Filling up the DagBag from /home/airflow/.local/lib/python3.11/site-packages/airflow/example_dags/example_branch_datetime_operator.py
[2024-02-29T05:36:05.407+0000] {processor.py:840} INFO - DAG(s) 'example_branch_datetime_operator_3', 'example_branch_datetime_operator_2', 'example_branch_datetime_operator' retrieved from /home/airflow/.local/lib/python3.11/site-packages/airflow/example_dags/example_branch_datetime_operator.py
[2024-02-29T05:36:05.435+0000] {logging_mixin.py:188} INFO - [2024-02-29T05:36:05.435+0000] {dag.py:3047} INFO - Sync 3 DAGs
[2024-02-29T05:36:05.461+0000] {logging_mixin.py:188} INFO - [2024-02-29T05:36:05.461+0000] {dag.py:3834} INFO - Setting next_dagrun for example_branch_datetime_operator to 2024-02-28 00:00:00+00:00, run_after=2024-02-29 00:00:00+00:00
[2024-02-29T05:36:05.465+0000] {logging_mixin.py:188} INFO - [2024-02-29T05:36:05.465+0000] {dag.py:3834} INFO - Setting next_dagrun for example_branch_datetime_operator_2 to 2024-02-28 00:00:00+00:00, run_after=2024-02-29 00:00:00+00:00
[2024-02-29T05:36:05.467+0000] {logging_mixin.py:188} INFO - [2024-02-29T05:36:05.467+0000] {dag.py:3834} INFO - Setting next_dagrun for example_branch_datetime_operator_3 to 2024-02-28 00:00:00+00:00, run_after=2024-02-29 00:00:00+00:00
[2024-02-29T05:36:05.485+0000] {processor.py:183} INFO - Processing /home/airflow/.local/lib/python3.11/site-packages/airflow/example_dags/example_branch_datetime_operator.py took 0.096 seconds
[2024-02-29T05:36:35.656+0000] {processor.py:161} INFO - Started process (PID=590) to work on /home/airflow/.local/lib/python3.11/site-packages/airflow/example_dags/example_branch_datetime_operator.py
[2024-02-29T05:36:35.657+0000] {processor.py:830} INFO - Processing file /home/airflow/.local/lib/python3.11/site-packages/airflow/example_dags/example_branch_datetime_operator.py for tasks to queue
[2024-02-29T05:36:35.659+0000] {logging_mixin.py:188} INFO - [2024-02-29T05:36:35.659+0000] {dagbag.py:540} INFO - Filling up the DagBag from /home/airflow/.local/lib/python3.11/site-packages/airflow/example_dags/example_branch_datetime_operator.py
[2024-02-29T05:36:35.671+0000] {processor.py:840} INFO - DAG(s) 'example_branch_datetime_operator', 'example_branch_datetime_operator_2', 'example_branch_datetime_operator_3' retrieved from /home/airflow/.local/lib/python3.11/site-packages/airflow/example_dags/example_branch_datetime_operator.py
[2024-02-29T05:36:35.697+0000] {logging_mixin.py:188} INFO - [2024-02-29T05:36:35.697+0000] {dag.py:3047} INFO - Sync 3 DAGs
[2024-02-29T05:36:35.719+0000] {logging_mixin.py:188} INFO - [2024-02-29T05:36:35.719+0000] {dag.py:3834} INFO - Setting next_dagrun for example_branch_datetime_operator to 2024-02-28 00:00:00+00:00, run_after=2024-02-29 00:00:00+00:00
[2024-02-29T05:36:35.724+0000] {logging_mixin.py:188} INFO - [2024-02-29T05:36:35.724+0000] {dag.py:3834} INFO - Setting next_dagrun for example_branch_datetime_operator_2 to 2024-02-28 00:00:00+00:00, run_after=2024-02-29 00:00:00+00:00
[2024-02-29T05:36:35.727+0000] {logging_mixin.py:188} INFO - [2024-02-29T05:36:35.726+0000] {dag.py:3834} INFO - Setting next_dagrun for example_branch_datetime_operator_3 to 2024-02-28 00:00:00+00:00, run_after=2024-02-29 00:00:00+00:00
[2024-02-29T05:36:35.747+0000] {processor.py:183} INFO - Processing /home/airflow/.local/lib/python3.11/site-packages/airflow/example_dags/example_branch_datetime_operator.py took 0.096 seconds
[2024-02-29T05:37:05.929+0000] {processor.py:161} INFO - Started process (PID=649) to work on /home/airflow/.local/lib/python3.11/site-packages/airflow/example_dags/example_branch_datetime_operator.py
[2024-02-29T05:37:05.930+0000] {processor.py:830} INFO - Processing file /home/airflow/.local/lib/python3.11/site-packages/airflow/example_dags/example_branch_datetime_operator.py for tasks to queue
[2024-02-29T05:37:05.932+0000] {logging_mixin.py:188} INFO - [2024-02-29T05:37:05.931+0000] {dagbag.py:540} INFO - Filling up the DagBag from /home/airflow/.local/lib/python3.11/site-packages/airflow/example_dags/example_branch_datetime_operator.py
[2024-02-29T05:37:05.943+0000] {processor.py:840} INFO - DAG(s) 'example_branch_datetime_operator_2', 'example_branch_datetime_operator_3', 'example_branch_datetime_operator' retrieved from /home/airflow/.local/lib/python3.11/site-packages/airflow/example_dags/example_branch_datetime_operator.py
[2024-02-29T05:37:05.971+0000] {logging_mixin.py:188} INFO - [2024-02-29T05:37:05.971+0000] {dag.py:3047} INFO - Sync 3 DAGs
[2024-02-29T05:37:05.996+0000] {logging_mixin.py:188} INFO - [2024-02-29T05:37:05.996+0000] {dag.py:3834} INFO - Setting next_dagrun for example_branch_datetime_operator to 2024-02-28 00:00:00+00:00, run_after=2024-02-29 00:00:00+00:00
[2024-02-29T05:37:06.000+0000] {logging_mixin.py:188} INFO - [2024-02-29T05:37:06.000+0000] {dag.py:3834} INFO - Setting next_dagrun for example_branch_datetime_operator_2 to 2024-02-28 00:00:00+00:00, run_after=2024-02-29 00:00:00+00:00
[2024-02-29T05:37:06.002+0000] {logging_mixin.py:188} INFO - [2024-02-29T05:37:06.002+0000] {dag.py:3834} INFO - Setting next_dagrun for example_branch_datetime_operator_3 to 2024-02-28 00:00:00+00:00, run_after=2024-02-29 00:00:00+00:00
[2024-02-29T05:37:06.018+0000] {processor.py:183} INFO - Processing /home/airflow/.local/lib/python3.11/site-packages/airflow/example_dags/example_branch_datetime_operator.py took 0.093 seconds
[2024-02-29T05:37:36.709+0000] {processor.py:161} INFO - Started process (PID=706) to work on /home/airflow/.local/lib/python3.11/site-packages/airflow/example_dags/example_branch_datetime_operator.py
[2024-02-29T05:37:36.710+0000] {processor.py:830} INFO - Processing file /home/airflow/.local/lib/python3.11/site-packages/airflow/example_dags/example_branch_datetime_operator.py for tasks to queue
[2024-02-29T05:37:36.712+0000] {logging_mixin.py:188} INFO - [2024-02-29T05:37:36.712+0000] {dagbag.py:540} INFO - Filling up the DagBag from /home/airflow/.local/lib/python3.11/site-packages/airflow/example_dags/example_branch_datetime_operator.py
[2024-02-29T05:37:36.724+0000] {processor.py:840} INFO - DAG(s) 'example_branch_datetime_operator_3', 'example_branch_datetime_operator', 'example_branch_datetime_operator_2' retrieved from /home/airflow/.local/lib/python3.11/site-packages/airflow/example_dags/example_branch_datetime_operator.py
[2024-02-29T05:37:36.751+0000] {logging_mixin.py:188} INFO - [2024-02-29T05:37:36.751+0000] {dag.py:3047} INFO - Sync 3 DAGs
[2024-02-29T05:37:36.773+0000] {logging_mixin.py:188} INFO - [2024-02-29T05:37:36.772+0000] {dag.py:3834} INFO - Setting next_dagrun for example_branch_datetime_operator to 2024-02-28 00:00:00+00:00, run_after=2024-02-29 00:00:00+00:00
[2024-02-29T05:37:36.777+0000] {logging_mixin.py:188} INFO - [2024-02-29T05:37:36.777+0000] {dag.py:3834} INFO - Setting next_dagrun for example_branch_datetime_operator_2 to 2024-02-28 00:00:00+00:00, run_after=2024-02-29 00:00:00+00:00
[2024-02-29T05:37:36.779+0000] {logging_mixin.py:188} INFO - [2024-02-29T05:37:36.779+0000] {dag.py:3834} INFO - Setting next_dagrun for example_branch_datetime_operator_3 to 2024-02-28 00:00:00+00:00, run_after=2024-02-29 00:00:00+00:00
[2024-02-29T05:37:36.797+0000] {processor.py:183} INFO - Processing /home/airflow/.local/lib/python3.11/site-packages/airflow/example_dags/example_branch_datetime_operator.py took 0.091 seconds
[2024-02-29T05:38:07.732+0000] {processor.py:161} INFO - Started process (PID=763) to work on /home/airflow/.local/lib/python3.11/site-packages/airflow/example_dags/example_branch_datetime_operator.py
[2024-02-29T05:38:07.733+0000] {processor.py:830} INFO - Processing file /home/airflow/.local/lib/python3.11/site-packages/airflow/example_dags/example_branch_datetime_operator.py for tasks to queue
[2024-02-29T05:38:07.735+0000] {logging_mixin.py:188} INFO - [2024-02-29T05:38:07.735+0000] {dagbag.py:540} INFO - Filling up the DagBag from /home/airflow/.local/lib/python3.11/site-packages/airflow/example_dags/example_branch_datetime_operator.py
[2024-02-29T05:38:07.747+0000] {processor.py:840} INFO - DAG(s) 'example_branch_datetime_operator', 'example_branch_datetime_operator_2', 'example_branch_datetime_operator_3' retrieved from /home/airflow/.local/lib/python3.11/site-packages/airflow/example_dags/example_branch_datetime_operator.py
[2024-02-29T05:38:07.776+0000] {logging_mixin.py:188} INFO - [2024-02-29T05:38:07.776+0000] {dag.py:3047} INFO - Sync 3 DAGs
[2024-02-29T05:38:07.797+0000] {logging_mixin.py:188} INFO - [2024-02-29T05:38:07.797+0000] {dag.py:3834} INFO - Setting next_dagrun for example_branch_datetime_operator to 2024-02-28 00:00:00+00:00, run_after=2024-02-29 00:00:00+00:00
[2024-02-29T05:38:07.802+0000] {logging_mixin.py:188} INFO - [2024-02-29T05:38:07.801+0000] {dag.py:3834} INFO - Setting next_dagrun for example_branch_datetime_operator_2 to 2024-02-28 00:00:00+00:00, run_after=2024-02-29 00:00:00+00:00
[2024-02-29T05:38:07.804+0000] {logging_mixin.py:188} INFO - [2024-02-29T05:38:07.804+0000] {dag.py:3834} INFO - Setting next_dagrun for example_branch_datetime_operator_3 to 2024-02-28 00:00:00+00:00, run_after=2024-02-29 00:00:00+00:00
[2024-02-29T05:38:07.822+0000] {processor.py:183} INFO - Processing /home/airflow/.local/lib/python3.11/site-packages/airflow/example_dags/example_branch_datetime_operator.py took 0.093 seconds
[2024-02-29T05:38:37.950+0000] {processor.py:161} INFO - Started process (PID=819) to work on /home/airflow/.local/lib/python3.11/site-packages/airflow/example_dags/example_branch_datetime_operator.py
[2024-02-29T05:38:37.951+0000] {processor.py:830} INFO - Processing file /home/airflow/.local/lib/python3.11/site-packages/airflow/example_dags/example_branch_datetime_operator.py for tasks to queue
[2024-02-29T05:38:37.953+0000] {logging_mixin.py:188} INFO - [2024-02-29T05:38:37.953+0000] {dagbag.py:540} INFO - Filling up the DagBag from /home/airflow/.local/lib/python3.11/site-packages/airflow/example_dags/example_branch_datetime_operator.py
[2024-02-29T05:38:37.965+0000] {processor.py:840} INFO - DAG(s) 'example_branch_datetime_operator', 'example_branch_datetime_operator_2', 'example_branch_datetime_operator_3' retrieved from /home/airflow/.local/lib/python3.11/site-packages/airflow/example_dags/example_branch_datetime_operator.py
[2024-02-29T05:38:37.989+0000] {logging_mixin.py:188} INFO - [2024-02-29T05:38:37.989+0000] {dag.py:3047} INFO - Sync 3 DAGs
[2024-02-29T05:38:38.009+0000] {logging_mixin.py:188} INFO - [2024-02-29T05:38:38.009+0000] {dag.py:3834} INFO - Setting next_dagrun for example_branch_datetime_operator to 2024-02-28 00:00:00+00:00, run_after=2024-02-29 00:00:00+00:00
[2024-02-29T05:38:38.013+0000] {logging_mixin.py:188} INFO - [2024-02-29T05:38:38.012+0000] {dag.py:3834} INFO - Setting next_dagrun for example_branch_datetime_operator_2 to 2024-02-28 00:00:00+00:00, run_after=2024-02-29 00:00:00+00:00
[2024-02-29T05:38:38.014+0000] {logging_mixin.py:188} INFO - [2024-02-29T05:38:38.014+0000] {dag.py:3834} INFO - Setting next_dagrun for example_branch_datetime_operator_3 to 2024-02-28 00:00:00+00:00, run_after=2024-02-29 00:00:00+00:00
[2024-02-29T05:38:38.031+0000] {processor.py:183} INFO - Processing /home/airflow/.local/lib/python3.11/site-packages/airflow/example_dags/example_branch_datetime_operator.py took 0.085 seconds
[2024-02-29T05:39:08.186+0000] {processor.py:161} INFO - Started process (PID=876) to work on /home/airflow/.local/lib/python3.11/site-packages/airflow/example_dags/example_branch_datetime_operator.py
[2024-02-29T05:39:08.189+0000] {processor.py:830} INFO - Processing file /home/airflow/.local/lib/python3.11/site-packages/airflow/example_dags/example_branch_datetime_operator.py for tasks to queue
[2024-02-29T05:39:08.191+0000] {logging_mixin.py:188} INFO - [2024-02-29T05:39:08.190+0000] {dagbag.py:540} INFO - Filling up the DagBag from /home/airflow/.local/lib/python3.11/site-packages/airflow/example_dags/example_branch_datetime_operator.py
[2024-02-29T05:39:08.204+0000] {processor.py:840} INFO - DAG(s) 'example_branch_datetime_operator_2', 'example_branch_datetime_operator_3', 'example_branch_datetime_operator' retrieved from /home/airflow/.local/lib/python3.11/site-packages/airflow/example_dags/example_branch_datetime_operator.py
[2024-02-29T05:39:08.314+0000] {logging_mixin.py:188} INFO - [2024-02-29T05:39:08.314+0000] {dag.py:3047} INFO - Sync 3 DAGs
[2024-02-29T05:39:08.364+0000] {logging_mixin.py:188} INFO - [2024-02-29T05:39:08.364+0000] {dag.py:3834} INFO - Setting next_dagrun for example_branch_datetime_operator to 2024-02-28 00:00:00+00:00, run_after=2024-02-29 00:00:00+00:00
[2024-02-29T05:39:08.369+0000] {logging_mixin.py:188} INFO - [2024-02-29T05:39:08.369+0000] {dag.py:3834} INFO - Setting next_dagrun for example_branch_datetime_operator_2 to 2024-02-28 00:00:00+00:00, run_after=2024-02-29 00:00:00+00:00
[2024-02-29T05:39:08.372+0000] {logging_mixin.py:188} INFO - [2024-02-29T05:39:08.372+0000] {dag.py:3834} INFO - Setting next_dagrun for example_branch_datetime_operator_3 to 2024-02-28 00:00:00+00:00, run_after=2024-02-29 00:00:00+00:00
[2024-02-29T05:39:08.391+0000] {processor.py:183} INFO - Processing /home/airflow/.local/lib/python3.11/site-packages/airflow/example_dags/example_branch_datetime_operator.py took 0.209 seconds
[2024-02-29T05:39:39.036+0000] {processor.py:161} INFO - Started process (PID=934) to work on /home/airflow/.local/lib/python3.11/site-packages/airflow/example_dags/example_branch_datetime_operator.py
[2024-02-29T05:39:39.049+0000] {processor.py:830} INFO - Processing file /home/airflow/.local/lib/python3.11/site-packages/airflow/example_dags/example_branch_datetime_operator.py for tasks to queue
[2024-02-29T05:39:39.051+0000] {logging_mixin.py:188} INFO - [2024-02-29T05:39:39.051+0000] {dagbag.py:540} INFO - Filling up the DagBag from /home/airflow/.local/lib/python3.11/site-packages/airflow/example_dags/example_branch_datetime_operator.py
[2024-02-29T05:39:39.091+0000] {processor.py:840} INFO - DAG(s) 'example_branch_datetime_operator_2', 'example_branch_datetime_operator_3', 'example_branch_datetime_operator' retrieved from /home/airflow/.local/lib/python3.11/site-packages/airflow/example_dags/example_branch_datetime_operator.py
[2024-02-29T05:39:39.186+0000] {logging_mixin.py:188} INFO - [2024-02-29T05:39:39.185+0000] {dag.py:3047} INFO - Sync 3 DAGs
[2024-02-29T05:39:39.211+0000] {logging_mixin.py:188} INFO - [2024-02-29T05:39:39.211+0000] {dag.py:3834} INFO - Setting next_dagrun for example_branch_datetime_operator to 2024-02-28 00:00:00+00:00, run_after=2024-02-29 00:00:00+00:00
[2024-02-29T05:39:39.216+0000] {logging_mixin.py:188} INFO - [2024-02-29T05:39:39.216+0000] {dag.py:3834} INFO - Setting next_dagrun for example_branch_datetime_operator_2 to 2024-02-28 00:00:00+00:00, run_after=2024-02-29 00:00:00+00:00
[2024-02-29T05:39:39.219+0000] {logging_mixin.py:188} INFO - [2024-02-29T05:39:39.219+0000] {dag.py:3834} INFO - Setting next_dagrun for example_branch_datetime_operator_3 to 2024-02-28 00:00:00+00:00, run_after=2024-02-29 00:00:00+00:00
[2024-02-29T05:39:39.239+0000] {processor.py:183} INFO - Processing /home/airflow/.local/lib/python3.11/site-packages/airflow/example_dags/example_branch_datetime_operator.py took 0.218 seconds
[2024-02-29T05:40:10.154+0000] {processor.py:161} INFO - Started process (PID=990) to work on /home/airflow/.local/lib/python3.11/site-packages/airflow/example_dags/example_branch_datetime_operator.py
[2024-02-29T05:40:10.157+0000] {processor.py:830} INFO - Processing file /home/airflow/.local/lib/python3.11/site-packages/airflow/example_dags/example_branch_datetime_operator.py for tasks to queue
[2024-02-29T05:40:10.161+0000] {logging_mixin.py:188} INFO - [2024-02-29T05:40:10.161+0000] {dagbag.py:540} INFO - Filling up the DagBag from /home/airflow/.local/lib/python3.11/site-packages/airflow/example_dags/example_branch_datetime_operator.py
[2024-02-29T05:40:10.195+0000] {processor.py:840} INFO - DAG(s) 'example_branch_datetime_operator_3', 'example_branch_datetime_operator', 'example_branch_datetime_operator_2' retrieved from /home/airflow/.local/lib/python3.11/site-packages/airflow/example_dags/example_branch_datetime_operator.py
[2024-02-29T05:40:10.289+0000] {logging_mixin.py:188} INFO - [2024-02-29T05:40:10.289+0000] {dag.py:3047} INFO - Sync 3 DAGs
[2024-02-29T05:40:10.395+0000] {logging_mixin.py:188} INFO - [2024-02-29T05:40:10.395+0000] {dag.py:3834} INFO - Setting next_dagrun for example_branch_datetime_operator to 2024-02-28 00:00:00+00:00, run_after=2024-02-29 00:00:00+00:00
[2024-02-29T05:40:10.416+0000] {logging_mixin.py:188} INFO - [2024-02-29T05:40:10.416+0000] {dag.py:3834} INFO - Setting next_dagrun for example_branch_datetime_operator_2 to 2024-02-28 00:00:00+00:00, run_after=2024-02-29 00:00:00+00:00
[2024-02-29T05:40:10.424+0000] {logging_mixin.py:188} INFO - [2024-02-29T05:40:10.424+0000] {dag.py:3834} INFO - Setting next_dagrun for example_branch_datetime_operator_3 to 2024-02-28 00:00:00+00:00, run_after=2024-02-29 00:00:00+00:00
[2024-02-29T05:40:10.470+0000] {processor.py:183} INFO - Processing /home/airflow/.local/lib/python3.11/site-packages/airflow/example_dags/example_branch_datetime_operator.py took 0.334 seconds
