[2024-02-29T05:32:02.821+0000] {processor.py:161} INFO - Started process (PID=53) to work on /home/airflow/.local/lib/python3.11/site-packages/airflow/example_dags/example_python_operator.py
[2024-02-29T05:32:02.822+0000] {processor.py:830} INFO - Processing file /home/airflow/.local/lib/python3.11/site-packages/airflow/example_dags/example_python_operator.py for tasks to queue
[2024-02-29T05:32:02.828+0000] {logging_mixin.py:188} INFO - [2024-02-29T05:32:02.828+0000] {dagbag.py:540} INFO - Filling up the DagBag from /home/airflow/.local/lib/python3.11/site-packages/airflow/example_dags/example_python_operator.py
[2024-02-29T05:32:02.876+0000] {processor.py:840} INFO - DAG(s) 'example_python_operator' retrieved from /home/airflow/.local/lib/python3.11/site-packages/airflow/example_dags/example_python_operator.py
[2024-02-29T05:32:03.489+0000] {logging_mixin.py:188} INFO - [2024-02-29T05:32:03.489+0000] {dag.py:3047} INFO - Sync 1 DAGs
[2024-02-29T05:32:03.512+0000] {logging_mixin.py:188} INFO - [2024-02-29T05:32:03.511+0000] {dag.py:3834} INFO - Setting next_dagrun for example_python_operator to None, run_after=None
[2024-02-29T05:32:03.563+0000] {processor.py:183} INFO - Processing /home/airflow/.local/lib/python3.11/site-packages/airflow/example_dags/example_python_operator.py took 0.762 seconds
[2024-02-29T05:32:34.268+0000] {processor.py:161} INFO - Started process (PID=109) to work on /home/airflow/.local/lib/python3.11/site-packages/airflow/example_dags/example_python_operator.py
[2024-02-29T05:32:34.290+0000] {processor.py:830} INFO - Processing file /home/airflow/.local/lib/python3.11/site-packages/airflow/example_dags/example_python_operator.py for tasks to queue
[2024-02-29T05:32:34.296+0000] {logging_mixin.py:188} INFO - [2024-02-29T05:32:34.296+0000] {dagbag.py:540} INFO - Filling up the DagBag from /home/airflow/.local/lib/python3.11/site-packages/airflow/example_dags/example_python_operator.py
[2024-02-29T05:32:34.343+0000] {processor.py:840} INFO - DAG(s) 'example_python_operator' retrieved from /home/airflow/.local/lib/python3.11/site-packages/airflow/example_dags/example_python_operator.py
[2024-02-29T05:32:34.462+0000] {logging_mixin.py:188} INFO - [2024-02-29T05:32:34.462+0000] {dag.py:3047} INFO - Sync 1 DAGs
[2024-02-29T05:32:34.531+0000] {logging_mixin.py:188} INFO - [2024-02-29T05:32:34.531+0000] {dag.py:3834} INFO - Setting next_dagrun for example_python_operator to None, run_after=None
[2024-02-29T05:32:34.631+0000] {processor.py:183} INFO - Processing /home/airflow/.local/lib/python3.11/site-packages/airflow/example_dags/example_python_operator.py took 0.376 seconds
[2024-02-29T05:33:05.567+0000] {processor.py:161} INFO - Started process (PID=166) to work on /home/airflow/.local/lib/python3.11/site-packages/airflow/example_dags/example_python_operator.py
[2024-02-29T05:33:05.568+0000] {processor.py:830} INFO - Processing file /home/airflow/.local/lib/python3.11/site-packages/airflow/example_dags/example_python_operator.py for tasks to queue
[2024-02-29T05:33:05.572+0000] {logging_mixin.py:188} INFO - [2024-02-29T05:33:05.571+0000] {dagbag.py:540} INFO - Filling up the DagBag from /home/airflow/.local/lib/python3.11/site-packages/airflow/example_dags/example_python_operator.py
[2024-02-29T05:33:05.584+0000] {processor.py:840} INFO - DAG(s) 'example_python_operator' retrieved from /home/airflow/.local/lib/python3.11/site-packages/airflow/example_dags/example_python_operator.py
[2024-02-29T05:33:05.606+0000] {logging_mixin.py:188} INFO - [2024-02-29T05:33:05.606+0000] {dag.py:3047} INFO - Sync 1 DAGs
[2024-02-29T05:33:05.619+0000] {logging_mixin.py:188} INFO - [2024-02-29T05:33:05.619+0000] {dag.py:3834} INFO - Setting next_dagrun for example_python_operator to None, run_after=None
[2024-02-29T05:33:05.644+0000] {processor.py:183} INFO - Processing /home/airflow/.local/lib/python3.11/site-packages/airflow/example_dags/example_python_operator.py took 0.080 seconds
[2024-02-29T05:33:35.767+0000] {processor.py:161} INFO - Started process (PID=231) to work on /home/airflow/.local/lib/python3.11/site-packages/airflow/example_dags/example_python_operator.py
[2024-02-29T05:33:35.768+0000] {processor.py:830} INFO - Processing file /home/airflow/.local/lib/python3.11/site-packages/airflow/example_dags/example_python_operator.py for tasks to queue
[2024-02-29T05:33:35.771+0000] {logging_mixin.py:188} INFO - [2024-02-29T05:33:35.770+0000] {dagbag.py:540} INFO - Filling up the DagBag from /home/airflow/.local/lib/python3.11/site-packages/airflow/example_dags/example_python_operator.py
[2024-02-29T05:33:35.783+0000] {processor.py:840} INFO - DAG(s) 'example_python_operator' retrieved from /home/airflow/.local/lib/python3.11/site-packages/airflow/example_dags/example_python_operator.py
[2024-02-29T05:33:35.849+0000] {logging_mixin.py:188} INFO - [2024-02-29T05:33:35.849+0000] {dag.py:3047} INFO - Sync 1 DAGs
[2024-02-29T05:33:35.861+0000] {logging_mixin.py:188} INFO - [2024-02-29T05:33:35.861+0000] {dag.py:3834} INFO - Setting next_dagrun for example_python_operator to None, run_after=None
[2024-02-29T05:33:35.879+0000] {processor.py:183} INFO - Processing /home/airflow/.local/lib/python3.11/site-packages/airflow/example_dags/example_python_operator.py took 0.115 seconds
[2024-02-29T05:34:06.316+0000] {processor.py:161} INFO - Started process (PID=292) to work on /home/airflow/.local/lib/python3.11/site-packages/airflow/example_dags/example_python_operator.py
[2024-02-29T05:34:06.325+0000] {processor.py:830} INFO - Processing file /home/airflow/.local/lib/python3.11/site-packages/airflow/example_dags/example_python_operator.py for tasks to queue
[2024-02-29T05:34:06.327+0000] {logging_mixin.py:188} INFO - [2024-02-29T05:34:06.326+0000] {dagbag.py:540} INFO - Filling up the DagBag from /home/airflow/.local/lib/python3.11/site-packages/airflow/example_dags/example_python_operator.py
[2024-02-29T05:34:06.354+0000] {processor.py:840} INFO - DAG(s) 'example_python_operator' retrieved from /home/airflow/.local/lib/python3.11/site-packages/airflow/example_dags/example_python_operator.py
[2024-02-29T05:34:06.387+0000] {logging_mixin.py:188} INFO - [2024-02-29T05:34:06.387+0000] {dag.py:3047} INFO - Sync 1 DAGs
[2024-02-29T05:34:06.403+0000] {logging_mixin.py:188} INFO - [2024-02-29T05:34:06.403+0000] {dag.py:3834} INFO - Setting next_dagrun for example_python_operator to None, run_after=None
[2024-02-29T05:34:06.426+0000] {processor.py:183} INFO - Processing /home/airflow/.local/lib/python3.11/site-packages/airflow/example_dags/example_python_operator.py took 0.117 seconds
[2024-02-29T05:34:37.252+0000] {processor.py:161} INFO - Started process (PID=356) to work on /home/airflow/.local/lib/python3.11/site-packages/airflow/example_dags/example_python_operator.py
[2024-02-29T05:34:37.252+0000] {processor.py:830} INFO - Processing file /home/airflow/.local/lib/python3.11/site-packages/airflow/example_dags/example_python_operator.py for tasks to queue
[2024-02-29T05:34:37.254+0000] {logging_mixin.py:188} INFO - [2024-02-29T05:34:37.254+0000] {dagbag.py:540} INFO - Filling up the DagBag from /home/airflow/.local/lib/python3.11/site-packages/airflow/example_dags/example_python_operator.py
[2024-02-29T05:34:37.297+0000] {processor.py:840} INFO - DAG(s) 'example_python_operator' retrieved from /home/airflow/.local/lib/python3.11/site-packages/airflow/example_dags/example_python_operator.py
[2024-02-29T05:34:37.411+0000] {logging_mixin.py:188} INFO - [2024-02-29T05:34:37.411+0000] {dag.py:3047} INFO - Sync 1 DAGs
[2024-02-29T05:34:37.454+0000] {logging_mixin.py:188} INFO - [2024-02-29T05:34:37.454+0000] {dag.py:3834} INFO - Setting next_dagrun for example_python_operator to None, run_after=None
[2024-02-29T05:34:37.582+0000] {processor.py:183} INFO - Processing /home/airflow/.local/lib/python3.11/site-packages/airflow/example_dags/example_python_operator.py took 0.344 seconds
[2024-02-29T05:35:08.283+0000] {processor.py:161} INFO - Started process (PID=416) to work on /home/airflow/.local/lib/python3.11/site-packages/airflow/example_dags/example_python_operator.py
[2024-02-29T05:35:08.284+0000] {processor.py:830} INFO - Processing file /home/airflow/.local/lib/python3.11/site-packages/airflow/example_dags/example_python_operator.py for tasks to queue
[2024-02-29T05:35:08.286+0000] {logging_mixin.py:188} INFO - [2024-02-29T05:35:08.286+0000] {dagbag.py:540} INFO - Filling up the DagBag from /home/airflow/.local/lib/python3.11/site-packages/airflow/example_dags/example_python_operator.py
[2024-02-29T05:35:08.297+0000] {processor.py:840} INFO - DAG(s) 'example_python_operator' retrieved from /home/airflow/.local/lib/python3.11/site-packages/airflow/example_dags/example_python_operator.py
[2024-02-29T05:35:08.320+0000] {logging_mixin.py:188} INFO - [2024-02-29T05:35:08.320+0000] {dag.py:3047} INFO - Sync 1 DAGs
[2024-02-29T05:35:08.340+0000] {logging_mixin.py:188} INFO - [2024-02-29T05:35:08.339+0000] {dag.py:3834} INFO - Setting next_dagrun for example_python_operator to None, run_after=None
[2024-02-29T05:35:08.377+0000] {processor.py:183} INFO - Processing /home/airflow/.local/lib/python3.11/site-packages/airflow/example_dags/example_python_operator.py took 0.097 seconds
[2024-02-29T05:35:39.249+0000] {processor.py:161} INFO - Started process (PID=479) to work on /home/airflow/.local/lib/python3.11/site-packages/airflow/example_dags/example_python_operator.py
[2024-02-29T05:35:39.250+0000] {processor.py:830} INFO - Processing file /home/airflow/.local/lib/python3.11/site-packages/airflow/example_dags/example_python_operator.py for tasks to queue
[2024-02-29T05:35:39.252+0000] {logging_mixin.py:188} INFO - [2024-02-29T05:35:39.252+0000] {dagbag.py:540} INFO - Filling up the DagBag from /home/airflow/.local/lib/python3.11/site-packages/airflow/example_dags/example_python_operator.py
[2024-02-29T05:35:39.265+0000] {processor.py:840} INFO - DAG(s) 'example_python_operator' retrieved from /home/airflow/.local/lib/python3.11/site-packages/airflow/example_dags/example_python_operator.py
[2024-02-29T05:35:39.290+0000] {logging_mixin.py:188} INFO - [2024-02-29T05:35:39.289+0000] {dag.py:3047} INFO - Sync 1 DAGs
[2024-02-29T05:35:39.310+0000] {logging_mixin.py:188} INFO - [2024-02-29T05:35:39.310+0000] {dag.py:3834} INFO - Setting next_dagrun for example_python_operator to None, run_after=None
[2024-02-29T05:35:39.339+0000] {processor.py:183} INFO - Processing /home/airflow/.local/lib/python3.11/site-packages/airflow/example_dags/example_python_operator.py took 0.093 seconds
[2024-02-29T05:36:09.991+0000] {processor.py:161} INFO - Started process (PID=541) to work on /home/airflow/.local/lib/python3.11/site-packages/airflow/example_dags/example_python_operator.py
[2024-02-29T05:36:09.992+0000] {processor.py:830} INFO - Processing file /home/airflow/.local/lib/python3.11/site-packages/airflow/example_dags/example_python_operator.py for tasks to queue
[2024-02-29T05:36:09.994+0000] {logging_mixin.py:188} INFO - [2024-02-29T05:36:09.994+0000] {dagbag.py:540} INFO - Filling up the DagBag from /home/airflow/.local/lib/python3.11/site-packages/airflow/example_dags/example_python_operator.py
[2024-02-29T05:36:10.006+0000] {processor.py:840} INFO - DAG(s) 'example_python_operator' retrieved from /home/airflow/.local/lib/python3.11/site-packages/airflow/example_dags/example_python_operator.py
[2024-02-29T05:36:10.026+0000] {logging_mixin.py:188} INFO - [2024-02-29T05:36:10.026+0000] {dag.py:3047} INFO - Sync 1 DAGs
[2024-02-29T05:36:10.038+0000] {logging_mixin.py:188} INFO - [2024-02-29T05:36:10.038+0000] {dag.py:3834} INFO - Setting next_dagrun for example_python_operator to None, run_after=None
[2024-02-29T05:36:10.065+0000] {processor.py:183} INFO - Processing /home/airflow/.local/lib/python3.11/site-packages/airflow/example_dags/example_python_operator.py took 0.078 seconds
[2024-02-29T05:36:40.206+0000] {processor.py:161} INFO - Started process (PID=600) to work on /home/airflow/.local/lib/python3.11/site-packages/airflow/example_dags/example_python_operator.py
[2024-02-29T05:36:40.207+0000] {processor.py:830} INFO - Processing file /home/airflow/.local/lib/python3.11/site-packages/airflow/example_dags/example_python_operator.py for tasks to queue
[2024-02-29T05:36:40.208+0000] {logging_mixin.py:188} INFO - [2024-02-29T05:36:40.208+0000] {dagbag.py:540} INFO - Filling up the DagBag from /home/airflow/.local/lib/python3.11/site-packages/airflow/example_dags/example_python_operator.py
[2024-02-29T05:36:40.219+0000] {processor.py:840} INFO - DAG(s) 'example_python_operator' retrieved from /home/airflow/.local/lib/python3.11/site-packages/airflow/example_dags/example_python_operator.py
[2024-02-29T05:36:40.243+0000] {logging_mixin.py:188} INFO - [2024-02-29T05:36:40.243+0000] {dag.py:3047} INFO - Sync 1 DAGs
[2024-02-29T05:36:40.256+0000] {logging_mixin.py:188} INFO - [2024-02-29T05:36:40.256+0000] {dag.py:3834} INFO - Setting next_dagrun for example_python_operator to None, run_after=None
[2024-02-29T05:36:40.285+0000] {processor.py:183} INFO - Processing /home/airflow/.local/lib/python3.11/site-packages/airflow/example_dags/example_python_operator.py took 0.082 seconds
[2024-02-29T05:37:10.460+0000] {processor.py:161} INFO - Started process (PID=659) to work on /home/airflow/.local/lib/python3.11/site-packages/airflow/example_dags/example_python_operator.py
[2024-02-29T05:37:10.461+0000] {processor.py:830} INFO - Processing file /home/airflow/.local/lib/python3.11/site-packages/airflow/example_dags/example_python_operator.py for tasks to queue
[2024-02-29T05:37:10.463+0000] {logging_mixin.py:188} INFO - [2024-02-29T05:37:10.463+0000] {dagbag.py:540} INFO - Filling up the DagBag from /home/airflow/.local/lib/python3.11/site-packages/airflow/example_dags/example_python_operator.py
[2024-02-29T05:37:10.475+0000] {processor.py:840} INFO - DAG(s) 'example_python_operator' retrieved from /home/airflow/.local/lib/python3.11/site-packages/airflow/example_dags/example_python_operator.py
[2024-02-29T05:37:10.498+0000] {logging_mixin.py:188} INFO - [2024-02-29T05:37:10.498+0000] {dag.py:3047} INFO - Sync 1 DAGs
[2024-02-29T05:37:10.511+0000] {logging_mixin.py:188} INFO - [2024-02-29T05:37:10.511+0000] {dag.py:3834} INFO - Setting next_dagrun for example_python_operator to None, run_after=None
[2024-02-29T05:37:10.533+0000] {processor.py:183} INFO - Processing /home/airflow/.local/lib/python3.11/site-packages/airflow/example_dags/example_python_operator.py took 0.076 seconds
[2024-02-29T05:37:41.222+0000] {processor.py:161} INFO - Started process (PID=716) to work on /home/airflow/.local/lib/python3.11/site-packages/airflow/example_dags/example_python_operator.py
[2024-02-29T05:37:41.224+0000] {processor.py:830} INFO - Processing file /home/airflow/.local/lib/python3.11/site-packages/airflow/example_dags/example_python_operator.py for tasks to queue
[2024-02-29T05:37:41.226+0000] {logging_mixin.py:188} INFO - [2024-02-29T05:37:41.225+0000] {dagbag.py:540} INFO - Filling up the DagBag from /home/airflow/.local/lib/python3.11/site-packages/airflow/example_dags/example_python_operator.py
[2024-02-29T05:37:41.237+0000] {processor.py:840} INFO - DAG(s) 'example_python_operator' retrieved from /home/airflow/.local/lib/python3.11/site-packages/airflow/example_dags/example_python_operator.py
[2024-02-29T05:37:41.268+0000] {logging_mixin.py:188} INFO - [2024-02-29T05:37:41.267+0000] {dag.py:3047} INFO - Sync 1 DAGs
[2024-02-29T05:37:41.280+0000] {logging_mixin.py:188} INFO - [2024-02-29T05:37:41.280+0000] {dag.py:3834} INFO - Setting next_dagrun for example_python_operator to None, run_after=None
[2024-02-29T05:37:41.314+0000] {processor.py:183} INFO - Processing /home/airflow/.local/lib/python3.11/site-packages/airflow/example_dags/example_python_operator.py took 0.095 seconds
[2024-02-29T05:38:11.399+0000] {processor.py:161} INFO - Started process (PID=773) to work on /home/airflow/.local/lib/python3.11/site-packages/airflow/example_dags/example_python_operator.py
[2024-02-29T05:38:11.400+0000] {processor.py:830} INFO - Processing file /home/airflow/.local/lib/python3.11/site-packages/airflow/example_dags/example_python_operator.py for tasks to queue
[2024-02-29T05:38:11.404+0000] {logging_mixin.py:188} INFO - [2024-02-29T05:38:11.404+0000] {dagbag.py:540} INFO - Filling up the DagBag from /home/airflow/.local/lib/python3.11/site-packages/airflow/example_dags/example_python_operator.py
[2024-02-29T05:38:11.418+0000] {processor.py:840} INFO - DAG(s) 'example_python_operator' retrieved from /home/airflow/.local/lib/python3.11/site-packages/airflow/example_dags/example_python_operator.py
[2024-02-29T05:38:11.448+0000] {logging_mixin.py:188} INFO - [2024-02-29T05:38:11.447+0000] {dag.py:3047} INFO - Sync 1 DAGs
[2024-02-29T05:38:11.461+0000] {logging_mixin.py:188} INFO - [2024-02-29T05:38:11.460+0000] {dag.py:3834} INFO - Setting next_dagrun for example_python_operator to None, run_after=None
[2024-02-29T05:38:11.502+0000] {processor.py:183} INFO - Processing /home/airflow/.local/lib/python3.11/site-packages/airflow/example_dags/example_python_operator.py took 0.106 seconds
[2024-02-29T05:38:41.808+0000] {processor.py:161} INFO - Started process (PID=829) to work on /home/airflow/.local/lib/python3.11/site-packages/airflow/example_dags/example_python_operator.py
[2024-02-29T05:38:41.809+0000] {processor.py:830} INFO - Processing file /home/airflow/.local/lib/python3.11/site-packages/airflow/example_dags/example_python_operator.py for tasks to queue
[2024-02-29T05:38:41.810+0000] {logging_mixin.py:188} INFO - [2024-02-29T05:38:41.810+0000] {dagbag.py:540} INFO - Filling up the DagBag from /home/airflow/.local/lib/python3.11/site-packages/airflow/example_dags/example_python_operator.py
[2024-02-29T05:38:41.821+0000] {processor.py:840} INFO - DAG(s) 'example_python_operator' retrieved from /home/airflow/.local/lib/python3.11/site-packages/airflow/example_dags/example_python_operator.py
[2024-02-29T05:38:41.845+0000] {logging_mixin.py:188} INFO - [2024-02-29T05:38:41.845+0000] {dag.py:3047} INFO - Sync 1 DAGs
[2024-02-29T05:38:41.857+0000] {logging_mixin.py:188} INFO - [2024-02-29T05:38:41.857+0000] {dag.py:3834} INFO - Setting next_dagrun for example_python_operator to None, run_after=None
[2024-02-29T05:38:41.880+0000] {processor.py:183} INFO - Processing /home/airflow/.local/lib/python3.11/site-packages/airflow/example_dags/example_python_operator.py took 0.075 seconds
[2024-02-29T05:39:11.941+0000] {processor.py:161} INFO - Started process (PID=885) to work on /home/airflow/.local/lib/python3.11/site-packages/airflow/example_dags/example_python_operator.py
[2024-02-29T05:39:11.942+0000] {processor.py:830} INFO - Processing file /home/airflow/.local/lib/python3.11/site-packages/airflow/example_dags/example_python_operator.py for tasks to queue
[2024-02-29T05:39:11.943+0000] {logging_mixin.py:188} INFO - [2024-02-29T05:39:11.943+0000] {dagbag.py:540} INFO - Filling up the DagBag from /home/airflow/.local/lib/python3.11/site-packages/airflow/example_dags/example_python_operator.py
[2024-02-29T05:39:11.954+0000] {processor.py:840} INFO - DAG(s) 'example_python_operator' retrieved from /home/airflow/.local/lib/python3.11/site-packages/airflow/example_dags/example_python_operator.py
[2024-02-29T05:39:11.981+0000] {logging_mixin.py:188} INFO - [2024-02-29T05:39:11.981+0000] {dag.py:3047} INFO - Sync 1 DAGs
[2024-02-29T05:39:11.995+0000] {logging_mixin.py:188} INFO - [2024-02-29T05:39:11.995+0000] {dag.py:3834} INFO - Setting next_dagrun for example_python_operator to None, run_after=None
[2024-02-29T05:39:12.018+0000] {processor.py:183} INFO - Processing /home/airflow/.local/lib/python3.11/site-packages/airflow/example_dags/example_python_operator.py took 0.080 seconds
[2024-02-29T05:39:42.260+0000] {processor.py:161} INFO - Started process (PID=943) to work on /home/airflow/.local/lib/python3.11/site-packages/airflow/example_dags/example_python_operator.py
[2024-02-29T05:39:42.261+0000] {processor.py:830} INFO - Processing file /home/airflow/.local/lib/python3.11/site-packages/airflow/example_dags/example_python_operator.py for tasks to queue
[2024-02-29T05:39:42.263+0000] {logging_mixin.py:188} INFO - [2024-02-29T05:39:42.263+0000] {dagbag.py:540} INFO - Filling up the DagBag from /home/airflow/.local/lib/python3.11/site-packages/airflow/example_dags/example_python_operator.py
[2024-02-29T05:39:42.276+0000] {processor.py:840} INFO - DAG(s) 'example_python_operator' retrieved from /home/airflow/.local/lib/python3.11/site-packages/airflow/example_dags/example_python_operator.py
[2024-02-29T05:39:42.308+0000] {logging_mixin.py:188} INFO - [2024-02-29T05:39:42.307+0000] {dag.py:3047} INFO - Sync 1 DAGs
[2024-02-29T05:39:42.320+0000] {logging_mixin.py:188} INFO - [2024-02-29T05:39:42.320+0000] {dag.py:3834} INFO - Setting next_dagrun for example_python_operator to None, run_after=None
[2024-02-29T05:39:42.345+0000] {processor.py:183} INFO - Processing /home/airflow/.local/lib/python3.11/site-packages/airflow/example_dags/example_python_operator.py took 0.087 seconds
[2024-02-29T05:40:12.682+0000] {processor.py:161} INFO - Started process (PID=999) to work on /home/airflow/.local/lib/python3.11/site-packages/airflow/example_dags/example_python_operator.py
[2024-02-29T05:40:12.689+0000] {processor.py:830} INFO - Processing file /home/airflow/.local/lib/python3.11/site-packages/airflow/example_dags/example_python_operator.py for tasks to queue
[2024-02-29T05:40:12.693+0000] {logging_mixin.py:188} INFO - [2024-02-29T05:40:12.693+0000] {dagbag.py:540} INFO - Filling up the DagBag from /home/airflow/.local/lib/python3.11/site-packages/airflow/example_dags/example_python_operator.py
[2024-02-29T05:40:12.801+0000] {processor.py:840} INFO - DAG(s) 'example_python_operator' retrieved from /home/airflow/.local/lib/python3.11/site-packages/airflow/example_dags/example_python_operator.py
[2024-02-29T05:40:12.905+0000] {logging_mixin.py:188} INFO - [2024-02-29T05:40:12.905+0000] {dag.py:3047} INFO - Sync 1 DAGs
[2024-02-29T05:40:12.952+0000] {logging_mixin.py:188} INFO - [2024-02-29T05:40:12.952+0000] {dag.py:3834} INFO - Setting next_dagrun for example_python_operator to None, run_after=None
[2024-02-29T05:40:13.021+0000] {processor.py:183} INFO - Processing /home/airflow/.local/lib/python3.11/site-packages/airflow/example_dags/example_python_operator.py took 0.354 seconds
