[2024-02-29T05:31:58.919+0000] {processor.py:161} INFO - Started process (PID=41) to work on /home/airflow/.local/lib/python3.11/site-packages/airflow/example_dags/example_sensor_decorator.py
[2024-02-29T05:31:58.920+0000] {processor.py:830} INFO - Processing file /home/airflow/.local/lib/python3.11/site-packages/airflow/example_dags/example_sensor_decorator.py for tasks to queue
[2024-02-29T05:31:58.925+0000] {logging_mixin.py:188} INFO - [2024-02-29T05:31:58.925+0000] {dagbag.py:540} INFO - Filling up the DagBag from /home/airflow/.local/lib/python3.11/site-packages/airflow/example_dags/example_sensor_decorator.py
[2024-02-29T05:31:58.937+0000] {processor.py:840} INFO - DAG(s) 'example_sensor_decorator' retrieved from /home/airflow/.local/lib/python3.11/site-packages/airflow/example_dags/example_sensor_decorator.py
[2024-02-29T05:31:59.627+0000] {logging_mixin.py:188} INFO - [2024-02-29T05:31:59.626+0000] {dag.py:3047} INFO - Sync 1 DAGs
[2024-02-29T05:31:59.665+0000] {logging_mixin.py:188} INFO - [2024-02-29T05:31:59.664+0000] {dag.py:3834} INFO - Setting next_dagrun for example_sensor_decorator to None, run_after=None
[2024-02-29T05:31:59.756+0000] {processor.py:183} INFO - Processing /home/airflow/.local/lib/python3.11/site-packages/airflow/example_dags/example_sensor_decorator.py took 0.846 seconds
[2024-02-29T05:32:32.575+0000] {processor.py:161} INFO - Started process (PID=102) to work on /home/airflow/.local/lib/python3.11/site-packages/airflow/example_dags/example_sensor_decorator.py
[2024-02-29T05:32:32.594+0000] {processor.py:830} INFO - Processing file /home/airflow/.local/lib/python3.11/site-packages/airflow/example_dags/example_sensor_decorator.py for tasks to queue
[2024-02-29T05:32:32.605+0000] {logging_mixin.py:188} INFO - [2024-02-29T05:32:32.605+0000] {dagbag.py:540} INFO - Filling up the DagBag from /home/airflow/.local/lib/python3.11/site-packages/airflow/example_dags/example_sensor_decorator.py
[2024-02-29T05:32:32.638+0000] {processor.py:840} INFO - DAG(s) 'example_sensor_decorator' retrieved from /home/airflow/.local/lib/python3.11/site-packages/airflow/example_dags/example_sensor_decorator.py
[2024-02-29T05:32:32.753+0000] {logging_mixin.py:188} INFO - [2024-02-29T05:32:32.753+0000] {dag.py:3047} INFO - Sync 1 DAGs
[2024-02-29T05:32:32.804+0000] {logging_mixin.py:188} INFO - [2024-02-29T05:32:32.804+0000] {dag.py:3834} INFO - Setting next_dagrun for example_sensor_decorator to None, run_after=None
[2024-02-29T05:32:32.901+0000] {processor.py:183} INFO - Processing /home/airflow/.local/lib/python3.11/site-packages/airflow/example_dags/example_sensor_decorator.py took 0.335 seconds
[2024-02-29T05:33:03.878+0000] {processor.py:161} INFO - Started process (PID=157) to work on /home/airflow/.local/lib/python3.11/site-packages/airflow/example_dags/example_sensor_decorator.py
[2024-02-29T05:33:03.878+0000] {processor.py:830} INFO - Processing file /home/airflow/.local/lib/python3.11/site-packages/airflow/example_dags/example_sensor_decorator.py for tasks to queue
[2024-02-29T05:33:03.880+0000] {logging_mixin.py:188} INFO - [2024-02-29T05:33:03.880+0000] {dagbag.py:540} INFO - Filling up the DagBag from /home/airflow/.local/lib/python3.11/site-packages/airflow/example_dags/example_sensor_decorator.py
[2024-02-29T05:33:03.886+0000] {processor.py:840} INFO - DAG(s) 'example_sensor_decorator' retrieved from /home/airflow/.local/lib/python3.11/site-packages/airflow/example_dags/example_sensor_decorator.py
[2024-02-29T05:33:03.907+0000] {logging_mixin.py:188} INFO - [2024-02-29T05:33:03.907+0000] {dag.py:3047} INFO - Sync 1 DAGs
[2024-02-29T05:33:03.920+0000] {logging_mixin.py:188} INFO - [2024-02-29T05:33:03.920+0000] {dag.py:3834} INFO - Setting next_dagrun for example_sensor_decorator to None, run_after=None
[2024-02-29T05:33:03.942+0000] {processor.py:183} INFO - Processing /home/airflow/.local/lib/python3.11/site-packages/airflow/example_dags/example_sensor_decorator.py took 0.068 seconds
[2024-02-29T05:33:34.216+0000] {processor.py:161} INFO - Started process (PID=221) to work on /home/airflow/.local/lib/python3.11/site-packages/airflow/example_dags/example_sensor_decorator.py
[2024-02-29T05:33:34.217+0000] {processor.py:830} INFO - Processing file /home/airflow/.local/lib/python3.11/site-packages/airflow/example_dags/example_sensor_decorator.py for tasks to queue
[2024-02-29T05:33:34.219+0000] {logging_mixin.py:188} INFO - [2024-02-29T05:33:34.219+0000] {dagbag.py:540} INFO - Filling up the DagBag from /home/airflow/.local/lib/python3.11/site-packages/airflow/example_dags/example_sensor_decorator.py
[2024-02-29T05:33:34.226+0000] {processor.py:840} INFO - DAG(s) 'example_sensor_decorator' retrieved from /home/airflow/.local/lib/python3.11/site-packages/airflow/example_dags/example_sensor_decorator.py
[2024-02-29T05:33:34.253+0000] {logging_mixin.py:188} INFO - [2024-02-29T05:33:34.252+0000] {dag.py:3047} INFO - Sync 1 DAGs
[2024-02-29T05:33:34.266+0000] {logging_mixin.py:188} INFO - [2024-02-29T05:33:34.265+0000] {dag.py:3834} INFO - Setting next_dagrun for example_sensor_decorator to None, run_after=None
[2024-02-29T05:33:34.296+0000] {processor.py:183} INFO - Processing /home/airflow/.local/lib/python3.11/site-packages/airflow/example_dags/example_sensor_decorator.py took 0.083 seconds
[2024-02-29T05:34:04.647+0000] {processor.py:161} INFO - Started process (PID=283) to work on /home/airflow/.local/lib/python3.11/site-packages/airflow/example_dags/example_sensor_decorator.py
[2024-02-29T05:34:04.653+0000] {processor.py:830} INFO - Processing file /home/airflow/.local/lib/python3.11/site-packages/airflow/example_dags/example_sensor_decorator.py for tasks to queue
[2024-02-29T05:34:04.655+0000] {logging_mixin.py:188} INFO - [2024-02-29T05:34:04.655+0000] {dagbag.py:540} INFO - Filling up the DagBag from /home/airflow/.local/lib/python3.11/site-packages/airflow/example_dags/example_sensor_decorator.py
[2024-02-29T05:34:04.664+0000] {processor.py:840} INFO - DAG(s) 'example_sensor_decorator' retrieved from /home/airflow/.local/lib/python3.11/site-packages/airflow/example_dags/example_sensor_decorator.py
[2024-02-29T05:34:04.701+0000] {logging_mixin.py:188} INFO - [2024-02-29T05:34:04.700+0000] {dag.py:3047} INFO - Sync 1 DAGs
[2024-02-29T05:34:04.715+0000] {logging_mixin.py:188} INFO - [2024-02-29T05:34:04.714+0000] {dag.py:3834} INFO - Setting next_dagrun for example_sensor_decorator to None, run_after=None
[2024-02-29T05:34:04.736+0000] {processor.py:183} INFO - Processing /home/airflow/.local/lib/python3.11/site-packages/airflow/example_dags/example_sensor_decorator.py took 0.093 seconds
[2024-02-29T05:34:35.242+0000] {processor.py:161} INFO - Started process (PID=347) to work on /home/airflow/.local/lib/python3.11/site-packages/airflow/example_dags/example_sensor_decorator.py
[2024-02-29T05:34:35.243+0000] {processor.py:830} INFO - Processing file /home/airflow/.local/lib/python3.11/site-packages/airflow/example_dags/example_sensor_decorator.py for tasks to queue
[2024-02-29T05:34:35.245+0000] {logging_mixin.py:188} INFO - [2024-02-29T05:34:35.245+0000] {dagbag.py:540} INFO - Filling up the DagBag from /home/airflow/.local/lib/python3.11/site-packages/airflow/example_dags/example_sensor_decorator.py
[2024-02-29T05:34:35.269+0000] {processor.py:840} INFO - DAG(s) 'example_sensor_decorator' retrieved from /home/airflow/.local/lib/python3.11/site-packages/airflow/example_dags/example_sensor_decorator.py
[2024-02-29T05:34:35.337+0000] {logging_mixin.py:188} INFO - [2024-02-29T05:34:35.337+0000] {dag.py:3047} INFO - Sync 1 DAGs
[2024-02-29T05:34:35.398+0000] {logging_mixin.py:188} INFO - [2024-02-29T05:34:35.398+0000] {dag.py:3834} INFO - Setting next_dagrun for example_sensor_decorator to None, run_after=None
[2024-02-29T05:34:35.461+0000] {processor.py:183} INFO - Processing /home/airflow/.local/lib/python3.11/site-packages/airflow/example_dags/example_sensor_decorator.py took 0.224 seconds
[2024-02-29T05:35:05.901+0000] {processor.py:161} INFO - Started process (PID=409) to work on /home/airflow/.local/lib/python3.11/site-packages/airflow/example_dags/example_sensor_decorator.py
[2024-02-29T05:35:05.902+0000] {processor.py:830} INFO - Processing file /home/airflow/.local/lib/python3.11/site-packages/airflow/example_dags/example_sensor_decorator.py for tasks to queue
[2024-02-29T05:35:05.904+0000] {logging_mixin.py:188} INFO - [2024-02-29T05:35:05.904+0000] {dagbag.py:540} INFO - Filling up the DagBag from /home/airflow/.local/lib/python3.11/site-packages/airflow/example_dags/example_sensor_decorator.py
[2024-02-29T05:35:05.912+0000] {processor.py:840} INFO - DAG(s) 'example_sensor_decorator' retrieved from /home/airflow/.local/lib/python3.11/site-packages/airflow/example_dags/example_sensor_decorator.py
[2024-02-29T05:35:05.939+0000] {logging_mixin.py:188} INFO - [2024-02-29T05:35:05.938+0000] {dag.py:3047} INFO - Sync 1 DAGs
[2024-02-29T05:35:05.951+0000] {logging_mixin.py:188} INFO - [2024-02-29T05:35:05.951+0000] {dag.py:3834} INFO - Setting next_dagrun for example_sensor_decorator to None, run_after=None
[2024-02-29T05:35:05.977+0000] {processor.py:183} INFO - Processing /home/airflow/.local/lib/python3.11/site-packages/airflow/example_dags/example_sensor_decorator.py took 0.079 seconds
[2024-02-29T05:35:36.736+0000] {processor.py:161} INFO - Started process (PID=472) to work on /home/airflow/.local/lib/python3.11/site-packages/airflow/example_dags/example_sensor_decorator.py
[2024-02-29T05:35:36.736+0000] {processor.py:830} INFO - Processing file /home/airflow/.local/lib/python3.11/site-packages/airflow/example_dags/example_sensor_decorator.py for tasks to queue
[2024-02-29T05:35:36.740+0000] {logging_mixin.py:188} INFO - [2024-02-29T05:35:36.739+0000] {dagbag.py:540} INFO - Filling up the DagBag from /home/airflow/.local/lib/python3.11/site-packages/airflow/example_dags/example_sensor_decorator.py
[2024-02-29T05:35:36.748+0000] {processor.py:840} INFO - DAG(s) 'example_sensor_decorator' retrieved from /home/airflow/.local/lib/python3.11/site-packages/airflow/example_dags/example_sensor_decorator.py
[2024-02-29T05:35:36.769+0000] {logging_mixin.py:188} INFO - [2024-02-29T05:35:36.769+0000] {dag.py:3047} INFO - Sync 1 DAGs
[2024-02-29T05:35:36.783+0000] {logging_mixin.py:188} INFO - [2024-02-29T05:35:36.782+0000] {dag.py:3834} INFO - Setting next_dagrun for example_sensor_decorator to None, run_after=None
[2024-02-29T05:35:36.808+0000] {processor.py:183} INFO - Processing /home/airflow/.local/lib/python3.11/site-packages/airflow/example_dags/example_sensor_decorator.py took 0.075 seconds
[2024-02-29T05:36:07.521+0000] {processor.py:161} INFO - Started process (PID=533) to work on /home/airflow/.local/lib/python3.11/site-packages/airflow/example_dags/example_sensor_decorator.py
[2024-02-29T05:36:07.522+0000] {processor.py:830} INFO - Processing file /home/airflow/.local/lib/python3.11/site-packages/airflow/example_dags/example_sensor_decorator.py for tasks to queue
[2024-02-29T05:36:07.523+0000] {logging_mixin.py:188} INFO - [2024-02-29T05:36:07.523+0000] {dagbag.py:540} INFO - Filling up the DagBag from /home/airflow/.local/lib/python3.11/site-packages/airflow/example_dags/example_sensor_decorator.py
[2024-02-29T05:36:07.530+0000] {processor.py:840} INFO - DAG(s) 'example_sensor_decorator' retrieved from /home/airflow/.local/lib/python3.11/site-packages/airflow/example_dags/example_sensor_decorator.py
[2024-02-29T05:36:07.550+0000] {logging_mixin.py:188} INFO - [2024-02-29T05:36:07.549+0000] {dag.py:3047} INFO - Sync 1 DAGs
[2024-02-29T05:36:07.563+0000] {logging_mixin.py:188} INFO - [2024-02-29T05:36:07.562+0000] {dag.py:3834} INFO - Setting next_dagrun for example_sensor_decorator to None, run_after=None
[2024-02-29T05:36:07.586+0000] {processor.py:183} INFO - Processing /home/airflow/.local/lib/python3.11/site-packages/airflow/example_dags/example_sensor_decorator.py took 0.068 seconds
[2024-02-29T05:36:37.778+0000] {processor.py:161} INFO - Started process (PID=592) to work on /home/airflow/.local/lib/python3.11/site-packages/airflow/example_dags/example_sensor_decorator.py
[2024-02-29T05:36:37.779+0000] {processor.py:830} INFO - Processing file /home/airflow/.local/lib/python3.11/site-packages/airflow/example_dags/example_sensor_decorator.py for tasks to queue
[2024-02-29T05:36:37.781+0000] {logging_mixin.py:188} INFO - [2024-02-29T05:36:37.781+0000] {dagbag.py:540} INFO - Filling up the DagBag from /home/airflow/.local/lib/python3.11/site-packages/airflow/example_dags/example_sensor_decorator.py
[2024-02-29T05:36:37.787+0000] {processor.py:840} INFO - DAG(s) 'example_sensor_decorator' retrieved from /home/airflow/.local/lib/python3.11/site-packages/airflow/example_dags/example_sensor_decorator.py
[2024-02-29T05:36:37.807+0000] {logging_mixin.py:188} INFO - [2024-02-29T05:36:37.807+0000] {dag.py:3047} INFO - Sync 1 DAGs
[2024-02-29T05:36:37.866+0000] {logging_mixin.py:188} INFO - [2024-02-29T05:36:37.866+0000] {dag.py:3834} INFO - Setting next_dagrun for example_sensor_decorator to None, run_after=None
[2024-02-29T05:36:37.892+0000] {processor.py:183} INFO - Processing /home/airflow/.local/lib/python3.11/site-packages/airflow/example_dags/example_sensor_decorator.py took 0.117 seconds
[2024-02-29T05:37:08.050+0000] {processor.py:161} INFO - Started process (PID=651) to work on /home/airflow/.local/lib/python3.11/site-packages/airflow/example_dags/example_sensor_decorator.py
[2024-02-29T05:37:08.051+0000] {processor.py:830} INFO - Processing file /home/airflow/.local/lib/python3.11/site-packages/airflow/example_dags/example_sensor_decorator.py for tasks to queue
[2024-02-29T05:37:08.053+0000] {logging_mixin.py:188} INFO - [2024-02-29T05:37:08.052+0000] {dagbag.py:540} INFO - Filling up the DagBag from /home/airflow/.local/lib/python3.11/site-packages/airflow/example_dags/example_sensor_decorator.py
[2024-02-29T05:37:08.059+0000] {processor.py:840} INFO - DAG(s) 'example_sensor_decorator' retrieved from /home/airflow/.local/lib/python3.11/site-packages/airflow/example_dags/example_sensor_decorator.py
[2024-02-29T05:37:08.080+0000] {logging_mixin.py:188} INFO - [2024-02-29T05:37:08.080+0000] {dag.py:3047} INFO - Sync 1 DAGs
[2024-02-29T05:37:08.092+0000] {logging_mixin.py:188} INFO - [2024-02-29T05:37:08.092+0000] {dag.py:3834} INFO - Setting next_dagrun for example_sensor_decorator to None, run_after=None
[2024-02-29T05:37:08.114+0000] {processor.py:183} INFO - Processing /home/airflow/.local/lib/python3.11/site-packages/airflow/example_dags/example_sensor_decorator.py took 0.067 seconds
[2024-02-29T05:37:38.824+0000] {processor.py:161} INFO - Started process (PID=708) to work on /home/airflow/.local/lib/python3.11/site-packages/airflow/example_dags/example_sensor_decorator.py
[2024-02-29T05:37:38.825+0000] {processor.py:830} INFO - Processing file /home/airflow/.local/lib/python3.11/site-packages/airflow/example_dags/example_sensor_decorator.py for tasks to queue
[2024-02-29T05:37:38.826+0000] {logging_mixin.py:188} INFO - [2024-02-29T05:37:38.826+0000] {dagbag.py:540} INFO - Filling up the DagBag from /home/airflow/.local/lib/python3.11/site-packages/airflow/example_dags/example_sensor_decorator.py
[2024-02-29T05:37:38.833+0000] {processor.py:840} INFO - DAG(s) 'example_sensor_decorator' retrieved from /home/airflow/.local/lib/python3.11/site-packages/airflow/example_dags/example_sensor_decorator.py
[2024-02-29T05:37:38.869+0000] {logging_mixin.py:188} INFO - [2024-02-29T05:37:38.869+0000] {dag.py:3047} INFO - Sync 1 DAGs
[2024-02-29T05:37:38.885+0000] {logging_mixin.py:188} INFO - [2024-02-29T05:37:38.885+0000] {dag.py:3834} INFO - Setting next_dagrun for example_sensor_decorator to None, run_after=None
[2024-02-29T05:37:38.912+0000] {processor.py:183} INFO - Processing /home/airflow/.local/lib/python3.11/site-packages/airflow/example_dags/example_sensor_decorator.py took 0.091 seconds
[2024-02-29T05:38:09.033+0000] {processor.py:161} INFO - Started process (PID=765) to work on /home/airflow/.local/lib/python3.11/site-packages/airflow/example_dags/example_sensor_decorator.py
[2024-02-29T05:38:09.034+0000] {processor.py:830} INFO - Processing file /home/airflow/.local/lib/python3.11/site-packages/airflow/example_dags/example_sensor_decorator.py for tasks to queue
[2024-02-29T05:38:09.036+0000] {logging_mixin.py:188} INFO - [2024-02-29T05:38:09.036+0000] {dagbag.py:540} INFO - Filling up the DagBag from /home/airflow/.local/lib/python3.11/site-packages/airflow/example_dags/example_sensor_decorator.py
[2024-02-29T05:38:09.043+0000] {processor.py:840} INFO - DAG(s) 'example_sensor_decorator' retrieved from /home/airflow/.local/lib/python3.11/site-packages/airflow/example_dags/example_sensor_decorator.py
[2024-02-29T05:38:09.065+0000] {logging_mixin.py:188} INFO - [2024-02-29T05:38:09.065+0000] {dag.py:3047} INFO - Sync 1 DAGs
[2024-02-29T05:38:09.078+0000] {logging_mixin.py:188} INFO - [2024-02-29T05:38:09.078+0000] {dag.py:3834} INFO - Setting next_dagrun for example_sensor_decorator to None, run_after=None
[2024-02-29T05:38:09.103+0000] {processor.py:183} INFO - Processing /home/airflow/.local/lib/python3.11/site-packages/airflow/example_dags/example_sensor_decorator.py took 0.073 seconds
[2024-02-29T05:38:39.243+0000] {processor.py:161} INFO - Started process (PID=821) to work on /home/airflow/.local/lib/python3.11/site-packages/airflow/example_dags/example_sensor_decorator.py
[2024-02-29T05:38:39.244+0000] {processor.py:830} INFO - Processing file /home/airflow/.local/lib/python3.11/site-packages/airflow/example_dags/example_sensor_decorator.py for tasks to queue
[2024-02-29T05:38:39.246+0000] {logging_mixin.py:188} INFO - [2024-02-29T05:38:39.246+0000] {dagbag.py:540} INFO - Filling up the DagBag from /home/airflow/.local/lib/python3.11/site-packages/airflow/example_dags/example_sensor_decorator.py
[2024-02-29T05:38:39.253+0000] {processor.py:840} INFO - DAG(s) 'example_sensor_decorator' retrieved from /home/airflow/.local/lib/python3.11/site-packages/airflow/example_dags/example_sensor_decorator.py
[2024-02-29T05:38:39.287+0000] {logging_mixin.py:188} INFO - [2024-02-29T05:38:39.287+0000] {dag.py:3047} INFO - Sync 1 DAGs
[2024-02-29T05:38:39.302+0000] {logging_mixin.py:188} INFO - [2024-02-29T05:38:39.302+0000] {dag.py:3834} INFO - Setting next_dagrun for example_sensor_decorator to None, run_after=None
[2024-02-29T05:38:39.338+0000] {processor.py:183} INFO - Processing /home/airflow/.local/lib/python3.11/site-packages/airflow/example_dags/example_sensor_decorator.py took 0.099 seconds
[2024-02-29T05:39:09.427+0000] {processor.py:161} INFO - Started process (PID=878) to work on /home/airflow/.local/lib/python3.11/site-packages/airflow/example_dags/example_sensor_decorator.py
[2024-02-29T05:39:09.428+0000] {processor.py:830} INFO - Processing file /home/airflow/.local/lib/python3.11/site-packages/airflow/example_dags/example_sensor_decorator.py for tasks to queue
[2024-02-29T05:39:09.430+0000] {logging_mixin.py:188} INFO - [2024-02-29T05:39:09.430+0000] {dagbag.py:540} INFO - Filling up the DagBag from /home/airflow/.local/lib/python3.11/site-packages/airflow/example_dags/example_sensor_decorator.py
[2024-02-29T05:39:09.451+0000] {processor.py:840} INFO - DAG(s) 'example_sensor_decorator' retrieved from /home/airflow/.local/lib/python3.11/site-packages/airflow/example_dags/example_sensor_decorator.py
[2024-02-29T05:39:09.472+0000] {logging_mixin.py:188} INFO - [2024-02-29T05:39:09.472+0000] {dag.py:3047} INFO - Sync 1 DAGs
[2024-02-29T05:39:09.485+0000] {logging_mixin.py:188} INFO - [2024-02-29T05:39:09.485+0000] {dag.py:3834} INFO - Setting next_dagrun for example_sensor_decorator to None, run_after=None
[2024-02-29T05:39:09.508+0000] {processor.py:183} INFO - Processing /home/airflow/.local/lib/python3.11/site-packages/airflow/example_dags/example_sensor_decorator.py took 0.086 seconds
[2024-02-29T05:39:40.227+0000] {processor.py:161} INFO - Started process (PID=936) to work on /home/airflow/.local/lib/python3.11/site-packages/airflow/example_dags/example_sensor_decorator.py
[2024-02-29T05:39:40.237+0000] {processor.py:830} INFO - Processing file /home/airflow/.local/lib/python3.11/site-packages/airflow/example_dags/example_sensor_decorator.py for tasks to queue
[2024-02-29T05:39:40.239+0000] {logging_mixin.py:188} INFO - [2024-02-29T05:39:40.238+0000] {dagbag.py:540} INFO - Filling up the DagBag from /home/airflow/.local/lib/python3.11/site-packages/airflow/example_dags/example_sensor_decorator.py
[2024-02-29T05:39:40.253+0000] {processor.py:840} INFO - DAG(s) 'example_sensor_decorator' retrieved from /home/airflow/.local/lib/python3.11/site-packages/airflow/example_dags/example_sensor_decorator.py
[2024-02-29T05:39:40.321+0000] {logging_mixin.py:188} INFO - [2024-02-29T05:39:40.321+0000] {dag.py:3047} INFO - Sync 1 DAGs
[2024-02-29T05:39:40.372+0000] {logging_mixin.py:188} INFO - [2024-02-29T05:39:40.350+0000] {dag.py:3834} INFO - Setting next_dagrun for example_sensor_decorator to None, run_after=None
[2024-02-29T05:39:40.441+0000] {processor.py:183} INFO - Processing /home/airflow/.local/lib/python3.11/site-packages/airflow/example_dags/example_sensor_decorator.py took 0.218 seconds
[2024-02-29T05:40:10.527+0000] {processor.py:161} INFO - Started process (PID=991) to work on /home/airflow/.local/lib/python3.11/site-packages/airflow/example_dags/example_sensor_decorator.py
[2024-02-29T05:40:10.528+0000] {processor.py:830} INFO - Processing file /home/airflow/.local/lib/python3.11/site-packages/airflow/example_dags/example_sensor_decorator.py for tasks to queue
[2024-02-29T05:40:10.531+0000] {logging_mixin.py:188} INFO - [2024-02-29T05:40:10.530+0000] {dagbag.py:540} INFO - Filling up the DagBag from /home/airflow/.local/lib/python3.11/site-packages/airflow/example_dags/example_sensor_decorator.py
[2024-02-29T05:40:10.538+0000] {processor.py:840} INFO - DAG(s) 'example_sensor_decorator' retrieved from /home/airflow/.local/lib/python3.11/site-packages/airflow/example_dags/example_sensor_decorator.py
[2024-02-29T05:40:10.562+0000] {logging_mixin.py:188} INFO - [2024-02-29T05:40:10.561+0000] {dag.py:3047} INFO - Sync 1 DAGs
[2024-02-29T05:40:10.574+0000] {logging_mixin.py:188} INFO - [2024-02-29T05:40:10.574+0000] {dag.py:3834} INFO - Setting next_dagrun for example_sensor_decorator to None, run_after=None
[2024-02-29T05:40:10.599+0000] {processor.py:183} INFO - Processing /home/airflow/.local/lib/python3.11/site-packages/airflow/example_dags/example_sensor_decorator.py took 0.076 seconds
