[2024-02-29T05:31:59.836+0000] {processor.py:161} INFO - Started process (PID=42) to work on /home/airflow/.local/lib/python3.11/site-packages/airflow/example_dags/example_short_circuit_operator.py
[2024-02-29T05:31:59.840+0000] {processor.py:830} INFO - Processing file /home/airflow/.local/lib/python3.11/site-packages/airflow/example_dags/example_short_circuit_operator.py for tasks to queue
[2024-02-29T05:31:59.846+0000] {logging_mixin.py:188} INFO - [2024-02-29T05:31:59.845+0000] {dagbag.py:540} INFO - Filling up the DagBag from /home/airflow/.local/lib/python3.11/site-packages/airflow/example_dags/example_short_circuit_operator.py
[2024-02-29T05:31:59.856+0000] {processor.py:840} INFO - DAG(s) 'example_short_circuit_operator' retrieved from /home/airflow/.local/lib/python3.11/site-packages/airflow/example_dags/example_short_circuit_operator.py
[2024-02-29T05:32:00.214+0000] {logging_mixin.py:188} INFO - [2024-02-29T05:32:00.214+0000] {dag.py:3047} INFO - Sync 1 DAGs
[2024-02-29T05:32:00.269+0000] {logging_mixin.py:188} INFO - [2024-02-29T05:32:00.269+0000] {dag.py:3834} INFO - Setting next_dagrun for example_short_circuit_operator to 2024-02-28 00:00:00+00:00, run_after=2024-02-29 00:00:00+00:00
[2024-02-29T05:32:00.301+0000] {processor.py:183} INFO - Processing /home/airflow/.local/lib/python3.11/site-packages/airflow/example_dags/example_short_circuit_operator.py took 0.473 seconds
[2024-02-29T05:32:32.963+0000] {processor.py:161} INFO - Started process (PID=103) to work on /home/airflow/.local/lib/python3.11/site-packages/airflow/example_dags/example_short_circuit_operator.py
[2024-02-29T05:32:32.973+0000] {processor.py:830} INFO - Processing file /home/airflow/.local/lib/python3.11/site-packages/airflow/example_dags/example_short_circuit_operator.py for tasks to queue
[2024-02-29T05:32:32.975+0000] {logging_mixin.py:188} INFO - [2024-02-29T05:32:32.974+0000] {dagbag.py:540} INFO - Filling up the DagBag from /home/airflow/.local/lib/python3.11/site-packages/airflow/example_dags/example_short_circuit_operator.py
[2024-02-29T05:32:33.007+0000] {processor.py:840} INFO - DAG(s) 'example_short_circuit_operator' retrieved from /home/airflow/.local/lib/python3.11/site-packages/airflow/example_dags/example_short_circuit_operator.py
[2024-02-29T05:32:33.052+0000] {logging_mixin.py:188} INFO - [2024-02-29T05:32:33.052+0000] {dag.py:3047} INFO - Sync 1 DAGs
[2024-02-29T05:32:33.114+0000] {logging_mixin.py:188} INFO - [2024-02-29T05:32:33.114+0000] {dag.py:3834} INFO - Setting next_dagrun for example_short_circuit_operator to 2024-02-28 00:00:00+00:00, run_after=2024-02-29 00:00:00+00:00
[2024-02-29T05:32:33.153+0000] {processor.py:183} INFO - Processing /home/airflow/.local/lib/python3.11/site-packages/airflow/example_dags/example_short_circuit_operator.py took 0.194 seconds
[2024-02-29T05:33:03.888+0000] {processor.py:161} INFO - Started process (PID=158) to work on /home/airflow/.local/lib/python3.11/site-packages/airflow/example_dags/example_short_circuit_operator.py
[2024-02-29T05:33:03.889+0000] {processor.py:830} INFO - Processing file /home/airflow/.local/lib/python3.11/site-packages/airflow/example_dags/example_short_circuit_operator.py for tasks to queue
[2024-02-29T05:33:03.891+0000] {logging_mixin.py:188} INFO - [2024-02-29T05:33:03.891+0000] {dagbag.py:540} INFO - Filling up the DagBag from /home/airflow/.local/lib/python3.11/site-packages/airflow/example_dags/example_short_circuit_operator.py
[2024-02-29T05:33:03.899+0000] {processor.py:840} INFO - DAG(s) 'example_short_circuit_operator' retrieved from /home/airflow/.local/lib/python3.11/site-packages/airflow/example_dags/example_short_circuit_operator.py
[2024-02-29T05:33:03.928+0000] {logging_mixin.py:188} INFO - [2024-02-29T05:33:03.928+0000] {dag.py:3047} INFO - Sync 1 DAGs
[2024-02-29T05:33:03.949+0000] {logging_mixin.py:188} INFO - [2024-02-29T05:33:03.949+0000] {dag.py:3834} INFO - Setting next_dagrun for example_short_circuit_operator to 2024-02-28 00:00:00+00:00, run_after=2024-02-29 00:00:00+00:00
[2024-02-29T05:33:03.969+0000] {processor.py:183} INFO - Processing /home/airflow/.local/lib/python3.11/site-packages/airflow/example_dags/example_short_circuit_operator.py took 0.084 seconds
[2024-02-29T05:33:34.240+0000] {processor.py:161} INFO - Started process (PID=222) to work on /home/airflow/.local/lib/python3.11/site-packages/airflow/example_dags/example_short_circuit_operator.py
[2024-02-29T05:33:34.255+0000] {processor.py:830} INFO - Processing file /home/airflow/.local/lib/python3.11/site-packages/airflow/example_dags/example_short_circuit_operator.py for tasks to queue
[2024-02-29T05:33:34.263+0000] {logging_mixin.py:188} INFO - [2024-02-29T05:33:34.262+0000] {dagbag.py:540} INFO - Filling up the DagBag from /home/airflow/.local/lib/python3.11/site-packages/airflow/example_dags/example_short_circuit_operator.py
[2024-02-29T05:33:34.279+0000] {processor.py:840} INFO - DAG(s) 'example_short_circuit_operator' retrieved from /home/airflow/.local/lib/python3.11/site-packages/airflow/example_dags/example_short_circuit_operator.py
[2024-02-29T05:33:34.324+0000] {logging_mixin.py:188} INFO - [2024-02-29T05:33:34.324+0000] {dag.py:3047} INFO - Sync 1 DAGs
[2024-02-29T05:33:34.346+0000] {logging_mixin.py:188} INFO - [2024-02-29T05:33:34.346+0000] {dag.py:3834} INFO - Setting next_dagrun for example_short_circuit_operator to 2024-02-28 00:00:00+00:00, run_after=2024-02-29 00:00:00+00:00
[2024-02-29T05:33:34.370+0000] {processor.py:183} INFO - Processing /home/airflow/.local/lib/python3.11/site-packages/airflow/example_dags/example_short_circuit_operator.py took 0.133 seconds
[2024-02-29T05:34:04.658+0000] {processor.py:161} INFO - Started process (PID=284) to work on /home/airflow/.local/lib/python3.11/site-packages/airflow/example_dags/example_short_circuit_operator.py
[2024-02-29T05:34:04.664+0000] {processor.py:830} INFO - Processing file /home/airflow/.local/lib/python3.11/site-packages/airflow/example_dags/example_short_circuit_operator.py for tasks to queue
[2024-02-29T05:34:04.667+0000] {logging_mixin.py:188} INFO - [2024-02-29T05:34:04.666+0000] {dagbag.py:540} INFO - Filling up the DagBag from /home/airflow/.local/lib/python3.11/site-packages/airflow/example_dags/example_short_circuit_operator.py
[2024-02-29T05:34:04.685+0000] {processor.py:840} INFO - DAG(s) 'example_short_circuit_operator' retrieved from /home/airflow/.local/lib/python3.11/site-packages/airflow/example_dags/example_short_circuit_operator.py
[2024-02-29T05:34:04.714+0000] {logging_mixin.py:188} INFO - [2024-02-29T05:34:04.714+0000] {dag.py:3047} INFO - Sync 1 DAGs
[2024-02-29T05:34:04.737+0000] {logging_mixin.py:188} INFO - [2024-02-29T05:34:04.737+0000] {dag.py:3834} INFO - Setting next_dagrun for example_short_circuit_operator to 2024-02-28 00:00:00+00:00, run_after=2024-02-29 00:00:00+00:00
[2024-02-29T05:34:04.762+0000] {processor.py:183} INFO - Processing /home/airflow/.local/lib/python3.11/site-packages/airflow/example_dags/example_short_circuit_operator.py took 0.111 seconds
[2024-02-29T05:34:35.273+0000] {processor.py:161} INFO - Started process (PID=348) to work on /home/airflow/.local/lib/python3.11/site-packages/airflow/example_dags/example_short_circuit_operator.py
[2024-02-29T05:34:35.278+0000] {processor.py:830} INFO - Processing file /home/airflow/.local/lib/python3.11/site-packages/airflow/example_dags/example_short_circuit_operator.py for tasks to queue
[2024-02-29T05:34:35.282+0000] {logging_mixin.py:188} INFO - [2024-02-29T05:34:35.282+0000] {dagbag.py:540} INFO - Filling up the DagBag from /home/airflow/.local/lib/python3.11/site-packages/airflow/example_dags/example_short_circuit_operator.py
[2024-02-29T05:34:35.299+0000] {processor.py:840} INFO - DAG(s) 'example_short_circuit_operator' retrieved from /home/airflow/.local/lib/python3.11/site-packages/airflow/example_dags/example_short_circuit_operator.py
[2024-02-29T05:34:35.361+0000] {logging_mixin.py:188} INFO - [2024-02-29T05:34:35.361+0000] {dag.py:3047} INFO - Sync 1 DAGs
[2024-02-29T05:34:35.428+0000] {logging_mixin.py:188} INFO - [2024-02-29T05:34:35.428+0000] {dag.py:3834} INFO - Setting next_dagrun for example_short_circuit_operator to 2024-02-28 00:00:00+00:00, run_after=2024-02-29 00:00:00+00:00
[2024-02-29T05:34:35.485+0000] {processor.py:183} INFO - Processing /home/airflow/.local/lib/python3.11/site-packages/airflow/example_dags/example_short_circuit_operator.py took 0.225 seconds
[2024-02-29T05:35:05.982+0000] {processor.py:161} INFO - Started process (PID=410) to work on /home/airflow/.local/lib/python3.11/site-packages/airflow/example_dags/example_short_circuit_operator.py
[2024-02-29T05:35:05.983+0000] {processor.py:830} INFO - Processing file /home/airflow/.local/lib/python3.11/site-packages/airflow/example_dags/example_short_circuit_operator.py for tasks to queue
[2024-02-29T05:35:05.986+0000] {logging_mixin.py:188} INFO - [2024-02-29T05:35:05.985+0000] {dagbag.py:540} INFO - Filling up the DagBag from /home/airflow/.local/lib/python3.11/site-packages/airflow/example_dags/example_short_circuit_operator.py
[2024-02-29T05:35:05.997+0000] {processor.py:840} INFO - DAG(s) 'example_short_circuit_operator' retrieved from /home/airflow/.local/lib/python3.11/site-packages/airflow/example_dags/example_short_circuit_operator.py
[2024-02-29T05:35:06.025+0000] {logging_mixin.py:188} INFO - [2024-02-29T05:35:06.025+0000] {dag.py:3047} INFO - Sync 1 DAGs
[2024-02-29T05:35:06.071+0000] {logging_mixin.py:188} INFO - [2024-02-29T05:35:06.070+0000] {dag.py:3834} INFO - Setting next_dagrun for example_short_circuit_operator to 2024-02-28 00:00:00+00:00, run_after=2024-02-29 00:00:00+00:00
[2024-02-29T05:35:06.133+0000] {processor.py:183} INFO - Processing /home/airflow/.local/lib/python3.11/site-packages/airflow/example_dags/example_short_circuit_operator.py took 0.153 seconds
[2024-02-29T05:35:36.747+0000] {processor.py:161} INFO - Started process (PID=473) to work on /home/airflow/.local/lib/python3.11/site-packages/airflow/example_dags/example_short_circuit_operator.py
[2024-02-29T05:35:36.748+0000] {processor.py:830} INFO - Processing file /home/airflow/.local/lib/python3.11/site-packages/airflow/example_dags/example_short_circuit_operator.py for tasks to queue
[2024-02-29T05:35:36.750+0000] {logging_mixin.py:188} INFO - [2024-02-29T05:35:36.750+0000] {dagbag.py:540} INFO - Filling up the DagBag from /home/airflow/.local/lib/python3.11/site-packages/airflow/example_dags/example_short_circuit_operator.py
[2024-02-29T05:35:36.759+0000] {processor.py:840} INFO - DAG(s) 'example_short_circuit_operator' retrieved from /home/airflow/.local/lib/python3.11/site-packages/airflow/example_dags/example_short_circuit_operator.py
[2024-02-29T05:35:36.785+0000] {logging_mixin.py:188} INFO - [2024-02-29T05:35:36.785+0000] {dag.py:3047} INFO - Sync 1 DAGs
[2024-02-29T05:35:36.807+0000] {logging_mixin.py:188} INFO - [2024-02-29T05:35:36.807+0000] {dag.py:3834} INFO - Setting next_dagrun for example_short_circuit_operator to 2024-02-28 00:00:00+00:00, run_after=2024-02-29 00:00:00+00:00
[2024-02-29T05:35:36.845+0000] {processor.py:183} INFO - Processing /home/airflow/.local/lib/python3.11/site-packages/airflow/example_dags/example_short_circuit_operator.py took 0.102 seconds
[2024-02-29T05:36:07.533+0000] {processor.py:161} INFO - Started process (PID=534) to work on /home/airflow/.local/lib/python3.11/site-packages/airflow/example_dags/example_short_circuit_operator.py
[2024-02-29T05:36:07.534+0000] {processor.py:830} INFO - Processing file /home/airflow/.local/lib/python3.11/site-packages/airflow/example_dags/example_short_circuit_operator.py for tasks to queue
[2024-02-29T05:36:07.536+0000] {logging_mixin.py:188} INFO - [2024-02-29T05:36:07.536+0000] {dagbag.py:540} INFO - Filling up the DagBag from /home/airflow/.local/lib/python3.11/site-packages/airflow/example_dags/example_short_circuit_operator.py
[2024-02-29T05:36:07.545+0000] {processor.py:840} INFO - DAG(s) 'example_short_circuit_operator' retrieved from /home/airflow/.local/lib/python3.11/site-packages/airflow/example_dags/example_short_circuit_operator.py
[2024-02-29T05:36:07.570+0000] {logging_mixin.py:188} INFO - [2024-02-29T05:36:07.569+0000] {dag.py:3047} INFO - Sync 1 DAGs
[2024-02-29T05:36:07.609+0000] {logging_mixin.py:188} INFO - [2024-02-29T05:36:07.609+0000] {dag.py:3834} INFO - Setting next_dagrun for example_short_circuit_operator to 2024-02-28 00:00:00+00:00, run_after=2024-02-29 00:00:00+00:00
[2024-02-29T05:36:07.632+0000] {processor.py:183} INFO - Processing /home/airflow/.local/lib/python3.11/site-packages/airflow/example_dags/example_short_circuit_operator.py took 0.102 seconds
[2024-02-29T05:36:37.790+0000] {processor.py:161} INFO - Started process (PID=593) to work on /home/airflow/.local/lib/python3.11/site-packages/airflow/example_dags/example_short_circuit_operator.py
[2024-02-29T05:36:37.791+0000] {processor.py:830} INFO - Processing file /home/airflow/.local/lib/python3.11/site-packages/airflow/example_dags/example_short_circuit_operator.py for tasks to queue
[2024-02-29T05:36:37.793+0000] {logging_mixin.py:188} INFO - [2024-02-29T05:36:37.793+0000] {dagbag.py:540} INFO - Filling up the DagBag from /home/airflow/.local/lib/python3.11/site-packages/airflow/example_dags/example_short_circuit_operator.py
[2024-02-29T05:36:37.802+0000] {processor.py:840} INFO - DAG(s) 'example_short_circuit_operator' retrieved from /home/airflow/.local/lib/python3.11/site-packages/airflow/example_dags/example_short_circuit_operator.py
[2024-02-29T05:36:37.829+0000] {logging_mixin.py:188} INFO - [2024-02-29T05:36:37.829+0000] {dag.py:3047} INFO - Sync 1 DAGs
[2024-02-29T05:36:37.858+0000] {logging_mixin.py:188} INFO - [2024-02-29T05:36:37.858+0000] {dag.py:3834} INFO - Setting next_dagrun for example_short_circuit_operator to 2024-02-28 00:00:00+00:00, run_after=2024-02-29 00:00:00+00:00
[2024-02-29T05:36:37.881+0000] {processor.py:183} INFO - Processing /home/airflow/.local/lib/python3.11/site-packages/airflow/example_dags/example_short_circuit_operator.py took 0.094 seconds
[2024-02-29T05:37:08.061+0000] {processor.py:161} INFO - Started process (PID=652) to work on /home/airflow/.local/lib/python3.11/site-packages/airflow/example_dags/example_short_circuit_operator.py
[2024-02-29T05:37:08.062+0000] {processor.py:830} INFO - Processing file /home/airflow/.local/lib/python3.11/site-packages/airflow/example_dags/example_short_circuit_operator.py for tasks to queue
[2024-02-29T05:37:08.073+0000] {logging_mixin.py:188} INFO - [2024-02-29T05:37:08.072+0000] {dagbag.py:540} INFO - Filling up the DagBag from /home/airflow/.local/lib/python3.11/site-packages/airflow/example_dags/example_short_circuit_operator.py
[2024-02-29T05:37:08.090+0000] {processor.py:840} INFO - DAG(s) 'example_short_circuit_operator' retrieved from /home/airflow/.local/lib/python3.11/site-packages/airflow/example_dags/example_short_circuit_operator.py
[2024-02-29T05:37:08.114+0000] {logging_mixin.py:188} INFO - [2024-02-29T05:37:08.114+0000] {dag.py:3047} INFO - Sync 1 DAGs
[2024-02-29T05:37:08.136+0000] {logging_mixin.py:188} INFO - [2024-02-29T05:37:08.136+0000] {dag.py:3834} INFO - Setting next_dagrun for example_short_circuit_operator to 2024-02-28 00:00:00+00:00, run_after=2024-02-29 00:00:00+00:00
[2024-02-29T05:37:08.158+0000] {processor.py:183} INFO - Processing /home/airflow/.local/lib/python3.11/site-packages/airflow/example_dags/example_short_circuit_operator.py took 0.100 seconds
[2024-02-29T05:37:38.838+0000] {processor.py:161} INFO - Started process (PID=709) to work on /home/airflow/.local/lib/python3.11/site-packages/airflow/example_dags/example_short_circuit_operator.py
[2024-02-29T05:37:38.839+0000] {processor.py:830} INFO - Processing file /home/airflow/.local/lib/python3.11/site-packages/airflow/example_dags/example_short_circuit_operator.py for tasks to queue
[2024-02-29T05:37:38.841+0000] {logging_mixin.py:188} INFO - [2024-02-29T05:37:38.841+0000] {dagbag.py:540} INFO - Filling up the DagBag from /home/airflow/.local/lib/python3.11/site-packages/airflow/example_dags/example_short_circuit_operator.py
[2024-02-29T05:37:38.865+0000] {processor.py:840} INFO - DAG(s) 'example_short_circuit_operator' retrieved from /home/airflow/.local/lib/python3.11/site-packages/airflow/example_dags/example_short_circuit_operator.py
[2024-02-29T05:37:38.898+0000] {logging_mixin.py:188} INFO - [2024-02-29T05:37:38.898+0000] {dag.py:3047} INFO - Sync 1 DAGs
[2024-02-29T05:37:38.925+0000] {logging_mixin.py:188} INFO - [2024-02-29T05:37:38.925+0000] {dag.py:3834} INFO - Setting next_dagrun for example_short_circuit_operator to 2024-02-28 00:00:00+00:00, run_after=2024-02-29 00:00:00+00:00
[2024-02-29T05:37:38.947+0000] {processor.py:183} INFO - Processing /home/airflow/.local/lib/python3.11/site-packages/airflow/example_dags/example_short_circuit_operator.py took 0.114 seconds
[2024-02-29T05:38:09.043+0000] {processor.py:161} INFO - Started process (PID=766) to work on /home/airflow/.local/lib/python3.11/site-packages/airflow/example_dags/example_short_circuit_operator.py
[2024-02-29T05:38:09.044+0000] {processor.py:830} INFO - Processing file /home/airflow/.local/lib/python3.11/site-packages/airflow/example_dags/example_short_circuit_operator.py for tasks to queue
[2024-02-29T05:38:09.045+0000] {logging_mixin.py:188} INFO - [2024-02-29T05:38:09.045+0000] {dagbag.py:540} INFO - Filling up the DagBag from /home/airflow/.local/lib/python3.11/site-packages/airflow/example_dags/example_short_circuit_operator.py
[2024-02-29T05:38:09.054+0000] {processor.py:840} INFO - DAG(s) 'example_short_circuit_operator' retrieved from /home/airflow/.local/lib/python3.11/site-packages/airflow/example_dags/example_short_circuit_operator.py
[2024-02-29T05:38:09.087+0000] {logging_mixin.py:188} INFO - [2024-02-29T05:38:09.087+0000] {dag.py:3047} INFO - Sync 1 DAGs
[2024-02-29T05:38:09.108+0000] {logging_mixin.py:188} INFO - [2024-02-29T05:38:09.108+0000] {dag.py:3834} INFO - Setting next_dagrun for example_short_circuit_operator to 2024-02-28 00:00:00+00:00, run_after=2024-02-29 00:00:00+00:00
[2024-02-29T05:38:09.130+0000] {processor.py:183} INFO - Processing /home/airflow/.local/lib/python3.11/site-packages/airflow/example_dags/example_short_circuit_operator.py took 0.090 seconds
[2024-02-29T05:38:39.257+0000] {processor.py:161} INFO - Started process (PID=822) to work on /home/airflow/.local/lib/python3.11/site-packages/airflow/example_dags/example_short_circuit_operator.py
[2024-02-29T05:38:39.259+0000] {processor.py:830} INFO - Processing file /home/airflow/.local/lib/python3.11/site-packages/airflow/example_dags/example_short_circuit_operator.py for tasks to queue
[2024-02-29T05:38:39.261+0000] {logging_mixin.py:188} INFO - [2024-02-29T05:38:39.261+0000] {dagbag.py:540} INFO - Filling up the DagBag from /home/airflow/.local/lib/python3.11/site-packages/airflow/example_dags/example_short_circuit_operator.py
[2024-02-29T05:38:39.271+0000] {processor.py:840} INFO - DAG(s) 'example_short_circuit_operator' retrieved from /home/airflow/.local/lib/python3.11/site-packages/airflow/example_dags/example_short_circuit_operator.py
[2024-02-29T05:38:39.326+0000] {logging_mixin.py:188} INFO - [2024-02-29T05:38:39.326+0000] {dag.py:3047} INFO - Sync 1 DAGs
[2024-02-29T05:38:39.379+0000] {logging_mixin.py:188} INFO - [2024-02-29T05:38:39.379+0000] {dag.py:3834} INFO - Setting next_dagrun for example_short_circuit_operator to 2024-02-28 00:00:00+00:00, run_after=2024-02-29 00:00:00+00:00
[2024-02-29T05:38:39.408+0000] {processor.py:183} INFO - Processing /home/airflow/.local/lib/python3.11/site-packages/airflow/example_dags/example_short_circuit_operator.py took 0.168 seconds
[2024-02-29T05:39:09.546+0000] {processor.py:161} INFO - Started process (PID=879) to work on /home/airflow/.local/lib/python3.11/site-packages/airflow/example_dags/example_short_circuit_operator.py
[2024-02-29T05:39:09.547+0000] {processor.py:830} INFO - Processing file /home/airflow/.local/lib/python3.11/site-packages/airflow/example_dags/example_short_circuit_operator.py for tasks to queue
[2024-02-29T05:39:09.549+0000] {logging_mixin.py:188} INFO - [2024-02-29T05:39:09.548+0000] {dagbag.py:540} INFO - Filling up the DagBag from /home/airflow/.local/lib/python3.11/site-packages/airflow/example_dags/example_short_circuit_operator.py
[2024-02-29T05:39:09.557+0000] {processor.py:840} INFO - DAG(s) 'example_short_circuit_operator' retrieved from /home/airflow/.local/lib/python3.11/site-packages/airflow/example_dags/example_short_circuit_operator.py
[2024-02-29T05:39:09.587+0000] {logging_mixin.py:188} INFO - [2024-02-29T05:39:09.587+0000] {dag.py:3047} INFO - Sync 1 DAGs
[2024-02-29T05:39:09.608+0000] {logging_mixin.py:188} INFO - [2024-02-29T05:39:09.608+0000] {dag.py:3834} INFO - Setting next_dagrun for example_short_circuit_operator to 2024-02-28 00:00:00+00:00, run_after=2024-02-29 00:00:00+00:00
[2024-02-29T05:39:09.633+0000] {processor.py:183} INFO - Processing /home/airflow/.local/lib/python3.11/site-packages/airflow/example_dags/example_short_circuit_operator.py took 0.091 seconds
[2024-02-29T05:39:40.527+0000] {processor.py:161} INFO - Started process (PID=937) to work on /home/airflow/.local/lib/python3.11/site-packages/airflow/example_dags/example_short_circuit_operator.py
[2024-02-29T05:39:40.528+0000] {processor.py:830} INFO - Processing file /home/airflow/.local/lib/python3.11/site-packages/airflow/example_dags/example_short_circuit_operator.py for tasks to queue
[2024-02-29T05:39:40.530+0000] {logging_mixin.py:188} INFO - [2024-02-29T05:39:40.530+0000] {dagbag.py:540} INFO - Filling up the DagBag from /home/airflow/.local/lib/python3.11/site-packages/airflow/example_dags/example_short_circuit_operator.py
[2024-02-29T05:39:40.542+0000] {processor.py:840} INFO - DAG(s) 'example_short_circuit_operator' retrieved from /home/airflow/.local/lib/python3.11/site-packages/airflow/example_dags/example_short_circuit_operator.py
[2024-02-29T05:39:40.593+0000] {logging_mixin.py:188} INFO - [2024-02-29T05:39:40.593+0000] {dag.py:3047} INFO - Sync 1 DAGs
[2024-02-29T05:39:40.630+0000] {logging_mixin.py:188} INFO - [2024-02-29T05:39:40.629+0000] {dag.py:3834} INFO - Setting next_dagrun for example_short_circuit_operator to 2024-02-28 00:00:00+00:00, run_after=2024-02-29 00:00:00+00:00
[2024-02-29T05:39:40.681+0000] {processor.py:183} INFO - Processing /home/airflow/.local/lib/python3.11/site-packages/airflow/example_dags/example_short_circuit_operator.py took 0.166 seconds
[2024-02-29T05:40:10.857+0000] {processor.py:161} INFO - Started process (PID=993) to work on /home/airflow/.local/lib/python3.11/site-packages/airflow/example_dags/example_short_circuit_operator.py
[2024-02-29T05:40:10.861+0000] {processor.py:830} INFO - Processing file /home/airflow/.local/lib/python3.11/site-packages/airflow/example_dags/example_short_circuit_operator.py for tasks to queue
[2024-02-29T05:40:10.868+0000] {logging_mixin.py:188} INFO - [2024-02-29T05:40:10.867+0000] {dagbag.py:540} INFO - Filling up the DagBag from /home/airflow/.local/lib/python3.11/site-packages/airflow/example_dags/example_short_circuit_operator.py
[2024-02-29T05:40:10.886+0000] {processor.py:840} INFO - DAG(s) 'example_short_circuit_operator' retrieved from /home/airflow/.local/lib/python3.11/site-packages/airflow/example_dags/example_short_circuit_operator.py
[2024-02-29T05:40:10.935+0000] {logging_mixin.py:188} INFO - [2024-02-29T05:40:10.935+0000] {dag.py:3047} INFO - Sync 1 DAGs
[2024-02-29T05:40:10.974+0000] {logging_mixin.py:188} INFO - [2024-02-29T05:40:10.973+0000] {dag.py:3834} INFO - Setting next_dagrun for example_short_circuit_operator to 2024-02-28 00:00:00+00:00, run_after=2024-02-29 00:00:00+00:00
[2024-02-29T05:40:11.012+0000] {processor.py:183} INFO - Processing /home/airflow/.local/lib/python3.11/site-packages/airflow/example_dags/example_short_circuit_operator.py took 0.158 seconds
