[2024-02-29T05:32:00.462+0000] {processor.py:161} INFO - Started process (PID=48) to work on /home/airflow/.local/lib/python3.11/site-packages/airflow/example_dags/example_nested_branch_dag.py
[2024-02-29T05:32:00.463+0000] {processor.py:830} INFO - Processing file /home/airflow/.local/lib/python3.11/site-packages/airflow/example_dags/example_nested_branch_dag.py for tasks to queue
[2024-02-29T05:32:00.512+0000] {logging_mixin.py:188} INFO - [2024-02-29T05:32:00.511+0000] {dagbag.py:540} INFO - Filling up the DagBag from /home/airflow/.local/lib/python3.11/site-packages/airflow/example_dags/example_nested_branch_dag.py
[2024-02-29T05:32:00.620+0000] {processor.py:840} INFO - DAG(s) 'example_nested_branch_dag' retrieved from /home/airflow/.local/lib/python3.11/site-packages/airflow/example_dags/example_nested_branch_dag.py
[2024-02-29T05:32:01.220+0000] {logging_mixin.py:188} INFO - [2024-02-29T05:32:01.220+0000] {dag.py:3047} INFO - Sync 1 DAGs
[2024-02-29T05:32:01.267+0000] {logging_mixin.py:188} INFO - [2024-02-29T05:32:01.267+0000] {dag.py:3834} INFO - Setting next_dagrun for example_nested_branch_dag to 2024-02-28 00:00:00+00:00, run_after=2024-02-29 00:00:00+00:00
[2024-02-29T05:32:01.318+0000] {processor.py:183} INFO - Processing /home/airflow/.local/lib/python3.11/site-packages/airflow/example_dags/example_nested_branch_dag.py took 0.888 seconds
[2024-02-29T05:32:33.231+0000] {processor.py:161} INFO - Started process (PID=104) to work on /home/airflow/.local/lib/python3.11/site-packages/airflow/example_dags/example_nested_branch_dag.py
[2024-02-29T05:32:33.241+0000] {processor.py:830} INFO - Processing file /home/airflow/.local/lib/python3.11/site-packages/airflow/example_dags/example_nested_branch_dag.py for tasks to queue
[2024-02-29T05:32:33.242+0000] {logging_mixin.py:188} INFO - [2024-02-29T05:32:33.242+0000] {dagbag.py:540} INFO - Filling up the DagBag from /home/airflow/.local/lib/python3.11/site-packages/airflow/example_dags/example_nested_branch_dag.py
[2024-02-29T05:32:33.287+0000] {processor.py:840} INFO - DAG(s) 'example_nested_branch_dag' retrieved from /home/airflow/.local/lib/python3.11/site-packages/airflow/example_dags/example_nested_branch_dag.py
[2024-02-29T05:32:33.505+0000] {logging_mixin.py:188} INFO - [2024-02-29T05:32:33.505+0000] {dag.py:3047} INFO - Sync 1 DAGs
[2024-02-29T05:32:33.620+0000] {logging_mixin.py:188} INFO - [2024-02-29T05:32:33.620+0000] {dag.py:3834} INFO - Setting next_dagrun for example_nested_branch_dag to 2024-02-28 00:00:00+00:00, run_after=2024-02-29 00:00:00+00:00
[2024-02-29T05:32:33.723+0000] {processor.py:183} INFO - Processing /home/airflow/.local/lib/python3.11/site-packages/airflow/example_dags/example_nested_branch_dag.py took 0.495 seconds
[2024-02-29T05:33:03.973+0000] {processor.py:161} INFO - Started process (PID=159) to work on /home/airflow/.local/lib/python3.11/site-packages/airflow/example_dags/example_nested_branch_dag.py
[2024-02-29T05:33:03.973+0000] {processor.py:830} INFO - Processing file /home/airflow/.local/lib/python3.11/site-packages/airflow/example_dags/example_nested_branch_dag.py for tasks to queue
[2024-02-29T05:33:03.976+0000] {logging_mixin.py:188} INFO - [2024-02-29T05:33:03.975+0000] {dagbag.py:540} INFO - Filling up the DagBag from /home/airflow/.local/lib/python3.11/site-packages/airflow/example_dags/example_nested_branch_dag.py
[2024-02-29T05:33:03.987+0000] {processor.py:840} INFO - DAG(s) 'example_nested_branch_dag' retrieved from /home/airflow/.local/lib/python3.11/site-packages/airflow/example_dags/example_nested_branch_dag.py
[2024-02-29T05:33:04.009+0000] {logging_mixin.py:188} INFO - [2024-02-29T05:33:04.009+0000] {dag.py:3047} INFO - Sync 1 DAGs
[2024-02-29T05:33:04.043+0000] {logging_mixin.py:188} INFO - [2024-02-29T05:33:04.043+0000] {dag.py:3834} INFO - Setting next_dagrun for example_nested_branch_dag to 2024-02-28 00:00:00+00:00, run_after=2024-02-29 00:00:00+00:00
[2024-02-29T05:33:04.073+0000] {processor.py:183} INFO - Processing /home/airflow/.local/lib/python3.11/site-packages/airflow/example_dags/example_nested_branch_dag.py took 0.103 seconds
[2024-02-29T05:33:34.329+0000] {processor.py:161} INFO - Started process (PID=223) to work on /home/airflow/.local/lib/python3.11/site-packages/airflow/example_dags/example_nested_branch_dag.py
[2024-02-29T05:33:34.330+0000] {processor.py:830} INFO - Processing file /home/airflow/.local/lib/python3.11/site-packages/airflow/example_dags/example_nested_branch_dag.py for tasks to queue
[2024-02-29T05:33:34.332+0000] {logging_mixin.py:188} INFO - [2024-02-29T05:33:34.331+0000] {dagbag.py:540} INFO - Filling up the DagBag from /home/airflow/.local/lib/python3.11/site-packages/airflow/example_dags/example_nested_branch_dag.py
[2024-02-29T05:33:34.344+0000] {processor.py:840} INFO - DAG(s) 'example_nested_branch_dag' retrieved from /home/airflow/.local/lib/python3.11/site-packages/airflow/example_dags/example_nested_branch_dag.py
[2024-02-29T05:33:34.366+0000] {logging_mixin.py:188} INFO - [2024-02-29T05:33:34.366+0000] {dag.py:3047} INFO - Sync 1 DAGs
[2024-02-29T05:33:34.389+0000] {logging_mixin.py:188} INFO - [2024-02-29T05:33:34.388+0000] {dag.py:3834} INFO - Setting next_dagrun for example_nested_branch_dag to 2024-02-28 00:00:00+00:00, run_after=2024-02-29 00:00:00+00:00
[2024-02-29T05:33:34.410+0000] {processor.py:183} INFO - Processing /home/airflow/.local/lib/python3.11/site-packages/airflow/example_dags/example_nested_branch_dag.py took 0.085 seconds
[2024-02-29T05:34:04.767+0000] {processor.py:161} INFO - Started process (PID=285) to work on /home/airflow/.local/lib/python3.11/site-packages/airflow/example_dags/example_nested_branch_dag.py
[2024-02-29T05:34:04.768+0000] {processor.py:830} INFO - Processing file /home/airflow/.local/lib/python3.11/site-packages/airflow/example_dags/example_nested_branch_dag.py for tasks to queue
[2024-02-29T05:34:04.783+0000] {logging_mixin.py:188} INFO - [2024-02-29T05:34:04.782+0000] {dagbag.py:540} INFO - Filling up the DagBag from /home/airflow/.local/lib/python3.11/site-packages/airflow/example_dags/example_nested_branch_dag.py
[2024-02-29T05:34:04.813+0000] {processor.py:840} INFO - DAG(s) 'example_nested_branch_dag' retrieved from /home/airflow/.local/lib/python3.11/site-packages/airflow/example_dags/example_nested_branch_dag.py
[2024-02-29T05:34:04.877+0000] {logging_mixin.py:188} INFO - [2024-02-29T05:34:04.877+0000] {dag.py:3047} INFO - Sync 1 DAGs
[2024-02-29T05:34:04.902+0000] {logging_mixin.py:188} INFO - [2024-02-29T05:34:04.902+0000] {dag.py:3834} INFO - Setting next_dagrun for example_nested_branch_dag to 2024-02-28 00:00:00+00:00, run_after=2024-02-29 00:00:00+00:00
[2024-02-29T05:34:04.928+0000] {processor.py:183} INFO - Processing /home/airflow/.local/lib/python3.11/site-packages/airflow/example_dags/example_nested_branch_dag.py took 0.164 seconds
[2024-02-29T05:34:35.582+0000] {processor.py:161} INFO - Started process (PID=349) to work on /home/airflow/.local/lib/python3.11/site-packages/airflow/example_dags/example_nested_branch_dag.py
[2024-02-29T05:34:35.586+0000] {processor.py:830} INFO - Processing file /home/airflow/.local/lib/python3.11/site-packages/airflow/example_dags/example_nested_branch_dag.py for tasks to queue
[2024-02-29T05:34:35.607+0000] {logging_mixin.py:188} INFO - [2024-02-29T05:34:35.607+0000] {dagbag.py:540} INFO - Filling up the DagBag from /home/airflow/.local/lib/python3.11/site-packages/airflow/example_dags/example_nested_branch_dag.py
[2024-02-29T05:34:35.640+0000] {processor.py:840} INFO - DAG(s) 'example_nested_branch_dag' retrieved from /home/airflow/.local/lib/python3.11/site-packages/airflow/example_dags/example_nested_branch_dag.py
[2024-02-29T05:34:35.721+0000] {logging_mixin.py:188} INFO - [2024-02-29T05:34:35.721+0000] {dag.py:3047} INFO - Sync 1 DAGs
[2024-02-29T05:34:35.806+0000] {logging_mixin.py:188} INFO - [2024-02-29T05:34:35.800+0000] {dag.py:3834} INFO - Setting next_dagrun for example_nested_branch_dag to 2024-02-28 00:00:00+00:00, run_after=2024-02-29 00:00:00+00:00
[2024-02-29T05:34:35.862+0000] {processor.py:183} INFO - Processing /home/airflow/.local/lib/python3.11/site-packages/airflow/example_dags/example_nested_branch_dag.py took 0.307 seconds
[2024-02-29T05:35:06.020+0000] {processor.py:161} INFO - Started process (PID=411) to work on /home/airflow/.local/lib/python3.11/site-packages/airflow/example_dags/example_nested_branch_dag.py
[2024-02-29T05:35:06.021+0000] {processor.py:830} INFO - Processing file /home/airflow/.local/lib/python3.11/site-packages/airflow/example_dags/example_nested_branch_dag.py for tasks to queue
[2024-02-29T05:35:06.024+0000] {logging_mixin.py:188} INFO - [2024-02-29T05:35:06.023+0000] {dagbag.py:540} INFO - Filling up the DagBag from /home/airflow/.local/lib/python3.11/site-packages/airflow/example_dags/example_nested_branch_dag.py
[2024-02-29T05:35:06.034+0000] {processor.py:840} INFO - DAG(s) 'example_nested_branch_dag' retrieved from /home/airflow/.local/lib/python3.11/site-packages/airflow/example_dags/example_nested_branch_dag.py
[2024-02-29T05:35:06.067+0000] {logging_mixin.py:188} INFO - [2024-02-29T05:35:06.067+0000] {dag.py:3047} INFO - Sync 1 DAGs
[2024-02-29T05:35:06.093+0000] {logging_mixin.py:188} INFO - [2024-02-29T05:35:06.093+0000] {dag.py:3834} INFO - Setting next_dagrun for example_nested_branch_dag to 2024-02-28 00:00:00+00:00, run_after=2024-02-29 00:00:00+00:00
[2024-02-29T05:35:06.120+0000] {processor.py:183} INFO - Processing /home/airflow/.local/lib/python3.11/site-packages/airflow/example_dags/example_nested_branch_dag.py took 0.103 seconds
[2024-02-29T05:35:36.848+0000] {processor.py:161} INFO - Started process (PID=474) to work on /home/airflow/.local/lib/python3.11/site-packages/airflow/example_dags/example_nested_branch_dag.py
[2024-02-29T05:35:36.849+0000] {processor.py:830} INFO - Processing file /home/airflow/.local/lib/python3.11/site-packages/airflow/example_dags/example_nested_branch_dag.py for tasks to queue
[2024-02-29T05:35:36.851+0000] {logging_mixin.py:188} INFO - [2024-02-29T05:35:36.850+0000] {dagbag.py:540} INFO - Filling up the DagBag from /home/airflow/.local/lib/python3.11/site-packages/airflow/example_dags/example_nested_branch_dag.py
[2024-02-29T05:35:36.864+0000] {processor.py:840} INFO - DAG(s) 'example_nested_branch_dag' retrieved from /home/airflow/.local/lib/python3.11/site-packages/airflow/example_dags/example_nested_branch_dag.py
[2024-02-29T05:35:36.885+0000] {logging_mixin.py:188} INFO - [2024-02-29T05:35:36.885+0000] {dag.py:3047} INFO - Sync 1 DAGs
[2024-02-29T05:35:36.918+0000] {logging_mixin.py:188} INFO - [2024-02-29T05:35:36.917+0000] {dag.py:3834} INFO - Setting next_dagrun for example_nested_branch_dag to 2024-02-28 00:00:00+00:00, run_after=2024-02-29 00:00:00+00:00
[2024-02-29T05:35:36.942+0000] {processor.py:183} INFO - Processing /home/airflow/.local/lib/python3.11/site-packages/airflow/example_dags/example_nested_branch_dag.py took 0.097 seconds
[2024-02-29T05:36:07.649+0000] {processor.py:161} INFO - Started process (PID=535) to work on /home/airflow/.local/lib/python3.11/site-packages/airflow/example_dags/example_nested_branch_dag.py
[2024-02-29T05:36:07.650+0000] {processor.py:830} INFO - Processing file /home/airflow/.local/lib/python3.11/site-packages/airflow/example_dags/example_nested_branch_dag.py for tasks to queue
[2024-02-29T05:36:07.652+0000] {logging_mixin.py:188} INFO - [2024-02-29T05:36:07.652+0000] {dagbag.py:540} INFO - Filling up the DagBag from /home/airflow/.local/lib/python3.11/site-packages/airflow/example_dags/example_nested_branch_dag.py
[2024-02-29T05:36:07.663+0000] {processor.py:840} INFO - DAG(s) 'example_nested_branch_dag' retrieved from /home/airflow/.local/lib/python3.11/site-packages/airflow/example_dags/example_nested_branch_dag.py
[2024-02-29T05:36:07.686+0000] {logging_mixin.py:188} INFO - [2024-02-29T05:36:07.685+0000] {dag.py:3047} INFO - Sync 1 DAGs
[2024-02-29T05:36:07.710+0000] {logging_mixin.py:188} INFO - [2024-02-29T05:36:07.709+0000] {dag.py:3834} INFO - Setting next_dagrun for example_nested_branch_dag to 2024-02-28 00:00:00+00:00, run_after=2024-02-29 00:00:00+00:00
[2024-02-29T05:36:07.732+0000] {processor.py:183} INFO - Processing /home/airflow/.local/lib/python3.11/site-packages/airflow/example_dags/example_nested_branch_dag.py took 0.093 seconds
[2024-02-29T05:36:37.911+0000] {processor.py:161} INFO - Started process (PID=594) to work on /home/airflow/.local/lib/python3.11/site-packages/airflow/example_dags/example_nested_branch_dag.py
[2024-02-29T05:36:37.912+0000] {processor.py:830} INFO - Processing file /home/airflow/.local/lib/python3.11/site-packages/airflow/example_dags/example_nested_branch_dag.py for tasks to queue
[2024-02-29T05:36:37.914+0000] {logging_mixin.py:188} INFO - [2024-02-29T05:36:37.913+0000] {dagbag.py:540} INFO - Filling up the DagBag from /home/airflow/.local/lib/python3.11/site-packages/airflow/example_dags/example_nested_branch_dag.py
[2024-02-29T05:36:37.924+0000] {processor.py:840} INFO - DAG(s) 'example_nested_branch_dag' retrieved from /home/airflow/.local/lib/python3.11/site-packages/airflow/example_dags/example_nested_branch_dag.py
[2024-02-29T05:36:37.957+0000] {logging_mixin.py:188} INFO - [2024-02-29T05:36:37.957+0000] {dag.py:3047} INFO - Sync 1 DAGs
[2024-02-29T05:36:37.980+0000] {logging_mixin.py:188} INFO - [2024-02-29T05:36:37.980+0000] {dag.py:3834} INFO - Setting next_dagrun for example_nested_branch_dag to 2024-02-28 00:00:00+00:00, run_after=2024-02-29 00:00:00+00:00
[2024-02-29T05:36:38.003+0000] {processor.py:183} INFO - Processing /home/airflow/.local/lib/python3.11/site-packages/airflow/example_dags/example_nested_branch_dag.py took 0.096 seconds
[2024-02-29T05:37:08.148+0000] {processor.py:161} INFO - Started process (PID=653) to work on /home/airflow/.local/lib/python3.11/site-packages/airflow/example_dags/example_nested_branch_dag.py
[2024-02-29T05:37:08.149+0000] {processor.py:830} INFO - Processing file /home/airflow/.local/lib/python3.11/site-packages/airflow/example_dags/example_nested_branch_dag.py for tasks to queue
[2024-02-29T05:37:08.150+0000] {logging_mixin.py:188} INFO - [2024-02-29T05:37:08.150+0000] {dagbag.py:540} INFO - Filling up the DagBag from /home/airflow/.local/lib/python3.11/site-packages/airflow/example_dags/example_nested_branch_dag.py
[2024-02-29T05:37:08.161+0000] {processor.py:840} INFO - DAG(s) 'example_nested_branch_dag' retrieved from /home/airflow/.local/lib/python3.11/site-packages/airflow/example_dags/example_nested_branch_dag.py
[2024-02-29T05:37:08.185+0000] {logging_mixin.py:188} INFO - [2024-02-29T05:37:08.184+0000] {dag.py:3047} INFO - Sync 1 DAGs
[2024-02-29T05:37:08.207+0000] {logging_mixin.py:188} INFO - [2024-02-29T05:37:08.207+0000] {dag.py:3834} INFO - Setting next_dagrun for example_nested_branch_dag to 2024-02-28 00:00:00+00:00, run_after=2024-02-29 00:00:00+00:00
[2024-02-29T05:37:08.230+0000] {processor.py:183} INFO - Processing /home/airflow/.local/lib/python3.11/site-packages/airflow/example_dags/example_nested_branch_dag.py took 0.084 seconds
[2024-02-29T05:37:38.944+0000] {processor.py:161} INFO - Started process (PID=710) to work on /home/airflow/.local/lib/python3.11/site-packages/airflow/example_dags/example_nested_branch_dag.py
[2024-02-29T05:37:38.945+0000] {processor.py:830} INFO - Processing file /home/airflow/.local/lib/python3.11/site-packages/airflow/example_dags/example_nested_branch_dag.py for tasks to queue
[2024-02-29T05:37:38.947+0000] {logging_mixin.py:188} INFO - [2024-02-29T05:37:38.947+0000] {dagbag.py:540} INFO - Filling up the DagBag from /home/airflow/.local/lib/python3.11/site-packages/airflow/example_dags/example_nested_branch_dag.py
[2024-02-29T05:37:38.958+0000] {processor.py:840} INFO - DAG(s) 'example_nested_branch_dag' retrieved from /home/airflow/.local/lib/python3.11/site-packages/airflow/example_dags/example_nested_branch_dag.py
[2024-02-29T05:37:38.978+0000] {logging_mixin.py:188} INFO - [2024-02-29T05:37:38.978+0000] {dag.py:3047} INFO - Sync 1 DAGs
[2024-02-29T05:37:39.002+0000] {logging_mixin.py:188} INFO - [2024-02-29T05:37:39.002+0000] {dag.py:3834} INFO - Setting next_dagrun for example_nested_branch_dag to 2024-02-28 00:00:00+00:00, run_after=2024-02-29 00:00:00+00:00
[2024-02-29T05:37:39.025+0000] {processor.py:183} INFO - Processing /home/airflow/.local/lib/python3.11/site-packages/airflow/example_dags/example_nested_branch_dag.py took 0.085 seconds
[2024-02-29T05:38:09.135+0000] {processor.py:161} INFO - Started process (PID=767) to work on /home/airflow/.local/lib/python3.11/site-packages/airflow/example_dags/example_nested_branch_dag.py
[2024-02-29T05:38:09.135+0000] {processor.py:830} INFO - Processing file /home/airflow/.local/lib/python3.11/site-packages/airflow/example_dags/example_nested_branch_dag.py for tasks to queue
[2024-02-29T05:38:09.137+0000] {logging_mixin.py:188} INFO - [2024-02-29T05:38:09.137+0000] {dagbag.py:540} INFO - Filling up the DagBag from /home/airflow/.local/lib/python3.11/site-packages/airflow/example_dags/example_nested_branch_dag.py
[2024-02-29T05:38:09.148+0000] {processor.py:840} INFO - DAG(s) 'example_nested_branch_dag' retrieved from /home/airflow/.local/lib/python3.11/site-packages/airflow/example_dags/example_nested_branch_dag.py
[2024-02-29T05:38:09.169+0000] {logging_mixin.py:188} INFO - [2024-02-29T05:38:09.169+0000] {dag.py:3047} INFO - Sync 1 DAGs
[2024-02-29T05:38:09.193+0000] {logging_mixin.py:188} INFO - [2024-02-29T05:38:09.193+0000] {dag.py:3834} INFO - Setting next_dagrun for example_nested_branch_dag to 2024-02-28 00:00:00+00:00, run_after=2024-02-29 00:00:00+00:00
[2024-02-29T05:38:09.215+0000] {processor.py:183} INFO - Processing /home/airflow/.local/lib/python3.11/site-packages/airflow/example_dags/example_nested_branch_dag.py took 0.084 seconds
[2024-02-29T05:38:39.389+0000] {processor.py:161} INFO - Started process (PID=823) to work on /home/airflow/.local/lib/python3.11/site-packages/airflow/example_dags/example_nested_branch_dag.py
[2024-02-29T05:38:39.392+0000] {processor.py:830} INFO - Processing file /home/airflow/.local/lib/python3.11/site-packages/airflow/example_dags/example_nested_branch_dag.py for tasks to queue
[2024-02-29T05:38:39.395+0000] {logging_mixin.py:188} INFO - [2024-02-29T05:38:39.394+0000] {dagbag.py:540} INFO - Filling up the DagBag from /home/airflow/.local/lib/python3.11/site-packages/airflow/example_dags/example_nested_branch_dag.py
[2024-02-29T05:38:39.427+0000] {processor.py:840} INFO - DAG(s) 'example_nested_branch_dag' retrieved from /home/airflow/.local/lib/python3.11/site-packages/airflow/example_dags/example_nested_branch_dag.py
[2024-02-29T05:38:39.448+0000] {logging_mixin.py:188} INFO - [2024-02-29T05:38:39.448+0000] {dag.py:3047} INFO - Sync 1 DAGs
[2024-02-29T05:38:39.474+0000] {logging_mixin.py:188} INFO - [2024-02-29T05:38:39.473+0000] {dag.py:3834} INFO - Setting next_dagrun for example_nested_branch_dag to 2024-02-28 00:00:00+00:00, run_after=2024-02-29 00:00:00+00:00
[2024-02-29T05:38:39.495+0000] {processor.py:183} INFO - Processing /home/airflow/.local/lib/python3.11/site-packages/airflow/example_dags/example_nested_branch_dag.py took 0.109 seconds
[2024-02-29T05:39:09.611+0000] {processor.py:161} INFO - Started process (PID=880) to work on /home/airflow/.local/lib/python3.11/site-packages/airflow/example_dags/example_nested_branch_dag.py
[2024-02-29T05:39:09.612+0000] {processor.py:830} INFO - Processing file /home/airflow/.local/lib/python3.11/site-packages/airflow/example_dags/example_nested_branch_dag.py for tasks to queue
[2024-02-29T05:39:09.614+0000] {logging_mixin.py:188} INFO - [2024-02-29T05:39:09.614+0000] {dagbag.py:540} INFO - Filling up the DagBag from /home/airflow/.local/lib/python3.11/site-packages/airflow/example_dags/example_nested_branch_dag.py
[2024-02-29T05:39:09.625+0000] {processor.py:840} INFO - DAG(s) 'example_nested_branch_dag' retrieved from /home/airflow/.local/lib/python3.11/site-packages/airflow/example_dags/example_nested_branch_dag.py
[2024-02-29T05:39:09.649+0000] {logging_mixin.py:188} INFO - [2024-02-29T05:39:09.649+0000] {dag.py:3047} INFO - Sync 1 DAGs
[2024-02-29T05:39:09.674+0000] {logging_mixin.py:188} INFO - [2024-02-29T05:39:09.674+0000] {dag.py:3834} INFO - Setting next_dagrun for example_nested_branch_dag to 2024-02-28 00:00:00+00:00, run_after=2024-02-29 00:00:00+00:00
[2024-02-29T05:39:09.711+0000] {processor.py:183} INFO - Processing /home/airflow/.local/lib/python3.11/site-packages/airflow/example_dags/example_nested_branch_dag.py took 0.104 seconds
[2024-02-29T05:39:40.634+0000] {processor.py:161} INFO - Started process (PID=938) to work on /home/airflow/.local/lib/python3.11/site-packages/airflow/example_dags/example_nested_branch_dag.py
[2024-02-29T05:39:40.635+0000] {processor.py:830} INFO - Processing file /home/airflow/.local/lib/python3.11/site-packages/airflow/example_dags/example_nested_branch_dag.py for tasks to queue
[2024-02-29T05:39:40.636+0000] {logging_mixin.py:188} INFO - [2024-02-29T05:39:40.636+0000] {dagbag.py:540} INFO - Filling up the DagBag from /home/airflow/.local/lib/python3.11/site-packages/airflow/example_dags/example_nested_branch_dag.py
[2024-02-29T05:39:40.654+0000] {processor.py:840} INFO - DAG(s) 'example_nested_branch_dag' retrieved from /home/airflow/.local/lib/python3.11/site-packages/airflow/example_dags/example_nested_branch_dag.py
[2024-02-29T05:39:40.693+0000] {logging_mixin.py:188} INFO - [2024-02-29T05:39:40.693+0000] {dag.py:3047} INFO - Sync 1 DAGs
[2024-02-29T05:39:40.717+0000] {logging_mixin.py:188} INFO - [2024-02-29T05:39:40.717+0000] {dag.py:3834} INFO - Setting next_dagrun for example_nested_branch_dag to 2024-02-28 00:00:00+00:00, run_after=2024-02-29 00:00:00+00:00
[2024-02-29T05:39:40.739+0000] {processor.py:183} INFO - Processing /home/airflow/.local/lib/python3.11/site-packages/airflow/example_dags/example_nested_branch_dag.py took 0.112 seconds
[2024-02-29T05:40:10.867+0000] {processor.py:161} INFO - Started process (PID=994) to work on /home/airflow/.local/lib/python3.11/site-packages/airflow/example_dags/example_nested_branch_dag.py
[2024-02-29T05:40:10.873+0000] {processor.py:830} INFO - Processing file /home/airflow/.local/lib/python3.11/site-packages/airflow/example_dags/example_nested_branch_dag.py for tasks to queue
[2024-02-29T05:40:10.876+0000] {logging_mixin.py:188} INFO - [2024-02-29T05:40:10.876+0000] {dagbag.py:540} INFO - Filling up the DagBag from /home/airflow/.local/lib/python3.11/site-packages/airflow/example_dags/example_nested_branch_dag.py
[2024-02-29T05:40:10.900+0000] {processor.py:840} INFO - DAG(s) 'example_nested_branch_dag' retrieved from /home/airflow/.local/lib/python3.11/site-packages/airflow/example_dags/example_nested_branch_dag.py
[2024-02-29T05:40:10.948+0000] {logging_mixin.py:188} INFO - [2024-02-29T05:40:10.948+0000] {dag.py:3047} INFO - Sync 1 DAGs
[2024-02-29T05:40:10.976+0000] {logging_mixin.py:188} INFO - [2024-02-29T05:40:10.975+0000] {dag.py:3834} INFO - Setting next_dagrun for example_nested_branch_dag to 2024-02-28 00:00:00+00:00, run_after=2024-02-29 00:00:00+00:00
[2024-02-29T05:40:11.025+0000] {processor.py:183} INFO - Processing /home/airflow/.local/lib/python3.11/site-packages/airflow/example_dags/example_nested_branch_dag.py took 0.161 seconds
