[2024-02-29T05:32:08.542+0000] {processor.py:161} INFO - Started process (PID=61) to work on /home/airflow/.local/lib/python3.11/site-packages/airflow/example_dags/example_sla_dag.py
[2024-02-29T05:32:08.544+0000] {processor.py:830} INFO - Processing file /home/airflow/.local/lib/python3.11/site-packages/airflow/example_dags/example_sla_dag.py for tasks to queue
[2024-02-29T05:32:08.549+0000] {logging_mixin.py:188} INFO - [2024-02-29T05:32:08.549+0000] {dagbag.py:540} INFO - Filling up the DagBag from /home/airflow/.local/lib/python3.11/site-packages/airflow/example_dags/example_sla_dag.py
[2024-02-29T05:32:08.586+0000] {processor.py:840} INFO - DAG(s) 'example_sla_dag' retrieved from /home/airflow/.local/lib/python3.11/site-packages/airflow/example_dags/example_sla_dag.py
[2024-02-29T05:32:09.487+0000] {logging_mixin.py:188} INFO - [2024-02-29T05:32:09.487+0000] {dag.py:3047} INFO - Sync 1 DAGs
[2024-02-29T05:32:09.574+0000] {logging_mixin.py:188} INFO - [2024-02-29T05:32:09.574+0000] {dag.py:3834} INFO - Setting next_dagrun for example_sla_dag to 2024-02-29 05:30:00+00:00, run_after=2024-02-29 05:32:00+00:00
[2024-02-29T05:32:09.705+0000] {processor.py:183} INFO - Processing /home/airflow/.local/lib/python3.11/site-packages/airflow/example_dags/example_sla_dag.py took 1.178 seconds
[2024-02-29T05:32:39.805+0000] {processor.py:161} INFO - Started process (PID=116) to work on /home/airflow/.local/lib/python3.11/site-packages/airflow/example_dags/example_sla_dag.py
[2024-02-29T05:32:39.813+0000] {processor.py:830} INFO - Processing file /home/airflow/.local/lib/python3.11/site-packages/airflow/example_dags/example_sla_dag.py for tasks to queue
[2024-02-29T05:32:39.814+0000] {logging_mixin.py:188} INFO - [2024-02-29T05:32:39.814+0000] {dagbag.py:540} INFO - Filling up the DagBag from /home/airflow/.local/lib/python3.11/site-packages/airflow/example_dags/example_sla_dag.py
[2024-02-29T05:32:39.837+0000] {processor.py:840} INFO - DAG(s) 'example_sla_dag' retrieved from /home/airflow/.local/lib/python3.11/site-packages/airflow/example_dags/example_sla_dag.py
[2024-02-29T05:32:39.880+0000] {logging_mixin.py:188} INFO - [2024-02-29T05:32:39.880+0000] {dag.py:3047} INFO - Sync 1 DAGs
[2024-02-29T05:32:39.935+0000] {logging_mixin.py:188} INFO - [2024-02-29T05:32:39.935+0000] {dag.py:3834} INFO - Setting next_dagrun for example_sla_dag to 2024-02-29 05:30:00+00:00, run_after=2024-02-29 05:32:00+00:00
[2024-02-29T05:32:39.958+0000] {processor.py:183} INFO - Processing /home/airflow/.local/lib/python3.11/site-packages/airflow/example_dags/example_sla_dag.py took 0.156 seconds
[2024-02-29T05:33:10.051+0000] {processor.py:161} INFO - Started process (PID=175) to work on /home/airflow/.local/lib/python3.11/site-packages/airflow/example_dags/example_sla_dag.py
[2024-02-29T05:33:10.051+0000] {processor.py:830} INFO - Processing file /home/airflow/.local/lib/python3.11/site-packages/airflow/example_dags/example_sla_dag.py for tasks to queue
[2024-02-29T05:33:10.053+0000] {logging_mixin.py:188} INFO - [2024-02-29T05:33:10.053+0000] {dagbag.py:540} INFO - Filling up the DagBag from /home/airflow/.local/lib/python3.11/site-packages/airflow/example_dags/example_sla_dag.py
[2024-02-29T05:33:10.062+0000] {processor.py:840} INFO - DAG(s) 'example_sla_dag' retrieved from /home/airflow/.local/lib/python3.11/site-packages/airflow/example_dags/example_sla_dag.py
[2024-02-29T05:33:10.089+0000] {logging_mixin.py:188} INFO - [2024-02-29T05:33:10.088+0000] {dag.py:3047} INFO - Sync 1 DAGs
[2024-02-29T05:33:10.116+0000] {logging_mixin.py:188} INFO - [2024-02-29T05:33:10.116+0000] {dag.py:3834} INFO - Setting next_dagrun for example_sla_dag to 2024-02-29 05:30:00+00:00, run_after=2024-02-29 05:32:00+00:00
[2024-02-29T05:33:10.135+0000] {processor.py:183} INFO - Processing /home/airflow/.local/lib/python3.11/site-packages/airflow/example_dags/example_sla_dag.py took 0.088 seconds
[2024-02-29T05:33:40.332+0000] {processor.py:161} INFO - Started process (PID=239) to work on /home/airflow/.local/lib/python3.11/site-packages/airflow/example_dags/example_sla_dag.py
[2024-02-29T05:33:40.332+0000] {processor.py:830} INFO - Processing file /home/airflow/.local/lib/python3.11/site-packages/airflow/example_dags/example_sla_dag.py for tasks to queue
[2024-02-29T05:33:40.334+0000] {logging_mixin.py:188} INFO - [2024-02-29T05:33:40.334+0000] {dagbag.py:540} INFO - Filling up the DagBag from /home/airflow/.local/lib/python3.11/site-packages/airflow/example_dags/example_sla_dag.py
[2024-02-29T05:33:40.343+0000] {processor.py:840} INFO - DAG(s) 'example_sla_dag' retrieved from /home/airflow/.local/lib/python3.11/site-packages/airflow/example_dags/example_sla_dag.py
[2024-02-29T05:33:40.362+0000] {logging_mixin.py:188} INFO - [2024-02-29T05:33:40.362+0000] {dag.py:3047} INFO - Sync 1 DAGs
[2024-02-29T05:33:40.381+0000] {logging_mixin.py:188} INFO - [2024-02-29T05:33:40.381+0000] {dag.py:3834} INFO - Setting next_dagrun for example_sla_dag to 2024-02-29 05:30:00+00:00, run_after=2024-02-29 05:32:00+00:00
[2024-02-29T05:33:40.398+0000] {processor.py:183} INFO - Processing /home/airflow/.local/lib/python3.11/site-packages/airflow/example_dags/example_sla_dag.py took 0.069 seconds
[2024-02-29T05:34:10.911+0000] {processor.py:161} INFO - Started process (PID=301) to work on /home/airflow/.local/lib/python3.11/site-packages/airflow/example_dags/example_sla_dag.py
[2024-02-29T05:34:10.912+0000] {processor.py:830} INFO - Processing file /home/airflow/.local/lib/python3.11/site-packages/airflow/example_dags/example_sla_dag.py for tasks to queue
[2024-02-29T05:34:10.915+0000] {logging_mixin.py:188} INFO - [2024-02-29T05:34:10.914+0000] {dagbag.py:540} INFO - Filling up the DagBag from /home/airflow/.local/lib/python3.11/site-packages/airflow/example_dags/example_sla_dag.py
[2024-02-29T05:34:10.964+0000] {processor.py:840} INFO - DAG(s) 'example_sla_dag' retrieved from /home/airflow/.local/lib/python3.11/site-packages/airflow/example_dags/example_sla_dag.py
[2024-02-29T05:34:10.988+0000] {logging_mixin.py:188} INFO - [2024-02-29T05:34:10.988+0000] {dag.py:3047} INFO - Sync 1 DAGs
[2024-02-29T05:34:11.035+0000] {logging_mixin.py:188} INFO - [2024-02-29T05:34:11.035+0000] {dag.py:3834} INFO - Setting next_dagrun for example_sla_dag to 2024-02-29 05:32:00+00:00, run_after=2024-02-29 05:34:00+00:00
[2024-02-29T05:34:11.077+0000] {processor.py:183} INFO - Processing /home/airflow/.local/lib/python3.11/site-packages/airflow/example_dags/example_sla_dag.py took 0.169 seconds
[2024-02-29T05:34:41.879+0000] {processor.py:161} INFO - Started process (PID=364) to work on /home/airflow/.local/lib/python3.11/site-packages/airflow/example_dags/example_sla_dag.py
[2024-02-29T05:34:41.880+0000] {processor.py:830} INFO - Processing file /home/airflow/.local/lib/python3.11/site-packages/airflow/example_dags/example_sla_dag.py for tasks to queue
[2024-02-29T05:34:41.882+0000] {logging_mixin.py:188} INFO - [2024-02-29T05:34:41.881+0000] {dagbag.py:540} INFO - Filling up the DagBag from /home/airflow/.local/lib/python3.11/site-packages/airflow/example_dags/example_sla_dag.py
[2024-02-29T05:34:41.891+0000] {processor.py:840} INFO - DAG(s) 'example_sla_dag' retrieved from /home/airflow/.local/lib/python3.11/site-packages/airflow/example_dags/example_sla_dag.py
[2024-02-29T05:34:41.909+0000] {logging_mixin.py:188} INFO - [2024-02-29T05:34:41.909+0000] {dag.py:3047} INFO - Sync 1 DAGs
[2024-02-29T05:34:41.929+0000] {logging_mixin.py:188} INFO - [2024-02-29T05:34:41.929+0000] {dag.py:3834} INFO - Setting next_dagrun for example_sla_dag to 2024-02-29 05:32:00+00:00, run_after=2024-02-29 05:34:00+00:00
[2024-02-29T05:34:41.947+0000] {processor.py:183} INFO - Processing /home/airflow/.local/lib/python3.11/site-packages/airflow/example_dags/example_sla_dag.py took 0.071 seconds
[2024-02-29T05:35:12.635+0000] {processor.py:161} INFO - Started process (PID=425) to work on /home/airflow/.local/lib/python3.11/site-packages/airflow/example_dags/example_sla_dag.py
[2024-02-29T05:35:12.645+0000] {processor.py:830} INFO - Processing file /home/airflow/.local/lib/python3.11/site-packages/airflow/example_dags/example_sla_dag.py for tasks to queue
[2024-02-29T05:35:12.646+0000] {logging_mixin.py:188} INFO - [2024-02-29T05:35:12.646+0000] {dagbag.py:540} INFO - Filling up the DagBag from /home/airflow/.local/lib/python3.11/site-packages/airflow/example_dags/example_sla_dag.py
[2024-02-29T05:35:12.655+0000] {processor.py:840} INFO - DAG(s) 'example_sla_dag' retrieved from /home/airflow/.local/lib/python3.11/site-packages/airflow/example_dags/example_sla_dag.py
[2024-02-29T05:35:12.692+0000] {logging_mixin.py:188} INFO - [2024-02-29T05:35:12.692+0000] {dag.py:3047} INFO - Sync 1 DAGs
[2024-02-29T05:35:12.728+0000] {logging_mixin.py:188} INFO - [2024-02-29T05:35:12.727+0000] {dag.py:3834} INFO - Setting next_dagrun for example_sla_dag to 2024-02-29 05:32:00+00:00, run_after=2024-02-29 05:34:00+00:00
[2024-02-29T05:35:12.783+0000] {processor.py:183} INFO - Processing /home/airflow/.local/lib/python3.11/site-packages/airflow/example_dags/example_sla_dag.py took 0.151 seconds
[2024-02-29T05:35:42.823+0000] {processor.py:161} INFO - Started process (PID=489) to work on /home/airflow/.local/lib/python3.11/site-packages/airflow/example_dags/example_sla_dag.py
[2024-02-29T05:35:42.824+0000] {processor.py:830} INFO - Processing file /home/airflow/.local/lib/python3.11/site-packages/airflow/example_dags/example_sla_dag.py for tasks to queue
[2024-02-29T05:35:42.826+0000] {logging_mixin.py:188} INFO - [2024-02-29T05:35:42.825+0000] {dagbag.py:540} INFO - Filling up the DagBag from /home/airflow/.local/lib/python3.11/site-packages/airflow/example_dags/example_sla_dag.py
[2024-02-29T05:35:42.834+0000] {processor.py:840} INFO - DAG(s) 'example_sla_dag' retrieved from /home/airflow/.local/lib/python3.11/site-packages/airflow/example_dags/example_sla_dag.py
[2024-02-29T05:35:42.854+0000] {logging_mixin.py:188} INFO - [2024-02-29T05:35:42.854+0000] {dag.py:3047} INFO - Sync 1 DAGs
[2024-02-29T05:35:42.875+0000] {logging_mixin.py:188} INFO - [2024-02-29T05:35:42.874+0000] {dag.py:3834} INFO - Setting next_dagrun for example_sla_dag to 2024-02-29 05:32:00+00:00, run_after=2024-02-29 05:34:00+00:00
[2024-02-29T05:35:42.893+0000] {processor.py:183} INFO - Processing /home/airflow/.local/lib/python3.11/site-packages/airflow/example_dags/example_sla_dag.py took 0.072 seconds
[2024-02-29T05:36:13.485+0000] {processor.py:161} INFO - Started process (PID=550) to work on /home/airflow/.local/lib/python3.11/site-packages/airflow/example_dags/example_sla_dag.py
[2024-02-29T05:36:13.486+0000] {processor.py:830} INFO - Processing file /home/airflow/.local/lib/python3.11/site-packages/airflow/example_dags/example_sla_dag.py for tasks to queue
[2024-02-29T05:36:13.488+0000] {logging_mixin.py:188} INFO - [2024-02-29T05:36:13.487+0000] {dagbag.py:540} INFO - Filling up the DagBag from /home/airflow/.local/lib/python3.11/site-packages/airflow/example_dags/example_sla_dag.py
[2024-02-29T05:36:13.495+0000] {processor.py:840} INFO - DAG(s) 'example_sla_dag' retrieved from /home/airflow/.local/lib/python3.11/site-packages/airflow/example_dags/example_sla_dag.py
[2024-02-29T05:36:13.509+0000] {logging_mixin.py:188} INFO - [2024-02-29T05:36:13.509+0000] {dag.py:3047} INFO - Sync 1 DAGs
[2024-02-29T05:36:13.526+0000] {logging_mixin.py:188} INFO - [2024-02-29T05:36:13.526+0000] {dag.py:3834} INFO - Setting next_dagrun for example_sla_dag to 2024-02-29 05:34:00+00:00, run_after=2024-02-29 05:36:00+00:00
[2024-02-29T05:36:13.545+0000] {processor.py:183} INFO - Processing /home/airflow/.local/lib/python3.11/site-packages/airflow/example_dags/example_sla_dag.py took 0.062 seconds
[2024-02-29T05:36:43.593+0000] {processor.py:161} INFO - Started process (PID=609) to work on /home/airflow/.local/lib/python3.11/site-packages/airflow/example_dags/example_sla_dag.py
[2024-02-29T05:36:43.594+0000] {processor.py:830} INFO - Processing file /home/airflow/.local/lib/python3.11/site-packages/airflow/example_dags/example_sla_dag.py for tasks to queue
[2024-02-29T05:36:43.595+0000] {logging_mixin.py:188} INFO - [2024-02-29T05:36:43.595+0000] {dagbag.py:540} INFO - Filling up the DagBag from /home/airflow/.local/lib/python3.11/site-packages/airflow/example_dags/example_sla_dag.py
[2024-02-29T05:36:43.604+0000] {processor.py:840} INFO - DAG(s) 'example_sla_dag' retrieved from /home/airflow/.local/lib/python3.11/site-packages/airflow/example_dags/example_sla_dag.py
[2024-02-29T05:36:43.618+0000] {logging_mixin.py:188} INFO - [2024-02-29T05:36:43.618+0000] {dag.py:3047} INFO - Sync 1 DAGs
[2024-02-29T05:36:43.636+0000] {logging_mixin.py:188} INFO - [2024-02-29T05:36:43.636+0000] {dag.py:3834} INFO - Setting next_dagrun for example_sla_dag to 2024-02-29 05:34:00+00:00, run_after=2024-02-29 05:36:00+00:00
[2024-02-29T05:36:43.655+0000] {processor.py:183} INFO - Processing /home/airflow/.local/lib/python3.11/site-packages/airflow/example_dags/example_sla_dag.py took 0.064 seconds
[2024-02-29T05:37:13.867+0000] {processor.py:161} INFO - Started process (PID=668) to work on /home/airflow/.local/lib/python3.11/site-packages/airflow/example_dags/example_sla_dag.py
[2024-02-29T05:37:13.868+0000] {processor.py:830} INFO - Processing file /home/airflow/.local/lib/python3.11/site-packages/airflow/example_dags/example_sla_dag.py for tasks to queue
[2024-02-29T05:37:13.869+0000] {logging_mixin.py:188} INFO - [2024-02-29T05:37:13.869+0000] {dagbag.py:540} INFO - Filling up the DagBag from /home/airflow/.local/lib/python3.11/site-packages/airflow/example_dags/example_sla_dag.py
[2024-02-29T05:37:13.876+0000] {processor.py:840} INFO - DAG(s) 'example_sla_dag' retrieved from /home/airflow/.local/lib/python3.11/site-packages/airflow/example_dags/example_sla_dag.py
[2024-02-29T05:37:13.890+0000] {logging_mixin.py:188} INFO - [2024-02-29T05:37:13.890+0000] {dag.py:3047} INFO - Sync 1 DAGs
[2024-02-29T05:37:13.908+0000] {logging_mixin.py:188} INFO - [2024-02-29T05:37:13.907+0000] {dag.py:3834} INFO - Setting next_dagrun for example_sla_dag to 2024-02-29 05:34:00+00:00, run_after=2024-02-29 05:36:00+00:00
[2024-02-29T05:37:13.926+0000] {processor.py:183} INFO - Processing /home/airflow/.local/lib/python3.11/site-packages/airflow/example_dags/example_sla_dag.py took 0.061 seconds
[2024-02-29T05:37:44.590+0000] {processor.py:161} INFO - Started process (PID=725) to work on /home/airflow/.local/lib/python3.11/site-packages/airflow/example_dags/example_sla_dag.py
[2024-02-29T05:37:44.591+0000] {processor.py:830} INFO - Processing file /home/airflow/.local/lib/python3.11/site-packages/airflow/example_dags/example_sla_dag.py for tasks to queue
[2024-02-29T05:37:44.594+0000] {logging_mixin.py:188} INFO - [2024-02-29T05:37:44.593+0000] {dagbag.py:540} INFO - Filling up the DagBag from /home/airflow/.local/lib/python3.11/site-packages/airflow/example_dags/example_sla_dag.py
[2024-02-29T05:37:44.604+0000] {processor.py:840} INFO - DAG(s) 'example_sla_dag' retrieved from /home/airflow/.local/lib/python3.11/site-packages/airflow/example_dags/example_sla_dag.py
[2024-02-29T05:37:44.624+0000] {logging_mixin.py:188} INFO - [2024-02-29T05:37:44.624+0000] {dag.py:3047} INFO - Sync 1 DAGs
[2024-02-29T05:37:44.647+0000] {logging_mixin.py:188} INFO - [2024-02-29T05:37:44.647+0000] {dag.py:3834} INFO - Setting next_dagrun for example_sla_dag to 2024-02-29 05:34:00+00:00, run_after=2024-02-29 05:36:00+00:00
[2024-02-29T05:37:44.671+0000] {processor.py:183} INFO - Processing /home/airflow/.local/lib/python3.11/site-packages/airflow/example_dags/example_sla_dag.py took 0.084 seconds
[2024-02-29T05:38:14.913+0000] {processor.py:161} INFO - Started process (PID=782) to work on /home/airflow/.local/lib/python3.11/site-packages/airflow/example_dags/example_sla_dag.py
[2024-02-29T05:38:14.914+0000] {processor.py:830} INFO - Processing file /home/airflow/.local/lib/python3.11/site-packages/airflow/example_dags/example_sla_dag.py for tasks to queue
[2024-02-29T05:38:14.916+0000] {logging_mixin.py:188} INFO - [2024-02-29T05:38:14.915+0000] {dagbag.py:540} INFO - Filling up the DagBag from /home/airflow/.local/lib/python3.11/site-packages/airflow/example_dags/example_sla_dag.py
[2024-02-29T05:38:14.922+0000] {processor.py:840} INFO - DAG(s) 'example_sla_dag' retrieved from /home/airflow/.local/lib/python3.11/site-packages/airflow/example_dags/example_sla_dag.py
[2024-02-29T05:38:14.938+0000] {logging_mixin.py:188} INFO - [2024-02-29T05:38:14.938+0000] {dag.py:3047} INFO - Sync 1 DAGs
[2024-02-29T05:38:14.956+0000] {logging_mixin.py:188} INFO - [2024-02-29T05:38:14.955+0000] {dag.py:3834} INFO - Setting next_dagrun for example_sla_dag to 2024-02-29 05:36:00+00:00, run_after=2024-02-29 05:38:00+00:00
[2024-02-29T05:38:14.974+0000] {processor.py:183} INFO - Processing /home/airflow/.local/lib/python3.11/site-packages/airflow/example_dags/example_sla_dag.py took 0.064 seconds
[2024-02-29T05:38:45.140+0000] {processor.py:161} INFO - Started process (PID=836) to work on /home/airflow/.local/lib/python3.11/site-packages/airflow/example_dags/example_sla_dag.py
[2024-02-29T05:38:45.141+0000] {processor.py:830} INFO - Processing file /home/airflow/.local/lib/python3.11/site-packages/airflow/example_dags/example_sla_dag.py for tasks to queue
[2024-02-29T05:38:45.142+0000] {logging_mixin.py:188} INFO - [2024-02-29T05:38:45.142+0000] {dagbag.py:540} INFO - Filling up the DagBag from /home/airflow/.local/lib/python3.11/site-packages/airflow/example_dags/example_sla_dag.py
[2024-02-29T05:38:45.151+0000] {processor.py:840} INFO - DAG(s) 'example_sla_dag' retrieved from /home/airflow/.local/lib/python3.11/site-packages/airflow/example_dags/example_sla_dag.py
[2024-02-29T05:38:45.171+0000] {logging_mixin.py:188} INFO - [2024-02-29T05:38:45.170+0000] {dag.py:3047} INFO - Sync 1 DAGs
[2024-02-29T05:38:45.201+0000] {logging_mixin.py:188} INFO - [2024-02-29T05:38:45.201+0000] {dag.py:3834} INFO - Setting next_dagrun for example_sla_dag to 2024-02-29 05:36:00+00:00, run_after=2024-02-29 05:38:00+00:00
[2024-02-29T05:38:45.223+0000] {processor.py:183} INFO - Processing /home/airflow/.local/lib/python3.11/site-packages/airflow/example_dags/example_sla_dag.py took 0.087 seconds
[2024-02-29T05:39:15.391+0000] {processor.py:161} INFO - Started process (PID=893) to work on /home/airflow/.local/lib/python3.11/site-packages/airflow/example_dags/example_sla_dag.py
[2024-02-29T05:39:15.392+0000] {processor.py:830} INFO - Processing file /home/airflow/.local/lib/python3.11/site-packages/airflow/example_dags/example_sla_dag.py for tasks to queue
[2024-02-29T05:39:15.400+0000] {logging_mixin.py:188} INFO - [2024-02-29T05:39:15.398+0000] {dagbag.py:540} INFO - Filling up the DagBag from /home/airflow/.local/lib/python3.11/site-packages/airflow/example_dags/example_sla_dag.py
[2024-02-29T05:39:15.408+0000] {processor.py:840} INFO - DAG(s) 'example_sla_dag' retrieved from /home/airflow/.local/lib/python3.11/site-packages/airflow/example_dags/example_sla_dag.py
[2024-02-29T05:39:15.427+0000] {logging_mixin.py:188} INFO - [2024-02-29T05:39:15.427+0000] {dag.py:3047} INFO - Sync 1 DAGs
[2024-02-29T05:39:15.449+0000] {logging_mixin.py:188} INFO - [2024-02-29T05:39:15.449+0000] {dag.py:3834} INFO - Setting next_dagrun for example_sla_dag to 2024-02-29 05:36:00+00:00, run_after=2024-02-29 05:38:00+00:00
[2024-02-29T05:39:15.466+0000] {processor.py:183} INFO - Processing /home/airflow/.local/lib/python3.11/site-packages/airflow/example_dags/example_sla_dag.py took 0.078 seconds
[2024-02-29T05:39:45.748+0000] {processor.py:161} INFO - Started process (PID=951) to work on /home/airflow/.local/lib/python3.11/site-packages/airflow/example_dags/example_sla_dag.py
[2024-02-29T05:39:45.748+0000] {processor.py:830} INFO - Processing file /home/airflow/.local/lib/python3.11/site-packages/airflow/example_dags/example_sla_dag.py for tasks to queue
[2024-02-29T05:39:45.750+0000] {logging_mixin.py:188} INFO - [2024-02-29T05:39:45.749+0000] {dagbag.py:540} INFO - Filling up the DagBag from /home/airflow/.local/lib/python3.11/site-packages/airflow/example_dags/example_sla_dag.py
[2024-02-29T05:39:45.756+0000] {processor.py:840} INFO - DAG(s) 'example_sla_dag' retrieved from /home/airflow/.local/lib/python3.11/site-packages/airflow/example_dags/example_sla_dag.py
[2024-02-29T05:39:45.772+0000] {logging_mixin.py:188} INFO - [2024-02-29T05:39:45.772+0000] {dag.py:3047} INFO - Sync 1 DAGs
[2024-02-29T05:39:45.790+0000] {logging_mixin.py:188} INFO - [2024-02-29T05:39:45.790+0000] {dag.py:3834} INFO - Setting next_dagrun for example_sla_dag to 2024-02-29 05:36:00+00:00, run_after=2024-02-29 05:38:00+00:00
[2024-02-29T05:39:45.810+0000] {processor.py:183} INFO - Processing /home/airflow/.local/lib/python3.11/site-packages/airflow/example_dags/example_sla_dag.py took 0.065 seconds
[2024-02-29T05:40:16.123+0000] {processor.py:161} INFO - Started process (PID=1007) to work on /home/airflow/.local/lib/python3.11/site-packages/airflow/example_dags/example_sla_dag.py
[2024-02-29T05:40:16.129+0000] {processor.py:830} INFO - Processing file /home/airflow/.local/lib/python3.11/site-packages/airflow/example_dags/example_sla_dag.py for tasks to queue
[2024-02-29T05:40:16.131+0000] {logging_mixin.py:188} INFO - [2024-02-29T05:40:16.130+0000] {dagbag.py:540} INFO - Filling up the DagBag from /home/airflow/.local/lib/python3.11/site-packages/airflow/example_dags/example_sla_dag.py
