[2024-02-29T05:32:12.288+0000] {processor.py:161} INFO - Started process (PID=65) to work on /home/airflow/.local/lib/python3.11/site-packages/airflow/example_dags/example_xcom.py
[2024-02-29T05:32:12.316+0000] {processor.py:830} INFO - Processing file /home/airflow/.local/lib/python3.11/site-packages/airflow/example_dags/example_xcom.py for tasks to queue
[2024-02-29T05:32:12.318+0000] {logging_mixin.py:188} INFO - [2024-02-29T05:32:12.318+0000] {dagbag.py:540} INFO - Filling up the DagBag from /home/airflow/.local/lib/python3.11/site-packages/airflow/example_dags/example_xcom.py
[2024-02-29T05:32:12.406+0000] {processor.py:840} INFO - DAG(s) 'example_xcom' retrieved from /home/airflow/.local/lib/python3.11/site-packages/airflow/example_dags/example_xcom.py
[2024-02-29T05:32:13.510+0000] {logging_mixin.py:188} INFO - [2024-02-29T05:32:13.509+0000] {dag.py:3047} INFO - Sync 1 DAGs
[2024-02-29T05:32:13.626+0000] {logging_mixin.py:188} INFO - [2024-02-29T05:32:13.625+0000] {dag.py:3834} INFO - Setting next_dagrun for example_xcom to 2021-01-01 00:00:00+00:00, run_after=2021-01-01 00:00:00+00:00
[2024-02-29T05:32:13.698+0000] {processor.py:183} INFO - Processing /home/airflow/.local/lib/python3.11/site-packages/airflow/example_dags/example_xcom.py took 1.448 seconds
[2024-02-29T05:32:44.279+0000] {processor.py:161} INFO - Started process (PID=121) to work on /home/airflow/.local/lib/python3.11/site-packages/airflow/example_dags/example_xcom.py
[2024-02-29T05:32:44.280+0000] {processor.py:830} INFO - Processing file /home/airflow/.local/lib/python3.11/site-packages/airflow/example_dags/example_xcom.py for tasks to queue
[2024-02-29T05:32:44.282+0000] {logging_mixin.py:188} INFO - [2024-02-29T05:32:44.281+0000] {dagbag.py:540} INFO - Filling up the DagBag from /home/airflow/.local/lib/python3.11/site-packages/airflow/example_dags/example_xcom.py
[2024-02-29T05:32:44.290+0000] {processor.py:840} INFO - DAG(s) 'example_xcom' retrieved from /home/airflow/.local/lib/python3.11/site-packages/airflow/example_dags/example_xcom.py
[2024-02-29T05:32:44.313+0000] {logging_mixin.py:188} INFO - [2024-02-29T05:32:44.313+0000] {dag.py:3047} INFO - Sync 1 DAGs
[2024-02-29T05:32:44.345+0000] {logging_mixin.py:188} INFO - [2024-02-29T05:32:44.345+0000] {dag.py:3834} INFO - Setting next_dagrun for example_xcom to 2021-01-01 00:00:00+00:00, run_after=2021-01-01 00:00:00+00:00
[2024-02-29T05:32:44.391+0000] {processor.py:183} INFO - Processing /home/airflow/.local/lib/python3.11/site-packages/airflow/example_dags/example_xcom.py took 0.117 seconds
[2024-02-29T05:33:14.440+0000] {processor.py:161} INFO - Started process (PID=182) to work on /home/airflow/.local/lib/python3.11/site-packages/airflow/example_dags/example_xcom.py
[2024-02-29T05:33:14.443+0000] {processor.py:830} INFO - Processing file /home/airflow/.local/lib/python3.11/site-packages/airflow/example_dags/example_xcom.py for tasks to queue
[2024-02-29T05:33:14.445+0000] {logging_mixin.py:188} INFO - [2024-02-29T05:33:14.445+0000] {dagbag.py:540} INFO - Filling up the DagBag from /home/airflow/.local/lib/python3.11/site-packages/airflow/example_dags/example_xcom.py
[2024-02-29T05:33:14.453+0000] {processor.py:840} INFO - DAG(s) 'example_xcom' retrieved from /home/airflow/.local/lib/python3.11/site-packages/airflow/example_dags/example_xcom.py
[2024-02-29T05:33:14.476+0000] {logging_mixin.py:188} INFO - [2024-02-29T05:33:14.475+0000] {dag.py:3047} INFO - Sync 1 DAGs
[2024-02-29T05:33:14.509+0000] {logging_mixin.py:188} INFO - [2024-02-29T05:33:14.509+0000] {dag.py:3834} INFO - Setting next_dagrun for example_xcom to 2021-01-01 00:00:00+00:00, run_after=2021-01-01 00:00:00+00:00
[2024-02-29T05:33:14.531+0000] {processor.py:183} INFO - Processing /home/airflow/.local/lib/python3.11/site-packages/airflow/example_dags/example_xcom.py took 0.095 seconds
[2024-02-29T05:33:44.672+0000] {processor.py:161} INFO - Started process (PID=245) to work on /home/airflow/.local/lib/python3.11/site-packages/airflow/example_dags/example_xcom.py
[2024-02-29T05:33:44.673+0000] {processor.py:830} INFO - Processing file /home/airflow/.local/lib/python3.11/site-packages/airflow/example_dags/example_xcom.py for tasks to queue
[2024-02-29T05:33:44.675+0000] {logging_mixin.py:188} INFO - [2024-02-29T05:33:44.675+0000] {dagbag.py:540} INFO - Filling up the DagBag from /home/airflow/.local/lib/python3.11/site-packages/airflow/example_dags/example_xcom.py
[2024-02-29T05:33:44.683+0000] {processor.py:840} INFO - DAG(s) 'example_xcom' retrieved from /home/airflow/.local/lib/python3.11/site-packages/airflow/example_dags/example_xcom.py
[2024-02-29T05:33:44.710+0000] {logging_mixin.py:188} INFO - [2024-02-29T05:33:44.710+0000] {dag.py:3047} INFO - Sync 1 DAGs
[2024-02-29T05:33:44.728+0000] {logging_mixin.py:188} INFO - [2024-02-29T05:33:44.728+0000] {dag.py:3834} INFO - Setting next_dagrun for example_xcom to 2021-01-01 00:00:00+00:00, run_after=2021-01-01 00:00:00+00:00
[2024-02-29T05:33:44.749+0000] {processor.py:183} INFO - Processing /home/airflow/.local/lib/python3.11/site-packages/airflow/example_dags/example_xcom.py took 0.081 seconds
[2024-02-29T05:34:15.289+0000] {processor.py:161} INFO - Started process (PID=306) to work on /home/airflow/.local/lib/python3.11/site-packages/airflow/example_dags/example_xcom.py
[2024-02-29T05:34:15.290+0000] {processor.py:830} INFO - Processing file /home/airflow/.local/lib/python3.11/site-packages/airflow/example_dags/example_xcom.py for tasks to queue
[2024-02-29T05:34:15.292+0000] {logging_mixin.py:188} INFO - [2024-02-29T05:34:15.292+0000] {dagbag.py:540} INFO - Filling up the DagBag from /home/airflow/.local/lib/python3.11/site-packages/airflow/example_dags/example_xcom.py
[2024-02-29T05:34:15.301+0000] {processor.py:840} INFO - DAG(s) 'example_xcom' retrieved from /home/airflow/.local/lib/python3.11/site-packages/airflow/example_dags/example_xcom.py
[2024-02-29T05:34:15.347+0000] {logging_mixin.py:188} INFO - [2024-02-29T05:34:15.347+0000] {dag.py:3047} INFO - Sync 1 DAGs
[2024-02-29T05:34:15.374+0000] {logging_mixin.py:188} INFO - [2024-02-29T05:34:15.374+0000] {dag.py:3834} INFO - Setting next_dagrun for example_xcom to 2021-01-01 00:00:00+00:00, run_after=2021-01-01 00:00:00+00:00
[2024-02-29T05:34:15.409+0000] {processor.py:183} INFO - Processing /home/airflow/.local/lib/python3.11/site-packages/airflow/example_dags/example_xcom.py took 0.123 seconds
[2024-02-29T05:34:46.084+0000] {processor.py:161} INFO - Started process (PID=369) to work on /home/airflow/.local/lib/python3.11/site-packages/airflow/example_dags/example_xcom.py
[2024-02-29T05:34:46.085+0000] {processor.py:830} INFO - Processing file /home/airflow/.local/lib/python3.11/site-packages/airflow/example_dags/example_xcom.py for tasks to queue
[2024-02-29T05:34:46.087+0000] {logging_mixin.py:188} INFO - [2024-02-29T05:34:46.087+0000] {dagbag.py:540} INFO - Filling up the DagBag from /home/airflow/.local/lib/python3.11/site-packages/airflow/example_dags/example_xcom.py
[2024-02-29T05:34:46.096+0000] {processor.py:840} INFO - DAG(s) 'example_xcom' retrieved from /home/airflow/.local/lib/python3.11/site-packages/airflow/example_dags/example_xcom.py
[2024-02-29T05:34:46.116+0000] {logging_mixin.py:188} INFO - [2024-02-29T05:34:46.116+0000] {dag.py:3047} INFO - Sync 1 DAGs
[2024-02-29T05:34:46.138+0000] {logging_mixin.py:188} INFO - [2024-02-29T05:34:46.138+0000] {dag.py:3834} INFO - Setting next_dagrun for example_xcom to 2021-01-01 00:00:00+00:00, run_after=2021-01-01 00:00:00+00:00
[2024-02-29T05:34:46.161+0000] {processor.py:183} INFO - Processing /home/airflow/.local/lib/python3.11/site-packages/airflow/example_dags/example_xcom.py took 0.080 seconds
[2024-02-29T05:35:16.859+0000] {processor.py:161} INFO - Started process (PID=430) to work on /home/airflow/.local/lib/python3.11/site-packages/airflow/example_dags/example_xcom.py
[2024-02-29T05:35:16.860+0000] {processor.py:830} INFO - Processing file /home/airflow/.local/lib/python3.11/site-packages/airflow/example_dags/example_xcom.py for tasks to queue
[2024-02-29T05:35:16.862+0000] {logging_mixin.py:188} INFO - [2024-02-29T05:35:16.862+0000] {dagbag.py:540} INFO - Filling up the DagBag from /home/airflow/.local/lib/python3.11/site-packages/airflow/example_dags/example_xcom.py
[2024-02-29T05:35:16.871+0000] {processor.py:840} INFO - DAG(s) 'example_xcom' retrieved from /home/airflow/.local/lib/python3.11/site-packages/airflow/example_dags/example_xcom.py
[2024-02-29T05:35:16.894+0000] {logging_mixin.py:188} INFO - [2024-02-29T05:35:16.894+0000] {dag.py:3047} INFO - Sync 1 DAGs
[2024-02-29T05:35:16.925+0000] {logging_mixin.py:188} INFO - [2024-02-29T05:35:16.924+0000] {dag.py:3834} INFO - Setting next_dagrun for example_xcom to 2021-01-01 00:00:00+00:00, run_after=2021-01-01 00:00:00+00:00
[2024-02-29T05:35:16.947+0000] {processor.py:183} INFO - Processing /home/airflow/.local/lib/python3.11/site-packages/airflow/example_dags/example_xcom.py took 0.090 seconds
[2024-02-29T05:35:47.692+0000] {processor.py:161} INFO - Started process (PID=495) to work on /home/airflow/.local/lib/python3.11/site-packages/airflow/example_dags/example_xcom.py
[2024-02-29T05:35:47.695+0000] {processor.py:830} INFO - Processing file /home/airflow/.local/lib/python3.11/site-packages/airflow/example_dags/example_xcom.py for tasks to queue
[2024-02-29T05:35:47.701+0000] {logging_mixin.py:188} INFO - [2024-02-29T05:35:47.701+0000] {dagbag.py:540} INFO - Filling up the DagBag from /home/airflow/.local/lib/python3.11/site-packages/airflow/example_dags/example_xcom.py
[2024-02-29T05:35:47.716+0000] {processor.py:840} INFO - DAG(s) 'example_xcom' retrieved from /home/airflow/.local/lib/python3.11/site-packages/airflow/example_dags/example_xcom.py
[2024-02-29T05:35:47.754+0000] {logging_mixin.py:188} INFO - [2024-02-29T05:35:47.754+0000] {dag.py:3047} INFO - Sync 1 DAGs
[2024-02-29T05:35:47.800+0000] {logging_mixin.py:188} INFO - [2024-02-29T05:35:47.799+0000] {dag.py:3834} INFO - Setting next_dagrun for example_xcom to 2021-01-01 00:00:00+00:00, run_after=2021-01-01 00:00:00+00:00
[2024-02-29T05:35:47.831+0000] {processor.py:183} INFO - Processing /home/airflow/.local/lib/python3.11/site-packages/airflow/example_dags/example_xcom.py took 0.143 seconds
[2024-02-29T05:36:17.913+0000] {processor.py:161} INFO - Started process (PID=555) to work on /home/airflow/.local/lib/python3.11/site-packages/airflow/example_dags/example_xcom.py
[2024-02-29T05:36:17.921+0000] {processor.py:830} INFO - Processing file /home/airflow/.local/lib/python3.11/site-packages/airflow/example_dags/example_xcom.py for tasks to queue
[2024-02-29T05:36:17.923+0000] {logging_mixin.py:188} INFO - [2024-02-29T05:36:17.922+0000] {dagbag.py:540} INFO - Filling up the DagBag from /home/airflow/.local/lib/python3.11/site-packages/airflow/example_dags/example_xcom.py
[2024-02-29T05:36:17.962+0000] {processor.py:840} INFO - DAG(s) 'example_xcom' retrieved from /home/airflow/.local/lib/python3.11/site-packages/airflow/example_dags/example_xcom.py
[2024-02-29T05:36:18.024+0000] {logging_mixin.py:188} INFO - [2024-02-29T05:36:18.023+0000] {dag.py:3047} INFO - Sync 1 DAGs
[2024-02-29T05:36:18.118+0000] {logging_mixin.py:188} INFO - [2024-02-29T05:36:18.118+0000] {dag.py:3834} INFO - Setting next_dagrun for example_xcom to 2021-01-01 00:00:00+00:00, run_after=2021-01-01 00:00:00+00:00
[2024-02-29T05:36:18.189+0000] {processor.py:183} INFO - Processing /home/airflow/.local/lib/python3.11/site-packages/airflow/example_dags/example_xcom.py took 0.295 seconds
[2024-02-29T05:36:48.797+0000] {processor.py:161} INFO - Started process (PID=615) to work on /home/airflow/.local/lib/python3.11/site-packages/airflow/example_dags/example_xcom.py
[2024-02-29T05:36:48.798+0000] {processor.py:830} INFO - Processing file /home/airflow/.local/lib/python3.11/site-packages/airflow/example_dags/example_xcom.py for tasks to queue
[2024-02-29T05:36:48.810+0000] {logging_mixin.py:188} INFO - [2024-02-29T05:36:48.809+0000] {dagbag.py:540} INFO - Filling up the DagBag from /home/airflow/.local/lib/python3.11/site-packages/airflow/example_dags/example_xcom.py
[2024-02-29T05:36:48.819+0000] {processor.py:840} INFO - DAG(s) 'example_xcom' retrieved from /home/airflow/.local/lib/python3.11/site-packages/airflow/example_dags/example_xcom.py
[2024-02-29T05:36:48.845+0000] {logging_mixin.py:188} INFO - [2024-02-29T05:36:48.845+0000] {dag.py:3047} INFO - Sync 1 DAGs
[2024-02-29T05:36:48.867+0000] {logging_mixin.py:188} INFO - [2024-02-29T05:36:48.866+0000] {dag.py:3834} INFO - Setting next_dagrun for example_xcom to 2021-01-01 00:00:00+00:00, run_after=2021-01-01 00:00:00+00:00
[2024-02-29T05:36:48.891+0000] {processor.py:183} INFO - Processing /home/airflow/.local/lib/python3.11/site-packages/airflow/example_dags/example_xcom.py took 0.097 seconds
[2024-02-29T05:37:19.035+0000] {processor.py:161} INFO - Started process (PID=673) to work on /home/airflow/.local/lib/python3.11/site-packages/airflow/example_dags/example_xcom.py
[2024-02-29T05:37:19.036+0000] {processor.py:830} INFO - Processing file /home/airflow/.local/lib/python3.11/site-packages/airflow/example_dags/example_xcom.py for tasks to queue
[2024-02-29T05:37:19.039+0000] {logging_mixin.py:188} INFO - [2024-02-29T05:37:19.038+0000] {dagbag.py:540} INFO - Filling up the DagBag from /home/airflow/.local/lib/python3.11/site-packages/airflow/example_dags/example_xcom.py
[2024-02-29T05:37:19.047+0000] {processor.py:840} INFO - DAG(s) 'example_xcom' retrieved from /home/airflow/.local/lib/python3.11/site-packages/airflow/example_dags/example_xcom.py
[2024-02-29T05:37:19.068+0000] {logging_mixin.py:188} INFO - [2024-02-29T05:37:19.067+0000] {dag.py:3047} INFO - Sync 1 DAGs
[2024-02-29T05:37:19.089+0000] {logging_mixin.py:188} INFO - [2024-02-29T05:37:19.089+0000] {dag.py:3834} INFO - Setting next_dagrun for example_xcom to 2021-01-01 00:00:00+00:00, run_after=2021-01-01 00:00:00+00:00
[2024-02-29T05:37:19.110+0000] {processor.py:183} INFO - Processing /home/airflow/.local/lib/python3.11/site-packages/airflow/example_dags/example_xcom.py took 0.078 seconds
[2024-02-29T05:37:49.794+0000] {processor.py:161} INFO - Started process (PID=730) to work on /home/airflow/.local/lib/python3.11/site-packages/airflow/example_dags/example_xcom.py
[2024-02-29T05:37:49.795+0000] {processor.py:830} INFO - Processing file /home/airflow/.local/lib/python3.11/site-packages/airflow/example_dags/example_xcom.py for tasks to queue
[2024-02-29T05:37:49.797+0000] {logging_mixin.py:188} INFO - [2024-02-29T05:37:49.797+0000] {dagbag.py:540} INFO - Filling up the DagBag from /home/airflow/.local/lib/python3.11/site-packages/airflow/example_dags/example_xcom.py
[2024-02-29T05:37:49.805+0000] {processor.py:840} INFO - DAG(s) 'example_xcom' retrieved from /home/airflow/.local/lib/python3.11/site-packages/airflow/example_dags/example_xcom.py
[2024-02-29T05:37:49.836+0000] {logging_mixin.py:188} INFO - [2024-02-29T05:37:49.836+0000] {dag.py:3047} INFO - Sync 1 DAGs
[2024-02-29T05:37:49.861+0000] {logging_mixin.py:188} INFO - [2024-02-29T05:37:49.861+0000] {dag.py:3834} INFO - Setting next_dagrun for example_xcom to 2021-01-01 00:00:00+00:00, run_after=2021-01-01 00:00:00+00:00
[2024-02-29T05:37:49.881+0000] {processor.py:183} INFO - Processing /home/airflow/.local/lib/python3.11/site-packages/airflow/example_dags/example_xcom.py took 0.090 seconds
[2024-02-29T05:38:20.087+0000] {processor.py:161} INFO - Started process (PID=787) to work on /home/airflow/.local/lib/python3.11/site-packages/airflow/example_dags/example_xcom.py
[2024-02-29T05:38:20.087+0000] {processor.py:830} INFO - Processing file /home/airflow/.local/lib/python3.11/site-packages/airflow/example_dags/example_xcom.py for tasks to queue
[2024-02-29T05:38:20.089+0000] {logging_mixin.py:188} INFO - [2024-02-29T05:38:20.089+0000] {dagbag.py:540} INFO - Filling up the DagBag from /home/airflow/.local/lib/python3.11/site-packages/airflow/example_dags/example_xcom.py
[2024-02-29T05:38:20.098+0000] {processor.py:840} INFO - DAG(s) 'example_xcom' retrieved from /home/airflow/.local/lib/python3.11/site-packages/airflow/example_dags/example_xcom.py
[2024-02-29T05:38:20.118+0000] {logging_mixin.py:188} INFO - [2024-02-29T05:38:20.118+0000] {dag.py:3047} INFO - Sync 1 DAGs
[2024-02-29T05:38:20.140+0000] {logging_mixin.py:188} INFO - [2024-02-29T05:38:20.140+0000] {dag.py:3834} INFO - Setting next_dagrun for example_xcom to 2021-01-01 00:00:00+00:00, run_after=2021-01-01 00:00:00+00:00
[2024-02-29T05:38:20.162+0000] {processor.py:183} INFO - Processing /home/airflow/.local/lib/python3.11/site-packages/airflow/example_dags/example_xcom.py took 0.079 seconds
[2024-02-29T05:38:50.431+0000] {processor.py:161} INFO - Started process (PID=844) to work on /home/airflow/.local/lib/python3.11/site-packages/airflow/example_dags/example_xcom.py
[2024-02-29T05:38:50.432+0000] {processor.py:830} INFO - Processing file /home/airflow/.local/lib/python3.11/site-packages/airflow/example_dags/example_xcom.py for tasks to queue
[2024-02-29T05:38:50.434+0000] {logging_mixin.py:188} INFO - [2024-02-29T05:38:50.434+0000] {dagbag.py:540} INFO - Filling up the DagBag from /home/airflow/.local/lib/python3.11/site-packages/airflow/example_dags/example_xcom.py
[2024-02-29T05:38:50.443+0000] {processor.py:840} INFO - DAG(s) 'example_xcom' retrieved from /home/airflow/.local/lib/python3.11/site-packages/airflow/example_dags/example_xcom.py
[2024-02-29T05:38:50.468+0000] {logging_mixin.py:188} INFO - [2024-02-29T05:38:50.468+0000] {dag.py:3047} INFO - Sync 1 DAGs
[2024-02-29T05:38:50.486+0000] {logging_mixin.py:188} INFO - [2024-02-29T05:38:50.486+0000] {dag.py:3834} INFO - Setting next_dagrun for example_xcom to 2021-01-01 00:00:00+00:00, run_after=2021-01-01 00:00:00+00:00
[2024-02-29T05:38:50.507+0000] {processor.py:183} INFO - Processing /home/airflow/.local/lib/python3.11/site-packages/airflow/example_dags/example_xcom.py took 0.079 seconds
[2024-02-29T05:39:20.750+0000] {processor.py:161} INFO - Started process (PID=901) to work on /home/airflow/.local/lib/python3.11/site-packages/airflow/example_dags/example_xcom.py
[2024-02-29T05:39:20.764+0000] {processor.py:830} INFO - Processing file /home/airflow/.local/lib/python3.11/site-packages/airflow/example_dags/example_xcom.py for tasks to queue
[2024-02-29T05:39:20.780+0000] {logging_mixin.py:188} INFO - [2024-02-29T05:39:20.779+0000] {dagbag.py:540} INFO - Filling up the DagBag from /home/airflow/.local/lib/python3.11/site-packages/airflow/example_dags/example_xcom.py
[2024-02-29T05:39:20.803+0000] {processor.py:840} INFO - DAG(s) 'example_xcom' retrieved from /home/airflow/.local/lib/python3.11/site-packages/airflow/example_dags/example_xcom.py
[2024-02-29T05:39:20.865+0000] {logging_mixin.py:188} INFO - [2024-02-29T05:39:20.864+0000] {dag.py:3047} INFO - Sync 1 DAGs
[2024-02-29T05:39:20.943+0000] {logging_mixin.py:188} INFO - [2024-02-29T05:39:20.943+0000] {dag.py:3834} INFO - Setting next_dagrun for example_xcom to 2021-01-01 00:00:00+00:00, run_after=2021-01-01 00:00:00+00:00
[2024-02-29T05:39:20.989+0000] {processor.py:183} INFO - Processing /home/airflow/.local/lib/python3.11/site-packages/airflow/example_dags/example_xcom.py took 0.242 seconds
[2024-02-29T05:39:51.058+0000] {processor.py:161} INFO - Started process (PID=958) to work on /home/airflow/.local/lib/python3.11/site-packages/airflow/example_dags/example_xcom.py
[2024-02-29T05:39:51.059+0000] {processor.py:830} INFO - Processing file /home/airflow/.local/lib/python3.11/site-packages/airflow/example_dags/example_xcom.py for tasks to queue
[2024-02-29T05:39:51.060+0000] {logging_mixin.py:188} INFO - [2024-02-29T05:39:51.060+0000] {dagbag.py:540} INFO - Filling up the DagBag from /home/airflow/.local/lib/python3.11/site-packages/airflow/example_dags/example_xcom.py
[2024-02-29T05:39:51.067+0000] {processor.py:840} INFO - DAG(s) 'example_xcom' retrieved from /home/airflow/.local/lib/python3.11/site-packages/airflow/example_dags/example_xcom.py
[2024-02-29T05:39:51.082+0000] {logging_mixin.py:188} INFO - [2024-02-29T05:39:51.082+0000] {dag.py:3047} INFO - Sync 1 DAGs
[2024-02-29T05:39:51.097+0000] {logging_mixin.py:188} INFO - [2024-02-29T05:39:51.097+0000] {dag.py:3834} INFO - Setting next_dagrun for example_xcom to 2021-01-01 00:00:00+00:00, run_after=2021-01-01 00:00:00+00:00
[2024-02-29T05:39:51.115+0000] {processor.py:183} INFO - Processing /home/airflow/.local/lib/python3.11/site-packages/airflow/example_dags/example_xcom.py took 0.059 seconds
