[2024-02-29T05:32:05.076+0000] {processor.py:161} INFO - Started process (PID=56) to work on /home/airflow/.local/lib/python3.11/site-packages/airflow/example_dags/example_branch_day_of_week_operator.py
[2024-02-29T05:32:05.076+0000] {processor.py:830} INFO - Processing file /home/airflow/.local/lib/python3.11/site-packages/airflow/example_dags/example_branch_day_of_week_operator.py for tasks to queue
[2024-02-29T05:32:05.094+0000] {logging_mixin.py:188} INFO - [2024-02-29T05:32:05.088+0000] {dagbag.py:540} INFO - Filling up the DagBag from /home/airflow/.local/lib/python3.11/site-packages/airflow/example_dags/example_branch_day_of_week_operator.py
[2024-02-29T05:32:05.135+0000] {processor.py:840} INFO - DAG(s) 'example_weekday_branch_operator' retrieved from /home/airflow/.local/lib/python3.11/site-packages/airflow/example_dags/example_branch_day_of_week_operator.py
[2024-02-29T05:32:05.835+0000] {logging_mixin.py:188} INFO - [2024-02-29T05:32:05.835+0000] {dag.py:3047} INFO - Sync 1 DAGs
[2024-02-29T05:32:05.963+0000] {logging_mixin.py:188} INFO - [2024-02-29T05:32:05.963+0000] {dag.py:3834} INFO - Setting next_dagrun for example_weekday_branch_operator to 2024-02-28 00:00:00+00:00, run_after=2024-02-29 00:00:00+00:00
[2024-02-29T05:32:06.203+0000] {processor.py:183} INFO - Processing /home/airflow/.local/lib/python3.11/site-packages/airflow/example_dags/example_branch_day_of_week_operator.py took 1.131 seconds
[2024-02-29T05:32:36.894+0000] {processor.py:161} INFO - Started process (PID=112) to work on /home/airflow/.local/lib/python3.11/site-packages/airflow/example_dags/example_branch_day_of_week_operator.py
[2024-02-29T05:32:36.898+0000] {processor.py:830} INFO - Processing file /home/airflow/.local/lib/python3.11/site-packages/airflow/example_dags/example_branch_day_of_week_operator.py for tasks to queue
[2024-02-29T05:32:36.900+0000] {logging_mixin.py:188} INFO - [2024-02-29T05:32:36.899+0000] {dagbag.py:540} INFO - Filling up the DagBag from /home/airflow/.local/lib/python3.11/site-packages/airflow/example_dags/example_branch_day_of_week_operator.py
[2024-02-29T05:32:36.915+0000] {processor.py:840} INFO - DAG(s) 'example_weekday_branch_operator' retrieved from /home/airflow/.local/lib/python3.11/site-packages/airflow/example_dags/example_branch_day_of_week_operator.py
[2024-02-29T05:32:37.000+0000] {logging_mixin.py:188} INFO - [2024-02-29T05:32:37.000+0000] {dag.py:3047} INFO - Sync 1 DAGs
[2024-02-29T05:32:37.059+0000] {logging_mixin.py:188} INFO - [2024-02-29T05:32:37.058+0000] {dag.py:3834} INFO - Setting next_dagrun for example_weekday_branch_operator to 2024-02-28 00:00:00+00:00, run_after=2024-02-29 00:00:00+00:00
[2024-02-29T05:32:37.139+0000] {processor.py:183} INFO - Processing /home/airflow/.local/lib/python3.11/site-packages/airflow/example_dags/example_branch_day_of_week_operator.py took 0.248 seconds
[2024-02-29T05:33:07.792+0000] {processor.py:161} INFO - Started process (PID=170) to work on /home/airflow/.local/lib/python3.11/site-packages/airflow/example_dags/example_branch_day_of_week_operator.py
[2024-02-29T05:33:07.793+0000] {processor.py:830} INFO - Processing file /home/airflow/.local/lib/python3.11/site-packages/airflow/example_dags/example_branch_day_of_week_operator.py for tasks to queue
[2024-02-29T05:33:07.794+0000] {logging_mixin.py:188} INFO - [2024-02-29T05:33:07.794+0000] {dagbag.py:540} INFO - Filling up the DagBag from /home/airflow/.local/lib/python3.11/site-packages/airflow/example_dags/example_branch_day_of_week_operator.py
[2024-02-29T05:33:07.802+0000] {processor.py:840} INFO - DAG(s) 'example_weekday_branch_operator' retrieved from /home/airflow/.local/lib/python3.11/site-packages/airflow/example_dags/example_branch_day_of_week_operator.py
[2024-02-29T05:33:07.829+0000] {logging_mixin.py:188} INFO - [2024-02-29T05:33:07.829+0000] {dag.py:3047} INFO - Sync 1 DAGs
[2024-02-29T05:33:07.853+0000] {logging_mixin.py:188} INFO - [2024-02-29T05:33:07.853+0000] {dag.py:3834} INFO - Setting next_dagrun for example_weekday_branch_operator to 2024-02-28 00:00:00+00:00, run_after=2024-02-29 00:00:00+00:00
[2024-02-29T05:33:07.879+0000] {processor.py:183} INFO - Processing /home/airflow/.local/lib/python3.11/site-packages/airflow/example_dags/example_branch_day_of_week_operator.py took 0.090 seconds
[2024-02-29T05:33:38.046+0000] {processor.py:161} INFO - Started process (PID=234) to work on /home/airflow/.local/lib/python3.11/site-packages/airflow/example_dags/example_branch_day_of_week_operator.py
[2024-02-29T05:33:38.047+0000] {processor.py:830} INFO - Processing file /home/airflow/.local/lib/python3.11/site-packages/airflow/example_dags/example_branch_day_of_week_operator.py for tasks to queue
[2024-02-29T05:33:38.049+0000] {logging_mixin.py:188} INFO - [2024-02-29T05:33:38.048+0000] {dagbag.py:540} INFO - Filling up the DagBag from /home/airflow/.local/lib/python3.11/site-packages/airflow/example_dags/example_branch_day_of_week_operator.py
[2024-02-29T05:33:38.056+0000] {processor.py:840} INFO - DAG(s) 'example_weekday_branch_operator' retrieved from /home/airflow/.local/lib/python3.11/site-packages/airflow/example_dags/example_branch_day_of_week_operator.py
[2024-02-29T05:33:38.090+0000] {logging_mixin.py:188} INFO - [2024-02-29T05:33:38.090+0000] {dag.py:3047} INFO - Sync 1 DAGs
[2024-02-29T05:33:38.114+0000] {logging_mixin.py:188} INFO - [2024-02-29T05:33:38.114+0000] {dag.py:3834} INFO - Setting next_dagrun for example_weekday_branch_operator to 2024-02-28 00:00:00+00:00, run_after=2024-02-29 00:00:00+00:00
[2024-02-29T05:33:38.167+0000] {processor.py:183} INFO - Processing /home/airflow/.local/lib/python3.11/site-packages/airflow/example_dags/example_branch_day_of_week_operator.py took 0.123 seconds
[2024-02-29T05:34:08.630+0000] {processor.py:161} INFO - Started process (PID=296) to work on /home/airflow/.local/lib/python3.11/site-packages/airflow/example_dags/example_branch_day_of_week_operator.py
[2024-02-29T05:34:08.631+0000] {processor.py:830} INFO - Processing file /home/airflow/.local/lib/python3.11/site-packages/airflow/example_dags/example_branch_day_of_week_operator.py for tasks to queue
[2024-02-29T05:34:08.633+0000] {logging_mixin.py:188} INFO - [2024-02-29T05:34:08.633+0000] {dagbag.py:540} INFO - Filling up the DagBag from /home/airflow/.local/lib/python3.11/site-packages/airflow/example_dags/example_branch_day_of_week_operator.py
[2024-02-29T05:34:08.641+0000] {processor.py:840} INFO - DAG(s) 'example_weekday_branch_operator' retrieved from /home/airflow/.local/lib/python3.11/site-packages/airflow/example_dags/example_branch_day_of_week_operator.py
[2024-02-29T05:34:08.665+0000] {logging_mixin.py:188} INFO - [2024-02-29T05:34:08.665+0000] {dag.py:3047} INFO - Sync 1 DAGs
[2024-02-29T05:34:08.691+0000] {logging_mixin.py:188} INFO - [2024-02-29T05:34:08.691+0000] {dag.py:3834} INFO - Setting next_dagrun for example_weekday_branch_operator to 2024-02-28 00:00:00+00:00, run_after=2024-02-29 00:00:00+00:00
[2024-02-29T05:34:08.713+0000] {processor.py:183} INFO - Processing /home/airflow/.local/lib/python3.11/site-packages/airflow/example_dags/example_branch_day_of_week_operator.py took 0.087 seconds
[2024-02-29T05:34:39.418+0000] {processor.py:161} INFO - Started process (PID=359) to work on /home/airflow/.local/lib/python3.11/site-packages/airflow/example_dags/example_branch_day_of_week_operator.py
[2024-02-29T05:34:39.424+0000] {processor.py:830} INFO - Processing file /home/airflow/.local/lib/python3.11/site-packages/airflow/example_dags/example_branch_day_of_week_operator.py for tasks to queue
[2024-02-29T05:34:39.426+0000] {logging_mixin.py:188} INFO - [2024-02-29T05:34:39.425+0000] {dagbag.py:540} INFO - Filling up the DagBag from /home/airflow/.local/lib/python3.11/site-packages/airflow/example_dags/example_branch_day_of_week_operator.py
[2024-02-29T05:34:39.442+0000] {processor.py:840} INFO - DAG(s) 'example_weekday_branch_operator' retrieved from /home/airflow/.local/lib/python3.11/site-packages/airflow/example_dags/example_branch_day_of_week_operator.py
[2024-02-29T05:34:39.518+0000] {logging_mixin.py:188} INFO - [2024-02-29T05:34:39.518+0000] {dag.py:3047} INFO - Sync 1 DAGs
[2024-02-29T05:34:39.633+0000] {logging_mixin.py:188} INFO - [2024-02-29T05:34:39.624+0000] {dag.py:3834} INFO - Setting next_dagrun for example_weekday_branch_operator to 2024-02-28 00:00:00+00:00, run_after=2024-02-29 00:00:00+00:00
[2024-02-29T05:34:39.707+0000] {processor.py:183} INFO - Processing /home/airflow/.local/lib/python3.11/site-packages/airflow/example_dags/example_branch_day_of_week_operator.py took 0.293 seconds
[2024-02-29T05:35:09.917+0000] {processor.py:161} INFO - Started process (PID=421) to work on /home/airflow/.local/lib/python3.11/site-packages/airflow/example_dags/example_branch_day_of_week_operator.py
[2024-02-29T05:35:09.918+0000] {processor.py:830} INFO - Processing file /home/airflow/.local/lib/python3.11/site-packages/airflow/example_dags/example_branch_day_of_week_operator.py for tasks to queue
[2024-02-29T05:35:09.920+0000] {logging_mixin.py:188} INFO - [2024-02-29T05:35:09.919+0000] {dagbag.py:540} INFO - Filling up the DagBag from /home/airflow/.local/lib/python3.11/site-packages/airflow/example_dags/example_branch_day_of_week_operator.py
[2024-02-29T05:35:09.937+0000] {processor.py:840} INFO - DAG(s) 'example_weekday_branch_operator' retrieved from /home/airflow/.local/lib/python3.11/site-packages/airflow/example_dags/example_branch_day_of_week_operator.py
[2024-02-29T05:35:09.973+0000] {logging_mixin.py:188} INFO - [2024-02-29T05:35:09.973+0000] {dag.py:3047} INFO - Sync 1 DAGs
[2024-02-29T05:35:10.029+0000] {logging_mixin.py:188} INFO - [2024-02-29T05:35:10.029+0000] {dag.py:3834} INFO - Setting next_dagrun for example_weekday_branch_operator to 2024-02-28 00:00:00+00:00, run_after=2024-02-29 00:00:00+00:00
[2024-02-29T05:35:10.097+0000] {processor.py:183} INFO - Processing /home/airflow/.local/lib/python3.11/site-packages/airflow/example_dags/example_branch_day_of_week_operator.py took 0.200 seconds
[2024-02-29T05:35:40.586+0000] {processor.py:161} INFO - Started process (PID=485) to work on /home/airflow/.local/lib/python3.11/site-packages/airflow/example_dags/example_branch_day_of_week_operator.py
[2024-02-29T05:35:40.587+0000] {processor.py:830} INFO - Processing file /home/airflow/.local/lib/python3.11/site-packages/airflow/example_dags/example_branch_day_of_week_operator.py for tasks to queue
[2024-02-29T05:35:40.589+0000] {logging_mixin.py:188} INFO - [2024-02-29T05:35:40.589+0000] {dagbag.py:540} INFO - Filling up the DagBag from /home/airflow/.local/lib/python3.11/site-packages/airflow/example_dags/example_branch_day_of_week_operator.py
[2024-02-29T05:35:40.597+0000] {processor.py:840} INFO - DAG(s) 'example_weekday_branch_operator' retrieved from /home/airflow/.local/lib/python3.11/site-packages/airflow/example_dags/example_branch_day_of_week_operator.py
[2024-02-29T05:35:40.620+0000] {logging_mixin.py:188} INFO - [2024-02-29T05:35:40.620+0000] {dag.py:3047} INFO - Sync 1 DAGs
[2024-02-29T05:35:40.662+0000] {logging_mixin.py:188} INFO - [2024-02-29T05:35:40.661+0000] {dag.py:3834} INFO - Setting next_dagrun for example_weekday_branch_operator to 2024-02-28 00:00:00+00:00, run_after=2024-02-29 00:00:00+00:00
[2024-02-29T05:35:40.686+0000] {processor.py:183} INFO - Processing /home/airflow/.local/lib/python3.11/site-packages/airflow/example_dags/example_branch_day_of_week_operator.py took 0.103 seconds
[2024-02-29T05:36:11.195+0000] {processor.py:161} INFO - Started process (PID=546) to work on /home/airflow/.local/lib/python3.11/site-packages/airflow/example_dags/example_branch_day_of_week_operator.py
[2024-02-29T05:36:11.196+0000] {processor.py:830} INFO - Processing file /home/airflow/.local/lib/python3.11/site-packages/airflow/example_dags/example_branch_day_of_week_operator.py for tasks to queue
[2024-02-29T05:36:11.197+0000] {logging_mixin.py:188} INFO - [2024-02-29T05:36:11.197+0000] {dagbag.py:540} INFO - Filling up the DagBag from /home/airflow/.local/lib/python3.11/site-packages/airflow/example_dags/example_branch_day_of_week_operator.py
[2024-02-29T05:36:11.205+0000] {processor.py:840} INFO - DAG(s) 'example_weekday_branch_operator' retrieved from /home/airflow/.local/lib/python3.11/site-packages/airflow/example_dags/example_branch_day_of_week_operator.py
[2024-02-29T05:36:11.228+0000] {logging_mixin.py:188} INFO - [2024-02-29T05:36:11.227+0000] {dag.py:3047} INFO - Sync 1 DAGs
[2024-02-29T05:36:11.252+0000] {logging_mixin.py:188} INFO - [2024-02-29T05:36:11.252+0000] {dag.py:3834} INFO - Setting next_dagrun for example_weekday_branch_operator to 2024-02-28 00:00:00+00:00, run_after=2024-02-29 00:00:00+00:00
[2024-02-29T05:36:11.277+0000] {processor.py:183} INFO - Processing /home/airflow/.local/lib/python3.11/site-packages/airflow/example_dags/example_branch_day_of_week_operator.py took 0.085 seconds
[2024-02-29T05:36:41.365+0000] {processor.py:161} INFO - Started process (PID=603) to work on /home/airflow/.local/lib/python3.11/site-packages/airflow/example_dags/example_branch_day_of_week_operator.py
[2024-02-29T05:36:41.366+0000] {processor.py:830} INFO - Processing file /home/airflow/.local/lib/python3.11/site-packages/airflow/example_dags/example_branch_day_of_week_operator.py for tasks to queue
[2024-02-29T05:36:41.367+0000] {logging_mixin.py:188} INFO - [2024-02-29T05:36:41.367+0000] {dagbag.py:540} INFO - Filling up the DagBag from /home/airflow/.local/lib/python3.11/site-packages/airflow/example_dags/example_branch_day_of_week_operator.py
[2024-02-29T05:36:41.375+0000] {processor.py:840} INFO - DAG(s) 'example_weekday_branch_operator' retrieved from /home/airflow/.local/lib/python3.11/site-packages/airflow/example_dags/example_branch_day_of_week_operator.py
[2024-02-29T05:36:41.399+0000] {logging_mixin.py:188} INFO - [2024-02-29T05:36:41.398+0000] {dag.py:3047} INFO - Sync 1 DAGs
[2024-02-29T05:36:41.422+0000] {logging_mixin.py:188} INFO - [2024-02-29T05:36:41.422+0000] {dag.py:3834} INFO - Setting next_dagrun for example_weekday_branch_operator to 2024-02-28 00:00:00+00:00, run_after=2024-02-29 00:00:00+00:00
[2024-02-29T05:36:41.446+0000] {processor.py:183} INFO - Processing /home/airflow/.local/lib/python3.11/site-packages/airflow/example_dags/example_branch_day_of_week_operator.py took 0.084 seconds
[2024-02-29T05:37:11.568+0000] {processor.py:161} INFO - Started process (PID=662) to work on /home/airflow/.local/lib/python3.11/site-packages/airflow/example_dags/example_branch_day_of_week_operator.py
[2024-02-29T05:37:11.569+0000] {processor.py:830} INFO - Processing file /home/airflow/.local/lib/python3.11/site-packages/airflow/example_dags/example_branch_day_of_week_operator.py for tasks to queue
[2024-02-29T05:37:11.570+0000] {logging_mixin.py:188} INFO - [2024-02-29T05:37:11.570+0000] {dagbag.py:540} INFO - Filling up the DagBag from /home/airflow/.local/lib/python3.11/site-packages/airflow/example_dags/example_branch_day_of_week_operator.py
[2024-02-29T05:37:11.578+0000] {processor.py:840} INFO - DAG(s) 'example_weekday_branch_operator' retrieved from /home/airflow/.local/lib/python3.11/site-packages/airflow/example_dags/example_branch_day_of_week_operator.py
[2024-02-29T05:37:11.602+0000] {logging_mixin.py:188} INFO - [2024-02-29T05:37:11.602+0000] {dag.py:3047} INFO - Sync 1 DAGs
[2024-02-29T05:37:11.631+0000] {logging_mixin.py:188} INFO - [2024-02-29T05:37:11.631+0000] {dag.py:3834} INFO - Setting next_dagrun for example_weekday_branch_operator to 2024-02-28 00:00:00+00:00, run_after=2024-02-29 00:00:00+00:00
[2024-02-29T05:37:11.653+0000] {processor.py:183} INFO - Processing /home/airflow/.local/lib/python3.11/site-packages/airflow/example_dags/example_branch_day_of_week_operator.py took 0.088 seconds
[2024-02-29T05:37:42.348+0000] {processor.py:161} INFO - Started process (PID=719) to work on /home/airflow/.local/lib/python3.11/site-packages/airflow/example_dags/example_branch_day_of_week_operator.py
[2024-02-29T05:37:42.349+0000] {processor.py:830} INFO - Processing file /home/airflow/.local/lib/python3.11/site-packages/airflow/example_dags/example_branch_day_of_week_operator.py for tasks to queue
[2024-02-29T05:37:42.351+0000] {logging_mixin.py:188} INFO - [2024-02-29T05:37:42.351+0000] {dagbag.py:540} INFO - Filling up the DagBag from /home/airflow/.local/lib/python3.11/site-packages/airflow/example_dags/example_branch_day_of_week_operator.py
[2024-02-29T05:37:42.359+0000] {processor.py:840} INFO - DAG(s) 'example_weekday_branch_operator' retrieved from /home/airflow/.local/lib/python3.11/site-packages/airflow/example_dags/example_branch_day_of_week_operator.py
[2024-02-29T05:37:42.381+0000] {logging_mixin.py:188} INFO - [2024-02-29T05:37:42.381+0000] {dag.py:3047} INFO - Sync 1 DAGs
[2024-02-29T05:37:42.404+0000] {logging_mixin.py:188} INFO - [2024-02-29T05:37:42.404+0000] {dag.py:3834} INFO - Setting next_dagrun for example_weekday_branch_operator to 2024-02-28 00:00:00+00:00, run_after=2024-02-29 00:00:00+00:00
[2024-02-29T05:37:42.426+0000] {processor.py:183} INFO - Processing /home/airflow/.local/lib/python3.11/site-packages/airflow/example_dags/example_branch_day_of_week_operator.py took 0.080 seconds
[2024-02-29T05:38:12.596+0000] {processor.py:161} INFO - Started process (PID=776) to work on /home/airflow/.local/lib/python3.11/site-packages/airflow/example_dags/example_branch_day_of_week_operator.py
[2024-02-29T05:38:12.597+0000] {processor.py:830} INFO - Processing file /home/airflow/.local/lib/python3.11/site-packages/airflow/example_dags/example_branch_day_of_week_operator.py for tasks to queue
[2024-02-29T05:38:12.599+0000] {logging_mixin.py:188} INFO - [2024-02-29T05:38:12.599+0000] {dagbag.py:540} INFO - Filling up the DagBag from /home/airflow/.local/lib/python3.11/site-packages/airflow/example_dags/example_branch_day_of_week_operator.py
[2024-02-29T05:38:12.607+0000] {processor.py:840} INFO - DAG(s) 'example_weekday_branch_operator' retrieved from /home/airflow/.local/lib/python3.11/site-packages/airflow/example_dags/example_branch_day_of_week_operator.py
[2024-02-29T05:38:12.631+0000] {logging_mixin.py:188} INFO - [2024-02-29T05:38:12.631+0000] {dag.py:3047} INFO - Sync 1 DAGs
[2024-02-29T05:38:12.655+0000] {logging_mixin.py:188} INFO - [2024-02-29T05:38:12.655+0000] {dag.py:3834} INFO - Setting next_dagrun for example_weekday_branch_operator to 2024-02-28 00:00:00+00:00, run_after=2024-02-29 00:00:00+00:00
[2024-02-29T05:38:12.683+0000] {processor.py:183} INFO - Processing /home/airflow/.local/lib/python3.11/site-packages/airflow/example_dags/example_branch_day_of_week_operator.py took 0.090 seconds
[2024-02-29T05:38:42.915+0000] {processor.py:161} INFO - Started process (PID=832) to work on /home/airflow/.local/lib/python3.11/site-packages/airflow/example_dags/example_branch_day_of_week_operator.py
[2024-02-29T05:38:42.916+0000] {processor.py:830} INFO - Processing file /home/airflow/.local/lib/python3.11/site-packages/airflow/example_dags/example_branch_day_of_week_operator.py for tasks to queue
[2024-02-29T05:38:42.918+0000] {logging_mixin.py:188} INFO - [2024-02-29T05:38:42.918+0000] {dagbag.py:540} INFO - Filling up the DagBag from /home/airflow/.local/lib/python3.11/site-packages/airflow/example_dags/example_branch_day_of_week_operator.py
[2024-02-29T05:38:42.926+0000] {processor.py:840} INFO - DAG(s) 'example_weekday_branch_operator' retrieved from /home/airflow/.local/lib/python3.11/site-packages/airflow/example_dags/example_branch_day_of_week_operator.py
[2024-02-29T05:38:42.949+0000] {logging_mixin.py:188} INFO - [2024-02-29T05:38:42.949+0000] {dag.py:3047} INFO - Sync 1 DAGs
[2024-02-29T05:38:42.988+0000] {logging_mixin.py:188} INFO - [2024-02-29T05:38:42.987+0000] {dag.py:3834} INFO - Setting next_dagrun for example_weekday_branch_operator to 2024-02-28 00:00:00+00:00, run_after=2024-02-29 00:00:00+00:00
[2024-02-29T05:38:43.018+0000] {processor.py:183} INFO - Processing /home/airflow/.local/lib/python3.11/site-packages/airflow/example_dags/example_branch_day_of_week_operator.py took 0.106 seconds
[2024-02-29T05:39:13.070+0000] {processor.py:161} INFO - Started process (PID=888) to work on /home/airflow/.local/lib/python3.11/site-packages/airflow/example_dags/example_branch_day_of_week_operator.py
[2024-02-29T05:39:13.071+0000] {processor.py:830} INFO - Processing file /home/airflow/.local/lib/python3.11/site-packages/airflow/example_dags/example_branch_day_of_week_operator.py for tasks to queue
[2024-02-29T05:39:13.077+0000] {logging_mixin.py:188} INFO - [2024-02-29T05:39:13.077+0000] {dagbag.py:540} INFO - Filling up the DagBag from /home/airflow/.local/lib/python3.11/site-packages/airflow/example_dags/example_branch_day_of_week_operator.py
[2024-02-29T05:39:13.090+0000] {processor.py:840} INFO - DAG(s) 'example_weekday_branch_operator' retrieved from /home/airflow/.local/lib/python3.11/site-packages/airflow/example_dags/example_branch_day_of_week_operator.py
[2024-02-29T05:39:13.132+0000] {logging_mixin.py:188} INFO - [2024-02-29T05:39:13.132+0000] {dag.py:3047} INFO - Sync 1 DAGs
[2024-02-29T05:39:13.182+0000] {logging_mixin.py:188} INFO - [2024-02-29T05:39:13.181+0000] {dag.py:3834} INFO - Setting next_dagrun for example_weekday_branch_operator to 2024-02-28 00:00:00+00:00, run_after=2024-02-29 00:00:00+00:00
[2024-02-29T05:39:13.222+0000] {processor.py:183} INFO - Processing /home/airflow/.local/lib/python3.11/site-packages/airflow/example_dags/example_branch_day_of_week_operator.py took 0.158 seconds
[2024-02-29T05:39:43.394+0000] {processor.py:161} INFO - Started process (PID=946) to work on /home/airflow/.local/lib/python3.11/site-packages/airflow/example_dags/example_branch_day_of_week_operator.py
[2024-02-29T05:39:43.395+0000] {processor.py:830} INFO - Processing file /home/airflow/.local/lib/python3.11/site-packages/airflow/example_dags/example_branch_day_of_week_operator.py for tasks to queue
[2024-02-29T05:39:43.397+0000] {logging_mixin.py:188} INFO - [2024-02-29T05:39:43.397+0000] {dagbag.py:540} INFO - Filling up the DagBag from /home/airflow/.local/lib/python3.11/site-packages/airflow/example_dags/example_branch_day_of_week_operator.py
[2024-02-29T05:39:43.405+0000] {processor.py:840} INFO - DAG(s) 'example_weekday_branch_operator' retrieved from /home/airflow/.local/lib/python3.11/site-packages/airflow/example_dags/example_branch_day_of_week_operator.py
[2024-02-29T05:39:43.427+0000] {logging_mixin.py:188} INFO - [2024-02-29T05:39:43.427+0000] {dag.py:3047} INFO - Sync 1 DAGs
[2024-02-29T05:39:43.456+0000] {logging_mixin.py:188} INFO - [2024-02-29T05:39:43.456+0000] {dag.py:3834} INFO - Setting next_dagrun for example_weekday_branch_operator to 2024-02-28 00:00:00+00:00, run_after=2024-02-29 00:00:00+00:00
[2024-02-29T05:39:43.479+0000] {processor.py:183} INFO - Processing /home/airflow/.local/lib/python3.11/site-packages/airflow/example_dags/example_branch_day_of_week_operator.py took 0.088 seconds
[2024-02-29T05:40:14.247+0000] {processor.py:161} INFO - Started process (PID=1002) to work on /home/airflow/.local/lib/python3.11/site-packages/airflow/example_dags/example_branch_day_of_week_operator.py
[2024-02-29T05:40:14.250+0000] {processor.py:830} INFO - Processing file /home/airflow/.local/lib/python3.11/site-packages/airflow/example_dags/example_branch_day_of_week_operator.py for tasks to queue
[2024-02-29T05:40:14.253+0000] {logging_mixin.py:188} INFO - [2024-02-29T05:40:14.253+0000] {dagbag.py:540} INFO - Filling up the DagBag from /home/airflow/.local/lib/python3.11/site-packages/airflow/example_dags/example_branch_day_of_week_operator.py
[2024-02-29T05:40:14.267+0000] {processor.py:840} INFO - DAG(s) 'example_weekday_branch_operator' retrieved from /home/airflow/.local/lib/python3.11/site-packages/airflow/example_dags/example_branch_day_of_week_operator.py
[2024-02-29T05:40:14.327+0000] {logging_mixin.py:188} INFO - [2024-02-29T05:40:14.327+0000] {dag.py:3047} INFO - Sync 1 DAGs
[2024-02-29T05:40:14.374+0000] {logging_mixin.py:188} INFO - [2024-02-29T05:40:14.374+0000] {dag.py:3834} INFO - Setting next_dagrun for example_weekday_branch_operator to 2024-02-28 00:00:00+00:00, run_after=2024-02-29 00:00:00+00:00
[2024-02-29T05:40:14.415+0000] {processor.py:183} INFO - Processing /home/airflow/.local/lib/python3.11/site-packages/airflow/example_dags/example_branch_day_of_week_operator.py took 0.175 seconds
