[2024-02-29T05:32:04.235+0000] {processor.py:161} INFO - Started process (PID=55) to work on /home/airflow/.local/lib/python3.11/site-packages/airflow/example_dags/example_trigger_target_dag.py
[2024-02-29T05:32:04.257+0000] {processor.py:830} INFO - Processing file /home/airflow/.local/lib/python3.11/site-packages/airflow/example_dags/example_trigger_target_dag.py for tasks to queue
[2024-02-29T05:32:04.261+0000] {logging_mixin.py:188} INFO - [2024-02-29T05:32:04.261+0000] {dagbag.py:540} INFO - Filling up the DagBag from /home/airflow/.local/lib/python3.11/site-packages/airflow/example_dags/example_trigger_target_dag.py
[2024-02-29T05:32:04.300+0000] {processor.py:840} INFO - DAG(s) 'example_trigger_target_dag' retrieved from /home/airflow/.local/lib/python3.11/site-packages/airflow/example_dags/example_trigger_target_dag.py
[2024-02-29T05:32:04.947+0000] {logging_mixin.py:188} INFO - [2024-02-29T05:32:04.947+0000] {dag.py:3047} INFO - Sync 1 DAGs
[2024-02-29T05:32:05.037+0000] {logging_mixin.py:188} INFO - [2024-02-29T05:32:05.037+0000] {dag.py:3834} INFO - Setting next_dagrun for example_trigger_target_dag to None, run_after=None
[2024-02-29T05:32:05.121+0000] {processor.py:183} INFO - Processing /home/airflow/.local/lib/python3.11/site-packages/airflow/example_dags/example_trigger_target_dag.py took 0.901 seconds
[2024-02-29T05:32:35.755+0000] {processor.py:161} INFO - Started process (PID=111) to work on /home/airflow/.local/lib/python3.11/site-packages/airflow/example_dags/example_trigger_target_dag.py
[2024-02-29T05:32:35.797+0000] {processor.py:830} INFO - Processing file /home/airflow/.local/lib/python3.11/site-packages/airflow/example_dags/example_trigger_target_dag.py for tasks to queue
[2024-02-29T05:32:35.799+0000] {logging_mixin.py:188} INFO - [2024-02-29T05:32:35.799+0000] {dagbag.py:540} INFO - Filling up the DagBag from /home/airflow/.local/lib/python3.11/site-packages/airflow/example_dags/example_trigger_target_dag.py
[2024-02-29T05:32:35.823+0000] {processor.py:840} INFO - DAG(s) 'example_trigger_target_dag' retrieved from /home/airflow/.local/lib/python3.11/site-packages/airflow/example_dags/example_trigger_target_dag.py
[2024-02-29T05:32:35.866+0000] {logging_mixin.py:188} INFO - [2024-02-29T05:32:35.866+0000] {dag.py:3047} INFO - Sync 1 DAGs
[2024-02-29T05:32:35.880+0000] {logging_mixin.py:188} INFO - [2024-02-29T05:32:35.880+0000] {dag.py:3834} INFO - Setting next_dagrun for example_trigger_target_dag to None, run_after=None
[2024-02-29T05:32:35.907+0000] {processor.py:183} INFO - Processing /home/airflow/.local/lib/python3.11/site-packages/airflow/example_dags/example_trigger_target_dag.py took 0.160 seconds
[2024-02-29T05:33:06.733+0000] {processor.py:161} INFO - Started process (PID=169) to work on /home/airflow/.local/lib/python3.11/site-packages/airflow/example_dags/example_trigger_target_dag.py
[2024-02-29T05:33:06.734+0000] {processor.py:830} INFO - Processing file /home/airflow/.local/lib/python3.11/site-packages/airflow/example_dags/example_trigger_target_dag.py for tasks to queue
[2024-02-29T05:33:06.737+0000] {logging_mixin.py:188} INFO - [2024-02-29T05:33:06.736+0000] {dagbag.py:540} INFO - Filling up the DagBag from /home/airflow/.local/lib/python3.11/site-packages/airflow/example_dags/example_trigger_target_dag.py
[2024-02-29T05:33:06.743+0000] {processor.py:840} INFO - DAG(s) 'example_trigger_target_dag' retrieved from /home/airflow/.local/lib/python3.11/site-packages/airflow/example_dags/example_trigger_target_dag.py
[2024-02-29T05:33:06.765+0000] {logging_mixin.py:188} INFO - [2024-02-29T05:33:06.765+0000] {dag.py:3047} INFO - Sync 1 DAGs
[2024-02-29T05:33:06.777+0000] {logging_mixin.py:188} INFO - [2024-02-29T05:33:06.777+0000] {dag.py:3834} INFO - Setting next_dagrun for example_trigger_target_dag to None, run_after=None
[2024-02-29T05:33:06.795+0000] {processor.py:183} INFO - Processing /home/airflow/.local/lib/python3.11/site-packages/airflow/example_dags/example_trigger_target_dag.py took 0.066 seconds
[2024-02-29T05:33:36.910+0000] {processor.py:161} INFO - Started process (PID=233) to work on /home/airflow/.local/lib/python3.11/site-packages/airflow/example_dags/example_trigger_target_dag.py
[2024-02-29T05:33:36.910+0000] {processor.py:830} INFO - Processing file /home/airflow/.local/lib/python3.11/site-packages/airflow/example_dags/example_trigger_target_dag.py for tasks to queue
[2024-02-29T05:33:36.917+0000] {logging_mixin.py:188} INFO - [2024-02-29T05:33:36.916+0000] {dagbag.py:540} INFO - Filling up the DagBag from /home/airflow/.local/lib/python3.11/site-packages/airflow/example_dags/example_trigger_target_dag.py
[2024-02-29T05:33:36.923+0000] {processor.py:840} INFO - DAG(s) 'example_trigger_target_dag' retrieved from /home/airflow/.local/lib/python3.11/site-packages/airflow/example_dags/example_trigger_target_dag.py
[2024-02-29T05:33:36.949+0000] {logging_mixin.py:188} INFO - [2024-02-29T05:33:36.949+0000] {dag.py:3047} INFO - Sync 1 DAGs
[2024-02-29T05:33:36.978+0000] {logging_mixin.py:188} INFO - [2024-02-29T05:33:36.978+0000] {dag.py:3834} INFO - Setting next_dagrun for example_trigger_target_dag to None, run_after=None
[2024-02-29T05:33:37.016+0000] {processor.py:183} INFO - Processing /home/airflow/.local/lib/python3.11/site-packages/airflow/example_dags/example_trigger_target_dag.py took 0.114 seconds
[2024-02-29T05:34:07.525+0000] {processor.py:161} INFO - Started process (PID=295) to work on /home/airflow/.local/lib/python3.11/site-packages/airflow/example_dags/example_trigger_target_dag.py
[2024-02-29T05:34:07.525+0000] {processor.py:830} INFO - Processing file /home/airflow/.local/lib/python3.11/site-packages/airflow/example_dags/example_trigger_target_dag.py for tasks to queue
[2024-02-29T05:34:07.527+0000] {logging_mixin.py:188} INFO - [2024-02-29T05:34:07.527+0000] {dagbag.py:540} INFO - Filling up the DagBag from /home/airflow/.local/lib/python3.11/site-packages/airflow/example_dags/example_trigger_target_dag.py
[2024-02-29T05:34:07.534+0000] {processor.py:840} INFO - DAG(s) 'example_trigger_target_dag' retrieved from /home/airflow/.local/lib/python3.11/site-packages/airflow/example_dags/example_trigger_target_dag.py
[2024-02-29T05:34:07.562+0000] {logging_mixin.py:188} INFO - [2024-02-29T05:34:07.562+0000] {dag.py:3047} INFO - Sync 1 DAGs
[2024-02-29T05:34:07.575+0000] {logging_mixin.py:188} INFO - [2024-02-29T05:34:07.575+0000] {dag.py:3834} INFO - Setting next_dagrun for example_trigger_target_dag to None, run_after=None
[2024-02-29T05:34:07.607+0000] {processor.py:183} INFO - Processing /home/airflow/.local/lib/python3.11/site-packages/airflow/example_dags/example_trigger_target_dag.py took 0.088 seconds
[2024-02-29T05:34:38.011+0000] {processor.py:161} INFO - Started process (PID=358) to work on /home/airflow/.local/lib/python3.11/site-packages/airflow/example_dags/example_trigger_target_dag.py
[2024-02-29T05:34:38.021+0000] {processor.py:830} INFO - Processing file /home/airflow/.local/lib/python3.11/site-packages/airflow/example_dags/example_trigger_target_dag.py for tasks to queue
[2024-02-29T05:34:38.041+0000] {logging_mixin.py:188} INFO - [2024-02-29T05:34:38.028+0000] {dagbag.py:540} INFO - Filling up the DagBag from /home/airflow/.local/lib/python3.11/site-packages/airflow/example_dags/example_trigger_target_dag.py
[2024-02-29T05:34:38.047+0000] {processor.py:840} INFO - DAG(s) 'example_trigger_target_dag' retrieved from /home/airflow/.local/lib/python3.11/site-packages/airflow/example_dags/example_trigger_target_dag.py
[2024-02-29T05:34:38.167+0000] {logging_mixin.py:188} INFO - [2024-02-29T05:34:38.167+0000] {dag.py:3047} INFO - Sync 1 DAGs
[2024-02-29T05:34:38.227+0000] {logging_mixin.py:188} INFO - [2024-02-29T05:34:38.227+0000] {dag.py:3834} INFO - Setting next_dagrun for example_trigger_target_dag to None, run_after=None
[2024-02-29T05:34:38.360+0000] {processor.py:183} INFO - Processing /home/airflow/.local/lib/python3.11/site-packages/airflow/example_dags/example_trigger_target_dag.py took 0.364 seconds
[2024-02-29T05:35:08.419+0000] {processor.py:161} INFO - Started process (PID=418) to work on /home/airflow/.local/lib/python3.11/site-packages/airflow/example_dags/example_trigger_target_dag.py
[2024-02-29T05:35:08.420+0000] {processor.py:830} INFO - Processing file /home/airflow/.local/lib/python3.11/site-packages/airflow/example_dags/example_trigger_target_dag.py for tasks to queue
[2024-02-29T05:35:08.423+0000] {logging_mixin.py:188} INFO - [2024-02-29T05:35:08.422+0000] {dagbag.py:540} INFO - Filling up the DagBag from /home/airflow/.local/lib/python3.11/site-packages/airflow/example_dags/example_trigger_target_dag.py
[2024-02-29T05:35:08.430+0000] {processor.py:840} INFO - DAG(s) 'example_trigger_target_dag' retrieved from /home/airflow/.local/lib/python3.11/site-packages/airflow/example_dags/example_trigger_target_dag.py
[2024-02-29T05:35:08.473+0000] {logging_mixin.py:188} INFO - [2024-02-29T05:35:08.473+0000] {dag.py:3047} INFO - Sync 1 DAGs
[2024-02-29T05:35:08.489+0000] {logging_mixin.py:188} INFO - [2024-02-29T05:35:08.489+0000] {dag.py:3834} INFO - Setting next_dagrun for example_trigger_target_dag to None, run_after=None
[2024-02-29T05:35:08.529+0000] {processor.py:183} INFO - Processing /home/airflow/.local/lib/python3.11/site-packages/airflow/example_dags/example_trigger_target_dag.py took 0.113 seconds
[2024-02-29T05:35:39.359+0000] {processor.py:161} INFO - Started process (PID=481) to work on /home/airflow/.local/lib/python3.11/site-packages/airflow/example_dags/example_trigger_target_dag.py
[2024-02-29T05:35:39.360+0000] {processor.py:830} INFO - Processing file /home/airflow/.local/lib/python3.11/site-packages/airflow/example_dags/example_trigger_target_dag.py for tasks to queue
[2024-02-29T05:35:39.362+0000] {logging_mixin.py:188} INFO - [2024-02-29T05:35:39.362+0000] {dagbag.py:540} INFO - Filling up the DagBag from /home/airflow/.local/lib/python3.11/site-packages/airflow/example_dags/example_trigger_target_dag.py
[2024-02-29T05:35:39.368+0000] {processor.py:840} INFO - DAG(s) 'example_trigger_target_dag' retrieved from /home/airflow/.local/lib/python3.11/site-packages/airflow/example_dags/example_trigger_target_dag.py
[2024-02-29T05:35:39.397+0000] {logging_mixin.py:188} INFO - [2024-02-29T05:35:39.397+0000] {dag.py:3047} INFO - Sync 1 DAGs
[2024-02-29T05:35:39.410+0000] {logging_mixin.py:188} INFO - [2024-02-29T05:35:39.410+0000] {dag.py:3834} INFO - Setting next_dagrun for example_trigger_target_dag to None, run_after=None
[2024-02-29T05:35:39.438+0000] {processor.py:183} INFO - Processing /home/airflow/.local/lib/python3.11/site-packages/airflow/example_dags/example_trigger_target_dag.py took 0.082 seconds
[2024-02-29T05:36:10.098+0000] {processor.py:161} INFO - Started process (PID=543) to work on /home/airflow/.local/lib/python3.11/site-packages/airflow/example_dags/example_trigger_target_dag.py
[2024-02-29T05:36:10.099+0000] {processor.py:830} INFO - Processing file /home/airflow/.local/lib/python3.11/site-packages/airflow/example_dags/example_trigger_target_dag.py for tasks to queue
[2024-02-29T05:36:10.101+0000] {logging_mixin.py:188} INFO - [2024-02-29T05:36:10.101+0000] {dagbag.py:540} INFO - Filling up the DagBag from /home/airflow/.local/lib/python3.11/site-packages/airflow/example_dags/example_trigger_target_dag.py
[2024-02-29T05:36:10.109+0000] {processor.py:840} INFO - DAG(s) 'example_trigger_target_dag' retrieved from /home/airflow/.local/lib/python3.11/site-packages/airflow/example_dags/example_trigger_target_dag.py
[2024-02-29T05:36:10.127+0000] {logging_mixin.py:188} INFO - [2024-02-29T05:36:10.126+0000] {dag.py:3047} INFO - Sync 1 DAGs
[2024-02-29T05:36:10.139+0000] {logging_mixin.py:188} INFO - [2024-02-29T05:36:10.138+0000] {dag.py:3834} INFO - Setting next_dagrun for example_trigger_target_dag to None, run_after=None
[2024-02-29T05:36:10.161+0000] {processor.py:183} INFO - Processing /home/airflow/.local/lib/python3.11/site-packages/airflow/example_dags/example_trigger_target_dag.py took 0.066 seconds
[2024-02-29T05:36:40.330+0000] {processor.py:161} INFO - Started process (PID=602) to work on /home/airflow/.local/lib/python3.11/site-packages/airflow/example_dags/example_trigger_target_dag.py
[2024-02-29T05:36:40.331+0000] {processor.py:830} INFO - Processing file /home/airflow/.local/lib/python3.11/site-packages/airflow/example_dags/example_trigger_target_dag.py for tasks to queue
[2024-02-29T05:36:40.333+0000] {logging_mixin.py:188} INFO - [2024-02-29T05:36:40.332+0000] {dagbag.py:540} INFO - Filling up the DagBag from /home/airflow/.local/lib/python3.11/site-packages/airflow/example_dags/example_trigger_target_dag.py
[2024-02-29T05:36:40.341+0000] {processor.py:840} INFO - DAG(s) 'example_trigger_target_dag' retrieved from /home/airflow/.local/lib/python3.11/site-packages/airflow/example_dags/example_trigger_target_dag.py
[2024-02-29T05:36:40.358+0000] {logging_mixin.py:188} INFO - [2024-02-29T05:36:40.358+0000] {dag.py:3047} INFO - Sync 1 DAGs
[2024-02-29T05:36:40.367+0000] {logging_mixin.py:188} INFO - [2024-02-29T05:36:40.367+0000] {dag.py:3834} INFO - Setting next_dagrun for example_trigger_target_dag to None, run_after=None
[2024-02-29T05:36:40.385+0000] {processor.py:183} INFO - Processing /home/airflow/.local/lib/python3.11/site-packages/airflow/example_dags/example_trigger_target_dag.py took 0.058 seconds
[2024-02-29T05:37:10.558+0000] {processor.py:161} INFO - Started process (PID=661) to work on /home/airflow/.local/lib/python3.11/site-packages/airflow/example_dags/example_trigger_target_dag.py
[2024-02-29T05:37:10.559+0000] {processor.py:830} INFO - Processing file /home/airflow/.local/lib/python3.11/site-packages/airflow/example_dags/example_trigger_target_dag.py for tasks to queue
[2024-02-29T05:37:10.560+0000] {logging_mixin.py:188} INFO - [2024-02-29T05:37:10.560+0000] {dagbag.py:540} INFO - Filling up the DagBag from /home/airflow/.local/lib/python3.11/site-packages/airflow/example_dags/example_trigger_target_dag.py
[2024-02-29T05:37:10.565+0000] {processor.py:840} INFO - DAG(s) 'example_trigger_target_dag' retrieved from /home/airflow/.local/lib/python3.11/site-packages/airflow/example_dags/example_trigger_target_dag.py
[2024-02-29T05:37:10.580+0000] {logging_mixin.py:188} INFO - [2024-02-29T05:37:10.580+0000] {dag.py:3047} INFO - Sync 1 DAGs
[2024-02-29T05:37:10.589+0000] {logging_mixin.py:188} INFO - [2024-02-29T05:37:10.589+0000] {dag.py:3834} INFO - Setting next_dagrun for example_trigger_target_dag to None, run_after=None
[2024-02-29T05:37:10.607+0000] {processor.py:183} INFO - Processing /home/airflow/.local/lib/python3.11/site-packages/airflow/example_dags/example_trigger_target_dag.py took 0.052 seconds
[2024-02-29T05:37:41.332+0000] {processor.py:161} INFO - Started process (PID=718) to work on /home/airflow/.local/lib/python3.11/site-packages/airflow/example_dags/example_trigger_target_dag.py
[2024-02-29T05:37:41.333+0000] {processor.py:830} INFO - Processing file /home/airflow/.local/lib/python3.11/site-packages/airflow/example_dags/example_trigger_target_dag.py for tasks to queue
[2024-02-29T05:37:41.335+0000] {logging_mixin.py:188} INFO - [2024-02-29T05:37:41.334+0000] {dagbag.py:540} INFO - Filling up the DagBag from /home/airflow/.local/lib/python3.11/site-packages/airflow/example_dags/example_trigger_target_dag.py
[2024-02-29T05:37:41.339+0000] {processor.py:840} INFO - DAG(s) 'example_trigger_target_dag' retrieved from /home/airflow/.local/lib/python3.11/site-packages/airflow/example_dags/example_trigger_target_dag.py
[2024-02-29T05:37:41.354+0000] {logging_mixin.py:188} INFO - [2024-02-29T05:37:41.354+0000] {dag.py:3047} INFO - Sync 1 DAGs
[2024-02-29T05:37:41.363+0000] {logging_mixin.py:188} INFO - [2024-02-29T05:37:41.363+0000] {dag.py:3834} INFO - Setting next_dagrun for example_trigger_target_dag to None, run_after=None
[2024-02-29T05:37:41.381+0000] {processor.py:183} INFO - Processing /home/airflow/.local/lib/python3.11/site-packages/airflow/example_dags/example_trigger_target_dag.py took 0.052 seconds
[2024-02-29T05:38:11.562+0000] {processor.py:161} INFO - Started process (PID=775) to work on /home/airflow/.local/lib/python3.11/site-packages/airflow/example_dags/example_trigger_target_dag.py
[2024-02-29T05:38:11.563+0000] {processor.py:830} INFO - Processing file /home/airflow/.local/lib/python3.11/site-packages/airflow/example_dags/example_trigger_target_dag.py for tasks to queue
[2024-02-29T05:38:11.565+0000] {logging_mixin.py:188} INFO - [2024-02-29T05:38:11.565+0000] {dagbag.py:540} INFO - Filling up the DagBag from /home/airflow/.local/lib/python3.11/site-packages/airflow/example_dags/example_trigger_target_dag.py
[2024-02-29T05:38:11.582+0000] {processor.py:840} INFO - DAG(s) 'example_trigger_target_dag' retrieved from /home/airflow/.local/lib/python3.11/site-packages/airflow/example_dags/example_trigger_target_dag.py
[2024-02-29T05:38:11.602+0000] {logging_mixin.py:188} INFO - [2024-02-29T05:38:11.602+0000] {dag.py:3047} INFO - Sync 1 DAGs
[2024-02-29T05:38:11.614+0000] {logging_mixin.py:188} INFO - [2024-02-29T05:38:11.614+0000] {dag.py:3834} INFO - Setting next_dagrun for example_trigger_target_dag to None, run_after=None
[2024-02-29T05:38:11.651+0000] {processor.py:183} INFO - Processing /home/airflow/.local/lib/python3.11/site-packages/airflow/example_dags/example_trigger_target_dag.py took 0.103 seconds
[2024-02-29T05:38:41.905+0000] {processor.py:161} INFO - Started process (PID=831) to work on /home/airflow/.local/lib/python3.11/site-packages/airflow/example_dags/example_trigger_target_dag.py
[2024-02-29T05:38:41.906+0000] {processor.py:830} INFO - Processing file /home/airflow/.local/lib/python3.11/site-packages/airflow/example_dags/example_trigger_target_dag.py for tasks to queue
[2024-02-29T05:38:41.908+0000] {logging_mixin.py:188} INFO - [2024-02-29T05:38:41.907+0000] {dagbag.py:540} INFO - Filling up the DagBag from /home/airflow/.local/lib/python3.11/site-packages/airflow/example_dags/example_trigger_target_dag.py
[2024-02-29T05:38:41.914+0000] {processor.py:840} INFO - DAG(s) 'example_trigger_target_dag' retrieved from /home/airflow/.local/lib/python3.11/site-packages/airflow/example_dags/example_trigger_target_dag.py
[2024-02-29T05:38:41.931+0000] {logging_mixin.py:188} INFO - [2024-02-29T05:38:41.931+0000] {dag.py:3047} INFO - Sync 1 DAGs
[2024-02-29T05:38:41.942+0000] {logging_mixin.py:188} INFO - [2024-02-29T05:38:41.942+0000] {dag.py:3834} INFO - Setting next_dagrun for example_trigger_target_dag to None, run_after=None
[2024-02-29T05:38:41.962+0000] {processor.py:183} INFO - Processing /home/airflow/.local/lib/python3.11/site-packages/airflow/example_dags/example_trigger_target_dag.py took 0.059 seconds
[2024-02-29T05:39:12.044+0000] {processor.py:161} INFO - Started process (PID=887) to work on /home/airflow/.local/lib/python3.11/site-packages/airflow/example_dags/example_trigger_target_dag.py
[2024-02-29T05:39:12.045+0000] {processor.py:830} INFO - Processing file /home/airflow/.local/lib/python3.11/site-packages/airflow/example_dags/example_trigger_target_dag.py for tasks to queue
[2024-02-29T05:39:12.047+0000] {logging_mixin.py:188} INFO - [2024-02-29T05:39:12.046+0000] {dagbag.py:540} INFO - Filling up the DagBag from /home/airflow/.local/lib/python3.11/site-packages/airflow/example_dags/example_trigger_target_dag.py
[2024-02-29T05:39:12.051+0000] {processor.py:840} INFO - DAG(s) 'example_trigger_target_dag' retrieved from /home/airflow/.local/lib/python3.11/site-packages/airflow/example_dags/example_trigger_target_dag.py
[2024-02-29T05:39:12.066+0000] {logging_mixin.py:188} INFO - [2024-02-29T05:39:12.066+0000] {dag.py:3047} INFO - Sync 1 DAGs
[2024-02-29T05:39:12.075+0000] {logging_mixin.py:188} INFO - [2024-02-29T05:39:12.075+0000] {dag.py:3834} INFO - Setting next_dagrun for example_trigger_target_dag to None, run_after=None
[2024-02-29T05:39:12.093+0000] {processor.py:183} INFO - Processing /home/airflow/.local/lib/python3.11/site-packages/airflow/example_dags/example_trigger_target_dag.py took 0.052 seconds
[2024-02-29T05:39:42.381+0000] {processor.py:161} INFO - Started process (PID=945) to work on /home/airflow/.local/lib/python3.11/site-packages/airflow/example_dags/example_trigger_target_dag.py
[2024-02-29T05:39:42.382+0000] {processor.py:830} INFO - Processing file /home/airflow/.local/lib/python3.11/site-packages/airflow/example_dags/example_trigger_target_dag.py for tasks to queue
[2024-02-29T05:39:42.383+0000] {logging_mixin.py:188} INFO - [2024-02-29T05:39:42.383+0000] {dagbag.py:540} INFO - Filling up the DagBag from /home/airflow/.local/lib/python3.11/site-packages/airflow/example_dags/example_trigger_target_dag.py
[2024-02-29T05:39:42.388+0000] {processor.py:840} INFO - DAG(s) 'example_trigger_target_dag' retrieved from /home/airflow/.local/lib/python3.11/site-packages/airflow/example_dags/example_trigger_target_dag.py
[2024-02-29T05:39:42.403+0000] {logging_mixin.py:188} INFO - [2024-02-29T05:39:42.402+0000] {dag.py:3047} INFO - Sync 1 DAGs
[2024-02-29T05:39:42.411+0000] {logging_mixin.py:188} INFO - [2024-02-29T05:39:42.411+0000] {dag.py:3834} INFO - Setting next_dagrun for example_trigger_target_dag to None, run_after=None
[2024-02-29T05:39:42.433+0000] {processor.py:183} INFO - Processing /home/airflow/.local/lib/python3.11/site-packages/airflow/example_dags/example_trigger_target_dag.py took 0.054 seconds
[2024-02-29T05:40:13.113+0000] {processor.py:161} INFO - Started process (PID=1001) to work on /home/airflow/.local/lib/python3.11/site-packages/airflow/example_dags/example_trigger_target_dag.py
[2024-02-29T05:40:13.127+0000] {processor.py:830} INFO - Processing file /home/airflow/.local/lib/python3.11/site-packages/airflow/example_dags/example_trigger_target_dag.py for tasks to queue
[2024-02-29T05:40:13.130+0000] {logging_mixin.py:188} INFO - [2024-02-29T05:40:13.130+0000] {dagbag.py:540} INFO - Filling up the DagBag from /home/airflow/.local/lib/python3.11/site-packages/airflow/example_dags/example_trigger_target_dag.py
[2024-02-29T05:40:13.159+0000] {processor.py:840} INFO - DAG(s) 'example_trigger_target_dag' retrieved from /home/airflow/.local/lib/python3.11/site-packages/airflow/example_dags/example_trigger_target_dag.py
[2024-02-29T05:40:13.193+0000] {logging_mixin.py:188} INFO - [2024-02-29T05:40:13.193+0000] {dag.py:3047} INFO - Sync 1 DAGs
[2024-02-29T05:40:13.215+0000] {logging_mixin.py:188} INFO - [2024-02-29T05:40:13.214+0000] {dag.py:3834} INFO - Setting next_dagrun for example_trigger_target_dag to None, run_after=None
[2024-02-29T05:40:13.255+0000] {processor.py:183} INFO - Processing /home/airflow/.local/lib/python3.11/site-packages/airflow/example_dags/example_trigger_target_dag.py took 0.146 seconds
