[2024-02-29T05:32:00.513+0000] {processor.py:161} INFO - Started process (PID=49) to work on /home/airflow/.local/lib/python3.11/site-packages/airflow/example_dags/example_datasets.py
[2024-02-29T05:32:00.515+0000] {processor.py:830} INFO - Processing file /home/airflow/.local/lib/python3.11/site-packages/airflow/example_dags/example_datasets.py for tasks to queue
[2024-02-29T05:32:00.522+0000] {logging_mixin.py:188} INFO - [2024-02-29T05:32:00.521+0000] {dagbag.py:540} INFO - Filling up the DagBag from /home/airflow/.local/lib/python3.11/site-packages/airflow/example_dags/example_datasets.py
[2024-02-29T05:32:00.637+0000] {processor.py:840} INFO - DAG(s) 'dataset_produces_2', 'dataset_consumes_1', 'dataset_consumes_1_never_scheduled', 'dataset_consumes_1_and_2', 'dataset_produces_1', 'dataset_consumes_unknown_never_scheduled' retrieved from /home/airflow/.local/lib/python3.11/site-packages/airflow/example_dags/example_datasets.py
[2024-02-29T05:32:01.271+0000] {logging_mixin.py:188} INFO - [2024-02-29T05:32:01.271+0000] {dag.py:3047} INFO - Sync 6 DAGs
[2024-02-29T05:32:01.317+0000] {logging_mixin.py:188} INFO - [2024-02-29T05:32:01.315+0000] {dag.py:3834} INFO - Setting next_dagrun for dataset_consumes_1 to None, run_after=None
[2024-02-29T05:32:01.330+0000] {logging_mixin.py:188} INFO - [2024-02-29T05:32:01.330+0000] {dag.py:3834} INFO - Setting next_dagrun for dataset_consumes_1_and_2 to None, run_after=None
[2024-02-29T05:32:01.331+0000] {logging_mixin.py:188} INFO - [2024-02-29T05:32:01.331+0000] {dag.py:3834} INFO - Setting next_dagrun for dataset_consumes_1_never_scheduled to None, run_after=None
[2024-02-29T05:32:01.333+0000] {logging_mixin.py:188} INFO - [2024-02-29T05:32:01.332+0000] {dag.py:3834} INFO - Setting next_dagrun for dataset_consumes_unknown_never_scheduled to None, run_after=None
[2024-02-29T05:32:01.339+0000] {logging_mixin.py:188} INFO - [2024-02-29T05:32:01.339+0000] {dag.py:3834} INFO - Setting next_dagrun for dataset_produces_1 to 2024-02-28 00:00:00+00:00, run_after=2024-02-29 00:00:00+00:00
[2024-02-29T05:32:01.353+0000] {logging_mixin.py:188} INFO - [2024-02-29T05:32:01.353+0000] {dag.py:3834} INFO - Setting next_dagrun for dataset_produces_2 to None, run_after=None
[2024-02-29T05:32:01.418+0000] {processor.py:183} INFO - Processing /home/airflow/.local/lib/python3.11/site-packages/airflow/example_dags/example_datasets.py took 0.921 seconds
[2024-02-29T05:32:33.373+0000] {processor.py:161} INFO - Started process (PID=105) to work on /home/airflow/.local/lib/python3.11/site-packages/airflow/example_dags/example_datasets.py
[2024-02-29T05:32:33.384+0000] {processor.py:830} INFO - Processing file /home/airflow/.local/lib/python3.11/site-packages/airflow/example_dags/example_datasets.py for tasks to queue
[2024-02-29T05:32:33.386+0000] {logging_mixin.py:188} INFO - [2024-02-29T05:32:33.385+0000] {dagbag.py:540} INFO - Filling up the DagBag from /home/airflow/.local/lib/python3.11/site-packages/airflow/example_dags/example_datasets.py
[2024-02-29T05:32:33.474+0000] {processor.py:840} INFO - DAG(s) 'dataset_produces_1', 'dataset_produces_2', 'dataset_consumes_1_never_scheduled', 'dataset_consumes_1', 'dataset_consumes_1_and_2', 'dataset_consumes_unknown_never_scheduled' retrieved from /home/airflow/.local/lib/python3.11/site-packages/airflow/example_dags/example_datasets.py
[2024-02-29T05:32:33.510+0000] {logging_mixin.py:188} INFO - [2024-02-29T05:32:33.510+0000] {dag.py:3047} INFO - Sync 6 DAGs
[2024-02-29T05:32:33.562+0000] {logging_mixin.py:188} INFO - [2024-02-29T05:32:33.562+0000] {dag.py:3834} INFO - Setting next_dagrun for dataset_consumes_1 to None, run_after=None
[2024-02-29T05:32:33.572+0000] {logging_mixin.py:188} INFO - [2024-02-29T05:32:33.572+0000] {dag.py:3834} INFO - Setting next_dagrun for dataset_consumes_1_and_2 to None, run_after=None
[2024-02-29T05:32:33.573+0000] {logging_mixin.py:188} INFO - [2024-02-29T05:32:33.573+0000] {dag.py:3834} INFO - Setting next_dagrun for dataset_consumes_1_never_scheduled to None, run_after=None
[2024-02-29T05:32:33.574+0000] {logging_mixin.py:188} INFO - [2024-02-29T05:32:33.574+0000] {dag.py:3834} INFO - Setting next_dagrun for dataset_consumes_unknown_never_scheduled to None, run_after=None
[2024-02-29T05:32:33.590+0000] {logging_mixin.py:188} INFO - [2024-02-29T05:32:33.590+0000] {dag.py:3834} INFO - Setting next_dagrun for dataset_produces_1 to 2024-02-28 00:00:00+00:00, run_after=2024-02-29 00:00:00+00:00
[2024-02-29T05:32:33.591+0000] {logging_mixin.py:188} INFO - [2024-02-29T05:32:33.591+0000] {dag.py:3834} INFO - Setting next_dagrun for dataset_produces_2 to None, run_after=None
[2024-02-29T05:32:33.684+0000] {processor.py:183} INFO - Processing /home/airflow/.local/lib/python3.11/site-packages/airflow/example_dags/example_datasets.py took 0.330 seconds
[2024-02-29T05:33:04.005+0000] {processor.py:161} INFO - Started process (PID=160) to work on /home/airflow/.local/lib/python3.11/site-packages/airflow/example_dags/example_datasets.py
[2024-02-29T05:33:04.005+0000] {processor.py:830} INFO - Processing file /home/airflow/.local/lib/python3.11/site-packages/airflow/example_dags/example_datasets.py for tasks to queue
[2024-02-29T05:33:04.007+0000] {logging_mixin.py:188} INFO - [2024-02-29T05:33:04.007+0000] {dagbag.py:540} INFO - Filling up the DagBag from /home/airflow/.local/lib/python3.11/site-packages/airflow/example_dags/example_datasets.py
[2024-02-29T05:33:04.018+0000] {processor.py:840} INFO - DAG(s) 'dataset_consumes_unknown_never_scheduled', 'dataset_consumes_1_never_scheduled', 'dataset_produces_2', 'dataset_consumes_1_and_2', 'dataset_produces_1', 'dataset_consumes_1' retrieved from /home/airflow/.local/lib/python3.11/site-packages/airflow/example_dags/example_datasets.py
[2024-02-29T05:33:04.069+0000] {logging_mixin.py:188} INFO - [2024-02-29T05:33:04.069+0000] {dag.py:3047} INFO - Sync 6 DAGs
[2024-02-29T05:33:04.093+0000] {logging_mixin.py:188} INFO - [2024-02-29T05:33:04.093+0000] {dag.py:3834} INFO - Setting next_dagrun for dataset_consumes_1 to None, run_after=None
[2024-02-29T05:33:04.097+0000] {logging_mixin.py:188} INFO - [2024-02-29T05:33:04.097+0000] {dag.py:3834} INFO - Setting next_dagrun for dataset_consumes_1_and_2 to None, run_after=None
[2024-02-29T05:33:04.098+0000] {logging_mixin.py:188} INFO - [2024-02-29T05:33:04.098+0000] {dag.py:3834} INFO - Setting next_dagrun for dataset_consumes_1_never_scheduled to None, run_after=None
[2024-02-29T05:33:04.100+0000] {logging_mixin.py:188} INFO - [2024-02-29T05:33:04.100+0000] {dag.py:3834} INFO - Setting next_dagrun for dataset_consumes_unknown_never_scheduled to None, run_after=None
[2024-02-29T05:33:04.103+0000] {logging_mixin.py:188} INFO - [2024-02-29T05:33:04.103+0000] {dag.py:3834} INFO - Setting next_dagrun for dataset_produces_1 to 2024-02-28 00:00:00+00:00, run_after=2024-02-29 00:00:00+00:00
[2024-02-29T05:33:04.104+0000] {logging_mixin.py:188} INFO - [2024-02-29T05:33:04.104+0000] {dag.py:3834} INFO - Setting next_dagrun for dataset_produces_2 to None, run_after=None
[2024-02-29T05:33:04.197+0000] {processor.py:183} INFO - Processing /home/airflow/.local/lib/python3.11/site-packages/airflow/example_dags/example_datasets.py took 0.196 seconds
[2024-02-29T05:33:34.402+0000] {processor.py:161} INFO - Started process (PID=224) to work on /home/airflow/.local/lib/python3.11/site-packages/airflow/example_dags/example_datasets.py
[2024-02-29T05:33:34.403+0000] {processor.py:830} INFO - Processing file /home/airflow/.local/lib/python3.11/site-packages/airflow/example_dags/example_datasets.py for tasks to queue
[2024-02-29T05:33:34.405+0000] {logging_mixin.py:188} INFO - [2024-02-29T05:33:34.405+0000] {dagbag.py:540} INFO - Filling up the DagBag from /home/airflow/.local/lib/python3.11/site-packages/airflow/example_dags/example_datasets.py
[2024-02-29T05:33:34.415+0000] {processor.py:840} INFO - DAG(s) 'dataset_consumes_1', 'dataset_consumes_unknown_never_scheduled', 'dataset_consumes_1_never_scheduled', 'dataset_consumes_1_and_2', 'dataset_produces_2', 'dataset_produces_1' retrieved from /home/airflow/.local/lib/python3.11/site-packages/airflow/example_dags/example_datasets.py
[2024-02-29T05:33:34.442+0000] {logging_mixin.py:188} INFO - [2024-02-29T05:33:34.442+0000] {dag.py:3047} INFO - Sync 6 DAGs
[2024-02-29T05:33:34.459+0000] {logging_mixin.py:188} INFO - [2024-02-29T05:33:34.459+0000] {dag.py:3834} INFO - Setting next_dagrun for dataset_consumes_1 to None, run_after=None
[2024-02-29T05:33:34.462+0000] {logging_mixin.py:188} INFO - [2024-02-29T05:33:34.461+0000] {dag.py:3834} INFO - Setting next_dagrun for dataset_consumes_1_and_2 to None, run_after=None
[2024-02-29T05:33:34.462+0000] {logging_mixin.py:188} INFO - [2024-02-29T05:33:34.462+0000] {dag.py:3834} INFO - Setting next_dagrun for dataset_consumes_1_never_scheduled to None, run_after=None
[2024-02-29T05:33:34.463+0000] {logging_mixin.py:188} INFO - [2024-02-29T05:33:34.463+0000] {dag.py:3834} INFO - Setting next_dagrun for dataset_consumes_unknown_never_scheduled to None, run_after=None
[2024-02-29T05:33:34.465+0000] {logging_mixin.py:188} INFO - [2024-02-29T05:33:34.465+0000] {dag.py:3834} INFO - Setting next_dagrun for dataset_produces_1 to 2024-02-28 00:00:00+00:00, run_after=2024-02-29 00:00:00+00:00
[2024-02-29T05:33:34.466+0000] {logging_mixin.py:188} INFO - [2024-02-29T05:33:34.466+0000] {dag.py:3834} INFO - Setting next_dagrun for dataset_produces_2 to None, run_after=None
[2024-02-29T05:33:34.494+0000] {processor.py:183} INFO - Processing /home/airflow/.local/lib/python3.11/site-packages/airflow/example_dags/example_datasets.py took 0.095 seconds
[2024-02-29T05:34:04.814+0000] {processor.py:161} INFO - Started process (PID=286) to work on /home/airflow/.local/lib/python3.11/site-packages/airflow/example_dags/example_datasets.py
[2024-02-29T05:34:04.815+0000] {processor.py:830} INFO - Processing file /home/airflow/.local/lib/python3.11/site-packages/airflow/example_dags/example_datasets.py for tasks to queue
[2024-02-29T05:34:04.822+0000] {logging_mixin.py:188} INFO - [2024-02-29T05:34:04.821+0000] {dagbag.py:540} INFO - Filling up the DagBag from /home/airflow/.local/lib/python3.11/site-packages/airflow/example_dags/example_datasets.py
[2024-02-29T05:34:04.852+0000] {processor.py:840} INFO - DAG(s) 'dataset_consumes_1_never_scheduled', 'dataset_consumes_1_and_2', 'dataset_produces_2', 'dataset_produces_1', 'dataset_consumes_unknown_never_scheduled', 'dataset_consumes_1' retrieved from /home/airflow/.local/lib/python3.11/site-packages/airflow/example_dags/example_datasets.py
[2024-02-29T05:34:04.956+0000] {logging_mixin.py:188} INFO - [2024-02-29T05:34:04.955+0000] {dag.py:3047} INFO - Sync 6 DAGs
[2024-02-29T05:34:05.001+0000] {logging_mixin.py:188} INFO - [2024-02-29T05:34:05.001+0000] {dag.py:3834} INFO - Setting next_dagrun for dataset_consumes_1 to None, run_after=None
[2024-02-29T05:34:05.008+0000] {logging_mixin.py:188} INFO - [2024-02-29T05:34:05.008+0000] {dag.py:3834} INFO - Setting next_dagrun for dataset_consumes_1_and_2 to None, run_after=None
[2024-02-29T05:34:05.013+0000] {logging_mixin.py:188} INFO - [2024-02-29T05:34:05.013+0000] {dag.py:3834} INFO - Setting next_dagrun for dataset_consumes_1_never_scheduled to None, run_after=None
[2024-02-29T05:34:05.014+0000] {logging_mixin.py:188} INFO - [2024-02-29T05:34:05.014+0000] {dag.py:3834} INFO - Setting next_dagrun for dataset_consumes_unknown_never_scheduled to None, run_after=None
[2024-02-29T05:34:05.027+0000] {logging_mixin.py:188} INFO - [2024-02-29T05:34:05.027+0000] {dag.py:3834} INFO - Setting next_dagrun for dataset_produces_1 to 2024-02-28 00:00:00+00:00, run_after=2024-02-29 00:00:00+00:00
[2024-02-29T05:34:05.028+0000] {logging_mixin.py:188} INFO - [2024-02-29T05:34:05.028+0000] {dag.py:3834} INFO - Setting next_dagrun for dataset_produces_2 to None, run_after=None
[2024-02-29T05:34:05.093+0000] {processor.py:183} INFO - Processing /home/airflow/.local/lib/python3.11/site-packages/airflow/example_dags/example_datasets.py took 0.294 seconds
[2024-02-29T05:34:35.662+0000] {processor.py:161} INFO - Started process (PID=350) to work on /home/airflow/.local/lib/python3.11/site-packages/airflow/example_dags/example_datasets.py
[2024-02-29T05:34:35.663+0000] {processor.py:830} INFO - Processing file /home/airflow/.local/lib/python3.11/site-packages/airflow/example_dags/example_datasets.py for tasks to queue
[2024-02-29T05:34:35.672+0000] {logging_mixin.py:188} INFO - [2024-02-29T05:34:35.664+0000] {dagbag.py:540} INFO - Filling up the DagBag from /home/airflow/.local/lib/python3.11/site-packages/airflow/example_dags/example_datasets.py
[2024-02-29T05:34:35.712+0000] {processor.py:840} INFO - DAG(s) 'dataset_consumes_1_never_scheduled', 'dataset_produces_2', 'dataset_consumes_1', 'dataset_produces_1', 'dataset_consumes_unknown_never_scheduled', 'dataset_consumes_1_and_2' retrieved from /home/airflow/.local/lib/python3.11/site-packages/airflow/example_dags/example_datasets.py
[2024-02-29T05:34:35.803+0000] {logging_mixin.py:188} INFO - [2024-02-29T05:34:35.802+0000] {dag.py:3047} INFO - Sync 6 DAGs
[2024-02-29T05:34:35.881+0000] {logging_mixin.py:188} INFO - [2024-02-29T05:34:35.881+0000] {dag.py:3834} INFO - Setting next_dagrun for dataset_consumes_1 to None, run_after=None
[2024-02-29T05:34:35.891+0000] {logging_mixin.py:188} INFO - [2024-02-29T05:34:35.890+0000] {dag.py:3834} INFO - Setting next_dagrun for dataset_consumes_1_and_2 to None, run_after=None
[2024-02-29T05:34:35.921+0000] {logging_mixin.py:188} INFO - [2024-02-29T05:34:35.920+0000] {dag.py:3834} INFO - Setting next_dagrun for dataset_consumes_1_never_scheduled to None, run_after=None
[2024-02-29T05:34:35.922+0000] {logging_mixin.py:188} INFO - [2024-02-29T05:34:35.922+0000] {dag.py:3834} INFO - Setting next_dagrun for dataset_consumes_unknown_never_scheduled to None, run_after=None
[2024-02-29T05:34:35.931+0000] {logging_mixin.py:188} INFO - [2024-02-29T05:34:35.931+0000] {dag.py:3834} INFO - Setting next_dagrun for dataset_produces_1 to 2024-02-28 00:00:00+00:00, run_after=2024-02-29 00:00:00+00:00
[2024-02-29T05:34:35.943+0000] {logging_mixin.py:188} INFO - [2024-02-29T05:34:35.943+0000] {dag.py:3834} INFO - Setting next_dagrun for dataset_produces_2 to None, run_after=None
[2024-02-29T05:34:36.013+0000] {processor.py:183} INFO - Processing /home/airflow/.local/lib/python3.11/site-packages/airflow/example_dags/example_datasets.py took 0.364 seconds
[2024-02-29T05:35:06.151+0000] {processor.py:161} INFO - Started process (PID=412) to work on /home/airflow/.local/lib/python3.11/site-packages/airflow/example_dags/example_datasets.py
[2024-02-29T05:35:06.151+0000] {processor.py:830} INFO - Processing file /home/airflow/.local/lib/python3.11/site-packages/airflow/example_dags/example_datasets.py for tasks to queue
[2024-02-29T05:35:06.153+0000] {logging_mixin.py:188} INFO - [2024-02-29T05:35:06.152+0000] {dagbag.py:540} INFO - Filling up the DagBag from /home/airflow/.local/lib/python3.11/site-packages/airflow/example_dags/example_datasets.py
[2024-02-29T05:35:06.160+0000] {processor.py:840} INFO - DAG(s) 'dataset_consumes_1', 'dataset_produces_2', 'dataset_consumes_1_and_2', 'dataset_consumes_1_never_scheduled', 'dataset_consumes_unknown_never_scheduled', 'dataset_produces_1' retrieved from /home/airflow/.local/lib/python3.11/site-packages/airflow/example_dags/example_datasets.py
[2024-02-29T05:35:06.184+0000] {logging_mixin.py:188} INFO - [2024-02-29T05:35:06.184+0000] {dag.py:3047} INFO - Sync 6 DAGs
[2024-02-29T05:35:06.200+0000] {logging_mixin.py:188} INFO - [2024-02-29T05:35:06.200+0000] {dag.py:3834} INFO - Setting next_dagrun for dataset_consumes_1 to None, run_after=None
[2024-02-29T05:35:06.202+0000] {logging_mixin.py:188} INFO - [2024-02-29T05:35:06.202+0000] {dag.py:3834} INFO - Setting next_dagrun for dataset_consumes_1_and_2 to None, run_after=None
[2024-02-29T05:35:06.203+0000] {logging_mixin.py:188} INFO - [2024-02-29T05:35:06.203+0000] {dag.py:3834} INFO - Setting next_dagrun for dataset_consumes_1_never_scheduled to None, run_after=None
[2024-02-29T05:35:06.204+0000] {logging_mixin.py:188} INFO - [2024-02-29T05:35:06.204+0000] {dag.py:3834} INFO - Setting next_dagrun for dataset_consumes_unknown_never_scheduled to None, run_after=None
[2024-02-29T05:35:06.206+0000] {logging_mixin.py:188} INFO - [2024-02-29T05:35:06.206+0000] {dag.py:3834} INFO - Setting next_dagrun for dataset_produces_1 to 2024-02-28 00:00:00+00:00, run_after=2024-02-29 00:00:00+00:00
[2024-02-29T05:35:06.207+0000] {logging_mixin.py:188} INFO - [2024-02-29T05:35:06.207+0000] {dag.py:3834} INFO - Setting next_dagrun for dataset_produces_2 to None, run_after=None
[2024-02-29T05:35:06.233+0000] {processor.py:183} INFO - Processing /home/airflow/.local/lib/python3.11/site-packages/airflow/example_dags/example_datasets.py took 0.085 seconds
[2024-02-29T05:35:36.887+0000] {processor.py:161} INFO - Started process (PID=475) to work on /home/airflow/.local/lib/python3.11/site-packages/airflow/example_dags/example_datasets.py
[2024-02-29T05:35:36.888+0000] {processor.py:830} INFO - Processing file /home/airflow/.local/lib/python3.11/site-packages/airflow/example_dags/example_datasets.py for tasks to queue
[2024-02-29T05:35:36.891+0000] {logging_mixin.py:188} INFO - [2024-02-29T05:35:36.890+0000] {dagbag.py:540} INFO - Filling up the DagBag from /home/airflow/.local/lib/python3.11/site-packages/airflow/example_dags/example_datasets.py
[2024-02-29T05:35:36.901+0000] {processor.py:840} INFO - DAG(s) 'dataset_consumes_1_and_2', 'dataset_consumes_1', 'dataset_consumes_1_never_scheduled', 'dataset_produces_2', 'dataset_produces_1', 'dataset_consumes_unknown_never_scheduled' retrieved from /home/airflow/.local/lib/python3.11/site-packages/airflow/example_dags/example_datasets.py
[2024-02-29T05:35:36.938+0000] {logging_mixin.py:188} INFO - [2024-02-29T05:35:36.938+0000] {dag.py:3047} INFO - Sync 6 DAGs
[2024-02-29T05:35:36.959+0000] {logging_mixin.py:188} INFO - [2024-02-29T05:35:36.959+0000] {dag.py:3834} INFO - Setting next_dagrun for dataset_consumes_1 to None, run_after=None
[2024-02-29T05:35:36.963+0000] {logging_mixin.py:188} INFO - [2024-02-29T05:35:36.962+0000] {dag.py:3834} INFO - Setting next_dagrun for dataset_consumes_1_and_2 to None, run_after=None
[2024-02-29T05:35:36.963+0000] {logging_mixin.py:188} INFO - [2024-02-29T05:35:36.963+0000] {dag.py:3834} INFO - Setting next_dagrun for dataset_consumes_1_never_scheduled to None, run_after=None
[2024-02-29T05:35:36.964+0000] {logging_mixin.py:188} INFO - [2024-02-29T05:35:36.964+0000] {dag.py:3834} INFO - Setting next_dagrun for dataset_consumes_unknown_never_scheduled to None, run_after=None
[2024-02-29T05:35:36.966+0000] {logging_mixin.py:188} INFO - [2024-02-29T05:35:36.966+0000] {dag.py:3834} INFO - Setting next_dagrun for dataset_produces_1 to 2024-02-28 00:00:00+00:00, run_after=2024-02-29 00:00:00+00:00
[2024-02-29T05:35:36.967+0000] {logging_mixin.py:188} INFO - [2024-02-29T05:35:36.967+0000] {dag.py:3834} INFO - Setting next_dagrun for dataset_produces_2 to None, run_after=None
[2024-02-29T05:35:36.999+0000] {processor.py:183} INFO - Processing /home/airflow/.local/lib/python3.11/site-packages/airflow/example_dags/example_datasets.py took 0.115 seconds
[2024-02-29T05:36:07.675+0000] {processor.py:161} INFO - Started process (PID=536) to work on /home/airflow/.local/lib/python3.11/site-packages/airflow/example_dags/example_datasets.py
[2024-02-29T05:36:07.676+0000] {processor.py:830} INFO - Processing file /home/airflow/.local/lib/python3.11/site-packages/airflow/example_dags/example_datasets.py for tasks to queue
[2024-02-29T05:36:07.678+0000] {logging_mixin.py:188} INFO - [2024-02-29T05:36:07.678+0000] {dagbag.py:540} INFO - Filling up the DagBag from /home/airflow/.local/lib/python3.11/site-packages/airflow/example_dags/example_datasets.py
[2024-02-29T05:36:07.688+0000] {processor.py:840} INFO - DAG(s) 'dataset_produces_2', 'dataset_consumes_1_and_2', 'dataset_produces_1', 'dataset_consumes_unknown_never_scheduled', 'dataset_consumes_1_never_scheduled', 'dataset_consumes_1' retrieved from /home/airflow/.local/lib/python3.11/site-packages/airflow/example_dags/example_datasets.py
[2024-02-29T05:36:07.722+0000] {logging_mixin.py:188} INFO - [2024-02-29T05:36:07.722+0000] {dag.py:3047} INFO - Sync 6 DAGs
[2024-02-29T05:36:07.746+0000] {logging_mixin.py:188} INFO - [2024-02-29T05:36:07.746+0000] {dag.py:3834} INFO - Setting next_dagrun for dataset_consumes_1 to None, run_after=None
[2024-02-29T05:36:07.749+0000] {logging_mixin.py:188} INFO - [2024-02-29T05:36:07.749+0000] {dag.py:3834} INFO - Setting next_dagrun for dataset_consumes_1_and_2 to None, run_after=None
[2024-02-29T05:36:07.750+0000] {logging_mixin.py:188} INFO - [2024-02-29T05:36:07.750+0000] {dag.py:3834} INFO - Setting next_dagrun for dataset_consumes_1_never_scheduled to None, run_after=None
[2024-02-29T05:36:07.751+0000] {logging_mixin.py:188} INFO - [2024-02-29T05:36:07.751+0000] {dag.py:3834} INFO - Setting next_dagrun for dataset_consumes_unknown_never_scheduled to None, run_after=None
[2024-02-29T05:36:07.753+0000] {logging_mixin.py:188} INFO - [2024-02-29T05:36:07.753+0000] {dag.py:3834} INFO - Setting next_dagrun for dataset_produces_1 to 2024-02-28 00:00:00+00:00, run_after=2024-02-29 00:00:00+00:00
[2024-02-29T05:36:07.754+0000] {logging_mixin.py:188} INFO - [2024-02-29T05:36:07.754+0000] {dag.py:3834} INFO - Setting next_dagrun for dataset_produces_2 to None, run_after=None
[2024-02-29T05:36:07.780+0000] {processor.py:183} INFO - Processing /home/airflow/.local/lib/python3.11/site-packages/airflow/example_dags/example_datasets.py took 0.111 seconds
[2024-02-29T05:36:37.930+0000] {processor.py:161} INFO - Started process (PID=595) to work on /home/airflow/.local/lib/python3.11/site-packages/airflow/example_dags/example_datasets.py
[2024-02-29T05:36:37.932+0000] {processor.py:830} INFO - Processing file /home/airflow/.local/lib/python3.11/site-packages/airflow/example_dags/example_datasets.py for tasks to queue
[2024-02-29T05:36:37.934+0000] {logging_mixin.py:188} INFO - [2024-02-29T05:36:37.933+0000] {dagbag.py:540} INFO - Filling up the DagBag from /home/airflow/.local/lib/python3.11/site-packages/airflow/example_dags/example_datasets.py
[2024-02-29T05:36:37.948+0000] {processor.py:840} INFO - DAG(s) 'dataset_produces_2', 'dataset_produces_1', 'dataset_consumes_unknown_never_scheduled', 'dataset_consumes_1', 'dataset_consumes_1_and_2', 'dataset_consumes_1_never_scheduled' retrieved from /home/airflow/.local/lib/python3.11/site-packages/airflow/example_dags/example_datasets.py
[2024-02-29T05:36:37.987+0000] {logging_mixin.py:188} INFO - [2024-02-29T05:36:37.986+0000] {dag.py:3047} INFO - Sync 6 DAGs
[2024-02-29T05:36:38.008+0000] {logging_mixin.py:188} INFO - [2024-02-29T05:36:38.007+0000] {dag.py:3834} INFO - Setting next_dagrun for dataset_consumes_1 to None, run_after=None
[2024-02-29T05:36:38.011+0000] {logging_mixin.py:188} INFO - [2024-02-29T05:36:38.011+0000] {dag.py:3834} INFO - Setting next_dagrun for dataset_consumes_1_and_2 to None, run_after=None
[2024-02-29T05:36:38.012+0000] {logging_mixin.py:188} INFO - [2024-02-29T05:36:38.012+0000] {dag.py:3834} INFO - Setting next_dagrun for dataset_consumes_1_never_scheduled to None, run_after=None
[2024-02-29T05:36:38.013+0000] {logging_mixin.py:188} INFO - [2024-02-29T05:36:38.013+0000] {dag.py:3834} INFO - Setting next_dagrun for dataset_consumes_unknown_never_scheduled to None, run_after=None
[2024-02-29T05:36:38.016+0000] {logging_mixin.py:188} INFO - [2024-02-29T05:36:38.016+0000] {dag.py:3834} INFO - Setting next_dagrun for dataset_produces_1 to 2024-02-28 00:00:00+00:00, run_after=2024-02-29 00:00:00+00:00
[2024-02-29T05:36:38.017+0000] {logging_mixin.py:188} INFO - [2024-02-29T05:36:38.017+0000] {dag.py:3834} INFO - Setting next_dagrun for dataset_produces_2 to None, run_after=None
[2024-02-29T05:36:38.045+0000] {processor.py:183} INFO - Processing /home/airflow/.local/lib/python3.11/site-packages/airflow/example_dags/example_datasets.py took 0.119 seconds
[2024-02-29T05:37:08.197+0000] {processor.py:161} INFO - Started process (PID=654) to work on /home/airflow/.local/lib/python3.11/site-packages/airflow/example_dags/example_datasets.py
[2024-02-29T05:37:08.198+0000] {processor.py:830} INFO - Processing file /home/airflow/.local/lib/python3.11/site-packages/airflow/example_dags/example_datasets.py for tasks to queue
[2024-02-29T05:37:08.200+0000] {logging_mixin.py:188} INFO - [2024-02-29T05:37:08.200+0000] {dagbag.py:540} INFO - Filling up the DagBag from /home/airflow/.local/lib/python3.11/site-packages/airflow/example_dags/example_datasets.py
[2024-02-29T05:37:08.218+0000] {processor.py:840} INFO - DAG(s) 'dataset_consumes_1_and_2', 'dataset_produces_1', 'dataset_consumes_unknown_never_scheduled', 'dataset_consumes_1', 'dataset_produces_2', 'dataset_consumes_1_never_scheduled' retrieved from /home/airflow/.local/lib/python3.11/site-packages/airflow/example_dags/example_datasets.py
[2024-02-29T05:37:08.281+0000] {logging_mixin.py:188} INFO - [2024-02-29T05:37:08.281+0000] {dag.py:3047} INFO - Sync 6 DAGs
[2024-02-29T05:37:08.299+0000] {logging_mixin.py:188} INFO - [2024-02-29T05:37:08.299+0000] {dag.py:3834} INFO - Setting next_dagrun for dataset_consumes_1 to None, run_after=None
[2024-02-29T05:37:08.303+0000] {logging_mixin.py:188} INFO - [2024-02-29T05:37:08.303+0000] {dag.py:3834} INFO - Setting next_dagrun for dataset_consumes_1_and_2 to None, run_after=None
[2024-02-29T05:37:08.304+0000] {logging_mixin.py:188} INFO - [2024-02-29T05:37:08.304+0000] {dag.py:3834} INFO - Setting next_dagrun for dataset_consumes_1_never_scheduled to None, run_after=None
[2024-02-29T05:37:08.305+0000] {logging_mixin.py:188} INFO - [2024-02-29T05:37:08.305+0000] {dag.py:3834} INFO - Setting next_dagrun for dataset_consumes_unknown_never_scheduled to None, run_after=None
[2024-02-29T05:37:08.307+0000] {logging_mixin.py:188} INFO - [2024-02-29T05:37:08.307+0000] {dag.py:3834} INFO - Setting next_dagrun for dataset_produces_1 to 2024-02-28 00:00:00+00:00, run_after=2024-02-29 00:00:00+00:00
[2024-02-29T05:37:08.308+0000] {logging_mixin.py:188} INFO - [2024-02-29T05:37:08.308+0000] {dag.py:3834} INFO - Setting next_dagrun for dataset_produces_2 to None, run_after=None
[2024-02-29T05:37:08.339+0000] {processor.py:183} INFO - Processing /home/airflow/.local/lib/python3.11/site-packages/airflow/example_dags/example_datasets.py took 0.145 seconds
[2024-02-29T05:37:38.983+0000] {processor.py:161} INFO - Started process (PID=711) to work on /home/airflow/.local/lib/python3.11/site-packages/airflow/example_dags/example_datasets.py
[2024-02-29T05:37:38.984+0000] {processor.py:830} INFO - Processing file /home/airflow/.local/lib/python3.11/site-packages/airflow/example_dags/example_datasets.py for tasks to queue
[2024-02-29T05:37:38.986+0000] {logging_mixin.py:188} INFO - [2024-02-29T05:37:38.985+0000] {dagbag.py:540} INFO - Filling up the DagBag from /home/airflow/.local/lib/python3.11/site-packages/airflow/example_dags/example_datasets.py
[2024-02-29T05:37:38.996+0000] {processor.py:840} INFO - DAG(s) 'dataset_consumes_1_never_scheduled', 'dataset_consumes_1_and_2', 'dataset_produces_1', 'dataset_consumes_1', 'dataset_produces_2', 'dataset_consumes_unknown_never_scheduled' retrieved from /home/airflow/.local/lib/python3.11/site-packages/airflow/example_dags/example_datasets.py
[2024-02-29T05:37:39.027+0000] {logging_mixin.py:188} INFO - [2024-02-29T05:37:39.027+0000] {dag.py:3047} INFO - Sync 6 DAGs
[2024-02-29T05:37:39.050+0000] {logging_mixin.py:188} INFO - [2024-02-29T05:37:39.050+0000] {dag.py:3834} INFO - Setting next_dagrun for dataset_consumes_1 to None, run_after=None
[2024-02-29T05:37:39.053+0000] {logging_mixin.py:188} INFO - [2024-02-29T05:37:39.052+0000] {dag.py:3834} INFO - Setting next_dagrun for dataset_consumes_1_and_2 to None, run_after=None
[2024-02-29T05:37:39.054+0000] {logging_mixin.py:188} INFO - [2024-02-29T05:37:39.053+0000] {dag.py:3834} INFO - Setting next_dagrun for dataset_consumes_1_never_scheduled to None, run_after=None
[2024-02-29T05:37:39.054+0000] {logging_mixin.py:188} INFO - [2024-02-29T05:37:39.054+0000] {dag.py:3834} INFO - Setting next_dagrun for dataset_consumes_unknown_never_scheduled to None, run_after=None
[2024-02-29T05:37:39.057+0000] {logging_mixin.py:188} INFO - [2024-02-29T05:37:39.056+0000] {dag.py:3834} INFO - Setting next_dagrun for dataset_produces_1 to 2024-02-28 00:00:00+00:00, run_after=2024-02-29 00:00:00+00:00
[2024-02-29T05:37:39.057+0000] {logging_mixin.py:188} INFO - [2024-02-29T05:37:39.057+0000] {dag.py:3834} INFO - Setting next_dagrun for dataset_produces_2 to None, run_after=None
[2024-02-29T05:37:39.085+0000] {processor.py:183} INFO - Processing /home/airflow/.local/lib/python3.11/site-packages/airflow/example_dags/example_datasets.py took 0.107 seconds
[2024-02-29T05:38:09.165+0000] {processor.py:161} INFO - Started process (PID=768) to work on /home/airflow/.local/lib/python3.11/site-packages/airflow/example_dags/example_datasets.py
[2024-02-29T05:38:09.166+0000] {processor.py:830} INFO - Processing file /home/airflow/.local/lib/python3.11/site-packages/airflow/example_dags/example_datasets.py for tasks to queue
[2024-02-29T05:38:09.168+0000] {logging_mixin.py:188} INFO - [2024-02-29T05:38:09.168+0000] {dagbag.py:540} INFO - Filling up the DagBag from /home/airflow/.local/lib/python3.11/site-packages/airflow/example_dags/example_datasets.py
[2024-02-29T05:38:09.181+0000] {processor.py:840} INFO - DAG(s) 'dataset_consumes_1_never_scheduled', 'dataset_produces_1', 'dataset_produces_2', 'dataset_consumes_1', 'dataset_consumes_1_and_2', 'dataset_consumes_unknown_never_scheduled' retrieved from /home/airflow/.local/lib/python3.11/site-packages/airflow/example_dags/example_datasets.py
[2024-02-29T05:38:09.213+0000] {logging_mixin.py:188} INFO - [2024-02-29T05:38:09.212+0000] {dag.py:3047} INFO - Sync 6 DAGs
[2024-02-29T05:38:09.235+0000] {logging_mixin.py:188} INFO - [2024-02-29T05:38:09.234+0000] {dag.py:3834} INFO - Setting next_dagrun for dataset_consumes_1 to None, run_after=None
[2024-02-29T05:38:09.237+0000] {logging_mixin.py:188} INFO - [2024-02-29T05:38:09.237+0000] {dag.py:3834} INFO - Setting next_dagrun for dataset_consumes_1_and_2 to None, run_after=None
[2024-02-29T05:38:09.238+0000] {logging_mixin.py:188} INFO - [2024-02-29T05:38:09.238+0000] {dag.py:3834} INFO - Setting next_dagrun for dataset_consumes_1_never_scheduled to None, run_after=None
[2024-02-29T05:38:09.239+0000] {logging_mixin.py:188} INFO - [2024-02-29T05:38:09.239+0000] {dag.py:3834} INFO - Setting next_dagrun for dataset_consumes_unknown_never_scheduled to None, run_after=None
[2024-02-29T05:38:09.241+0000] {logging_mixin.py:188} INFO - [2024-02-29T05:38:09.241+0000] {dag.py:3834} INFO - Setting next_dagrun for dataset_produces_1 to 2024-02-28 00:00:00+00:00, run_after=2024-02-29 00:00:00+00:00
[2024-02-29T05:38:09.242+0000] {logging_mixin.py:188} INFO - [2024-02-29T05:38:09.242+0000] {dag.py:3834} INFO - Setting next_dagrun for dataset_produces_2 to None, run_after=None
[2024-02-29T05:38:09.270+0000] {processor.py:183} INFO - Processing /home/airflow/.local/lib/python3.11/site-packages/airflow/example_dags/example_datasets.py took 0.108 seconds
[2024-02-29T05:38:39.449+0000] {processor.py:161} INFO - Started process (PID=824) to work on /home/airflow/.local/lib/python3.11/site-packages/airflow/example_dags/example_datasets.py
[2024-02-29T05:38:39.450+0000] {processor.py:830} INFO - Processing file /home/airflow/.local/lib/python3.11/site-packages/airflow/example_dags/example_datasets.py for tasks to queue
[2024-02-29T05:38:39.452+0000] {logging_mixin.py:188} INFO - [2024-02-29T05:38:39.451+0000] {dagbag.py:540} INFO - Filling up the DagBag from /home/airflow/.local/lib/python3.11/site-packages/airflow/example_dags/example_datasets.py
[2024-02-29T05:38:39.462+0000] {processor.py:840} INFO - DAG(s) 'dataset_consumes_1', 'dataset_produces_1', 'dataset_produces_2', 'dataset_consumes_unknown_never_scheduled', 'dataset_consumes_1_and_2', 'dataset_consumes_1_never_scheduled' retrieved from /home/airflow/.local/lib/python3.11/site-packages/airflow/example_dags/example_datasets.py
[2024-02-29T05:38:39.494+0000] {logging_mixin.py:188} INFO - [2024-02-29T05:38:39.494+0000] {dag.py:3047} INFO - Sync 6 DAGs
[2024-02-29T05:38:39.518+0000] {logging_mixin.py:188} INFO - [2024-02-29T05:38:39.518+0000] {dag.py:3834} INFO - Setting next_dagrun for dataset_consumes_1 to None, run_after=None
[2024-02-29T05:38:39.521+0000] {logging_mixin.py:188} INFO - [2024-02-29T05:38:39.520+0000] {dag.py:3834} INFO - Setting next_dagrun for dataset_consumes_1_and_2 to None, run_after=None
[2024-02-29T05:38:39.522+0000] {logging_mixin.py:188} INFO - [2024-02-29T05:38:39.521+0000] {dag.py:3834} INFO - Setting next_dagrun for dataset_consumes_1_never_scheduled to None, run_after=None
[2024-02-29T05:38:39.522+0000] {logging_mixin.py:188} INFO - [2024-02-29T05:38:39.522+0000] {dag.py:3834} INFO - Setting next_dagrun for dataset_consumes_unknown_never_scheduled to None, run_after=None
[2024-02-29T05:38:39.525+0000] {logging_mixin.py:188} INFO - [2024-02-29T05:38:39.524+0000] {dag.py:3834} INFO - Setting next_dagrun for dataset_produces_1 to 2024-02-28 00:00:00+00:00, run_after=2024-02-29 00:00:00+00:00
[2024-02-29T05:38:39.525+0000] {logging_mixin.py:188} INFO - [2024-02-29T05:38:39.525+0000] {dag.py:3834} INFO - Setting next_dagrun for dataset_produces_2 to None, run_after=None
[2024-02-29T05:38:39.552+0000] {processor.py:183} INFO - Processing /home/airflow/.local/lib/python3.11/site-packages/airflow/example_dags/example_datasets.py took 0.106 seconds
[2024-02-29T05:39:09.684+0000] {processor.py:161} INFO - Started process (PID=881) to work on /home/airflow/.local/lib/python3.11/site-packages/airflow/example_dags/example_datasets.py
[2024-02-29T05:39:09.685+0000] {processor.py:830} INFO - Processing file /home/airflow/.local/lib/python3.11/site-packages/airflow/example_dags/example_datasets.py for tasks to queue
[2024-02-29T05:39:09.687+0000] {logging_mixin.py:188} INFO - [2024-02-29T05:39:09.686+0000] {dagbag.py:540} INFO - Filling up the DagBag from /home/airflow/.local/lib/python3.11/site-packages/airflow/example_dags/example_datasets.py
[2024-02-29T05:39:09.702+0000] {processor.py:840} INFO - DAG(s) 'dataset_consumes_unknown_never_scheduled', 'dataset_consumes_1_never_scheduled', 'dataset_consumes_1', 'dataset_produces_1', 'dataset_consumes_1_and_2', 'dataset_produces_2' retrieved from /home/airflow/.local/lib/python3.11/site-packages/airflow/example_dags/example_datasets.py
[2024-02-29T05:39:09.734+0000] {logging_mixin.py:188} INFO - [2024-02-29T05:39:09.734+0000] {dag.py:3047} INFO - Sync 6 DAGs
[2024-02-29T05:39:09.751+0000] {logging_mixin.py:188} INFO - [2024-02-29T05:39:09.751+0000] {dag.py:3834} INFO - Setting next_dagrun for dataset_consumes_1 to None, run_after=None
[2024-02-29T05:39:09.753+0000] {logging_mixin.py:188} INFO - [2024-02-29T05:39:09.753+0000] {dag.py:3834} INFO - Setting next_dagrun for dataset_consumes_1_and_2 to None, run_after=None
[2024-02-29T05:39:09.754+0000] {logging_mixin.py:188} INFO - [2024-02-29T05:39:09.754+0000] {dag.py:3834} INFO - Setting next_dagrun for dataset_consumes_1_never_scheduled to None, run_after=None
[2024-02-29T05:39:09.755+0000] {logging_mixin.py:188} INFO - [2024-02-29T05:39:09.755+0000] {dag.py:3834} INFO - Setting next_dagrun for dataset_consumes_unknown_never_scheduled to None, run_after=None
[2024-02-29T05:39:09.757+0000] {logging_mixin.py:188} INFO - [2024-02-29T05:39:09.757+0000] {dag.py:3834} INFO - Setting next_dagrun for dataset_produces_1 to 2024-02-28 00:00:00+00:00, run_after=2024-02-29 00:00:00+00:00
[2024-02-29T05:39:09.758+0000] {logging_mixin.py:188} INFO - [2024-02-29T05:39:09.758+0000] {dag.py:3834} INFO - Setting next_dagrun for dataset_produces_2 to None, run_after=None
[2024-02-29T05:39:09.787+0000] {processor.py:183} INFO - Processing /home/airflow/.local/lib/python3.11/site-packages/airflow/example_dags/example_datasets.py took 0.118 seconds
[2024-02-29T05:39:40.748+0000] {processor.py:161} INFO - Started process (PID=939) to work on /home/airflow/.local/lib/python3.11/site-packages/airflow/example_dags/example_datasets.py
[2024-02-29T05:39:40.759+0000] {processor.py:830} INFO - Processing file /home/airflow/.local/lib/python3.11/site-packages/airflow/example_dags/example_datasets.py for tasks to queue
[2024-02-29T05:39:40.761+0000] {logging_mixin.py:188} INFO - [2024-02-29T05:39:40.761+0000] {dagbag.py:540} INFO - Filling up the DagBag from /home/airflow/.local/lib/python3.11/site-packages/airflow/example_dags/example_datasets.py
[2024-02-29T05:39:40.776+0000] {processor.py:840} INFO - DAG(s) 'dataset_consumes_unknown_never_scheduled', 'dataset_consumes_1_never_scheduled', 'dataset_produces_2', 'dataset_produces_1', 'dataset_consumes_1', 'dataset_consumes_1_and_2' retrieved from /home/airflow/.local/lib/python3.11/site-packages/airflow/example_dags/example_datasets.py
[2024-02-29T05:39:40.813+0000] {logging_mixin.py:188} INFO - [2024-02-29T05:39:40.812+0000] {dag.py:3047} INFO - Sync 6 DAGs
[2024-02-29T05:39:40.837+0000] {logging_mixin.py:188} INFO - [2024-02-29T05:39:40.837+0000] {dag.py:3834} INFO - Setting next_dagrun for dataset_consumes_1 to None, run_after=None
[2024-02-29T05:39:40.843+0000] {logging_mixin.py:188} INFO - [2024-02-29T05:39:40.842+0000] {dag.py:3834} INFO - Setting next_dagrun for dataset_consumes_1_and_2 to None, run_after=None
[2024-02-29T05:39:40.844+0000] {logging_mixin.py:188} INFO - [2024-02-29T05:39:40.844+0000] {dag.py:3834} INFO - Setting next_dagrun for dataset_consumes_1_never_scheduled to None, run_after=None
[2024-02-29T05:39:40.845+0000] {logging_mixin.py:188} INFO - [2024-02-29T05:39:40.845+0000] {dag.py:3834} INFO - Setting next_dagrun for dataset_consumes_unknown_never_scheduled to None, run_after=None
[2024-02-29T05:39:40.849+0000] {logging_mixin.py:188} INFO - [2024-02-29T05:39:40.849+0000] {dag.py:3834} INFO - Setting next_dagrun for dataset_produces_1 to 2024-02-28 00:00:00+00:00, run_after=2024-02-29 00:00:00+00:00
[2024-02-29T05:39:40.850+0000] {logging_mixin.py:188} INFO - [2024-02-29T05:39:40.850+0000] {dag.py:3834} INFO - Setting next_dagrun for dataset_produces_2 to None, run_after=None
[2024-02-29T05:39:40.885+0000] {processor.py:183} INFO - Processing /home/airflow/.local/lib/python3.11/site-packages/airflow/example_dags/example_datasets.py took 0.140 seconds
[2024-02-29T05:40:11.060+0000] {processor.py:161} INFO - Started process (PID=995) to work on /home/airflow/.local/lib/python3.11/site-packages/airflow/example_dags/example_datasets.py
[2024-02-29T05:40:11.061+0000] {processor.py:830} INFO - Processing file /home/airflow/.local/lib/python3.11/site-packages/airflow/example_dags/example_datasets.py for tasks to queue
[2024-02-29T05:40:11.064+0000] {logging_mixin.py:188} INFO - [2024-02-29T05:40:11.063+0000] {dagbag.py:540} INFO - Filling up the DagBag from /home/airflow/.local/lib/python3.11/site-packages/airflow/example_dags/example_datasets.py
[2024-02-29T05:40:11.076+0000] {processor.py:840} INFO - DAG(s) 'dataset_produces_2', 'dataset_consumes_1_and_2', 'dataset_produces_1', 'dataset_consumes_1_never_scheduled', 'dataset_consumes_unknown_never_scheduled', 'dataset_consumes_1' retrieved from /home/airflow/.local/lib/python3.11/site-packages/airflow/example_dags/example_datasets.py
[2024-02-29T05:40:11.111+0000] {logging_mixin.py:188} INFO - [2024-02-29T05:40:11.111+0000] {dag.py:3047} INFO - Sync 6 DAGs
[2024-02-29T05:40:11.136+0000] {logging_mixin.py:188} INFO - [2024-02-29T05:40:11.135+0000] {dag.py:3834} INFO - Setting next_dagrun for dataset_consumes_1 to None, run_after=None
[2024-02-29T05:40:11.139+0000] {logging_mixin.py:188} INFO - [2024-02-29T05:40:11.139+0000] {dag.py:3834} INFO - Setting next_dagrun for dataset_consumes_1_and_2 to None, run_after=None
[2024-02-29T05:40:11.140+0000] {logging_mixin.py:188} INFO - [2024-02-29T05:40:11.140+0000] {dag.py:3834} INFO - Setting next_dagrun for dataset_consumes_1_never_scheduled to None, run_after=None
[2024-02-29T05:40:11.142+0000] {logging_mixin.py:188} INFO - [2024-02-29T05:40:11.141+0000] {dag.py:3834} INFO - Setting next_dagrun for dataset_consumes_unknown_never_scheduled to None, run_after=None
[2024-02-29T05:40:11.145+0000] {logging_mixin.py:188} INFO - [2024-02-29T05:40:11.144+0000] {dag.py:3834} INFO - Setting next_dagrun for dataset_produces_1 to 2024-02-28 00:00:00+00:00, run_after=2024-02-29 00:00:00+00:00
[2024-02-29T05:40:11.146+0000] {logging_mixin.py:188} INFO - [2024-02-29T05:40:11.145+0000] {dag.py:3834} INFO - Setting next_dagrun for dataset_produces_2 to None, run_after=None
[2024-02-29T05:40:11.177+0000] {processor.py:183} INFO - Processing /home/airflow/.local/lib/python3.11/site-packages/airflow/example_dags/example_datasets.py took 0.120 seconds
