[2024-02-29T05:31:56.855+0000] {processor.py:161} INFO - Started process (PID=38) to work on /home/airflow/.local/lib/python3.11/site-packages/airflow/example_dags/example_branch_labels.py
[2024-02-29T05:31:56.863+0000] {processor.py:830} INFO - Processing file /home/airflow/.local/lib/python3.11/site-packages/airflow/example_dags/example_branch_labels.py for tasks to queue
[2024-02-29T05:31:56.870+0000] {logging_mixin.py:188} INFO - [2024-02-29T05:31:56.869+0000] {dagbag.py:540} INFO - Filling up the DagBag from /home/airflow/.local/lib/python3.11/site-packages/airflow/example_dags/example_branch_labels.py
[2024-02-29T05:31:56.924+0000] {processor.py:840} INFO - DAG(s) 'example_branch_labels' retrieved from /home/airflow/.local/lib/python3.11/site-packages/airflow/example_dags/example_branch_labels.py
[2024-02-29T05:31:57.527+0000] {logging_mixin.py:188} INFO - [2024-02-29T05:31:57.526+0000] {dag.py:3047} INFO - Sync 1 DAGs
[2024-02-29T05:31:57.652+0000] {logging_mixin.py:188} INFO - [2024-02-29T05:31:57.652+0000] {dag.py:3834} INFO - Setting next_dagrun for example_branch_labels to 2024-02-28 00:00:00+00:00, run_after=2024-02-29 00:00:00+00:00
[2024-02-29T05:31:57.738+0000] {processor.py:183} INFO - Processing /home/airflow/.local/lib/python3.11/site-packages/airflow/example_dags/example_branch_labels.py took 0.893 seconds
[2024-02-29T05:32:30.211+0000] {processor.py:161} INFO - Started process (PID=93) to work on /home/airflow/.local/lib/python3.11/site-packages/airflow/example_dags/example_branch_labels.py
[2024-02-29T05:32:30.217+0000] {processor.py:830} INFO - Processing file /home/airflow/.local/lib/python3.11/site-packages/airflow/example_dags/example_branch_labels.py for tasks to queue
[2024-02-29T05:32:30.219+0000] {logging_mixin.py:188} INFO - [2024-02-29T05:32:30.218+0000] {dagbag.py:540} INFO - Filling up the DagBag from /home/airflow/.local/lib/python3.11/site-packages/airflow/example_dags/example_branch_labels.py
[2024-02-29T05:32:30.247+0000] {processor.py:840} INFO - DAG(s) 'example_branch_labels' retrieved from /home/airflow/.local/lib/python3.11/site-packages/airflow/example_dags/example_branch_labels.py
[2024-02-29T05:32:30.333+0000] {logging_mixin.py:188} INFO - [2024-02-29T05:32:30.333+0000] {dag.py:3047} INFO - Sync 1 DAGs
[2024-02-29T05:32:30.409+0000] {logging_mixin.py:188} INFO - [2024-02-29T05:32:30.409+0000] {dag.py:3834} INFO - Setting next_dagrun for example_branch_labels to 2024-02-28 00:00:00+00:00, run_after=2024-02-29 00:00:00+00:00
[2024-02-29T05:32:30.475+0000] {processor.py:183} INFO - Processing /home/airflow/.local/lib/python3.11/site-packages/airflow/example_dags/example_branch_labels.py took 0.275 seconds
[2024-02-29T05:33:01.437+0000] {processor.py:161} INFO - Started process (PID=153) to work on /home/airflow/.local/lib/python3.11/site-packages/airflow/example_dags/example_branch_labels.py
[2024-02-29T05:33:01.443+0000] {processor.py:830} INFO - Processing file /home/airflow/.local/lib/python3.11/site-packages/airflow/example_dags/example_branch_labels.py for tasks to queue
[2024-02-29T05:33:01.445+0000] {logging_mixin.py:188} INFO - [2024-02-29T05:33:01.445+0000] {dagbag.py:540} INFO - Filling up the DagBag from /home/airflow/.local/lib/python3.11/site-packages/airflow/example_dags/example_branch_labels.py
[2024-02-29T05:33:01.461+0000] {processor.py:840} INFO - DAG(s) 'example_branch_labels' retrieved from /home/airflow/.local/lib/python3.11/site-packages/airflow/example_dags/example_branch_labels.py
[2024-02-29T05:33:01.499+0000] {logging_mixin.py:188} INFO - [2024-02-29T05:33:01.498+0000] {dag.py:3047} INFO - Sync 1 DAGs
[2024-02-29T05:33:01.522+0000] {logging_mixin.py:188} INFO - [2024-02-29T05:33:01.521+0000] {dag.py:3834} INFO - Setting next_dagrun for example_branch_labels to 2024-02-28 00:00:00+00:00, run_after=2024-02-29 00:00:00+00:00
[2024-02-29T05:33:01.553+0000] {processor.py:183} INFO - Processing /home/airflow/.local/lib/python3.11/site-packages/airflow/example_dags/example_branch_labels.py took 0.118 seconds
[2024-02-29T05:33:32.054+0000] {processor.py:161} INFO - Started process (PID=218) to work on /home/airflow/.local/lib/python3.11/site-packages/airflow/example_dags/example_branch_labels.py
[2024-02-29T05:33:32.055+0000] {processor.py:830} INFO - Processing file /home/airflow/.local/lib/python3.11/site-packages/airflow/example_dags/example_branch_labels.py for tasks to queue
[2024-02-29T05:33:32.056+0000] {logging_mixin.py:188} INFO - [2024-02-29T05:33:32.056+0000] {dagbag.py:540} INFO - Filling up the DagBag from /home/airflow/.local/lib/python3.11/site-packages/airflow/example_dags/example_branch_labels.py
[2024-02-29T05:33:32.064+0000] {processor.py:840} INFO - DAG(s) 'example_branch_labels' retrieved from /home/airflow/.local/lib/python3.11/site-packages/airflow/example_dags/example_branch_labels.py
[2024-02-29T05:33:32.092+0000] {logging_mixin.py:188} INFO - [2024-02-29T05:33:32.091+0000] {dag.py:3047} INFO - Sync 1 DAGs
[2024-02-29T05:33:32.122+0000] {logging_mixin.py:188} INFO - [2024-02-29T05:33:32.121+0000] {dag.py:3834} INFO - Setting next_dagrun for example_branch_labels to 2024-02-28 00:00:00+00:00, run_after=2024-02-29 00:00:00+00:00
[2024-02-29T05:33:32.144+0000] {processor.py:183} INFO - Processing /home/airflow/.local/lib/python3.11/site-packages/airflow/example_dags/example_branch_labels.py took 0.093 seconds
[2024-02-29T05:34:02.247+0000] {processor.py:161} INFO - Started process (PID=279) to work on /home/airflow/.local/lib/python3.11/site-packages/airflow/example_dags/example_branch_labels.py
[2024-02-29T05:34:02.258+0000] {processor.py:830} INFO - Processing file /home/airflow/.local/lib/python3.11/site-packages/airflow/example_dags/example_branch_labels.py for tasks to queue
[2024-02-29T05:34:02.260+0000] {logging_mixin.py:188} INFO - [2024-02-29T05:34:02.259+0000] {dagbag.py:540} INFO - Filling up the DagBag from /home/airflow/.local/lib/python3.11/site-packages/airflow/example_dags/example_branch_labels.py
[2024-02-29T05:34:02.272+0000] {processor.py:840} INFO - DAG(s) 'example_branch_labels' retrieved from /home/airflow/.local/lib/python3.11/site-packages/airflow/example_dags/example_branch_labels.py
[2024-02-29T05:34:02.319+0000] {logging_mixin.py:188} INFO - [2024-02-29T05:34:02.319+0000] {dag.py:3047} INFO - Sync 1 DAGs
[2024-02-29T05:34:02.343+0000] {logging_mixin.py:188} INFO - [2024-02-29T05:34:02.343+0000] {dag.py:3834} INFO - Setting next_dagrun for example_branch_labels to 2024-02-28 00:00:00+00:00, run_after=2024-02-29 00:00:00+00:00
[2024-02-29T05:34:02.378+0000] {processor.py:183} INFO - Processing /home/airflow/.local/lib/python3.11/site-packages/airflow/example_dags/example_branch_labels.py took 0.143 seconds
[2024-02-29T05:34:32.993+0000] {processor.py:161} INFO - Started process (PID=343) to work on /home/airflow/.local/lib/python3.11/site-packages/airflow/example_dags/example_branch_labels.py
[2024-02-29T05:34:33.001+0000] {processor.py:830} INFO - Processing file /home/airflow/.local/lib/python3.11/site-packages/airflow/example_dags/example_branch_labels.py for tasks to queue
[2024-02-29T05:34:33.003+0000] {logging_mixin.py:188} INFO - [2024-02-29T05:34:33.002+0000] {dagbag.py:540} INFO - Filling up the DagBag from /home/airflow/.local/lib/python3.11/site-packages/airflow/example_dags/example_branch_labels.py
[2024-02-29T05:34:33.023+0000] {processor.py:840} INFO - DAG(s) 'example_branch_labels' retrieved from /home/airflow/.local/lib/python3.11/site-packages/airflow/example_dags/example_branch_labels.py
[2024-02-29T05:34:33.047+0000] {logging_mixin.py:188} INFO - [2024-02-29T05:34:33.047+0000] {dag.py:3047} INFO - Sync 1 DAGs
[2024-02-29T05:34:33.083+0000] {logging_mixin.py:188} INFO - [2024-02-29T05:34:33.083+0000] {dag.py:3834} INFO - Setting next_dagrun for example_branch_labels to 2024-02-28 00:00:00+00:00, run_after=2024-02-29 00:00:00+00:00
[2024-02-29T05:34:33.107+0000] {processor.py:183} INFO - Processing /home/airflow/.local/lib/python3.11/site-packages/airflow/example_dags/example_branch_labels.py took 0.118 seconds
[2024-02-29T05:35:03.666+0000] {processor.py:161} INFO - Started process (PID=404) to work on /home/airflow/.local/lib/python3.11/site-packages/airflow/example_dags/example_branch_labels.py
[2024-02-29T05:35:03.667+0000] {processor.py:830} INFO - Processing file /home/airflow/.local/lib/python3.11/site-packages/airflow/example_dags/example_branch_labels.py for tasks to queue
[2024-02-29T05:35:03.669+0000] {logging_mixin.py:188} INFO - [2024-02-29T05:35:03.668+0000] {dagbag.py:540} INFO - Filling up the DagBag from /home/airflow/.local/lib/python3.11/site-packages/airflow/example_dags/example_branch_labels.py
[2024-02-29T05:35:03.688+0000] {processor.py:840} INFO - DAG(s) 'example_branch_labels' retrieved from /home/airflow/.local/lib/python3.11/site-packages/airflow/example_dags/example_branch_labels.py
[2024-02-29T05:35:03.711+0000] {logging_mixin.py:188} INFO - [2024-02-29T05:35:03.711+0000] {dag.py:3047} INFO - Sync 1 DAGs
[2024-02-29T05:35:03.737+0000] {logging_mixin.py:188} INFO - [2024-02-29T05:35:03.737+0000] {dag.py:3834} INFO - Setting next_dagrun for example_branch_labels to 2024-02-28 00:00:00+00:00, run_after=2024-02-29 00:00:00+00:00
[2024-02-29T05:35:03.760+0000] {processor.py:183} INFO - Processing /home/airflow/.local/lib/python3.11/site-packages/airflow/example_dags/example_branch_labels.py took 0.097 seconds
[2024-02-29T05:35:34.530+0000] {processor.py:161} INFO - Started process (PID=469) to work on /home/airflow/.local/lib/python3.11/site-packages/airflow/example_dags/example_branch_labels.py
[2024-02-29T05:35:34.531+0000] {processor.py:830} INFO - Processing file /home/airflow/.local/lib/python3.11/site-packages/airflow/example_dags/example_branch_labels.py for tasks to queue
[2024-02-29T05:35:34.532+0000] {logging_mixin.py:188} INFO - [2024-02-29T05:35:34.532+0000] {dagbag.py:540} INFO - Filling up the DagBag from /home/airflow/.local/lib/python3.11/site-packages/airflow/example_dags/example_branch_labels.py
[2024-02-29T05:35:34.541+0000] {processor.py:840} INFO - DAG(s) 'example_branch_labels' retrieved from /home/airflow/.local/lib/python3.11/site-packages/airflow/example_dags/example_branch_labels.py
[2024-02-29T05:35:34.564+0000] {logging_mixin.py:188} INFO - [2024-02-29T05:35:34.563+0000] {dag.py:3047} INFO - Sync 1 DAGs
[2024-02-29T05:35:34.586+0000] {logging_mixin.py:188} INFO - [2024-02-29T05:35:34.586+0000] {dag.py:3834} INFO - Setting next_dagrun for example_branch_labels to 2024-02-28 00:00:00+00:00, run_after=2024-02-29 00:00:00+00:00
[2024-02-29T05:35:34.606+0000] {processor.py:183} INFO - Processing /home/airflow/.local/lib/python3.11/site-packages/airflow/example_dags/example_branch_labels.py took 0.080 seconds
[2024-02-29T05:36:05.360+0000] {processor.py:161} INFO - Started process (PID=530) to work on /home/airflow/.local/lib/python3.11/site-packages/airflow/example_dags/example_branch_labels.py
[2024-02-29T05:36:05.362+0000] {processor.py:830} INFO - Processing file /home/airflow/.local/lib/python3.11/site-packages/airflow/example_dags/example_branch_labels.py for tasks to queue
[2024-02-29T05:36:05.367+0000] {logging_mixin.py:188} INFO - [2024-02-29T05:36:05.367+0000] {dagbag.py:540} INFO - Filling up the DagBag from /home/airflow/.local/lib/python3.11/site-packages/airflow/example_dags/example_branch_labels.py
[2024-02-29T05:36:05.376+0000] {processor.py:840} INFO - DAG(s) 'example_branch_labels' retrieved from /home/airflow/.local/lib/python3.11/site-packages/airflow/example_dags/example_branch_labels.py
[2024-02-29T05:36:05.396+0000] {logging_mixin.py:188} INFO - [2024-02-29T05:36:05.396+0000] {dag.py:3047} INFO - Sync 1 DAGs
[2024-02-29T05:36:05.421+0000] {logging_mixin.py:188} INFO - [2024-02-29T05:36:05.421+0000] {dag.py:3834} INFO - Setting next_dagrun for example_branch_labels to 2024-02-28 00:00:00+00:00, run_after=2024-02-29 00:00:00+00:00
[2024-02-29T05:36:05.451+0000] {processor.py:183} INFO - Processing /home/airflow/.local/lib/python3.11/site-packages/airflow/example_dags/example_branch_labels.py took 0.094 seconds
[2024-02-29T05:36:35.620+0000] {processor.py:161} INFO - Started process (PID=589) to work on /home/airflow/.local/lib/python3.11/site-packages/airflow/example_dags/example_branch_labels.py
[2024-02-29T05:36:35.621+0000] {processor.py:830} INFO - Processing file /home/airflow/.local/lib/python3.11/site-packages/airflow/example_dags/example_branch_labels.py for tasks to queue
[2024-02-29T05:36:35.623+0000] {logging_mixin.py:188} INFO - [2024-02-29T05:36:35.622+0000] {dagbag.py:540} INFO - Filling up the DagBag from /home/airflow/.local/lib/python3.11/site-packages/airflow/example_dags/example_branch_labels.py
[2024-02-29T05:36:35.631+0000] {processor.py:840} INFO - DAG(s) 'example_branch_labels' retrieved from /home/airflow/.local/lib/python3.11/site-packages/airflow/example_dags/example_branch_labels.py
[2024-02-29T05:36:35.656+0000] {logging_mixin.py:188} INFO - [2024-02-29T05:36:35.656+0000] {dag.py:3047} INFO - Sync 1 DAGs
[2024-02-29T05:36:35.681+0000] {logging_mixin.py:188} INFO - [2024-02-29T05:36:35.681+0000] {dag.py:3834} INFO - Setting next_dagrun for example_branch_labels to 2024-02-28 00:00:00+00:00, run_after=2024-02-29 00:00:00+00:00
[2024-02-29T05:36:35.703+0000] {processor.py:183} INFO - Processing /home/airflow/.local/lib/python3.11/site-packages/airflow/example_dags/example_branch_labels.py took 0.087 seconds
[2024-02-29T05:37:05.884+0000] {processor.py:161} INFO - Started process (PID=648) to work on /home/airflow/.local/lib/python3.11/site-packages/airflow/example_dags/example_branch_labels.py
[2024-02-29T05:37:05.886+0000] {processor.py:830} INFO - Processing file /home/airflow/.local/lib/python3.11/site-packages/airflow/example_dags/example_branch_labels.py for tasks to queue
[2024-02-29T05:37:05.888+0000] {logging_mixin.py:188} INFO - [2024-02-29T05:37:05.888+0000] {dagbag.py:540} INFO - Filling up the DagBag from /home/airflow/.local/lib/python3.11/site-packages/airflow/example_dags/example_branch_labels.py
[2024-02-29T05:37:05.897+0000] {processor.py:840} INFO - DAG(s) 'example_branch_labels' retrieved from /home/airflow/.local/lib/python3.11/site-packages/airflow/example_dags/example_branch_labels.py
[2024-02-29T05:37:05.919+0000] {logging_mixin.py:188} INFO - [2024-02-29T05:37:05.919+0000] {dag.py:3047} INFO - Sync 1 DAGs
[2024-02-29T05:37:05.942+0000] {logging_mixin.py:188} INFO - [2024-02-29T05:37:05.942+0000] {dag.py:3834} INFO - Setting next_dagrun for example_branch_labels to 2024-02-28 00:00:00+00:00, run_after=2024-02-29 00:00:00+00:00
[2024-02-29T05:37:05.965+0000] {processor.py:183} INFO - Processing /home/airflow/.local/lib/python3.11/site-packages/airflow/example_dags/example_branch_labels.py took 0.084 seconds
[2024-02-29T05:37:36.669+0000] {processor.py:161} INFO - Started process (PID=705) to work on /home/airflow/.local/lib/python3.11/site-packages/airflow/example_dags/example_branch_labels.py
[2024-02-29T05:37:36.670+0000] {processor.py:830} INFO - Processing file /home/airflow/.local/lib/python3.11/site-packages/airflow/example_dags/example_branch_labels.py for tasks to queue
[2024-02-29T05:37:36.672+0000] {logging_mixin.py:188} INFO - [2024-02-29T05:37:36.672+0000] {dagbag.py:540} INFO - Filling up the DagBag from /home/airflow/.local/lib/python3.11/site-packages/airflow/example_dags/example_branch_labels.py
[2024-02-29T05:37:36.692+0000] {processor.py:840} INFO - DAG(s) 'example_branch_labels' retrieved from /home/airflow/.local/lib/python3.11/site-packages/airflow/example_dags/example_branch_labels.py
[2024-02-29T05:37:36.715+0000] {logging_mixin.py:188} INFO - [2024-02-29T05:37:36.715+0000] {dag.py:3047} INFO - Sync 1 DAGs
[2024-02-29T05:37:36.740+0000] {logging_mixin.py:188} INFO - [2024-02-29T05:37:36.740+0000] {dag.py:3834} INFO - Setting next_dagrun for example_branch_labels to 2024-02-28 00:00:00+00:00, run_after=2024-02-29 00:00:00+00:00
[2024-02-29T05:37:36.763+0000] {processor.py:183} INFO - Processing /home/airflow/.local/lib/python3.11/site-packages/airflow/example_dags/example_branch_labels.py took 0.098 seconds
[2024-02-29T05:38:07.708+0000] {processor.py:161} INFO - Started process (PID=762) to work on /home/airflow/.local/lib/python3.11/site-packages/airflow/example_dags/example_branch_labels.py
[2024-02-29T05:38:07.709+0000] {processor.py:830} INFO - Processing file /home/airflow/.local/lib/python3.11/site-packages/airflow/example_dags/example_branch_labels.py for tasks to queue
[2024-02-29T05:38:07.711+0000] {logging_mixin.py:188} INFO - [2024-02-29T05:38:07.710+0000] {dagbag.py:540} INFO - Filling up the DagBag from /home/airflow/.local/lib/python3.11/site-packages/airflow/example_dags/example_branch_labels.py
[2024-02-29T05:38:07.722+0000] {processor.py:840} INFO - DAG(s) 'example_branch_labels' retrieved from /home/airflow/.local/lib/python3.11/site-packages/airflow/example_dags/example_branch_labels.py
[2024-02-29T05:38:07.744+0000] {logging_mixin.py:188} INFO - [2024-02-29T05:38:07.743+0000] {dag.py:3047} INFO - Sync 1 DAGs
[2024-02-29T05:38:07.767+0000] {logging_mixin.py:188} INFO - [2024-02-29T05:38:07.767+0000] {dag.py:3834} INFO - Setting next_dagrun for example_branch_labels to 2024-02-28 00:00:00+00:00, run_after=2024-02-29 00:00:00+00:00
[2024-02-29T05:38:07.790+0000] {processor.py:183} INFO - Processing /home/airflow/.local/lib/python3.11/site-packages/airflow/example_dags/example_branch_labels.py took 0.086 seconds
[2024-02-29T05:38:37.898+0000] {processor.py:161} INFO - Started process (PID=818) to work on /home/airflow/.local/lib/python3.11/site-packages/airflow/example_dags/example_branch_labels.py
[2024-02-29T05:38:37.898+0000] {processor.py:830} INFO - Processing file /home/airflow/.local/lib/python3.11/site-packages/airflow/example_dags/example_branch_labels.py for tasks to queue
[2024-02-29T05:38:37.900+0000] {logging_mixin.py:188} INFO - [2024-02-29T05:38:37.900+0000] {dagbag.py:540} INFO - Filling up the DagBag from /home/airflow/.local/lib/python3.11/site-packages/airflow/example_dags/example_branch_labels.py
[2024-02-29T05:38:37.908+0000] {processor.py:840} INFO - DAG(s) 'example_branch_labels' retrieved from /home/airflow/.local/lib/python3.11/site-packages/airflow/example_dags/example_branch_labels.py
[2024-02-29T05:38:37.931+0000] {logging_mixin.py:188} INFO - [2024-02-29T05:38:37.931+0000] {dag.py:3047} INFO - Sync 1 DAGs
[2024-02-29T05:38:37.955+0000] {logging_mixin.py:188} INFO - [2024-02-29T05:38:37.955+0000] {dag.py:3834} INFO - Setting next_dagrun for example_branch_labels to 2024-02-28 00:00:00+00:00, run_after=2024-02-29 00:00:00+00:00
[2024-02-29T05:38:37.977+0000] {processor.py:183} INFO - Processing /home/airflow/.local/lib/python3.11/site-packages/airflow/example_dags/example_branch_labels.py took 0.083 seconds
[2024-02-29T05:39:08.173+0000] {processor.py:161} INFO - Started process (PID=875) to work on /home/airflow/.local/lib/python3.11/site-packages/airflow/example_dags/example_branch_labels.py
[2024-02-29T05:39:08.177+0000] {processor.py:830} INFO - Processing file /home/airflow/.local/lib/python3.11/site-packages/airflow/example_dags/example_branch_labels.py for tasks to queue
[2024-02-29T05:39:08.181+0000] {logging_mixin.py:188} INFO - [2024-02-29T05:39:08.181+0000] {dagbag.py:540} INFO - Filling up the DagBag from /home/airflow/.local/lib/python3.11/site-packages/airflow/example_dags/example_branch_labels.py
[2024-02-29T05:39:08.193+0000] {processor.py:840} INFO - DAG(s) 'example_branch_labels' retrieved from /home/airflow/.local/lib/python3.11/site-packages/airflow/example_dags/example_branch_labels.py
[2024-02-29T05:39:08.229+0000] {logging_mixin.py:188} INFO - [2024-02-29T05:39:08.226+0000] {dag.py:3047} INFO - Sync 1 DAGs
[2024-02-29T05:39:08.258+0000] {logging_mixin.py:188} INFO - [2024-02-29T05:39:08.258+0000] {dag.py:3834} INFO - Setting next_dagrun for example_branch_labels to 2024-02-28 00:00:00+00:00, run_after=2024-02-29 00:00:00+00:00
[2024-02-29T05:39:08.295+0000] {processor.py:183} INFO - Processing /home/airflow/.local/lib/python3.11/site-packages/airflow/example_dags/example_branch_labels.py took 0.125 seconds
[2024-02-29T05:39:38.791+0000] {processor.py:161} INFO - Started process (PID=933) to work on /home/airflow/.local/lib/python3.11/site-packages/airflow/example_dags/example_branch_labels.py
[2024-02-29T05:39:38.802+0000] {processor.py:830} INFO - Processing file /home/airflow/.local/lib/python3.11/site-packages/airflow/example_dags/example_branch_labels.py for tasks to queue
[2024-02-29T05:39:38.810+0000] {logging_mixin.py:188} INFO - [2024-02-29T05:39:38.810+0000] {dagbag.py:540} INFO - Filling up the DagBag from /home/airflow/.local/lib/python3.11/site-packages/airflow/example_dags/example_branch_labels.py
[2024-02-29T05:39:38.851+0000] {processor.py:840} INFO - DAG(s) 'example_branch_labels' retrieved from /home/airflow/.local/lib/python3.11/site-packages/airflow/example_dags/example_branch_labels.py
[2024-02-29T05:39:38.974+0000] {logging_mixin.py:188} INFO - [2024-02-29T05:39:38.973+0000] {dag.py:3047} INFO - Sync 1 DAGs
[2024-02-29T05:39:39.081+0000] {logging_mixin.py:188} INFO - [2024-02-29T05:39:39.081+0000] {dag.py:3834} INFO - Setting next_dagrun for example_branch_labels to 2024-02-28 00:00:00+00:00, run_after=2024-02-29 00:00:00+00:00
[2024-02-29T05:39:39.141+0000] {processor.py:183} INFO - Processing /home/airflow/.local/lib/python3.11/site-packages/airflow/example_dags/example_branch_labels.py took 0.367 seconds
[2024-02-29T05:40:09.987+0000] {processor.py:161} INFO - Started process (PID=989) to work on /home/airflow/.local/lib/python3.11/site-packages/airflow/example_dags/example_branch_labels.py
[2024-02-29T05:40:09.995+0000] {processor.py:830} INFO - Processing file /home/airflow/.local/lib/python3.11/site-packages/airflow/example_dags/example_branch_labels.py for tasks to queue
[2024-02-29T05:40:10.001+0000] {logging_mixin.py:188} INFO - [2024-02-29T05:40:10.001+0000] {dagbag.py:540} INFO - Filling up the DagBag from /home/airflow/.local/lib/python3.11/site-packages/airflow/example_dags/example_branch_labels.py
[2024-02-29T05:40:10.035+0000] {processor.py:840} INFO - DAG(s) 'example_branch_labels' retrieved from /home/airflow/.local/lib/python3.11/site-packages/airflow/example_dags/example_branch_labels.py
[2024-02-29T05:40:10.140+0000] {logging_mixin.py:188} INFO - [2024-02-29T05:40:10.140+0000] {dag.py:3047} INFO - Sync 1 DAGs
[2024-02-29T05:40:10.251+0000] {logging_mixin.py:188} INFO - [2024-02-29T05:40:10.251+0000] {dag.py:3834} INFO - Setting next_dagrun for example_branch_labels to 2024-02-28 00:00:00+00:00, run_after=2024-02-29 00:00:00+00:00
[2024-02-29T05:40:10.366+0000] {processor.py:183} INFO - Processing /home/airflow/.local/lib/python3.11/site-packages/airflow/example_dags/example_branch_labels.py took 0.399 seconds
