[2024-02-29T05:32:15.079+0000] {processor.py:161} INFO - Started process (PID=68) to work on /home/airflow/.local/lib/python3.11/site-packages/airflow/example_dags/example_latest_only_with_trigger.py
[2024-02-29T05:32:15.103+0000] {processor.py:830} INFO - Processing file /home/airflow/.local/lib/python3.11/site-packages/airflow/example_dags/example_latest_only_with_trigger.py for tasks to queue
[2024-02-29T05:32:15.117+0000] {logging_mixin.py:188} INFO - [2024-02-29T05:32:15.113+0000] {dagbag.py:540} INFO - Filling up the DagBag from /home/airflow/.local/lib/python3.11/site-packages/airflow/example_dags/example_latest_only_with_trigger.py
[2024-02-29T05:32:15.125+0000] {processor.py:840} INFO - DAG(s) 'latest_only_with_trigger' retrieved from /home/airflow/.local/lib/python3.11/site-packages/airflow/example_dags/example_latest_only_with_trigger.py
[2024-02-29T05:32:15.830+0000] {logging_mixin.py:188} INFO - [2024-02-29T05:32:15.830+0000] {dag.py:3047} INFO - Sync 1 DAGs
[2024-02-29T05:32:15.913+0000] {logging_mixin.py:188} INFO - [2024-02-29T05:32:15.913+0000] {dag.py:3834} INFO - Setting next_dagrun for latest_only_with_trigger to 2024-02-29 00:00:00+00:00, run_after=2024-02-29 04:00:00+00:00
[2024-02-29T05:32:16.009+0000] {processor.py:183} INFO - Processing /home/airflow/.local/lib/python3.11/site-packages/airflow/example_dags/example_latest_only_with_trigger.py took 1.021 seconds
[2024-02-29T05:32:46.666+0000] {processor.py:161} INFO - Started process (PID=125) to work on /home/airflow/.local/lib/python3.11/site-packages/airflow/example_dags/example_latest_only_with_trigger.py
[2024-02-29T05:32:46.674+0000] {processor.py:830} INFO - Processing file /home/airflow/.local/lib/python3.11/site-packages/airflow/example_dags/example_latest_only_with_trigger.py for tasks to queue
[2024-02-29T05:32:46.678+0000] {logging_mixin.py:188} INFO - [2024-02-29T05:32:46.677+0000] {dagbag.py:540} INFO - Filling up the DagBag from /home/airflow/.local/lib/python3.11/site-packages/airflow/example_dags/example_latest_only_with_trigger.py
[2024-02-29T05:32:46.688+0000] {processor.py:840} INFO - DAG(s) 'latest_only_with_trigger' retrieved from /home/airflow/.local/lib/python3.11/site-packages/airflow/example_dags/example_latest_only_with_trigger.py
[2024-02-29T05:32:46.741+0000] {logging_mixin.py:188} INFO - [2024-02-29T05:32:46.740+0000] {dag.py:3047} INFO - Sync 1 DAGs
[2024-02-29T05:32:46.812+0000] {logging_mixin.py:188} INFO - [2024-02-29T05:32:46.812+0000] {dag.py:3834} INFO - Setting next_dagrun for latest_only_with_trigger to 2024-02-29 00:00:00+00:00, run_after=2024-02-29 04:00:00+00:00
[2024-02-29T05:32:46.858+0000] {processor.py:183} INFO - Processing /home/airflow/.local/lib/python3.11/site-packages/airflow/example_dags/example_latest_only_with_trigger.py took 0.195 seconds
[2024-02-29T05:33:17.843+0000] {processor.py:161} INFO - Started process (PID=186) to work on /home/airflow/.local/lib/python3.11/site-packages/airflow/example_dags/example_latest_only_with_trigger.py
[2024-02-29T05:33:17.844+0000] {processor.py:830} INFO - Processing file /home/airflow/.local/lib/python3.11/site-packages/airflow/example_dags/example_latest_only_with_trigger.py for tasks to queue
[2024-02-29T05:33:17.846+0000] {logging_mixin.py:188} INFO - [2024-02-29T05:33:17.845+0000] {dagbag.py:540} INFO - Filling up the DagBag from /home/airflow/.local/lib/python3.11/site-packages/airflow/example_dags/example_latest_only_with_trigger.py
[2024-02-29T05:33:17.851+0000] {processor.py:840} INFO - DAG(s) 'latest_only_with_trigger' retrieved from /home/airflow/.local/lib/python3.11/site-packages/airflow/example_dags/example_latest_only_with_trigger.py
[2024-02-29T05:33:17.898+0000] {logging_mixin.py:188} INFO - [2024-02-29T05:33:17.898+0000] {dag.py:3047} INFO - Sync 1 DAGs
[2024-02-29T05:33:17.944+0000] {logging_mixin.py:188} INFO - [2024-02-29T05:33:17.944+0000] {dag.py:3834} INFO - Setting next_dagrun for latest_only_with_trigger to 2024-02-29 00:00:00+00:00, run_after=2024-02-29 04:00:00+00:00
[2024-02-29T05:33:17.968+0000] {processor.py:183} INFO - Processing /home/airflow/.local/lib/python3.11/site-packages/airflow/example_dags/example_latest_only_with_trigger.py took 0.128 seconds
[2024-02-29T05:33:48.896+0000] {processor.py:161} INFO - Started process (PID=249) to work on /home/airflow/.local/lib/python3.11/site-packages/airflow/example_dags/example_latest_only_with_trigger.py
[2024-02-29T05:33:48.901+0000] {processor.py:830} INFO - Processing file /home/airflow/.local/lib/python3.11/site-packages/airflow/example_dags/example_latest_only_with_trigger.py for tasks to queue
[2024-02-29T05:33:48.908+0000] {logging_mixin.py:188} INFO - [2024-02-29T05:33:48.908+0000] {dagbag.py:540} INFO - Filling up the DagBag from /home/airflow/.local/lib/python3.11/site-packages/airflow/example_dags/example_latest_only_with_trigger.py
[2024-02-29T05:33:48.915+0000] {processor.py:840} INFO - DAG(s) 'latest_only_with_trigger' retrieved from /home/airflow/.local/lib/python3.11/site-packages/airflow/example_dags/example_latest_only_with_trigger.py
[2024-02-29T05:33:48.953+0000] {logging_mixin.py:188} INFO - [2024-02-29T05:33:48.953+0000] {dag.py:3047} INFO - Sync 1 DAGs
[2024-02-29T05:33:48.977+0000] {logging_mixin.py:188} INFO - [2024-02-29T05:33:48.977+0000] {dag.py:3834} INFO - Setting next_dagrun for latest_only_with_trigger to 2024-02-29 00:00:00+00:00, run_after=2024-02-29 04:00:00+00:00
[2024-02-29T05:33:49.002+0000] {processor.py:183} INFO - Processing /home/airflow/.local/lib/python3.11/site-packages/airflow/example_dags/example_latest_only_with_trigger.py took 0.110 seconds
[2024-02-29T05:34:19.545+0000] {processor.py:161} INFO - Started process (PID=310) to work on /home/airflow/.local/lib/python3.11/site-packages/airflow/example_dags/example_latest_only_with_trigger.py
[2024-02-29T05:34:19.546+0000] {processor.py:830} INFO - Processing file /home/airflow/.local/lib/python3.11/site-packages/airflow/example_dags/example_latest_only_with_trigger.py for tasks to queue
[2024-02-29T05:34:19.549+0000] {logging_mixin.py:188} INFO - [2024-02-29T05:34:19.548+0000] {dagbag.py:540} INFO - Filling up the DagBag from /home/airflow/.local/lib/python3.11/site-packages/airflow/example_dags/example_latest_only_with_trigger.py
[2024-02-29T05:34:19.554+0000] {processor.py:840} INFO - DAG(s) 'latest_only_with_trigger' retrieved from /home/airflow/.local/lib/python3.11/site-packages/airflow/example_dags/example_latest_only_with_trigger.py
[2024-02-29T05:34:19.576+0000] {logging_mixin.py:188} INFO - [2024-02-29T05:34:19.576+0000] {dag.py:3047} INFO - Sync 1 DAGs
[2024-02-29T05:34:19.601+0000] {logging_mixin.py:188} INFO - [2024-02-29T05:34:19.601+0000] {dag.py:3834} INFO - Setting next_dagrun for latest_only_with_trigger to 2024-02-29 00:00:00+00:00, run_after=2024-02-29 04:00:00+00:00
[2024-02-29T05:34:19.624+0000] {processor.py:183} INFO - Processing /home/airflow/.local/lib/python3.11/site-packages/airflow/example_dags/example_latest_only_with_trigger.py took 0.082 seconds
[2024-02-29T05:34:50.361+0000] {processor.py:161} INFO - Started process (PID=374) to work on /home/airflow/.local/lib/python3.11/site-packages/airflow/example_dags/example_latest_only_with_trigger.py
[2024-02-29T05:34:50.362+0000] {processor.py:830} INFO - Processing file /home/airflow/.local/lib/python3.11/site-packages/airflow/example_dags/example_latest_only_with_trigger.py for tasks to queue
[2024-02-29T05:34:50.364+0000] {logging_mixin.py:188} INFO - [2024-02-29T05:34:50.363+0000] {dagbag.py:540} INFO - Filling up the DagBag from /home/airflow/.local/lib/python3.11/site-packages/airflow/example_dags/example_latest_only_with_trigger.py
[2024-02-29T05:34:50.369+0000] {processor.py:840} INFO - DAG(s) 'latest_only_with_trigger' retrieved from /home/airflow/.local/lib/python3.11/site-packages/airflow/example_dags/example_latest_only_with_trigger.py
[2024-02-29T05:34:50.390+0000] {logging_mixin.py:188} INFO - [2024-02-29T05:34:50.390+0000] {dag.py:3047} INFO - Sync 1 DAGs
[2024-02-29T05:34:50.417+0000] {logging_mixin.py:188} INFO - [2024-02-29T05:34:50.417+0000] {dag.py:3834} INFO - Setting next_dagrun for latest_only_with_trigger to 2024-02-29 00:00:00+00:00, run_after=2024-02-29 04:00:00+00:00
[2024-02-29T05:34:50.469+0000] {processor.py:183} INFO - Processing /home/airflow/.local/lib/python3.11/site-packages/airflow/example_dags/example_latest_only_with_trigger.py took 0.111 seconds
[2024-02-29T05:35:21.127+0000] {processor.py:161} INFO - Started process (PID=434) to work on /home/airflow/.local/lib/python3.11/site-packages/airflow/example_dags/example_latest_only_with_trigger.py
[2024-02-29T05:35:21.128+0000] {processor.py:830} INFO - Processing file /home/airflow/.local/lib/python3.11/site-packages/airflow/example_dags/example_latest_only_with_trigger.py for tasks to queue
[2024-02-29T05:35:21.130+0000] {logging_mixin.py:188} INFO - [2024-02-29T05:35:21.130+0000] {dagbag.py:540} INFO - Filling up the DagBag from /home/airflow/.local/lib/python3.11/site-packages/airflow/example_dags/example_latest_only_with_trigger.py
[2024-02-29T05:35:21.138+0000] {processor.py:840} INFO - DAG(s) 'latest_only_with_trigger' retrieved from /home/airflow/.local/lib/python3.11/site-packages/airflow/example_dags/example_latest_only_with_trigger.py
[2024-02-29T05:35:21.213+0000] {logging_mixin.py:188} INFO - [2024-02-29T05:35:21.213+0000] {dag.py:3047} INFO - Sync 1 DAGs
[2024-02-29T05:35:21.247+0000] {logging_mixin.py:188} INFO - [2024-02-29T05:35:21.246+0000] {dag.py:3834} INFO - Setting next_dagrun for latest_only_with_trigger to 2024-02-29 00:00:00+00:00, run_after=2024-02-29 04:00:00+00:00
[2024-02-29T05:35:21.288+0000] {processor.py:183} INFO - Processing /home/airflow/.local/lib/python3.11/site-packages/airflow/example_dags/example_latest_only_with_trigger.py took 0.165 seconds
[2024-02-29T05:35:51.977+0000] {processor.py:161} INFO - Started process (PID=499) to work on /home/airflow/.local/lib/python3.11/site-packages/airflow/example_dags/example_latest_only_with_trigger.py
[2024-02-29T05:35:51.978+0000] {processor.py:830} INFO - Processing file /home/airflow/.local/lib/python3.11/site-packages/airflow/example_dags/example_latest_only_with_trigger.py for tasks to queue
[2024-02-29T05:35:51.980+0000] {logging_mixin.py:188} INFO - [2024-02-29T05:35:51.980+0000] {dagbag.py:540} INFO - Filling up the DagBag from /home/airflow/.local/lib/python3.11/site-packages/airflow/example_dags/example_latest_only_with_trigger.py
[2024-02-29T05:35:51.988+0000] {processor.py:840} INFO - DAG(s) 'latest_only_with_trigger' retrieved from /home/airflow/.local/lib/python3.11/site-packages/airflow/example_dags/example_latest_only_with_trigger.py
[2024-02-29T05:35:52.041+0000] {logging_mixin.py:188} INFO - [2024-02-29T05:35:52.041+0000] {dag.py:3047} INFO - Sync 1 DAGs
[2024-02-29T05:35:52.089+0000] {logging_mixin.py:188} INFO - [2024-02-29T05:35:52.089+0000] {dag.py:3834} INFO - Setting next_dagrun for latest_only_with_trigger to 2024-02-29 00:00:00+00:00, run_after=2024-02-29 04:00:00+00:00
[2024-02-29T05:35:52.124+0000] {processor.py:183} INFO - Processing /home/airflow/.local/lib/python3.11/site-packages/airflow/example_dags/example_latest_only_with_trigger.py took 0.149 seconds
[2024-02-29T05:36:22.541+0000] {processor.py:161} INFO - Started process (PID=559) to work on /home/airflow/.local/lib/python3.11/site-packages/airflow/example_dags/example_latest_only_with_trigger.py
[2024-02-29T05:36:22.542+0000] {processor.py:830} INFO - Processing file /home/airflow/.local/lib/python3.11/site-packages/airflow/example_dags/example_latest_only_with_trigger.py for tasks to queue
[2024-02-29T05:36:22.543+0000] {logging_mixin.py:188} INFO - [2024-02-29T05:36:22.543+0000] {dagbag.py:540} INFO - Filling up the DagBag from /home/airflow/.local/lib/python3.11/site-packages/airflow/example_dags/example_latest_only_with_trigger.py
[2024-02-29T05:36:22.549+0000] {processor.py:840} INFO - DAG(s) 'latest_only_with_trigger' retrieved from /home/airflow/.local/lib/python3.11/site-packages/airflow/example_dags/example_latest_only_with_trigger.py
[2024-02-29T05:36:22.572+0000] {logging_mixin.py:188} INFO - [2024-02-29T05:36:22.572+0000] {dag.py:3047} INFO - Sync 1 DAGs
[2024-02-29T05:36:22.597+0000] {logging_mixin.py:188} INFO - [2024-02-29T05:36:22.597+0000] {dag.py:3834} INFO - Setting next_dagrun for latest_only_with_trigger to 2024-02-29 00:00:00+00:00, run_after=2024-02-29 04:00:00+00:00
[2024-02-29T05:36:22.619+0000] {processor.py:183} INFO - Processing /home/airflow/.local/lib/python3.11/site-packages/airflow/example_dags/example_latest_only_with_trigger.py took 0.081 seconds
[2024-02-29T05:36:53.422+0000] {processor.py:161} INFO - Started process (PID=620) to work on /home/airflow/.local/lib/python3.11/site-packages/airflow/example_dags/example_latest_only_with_trigger.py
[2024-02-29T05:36:53.429+0000] {processor.py:830} INFO - Processing file /home/airflow/.local/lib/python3.11/site-packages/airflow/example_dags/example_latest_only_with_trigger.py for tasks to queue
[2024-02-29T05:36:53.431+0000] {logging_mixin.py:188} INFO - [2024-02-29T05:36:53.431+0000] {dagbag.py:540} INFO - Filling up the DagBag from /home/airflow/.local/lib/python3.11/site-packages/airflow/example_dags/example_latest_only_with_trigger.py
[2024-02-29T05:36:53.450+0000] {processor.py:840} INFO - DAG(s) 'latest_only_with_trigger' retrieved from /home/airflow/.local/lib/python3.11/site-packages/airflow/example_dags/example_latest_only_with_trigger.py
[2024-02-29T05:36:53.533+0000] {logging_mixin.py:188} INFO - [2024-02-29T05:36:53.533+0000] {dag.py:3047} INFO - Sync 1 DAGs
[2024-02-29T05:36:53.606+0000] {logging_mixin.py:188} INFO - [2024-02-29T05:36:53.606+0000] {dag.py:3834} INFO - Setting next_dagrun for latest_only_with_trigger to 2024-02-29 00:00:00+00:00, run_after=2024-02-29 04:00:00+00:00
[2024-02-29T05:36:53.669+0000] {processor.py:183} INFO - Processing /home/airflow/.local/lib/python3.11/site-packages/airflow/example_dags/example_latest_only_with_trigger.py took 0.251 seconds
[2024-02-29T05:37:24.276+0000] {processor.py:161} INFO - Started process (PID=676) to work on /home/airflow/.local/lib/python3.11/site-packages/airflow/example_dags/example_latest_only_with_trigger.py
[2024-02-29T05:37:24.283+0000] {processor.py:830} INFO - Processing file /home/airflow/.local/lib/python3.11/site-packages/airflow/example_dags/example_latest_only_with_trigger.py for tasks to queue
[2024-02-29T05:37:24.288+0000] {logging_mixin.py:188} INFO - [2024-02-29T05:37:24.287+0000] {dagbag.py:540} INFO - Filling up the DagBag from /home/airflow/.local/lib/python3.11/site-packages/airflow/example_dags/example_latest_only_with_trigger.py
[2024-02-29T05:37:24.294+0000] {processor.py:840} INFO - DAG(s) 'latest_only_with_trigger' retrieved from /home/airflow/.local/lib/python3.11/site-packages/airflow/example_dags/example_latest_only_with_trigger.py
[2024-02-29T05:37:24.345+0000] {logging_mixin.py:188} INFO - [2024-02-29T05:37:24.345+0000] {dag.py:3047} INFO - Sync 1 DAGs
[2024-02-29T05:37:24.396+0000] {logging_mixin.py:188} INFO - [2024-02-29T05:37:24.396+0000] {dag.py:3834} INFO - Setting next_dagrun for latest_only_with_trigger to 2024-02-29 00:00:00+00:00, run_after=2024-02-29 04:00:00+00:00
[2024-02-29T05:37:24.446+0000] {processor.py:183} INFO - Processing /home/airflow/.local/lib/python3.11/site-packages/airflow/example_dags/example_latest_only_with_trigger.py took 0.173 seconds
[2024-02-29T05:37:55.018+0000] {processor.py:161} INFO - Started process (PID=733) to work on /home/airflow/.local/lib/python3.11/site-packages/airflow/example_dags/example_latest_only_with_trigger.py
[2024-02-29T05:37:55.019+0000] {processor.py:830} INFO - Processing file /home/airflow/.local/lib/python3.11/site-packages/airflow/example_dags/example_latest_only_with_trigger.py for tasks to queue
[2024-02-29T05:37:55.021+0000] {logging_mixin.py:188} INFO - [2024-02-29T05:37:55.021+0000] {dagbag.py:540} INFO - Filling up the DagBag from /home/airflow/.local/lib/python3.11/site-packages/airflow/example_dags/example_latest_only_with_trigger.py
[2024-02-29T05:37:55.027+0000] {processor.py:840} INFO - DAG(s) 'latest_only_with_trigger' retrieved from /home/airflow/.local/lib/python3.11/site-packages/airflow/example_dags/example_latest_only_with_trigger.py
[2024-02-29T05:37:55.054+0000] {logging_mixin.py:188} INFO - [2024-02-29T05:37:55.054+0000] {dag.py:3047} INFO - Sync 1 DAGs
[2024-02-29T05:37:55.077+0000] {logging_mixin.py:188} INFO - [2024-02-29T05:37:55.076+0000] {dag.py:3834} INFO - Setting next_dagrun for latest_only_with_trigger to 2024-02-29 00:00:00+00:00, run_after=2024-02-29 04:00:00+00:00
[2024-02-29T05:37:55.100+0000] {processor.py:183} INFO - Processing /home/airflow/.local/lib/python3.11/site-packages/airflow/example_dags/example_latest_only_with_trigger.py took 0.085 seconds
[2024-02-29T05:38:25.308+0000] {processor.py:161} INFO - Started process (PID=790) to work on /home/airflow/.local/lib/python3.11/site-packages/airflow/example_dags/example_latest_only_with_trigger.py
[2024-02-29T05:38:25.309+0000] {processor.py:830} INFO - Processing file /home/airflow/.local/lib/python3.11/site-packages/airflow/example_dags/example_latest_only_with_trigger.py for tasks to queue
[2024-02-29T05:38:25.311+0000] {logging_mixin.py:188} INFO - [2024-02-29T05:38:25.311+0000] {dagbag.py:540} INFO - Filling up the DagBag from /home/airflow/.local/lib/python3.11/site-packages/airflow/example_dags/example_latest_only_with_trigger.py
[2024-02-29T05:38:25.317+0000] {processor.py:840} INFO - DAG(s) 'latest_only_with_trigger' retrieved from /home/airflow/.local/lib/python3.11/site-packages/airflow/example_dags/example_latest_only_with_trigger.py
[2024-02-29T05:38:25.339+0000] {logging_mixin.py:188} INFO - [2024-02-29T05:38:25.339+0000] {dag.py:3047} INFO - Sync 1 DAGs
[2024-02-29T05:38:25.363+0000] {logging_mixin.py:188} INFO - [2024-02-29T05:38:25.362+0000] {dag.py:3834} INFO - Setting next_dagrun for latest_only_with_trigger to 2024-02-29 00:00:00+00:00, run_after=2024-02-29 04:00:00+00:00
[2024-02-29T05:38:25.387+0000] {processor.py:183} INFO - Processing /home/airflow/.local/lib/python3.11/site-packages/airflow/example_dags/example_latest_only_with_trigger.py took 0.082 seconds
[2024-02-29T05:38:55.641+0000] {processor.py:161} INFO - Started process (PID=847) to work on /home/airflow/.local/lib/python3.11/site-packages/airflow/example_dags/example_latest_only_with_trigger.py
[2024-02-29T05:38:55.642+0000] {processor.py:830} INFO - Processing file /home/airflow/.local/lib/python3.11/site-packages/airflow/example_dags/example_latest_only_with_trigger.py for tasks to queue
[2024-02-29T05:38:55.644+0000] {logging_mixin.py:188} INFO - [2024-02-29T05:38:55.644+0000] {dagbag.py:540} INFO - Filling up the DagBag from /home/airflow/.local/lib/python3.11/site-packages/airflow/example_dags/example_latest_only_with_trigger.py
[2024-02-29T05:38:55.652+0000] {processor.py:840} INFO - DAG(s) 'latest_only_with_trigger' retrieved from /home/airflow/.local/lib/python3.11/site-packages/airflow/example_dags/example_latest_only_with_trigger.py
[2024-02-29T05:38:55.673+0000] {logging_mixin.py:188} INFO - [2024-02-29T05:38:55.673+0000] {dag.py:3047} INFO - Sync 1 DAGs
[2024-02-29T05:38:55.701+0000] {logging_mixin.py:188} INFO - [2024-02-29T05:38:55.701+0000] {dag.py:3834} INFO - Setting next_dagrun for latest_only_with_trigger to 2024-02-29 00:00:00+00:00, run_after=2024-02-29 04:00:00+00:00
[2024-02-29T05:38:55.725+0000] {processor.py:183} INFO - Processing /home/airflow/.local/lib/python3.11/site-packages/airflow/example_dags/example_latest_only_with_trigger.py took 0.087 seconds
[2024-02-29T05:39:26.109+0000] {processor.py:161} INFO - Started process (PID=904) to work on /home/airflow/.local/lib/python3.11/site-packages/airflow/example_dags/example_latest_only_with_trigger.py
[2024-02-29T05:39:26.110+0000] {processor.py:830} INFO - Processing file /home/airflow/.local/lib/python3.11/site-packages/airflow/example_dags/example_latest_only_with_trigger.py for tasks to queue
[2024-02-29T05:39:26.112+0000] {logging_mixin.py:188} INFO - [2024-02-29T05:39:26.112+0000] {dagbag.py:540} INFO - Filling up the DagBag from /home/airflow/.local/lib/python3.11/site-packages/airflow/example_dags/example_latest_only_with_trigger.py
[2024-02-29T05:39:26.117+0000] {processor.py:840} INFO - DAG(s) 'latest_only_with_trigger' retrieved from /home/airflow/.local/lib/python3.11/site-packages/airflow/example_dags/example_latest_only_with_trigger.py
[2024-02-29T05:39:26.140+0000] {logging_mixin.py:188} INFO - [2024-02-29T05:39:26.140+0000] {dag.py:3047} INFO - Sync 1 DAGs
[2024-02-29T05:39:26.163+0000] {logging_mixin.py:188} INFO - [2024-02-29T05:39:26.162+0000] {dag.py:3834} INFO - Setting next_dagrun for latest_only_with_trigger to 2024-02-29 00:00:00+00:00, run_after=2024-02-29 04:00:00+00:00
[2024-02-29T05:39:26.188+0000] {processor.py:183} INFO - Processing /home/airflow/.local/lib/python3.11/site-packages/airflow/example_dags/example_latest_only_with_trigger.py took 0.081 seconds
[2024-02-29T05:39:56.265+0000] {processor.py:161} INFO - Started process (PID=961) to work on /home/airflow/.local/lib/python3.11/site-packages/airflow/example_dags/example_latest_only_with_trigger.py
[2024-02-29T05:39:56.266+0000] {processor.py:830} INFO - Processing file /home/airflow/.local/lib/python3.11/site-packages/airflow/example_dags/example_latest_only_with_trigger.py for tasks to queue
[2024-02-29T05:39:56.268+0000] {logging_mixin.py:188} INFO - [2024-02-29T05:39:56.267+0000] {dagbag.py:540} INFO - Filling up the DagBag from /home/airflow/.local/lib/python3.11/site-packages/airflow/example_dags/example_latest_only_with_trigger.py
[2024-02-29T05:39:56.273+0000] {processor.py:840} INFO - DAG(s) 'latest_only_with_trigger' retrieved from /home/airflow/.local/lib/python3.11/site-packages/airflow/example_dags/example_latest_only_with_trigger.py
[2024-02-29T05:39:56.302+0000] {logging_mixin.py:188} INFO - [2024-02-29T05:39:56.302+0000] {dag.py:3047} INFO - Sync 1 DAGs
[2024-02-29T05:39:56.325+0000] {logging_mixin.py:188} INFO - [2024-02-29T05:39:56.325+0000] {dag.py:3834} INFO - Setting next_dagrun for latest_only_with_trigger to 2024-02-29 00:00:00+00:00, run_after=2024-02-29 04:00:00+00:00
[2024-02-29T05:39:56.352+0000] {processor.py:183} INFO - Processing /home/airflow/.local/lib/python3.11/site-packages/airflow/example_dags/example_latest_only_with_trigger.py took 0.090 seconds
