[2024-02-29T05:32:24.321+0000] {processor.py:161} INFO - Started process (PID=79) to work on /home/airflow/.local/lib/python3.11/site-packages/airflow/example_dags/example_python_decorator.py
[2024-02-29T05:32:24.361+0000] {processor.py:830} INFO - Processing file /home/airflow/.local/lib/python3.11/site-packages/airflow/example_dags/example_python_decorator.py for tasks to queue
[2024-02-29T05:32:24.363+0000] {logging_mixin.py:188} INFO - [2024-02-29T05:32:24.362+0000] {dagbag.py:540} INFO - Filling up the DagBag from /home/airflow/.local/lib/python3.11/site-packages/airflow/example_dags/example_python_decorator.py
[2024-02-29T05:32:24.556+0000] {processor.py:840} INFO - DAG(s) 'example_python_decorator' retrieved from /home/airflow/.local/lib/python3.11/site-packages/airflow/example_dags/example_python_decorator.py
[2024-02-29T05:32:25.337+0000] {logging_mixin.py:188} INFO - [2024-02-29T05:32:25.337+0000] {dag.py:3047} INFO - Sync 1 DAGs
[2024-02-29T05:32:25.386+0000] {logging_mixin.py:188} INFO - [2024-02-29T05:32:25.386+0000] {dag.py:3834} INFO - Setting next_dagrun for example_python_decorator to None, run_after=None
[2024-02-29T05:32:25.596+0000] {processor.py:183} INFO - Processing /home/airflow/.local/lib/python3.11/site-packages/airflow/example_dags/example_python_decorator.py took 1.306 seconds
[2024-02-29T05:32:55.899+0000] {processor.py:161} INFO - Started process (PID=137) to work on /home/airflow/.local/lib/python3.11/site-packages/airflow/example_dags/example_python_decorator.py
[2024-02-29T05:32:55.900+0000] {processor.py:830} INFO - Processing file /home/airflow/.local/lib/python3.11/site-packages/airflow/example_dags/example_python_decorator.py for tasks to queue
[2024-02-29T05:32:55.902+0000] {logging_mixin.py:188} INFO - [2024-02-29T05:32:55.901+0000] {dagbag.py:540} INFO - Filling up the DagBag from /home/airflow/.local/lib/python3.11/site-packages/airflow/example_dags/example_python_decorator.py
[2024-02-29T05:32:55.919+0000] {processor.py:840} INFO - DAG(s) 'example_python_decorator' retrieved from /home/airflow/.local/lib/python3.11/site-packages/airflow/example_dags/example_python_decorator.py
[2024-02-29T05:32:55.937+0000] {logging_mixin.py:188} INFO - [2024-02-29T05:32:55.937+0000] {dag.py:3047} INFO - Sync 1 DAGs
[2024-02-29T05:32:55.946+0000] {logging_mixin.py:188} INFO - [2024-02-29T05:32:55.946+0000] {dag.py:3834} INFO - Setting next_dagrun for example_python_decorator to None, run_after=None
[2024-02-29T05:32:55.964+0000] {processor.py:183} INFO - Processing /home/airflow/.local/lib/python3.11/site-packages/airflow/example_dags/example_python_decorator.py took 0.069 seconds
[2024-02-29T05:33:26.787+0000] {processor.py:161} INFO - Started process (PID=199) to work on /home/airflow/.local/lib/python3.11/site-packages/airflow/example_dags/example_python_decorator.py
[2024-02-29T05:33:26.799+0000] {processor.py:830} INFO - Processing file /home/airflow/.local/lib/python3.11/site-packages/airflow/example_dags/example_python_decorator.py for tasks to queue
[2024-02-29T05:33:26.801+0000] {logging_mixin.py:188} INFO - [2024-02-29T05:33:26.801+0000] {dagbag.py:540} INFO - Filling up the DagBag from /home/airflow/.local/lib/python3.11/site-packages/airflow/example_dags/example_python_decorator.py
[2024-02-29T05:33:26.868+0000] {processor.py:840} INFO - DAG(s) 'example_python_decorator' retrieved from /home/airflow/.local/lib/python3.11/site-packages/airflow/example_dags/example_python_decorator.py
[2024-02-29T05:33:26.946+0000] {logging_mixin.py:188} INFO - [2024-02-29T05:33:26.946+0000] {dag.py:3047} INFO - Sync 1 DAGs
[2024-02-29T05:33:27.046+0000] {logging_mixin.py:188} INFO - [2024-02-29T05:33:27.046+0000] {dag.py:3834} INFO - Setting next_dagrun for example_python_decorator to None, run_after=None
[2024-02-29T05:33:27.121+0000] {processor.py:183} INFO - Processing /home/airflow/.local/lib/python3.11/site-packages/airflow/example_dags/example_python_decorator.py took 0.341 seconds
[2024-02-29T05:33:57.409+0000] {processor.py:161} INFO - Started process (PID=261) to work on /home/airflow/.local/lib/python3.11/site-packages/airflow/example_dags/example_python_decorator.py
[2024-02-29T05:33:57.410+0000] {processor.py:830} INFO - Processing file /home/airflow/.local/lib/python3.11/site-packages/airflow/example_dags/example_python_decorator.py for tasks to queue
[2024-02-29T05:33:57.412+0000] {logging_mixin.py:188} INFO - [2024-02-29T05:33:57.411+0000] {dagbag.py:540} INFO - Filling up the DagBag from /home/airflow/.local/lib/python3.11/site-packages/airflow/example_dags/example_python_decorator.py
[2024-02-29T05:33:57.440+0000] {processor.py:840} INFO - DAG(s) 'example_python_decorator' retrieved from /home/airflow/.local/lib/python3.11/site-packages/airflow/example_dags/example_python_decorator.py
[2024-02-29T05:33:57.478+0000] {logging_mixin.py:188} INFO - [2024-02-29T05:33:57.477+0000] {dag.py:3047} INFO - Sync 1 DAGs
[2024-02-29T05:33:57.493+0000] {logging_mixin.py:188} INFO - [2024-02-29T05:33:57.493+0000] {dag.py:3834} INFO - Setting next_dagrun for example_python_decorator to None, run_after=None
[2024-02-29T05:33:57.526+0000] {processor.py:183} INFO - Processing /home/airflow/.local/lib/python3.11/site-packages/airflow/example_dags/example_python_decorator.py took 0.120 seconds
[2024-02-29T05:34:28.103+0000] {processor.py:161} INFO - Started process (PID=322) to work on /home/airflow/.local/lib/python3.11/site-packages/airflow/example_dags/example_python_decorator.py
[2024-02-29T05:34:28.105+0000] {processor.py:830} INFO - Processing file /home/airflow/.local/lib/python3.11/site-packages/airflow/example_dags/example_python_decorator.py for tasks to queue
[2024-02-29T05:34:28.106+0000] {logging_mixin.py:188} INFO - [2024-02-29T05:34:28.106+0000] {dagbag.py:540} INFO - Filling up the DagBag from /home/airflow/.local/lib/python3.11/site-packages/airflow/example_dags/example_python_decorator.py
[2024-02-29T05:34:28.120+0000] {processor.py:840} INFO - DAG(s) 'example_python_decorator' retrieved from /home/airflow/.local/lib/python3.11/site-packages/airflow/example_dags/example_python_decorator.py
[2024-02-29T05:34:28.149+0000] {logging_mixin.py:188} INFO - [2024-02-29T05:34:28.149+0000] {dag.py:3047} INFO - Sync 1 DAGs
[2024-02-29T05:34:28.161+0000] {logging_mixin.py:188} INFO - [2024-02-29T05:34:28.160+0000] {dag.py:3834} INFO - Setting next_dagrun for example_python_decorator to None, run_after=None
[2024-02-29T05:34:28.181+0000] {processor.py:183} INFO - Processing /home/airflow/.local/lib/python3.11/site-packages/airflow/example_dags/example_python_decorator.py took 0.082 seconds
[2024-02-29T05:34:58.989+0000] {processor.py:161} INFO - Started process (PID=387) to work on /home/airflow/.local/lib/python3.11/site-packages/airflow/example_dags/example_python_decorator.py
[2024-02-29T05:34:58.989+0000] {processor.py:830} INFO - Processing file /home/airflow/.local/lib/python3.11/site-packages/airflow/example_dags/example_python_decorator.py for tasks to queue
[2024-02-29T05:34:58.991+0000] {logging_mixin.py:188} INFO - [2024-02-29T05:34:58.991+0000] {dagbag.py:540} INFO - Filling up the DagBag from /home/airflow/.local/lib/python3.11/site-packages/airflow/example_dags/example_python_decorator.py
[2024-02-29T05:34:59.005+0000] {processor.py:840} INFO - DAG(s) 'example_python_decorator' retrieved from /home/airflow/.local/lib/python3.11/site-packages/airflow/example_dags/example_python_decorator.py
[2024-02-29T05:34:59.028+0000] {logging_mixin.py:188} INFO - [2024-02-29T05:34:59.027+0000] {dag.py:3047} INFO - Sync 1 DAGs
[2024-02-29T05:34:59.047+0000] {logging_mixin.py:188} INFO - [2024-02-29T05:34:59.047+0000] {dag.py:3834} INFO - Setting next_dagrun for example_python_decorator to None, run_after=None
[2024-02-29T05:34:59.086+0000] {processor.py:183} INFO - Processing /home/airflow/.local/lib/python3.11/site-packages/airflow/example_dags/example_python_decorator.py took 0.100 seconds
[2024-02-29T05:35:29.879+0000] {processor.py:161} INFO - Started process (PID=450) to work on /home/airflow/.local/lib/python3.11/site-packages/airflow/example_dags/example_python_decorator.py
[2024-02-29T05:35:29.880+0000] {processor.py:830} INFO - Processing file /home/airflow/.local/lib/python3.11/site-packages/airflow/example_dags/example_python_decorator.py for tasks to queue
[2024-02-29T05:35:29.885+0000] {logging_mixin.py:188} INFO - [2024-02-29T05:35:29.882+0000] {dagbag.py:540} INFO - Filling up the DagBag from /home/airflow/.local/lib/python3.11/site-packages/airflow/example_dags/example_python_decorator.py
[2024-02-29T05:35:29.898+0000] {processor.py:840} INFO - DAG(s) 'example_python_decorator' retrieved from /home/airflow/.local/lib/python3.11/site-packages/airflow/example_dags/example_python_decorator.py
[2024-02-29T05:35:29.922+0000] {logging_mixin.py:188} INFO - [2024-02-29T05:35:29.922+0000] {dag.py:3047} INFO - Sync 1 DAGs
[2024-02-29T05:35:29.935+0000] {logging_mixin.py:188} INFO - [2024-02-29T05:35:29.935+0000] {dag.py:3834} INFO - Setting next_dagrun for example_python_decorator to None, run_after=None
[2024-02-29T05:35:29.960+0000] {processor.py:183} INFO - Processing /home/airflow/.local/lib/python3.11/site-packages/airflow/example_dags/example_python_decorator.py took 0.084 seconds
[2024-02-29T05:36:00.795+0000] {processor.py:161} INFO - Started process (PID=513) to work on /home/airflow/.local/lib/python3.11/site-packages/airflow/example_dags/example_python_decorator.py
[2024-02-29T05:36:00.796+0000] {processor.py:830} INFO - Processing file /home/airflow/.local/lib/python3.11/site-packages/airflow/example_dags/example_python_decorator.py for tasks to queue
[2024-02-29T05:36:00.798+0000] {logging_mixin.py:188} INFO - [2024-02-29T05:36:00.798+0000] {dagbag.py:540} INFO - Filling up the DagBag from /home/airflow/.local/lib/python3.11/site-packages/airflow/example_dags/example_python_decorator.py
[2024-02-29T05:36:00.813+0000] {processor.py:840} INFO - DAG(s) 'example_python_decorator' retrieved from /home/airflow/.local/lib/python3.11/site-packages/airflow/example_dags/example_python_decorator.py
[2024-02-29T05:36:00.843+0000] {logging_mixin.py:188} INFO - [2024-02-29T05:36:00.843+0000] {dag.py:3047} INFO - Sync 1 DAGs
[2024-02-29T05:36:00.854+0000] {logging_mixin.py:188} INFO - [2024-02-29T05:36:00.854+0000] {dag.py:3834} INFO - Setting next_dagrun for example_python_decorator to None, run_after=None
[2024-02-29T05:36:00.892+0000] {processor.py:183} INFO - Processing /home/airflow/.local/lib/python3.11/site-packages/airflow/example_dags/example_python_decorator.py took 0.100 seconds
[2024-02-29T05:36:30.997+0000] {processor.py:161} INFO - Started process (PID=571) to work on /home/airflow/.local/lib/python3.11/site-packages/airflow/example_dags/example_python_decorator.py
[2024-02-29T05:36:30.998+0000] {processor.py:830} INFO - Processing file /home/airflow/.local/lib/python3.11/site-packages/airflow/example_dags/example_python_decorator.py for tasks to queue
[2024-02-29T05:36:31.000+0000] {logging_mixin.py:188} INFO - [2024-02-29T05:36:30.999+0000] {dagbag.py:540} INFO - Filling up the DagBag from /home/airflow/.local/lib/python3.11/site-packages/airflow/example_dags/example_python_decorator.py
[2024-02-29T05:36:31.017+0000] {processor.py:840} INFO - DAG(s) 'example_python_decorator' retrieved from /home/airflow/.local/lib/python3.11/site-packages/airflow/example_dags/example_python_decorator.py
[2024-02-29T05:36:31.039+0000] {logging_mixin.py:188} INFO - [2024-02-29T05:36:31.039+0000] {dag.py:3047} INFO - Sync 1 DAGs
[2024-02-29T05:36:31.054+0000] {logging_mixin.py:188} INFO - [2024-02-29T05:36:31.054+0000] {dag.py:3834} INFO - Setting next_dagrun for example_python_decorator to None, run_after=None
[2024-02-29T05:36:31.075+0000] {processor.py:183} INFO - Processing /home/airflow/.local/lib/python3.11/site-packages/airflow/example_dags/example_python_decorator.py took 0.081 seconds
[2024-02-29T05:37:01.206+0000] {processor.py:161} INFO - Started process (PID=631) to work on /home/airflow/.local/lib/python3.11/site-packages/airflow/example_dags/example_python_decorator.py
[2024-02-29T05:37:01.206+0000] {processor.py:830} INFO - Processing file /home/airflow/.local/lib/python3.11/site-packages/airflow/example_dags/example_python_decorator.py for tasks to queue
[2024-02-29T05:37:01.208+0000] {logging_mixin.py:188} INFO - [2024-02-29T05:37:01.208+0000] {dagbag.py:540} INFO - Filling up the DagBag from /home/airflow/.local/lib/python3.11/site-packages/airflow/example_dags/example_python_decorator.py
[2024-02-29T05:37:01.240+0000] {processor.py:840} INFO - DAG(s) 'example_python_decorator' retrieved from /home/airflow/.local/lib/python3.11/site-packages/airflow/example_dags/example_python_decorator.py
[2024-02-29T05:37:01.262+0000] {logging_mixin.py:188} INFO - [2024-02-29T05:37:01.262+0000] {dag.py:3047} INFO - Sync 1 DAGs
[2024-02-29T05:37:01.275+0000] {logging_mixin.py:188} INFO - [2024-02-29T05:37:01.275+0000] {dag.py:3834} INFO - Setting next_dagrun for example_python_decorator to None, run_after=None
[2024-02-29T05:37:01.296+0000] {processor.py:183} INFO - Processing /home/airflow/.local/lib/python3.11/site-packages/airflow/example_dags/example_python_decorator.py took 0.093 seconds
[2024-02-29T05:37:31.984+0000] {processor.py:161} INFO - Started process (PID=687) to work on /home/airflow/.local/lib/python3.11/site-packages/airflow/example_dags/example_python_decorator.py
[2024-02-29T05:37:31.988+0000] {processor.py:830} INFO - Processing file /home/airflow/.local/lib/python3.11/site-packages/airflow/example_dags/example_python_decorator.py for tasks to queue
[2024-02-29T05:37:31.990+0000] {logging_mixin.py:188} INFO - [2024-02-29T05:37:31.989+0000] {dagbag.py:540} INFO - Filling up the DagBag from /home/airflow/.local/lib/python3.11/site-packages/airflow/example_dags/example_python_decorator.py
[2024-02-29T05:37:32.011+0000] {processor.py:840} INFO - DAG(s) 'example_python_decorator' retrieved from /home/airflow/.local/lib/python3.11/site-packages/airflow/example_dags/example_python_decorator.py
[2024-02-29T05:37:32.033+0000] {logging_mixin.py:188} INFO - [2024-02-29T05:37:32.033+0000] {dag.py:3047} INFO - Sync 1 DAGs
[2024-02-29T05:37:32.044+0000] {logging_mixin.py:188} INFO - [2024-02-29T05:37:32.044+0000] {dag.py:3834} INFO - Setting next_dagrun for example_python_decorator to None, run_after=None
[2024-02-29T05:37:32.068+0000] {processor.py:183} INFO - Processing /home/airflow/.local/lib/python3.11/site-packages/airflow/example_dags/example_python_decorator.py took 0.087 seconds
[2024-02-29T05:38:02.111+0000] {processor.py:161} INFO - Started process (PID=744) to work on /home/airflow/.local/lib/python3.11/site-packages/airflow/example_dags/example_python_decorator.py
[2024-02-29T05:38:02.112+0000] {processor.py:830} INFO - Processing file /home/airflow/.local/lib/python3.11/site-packages/airflow/example_dags/example_python_decorator.py for tasks to queue
[2024-02-29T05:38:02.114+0000] {logging_mixin.py:188} INFO - [2024-02-29T05:38:02.114+0000] {dagbag.py:540} INFO - Filling up the DagBag from /home/airflow/.local/lib/python3.11/site-packages/airflow/example_dags/example_python_decorator.py
[2024-02-29T05:38:02.128+0000] {processor.py:840} INFO - DAG(s) 'example_python_decorator' retrieved from /home/airflow/.local/lib/python3.11/site-packages/airflow/example_dags/example_python_decorator.py
[2024-02-29T05:38:02.151+0000] {logging_mixin.py:188} INFO - [2024-02-29T05:38:02.151+0000] {dag.py:3047} INFO - Sync 1 DAGs
[2024-02-29T05:38:02.161+0000] {logging_mixin.py:188} INFO - [2024-02-29T05:38:02.161+0000] {dag.py:3834} INFO - Setting next_dagrun for example_python_decorator to None, run_after=None
[2024-02-29T05:38:02.182+0000] {processor.py:183} INFO - Processing /home/airflow/.local/lib/python3.11/site-packages/airflow/example_dags/example_python_decorator.py took 0.074 seconds
[2024-02-29T05:38:33.053+0000] {processor.py:161} INFO - Started process (PID=807) to work on /home/airflow/.local/lib/python3.11/site-packages/airflow/example_dags/example_python_decorator.py
[2024-02-29T05:38:33.072+0000] {processor.py:830} INFO - Processing file /home/airflow/.local/lib/python3.11/site-packages/airflow/example_dags/example_python_decorator.py for tasks to queue
[2024-02-29T05:38:33.074+0000] {logging_mixin.py:188} INFO - [2024-02-29T05:38:33.073+0000] {dagbag.py:540} INFO - Filling up the DagBag from /home/airflow/.local/lib/python3.11/site-packages/airflow/example_dags/example_python_decorator.py
[2024-02-29T05:38:33.119+0000] {processor.py:840} INFO - DAG(s) 'example_python_decorator' retrieved from /home/airflow/.local/lib/python3.11/site-packages/airflow/example_dags/example_python_decorator.py
[2024-02-29T05:38:33.225+0000] {logging_mixin.py:188} INFO - [2024-02-29T05:38:33.225+0000] {dag.py:3047} INFO - Sync 1 DAGs
[2024-02-29T05:38:33.267+0000] {logging_mixin.py:188} INFO - [2024-02-29T05:38:33.266+0000] {dag.py:3834} INFO - Setting next_dagrun for example_python_decorator to None, run_after=None
[2024-02-29T05:38:33.316+0000] {processor.py:183} INFO - Processing /home/airflow/.local/lib/python3.11/site-packages/airflow/example_dags/example_python_decorator.py took 0.304 seconds
[2024-02-29T05:39:04.226+0000] {processor.py:161} INFO - Started process (PID=864) to work on /home/airflow/.local/lib/python3.11/site-packages/airflow/example_dags/example_python_decorator.py
[2024-02-29T05:39:04.227+0000] {processor.py:830} INFO - Processing file /home/airflow/.local/lib/python3.11/site-packages/airflow/example_dags/example_python_decorator.py for tasks to queue
[2024-02-29T05:39:04.233+0000] {logging_mixin.py:188} INFO - [2024-02-29T05:39:04.233+0000] {dagbag.py:540} INFO - Filling up the DagBag from /home/airflow/.local/lib/python3.11/site-packages/airflow/example_dags/example_python_decorator.py
[2024-02-29T05:39:04.266+0000] {processor.py:840} INFO - DAG(s) 'example_python_decorator' retrieved from /home/airflow/.local/lib/python3.11/site-packages/airflow/example_dags/example_python_decorator.py
[2024-02-29T05:39:04.319+0000] {logging_mixin.py:188} INFO - [2024-02-29T05:39:04.319+0000] {dag.py:3047} INFO - Sync 1 DAGs
[2024-02-29T05:39:04.352+0000] {logging_mixin.py:188} INFO - [2024-02-29T05:39:04.352+0000] {dag.py:3834} INFO - Setting next_dagrun for example_python_decorator to None, run_after=None
[2024-02-29T05:39:04.391+0000] {processor.py:183} INFO - Processing /home/airflow/.local/lib/python3.11/site-packages/airflow/example_dags/example_python_decorator.py took 0.178 seconds
[2024-02-29T05:39:34.717+0000] {processor.py:161} INFO - Started process (PID=922) to work on /home/airflow/.local/lib/python3.11/site-packages/airflow/example_dags/example_python_decorator.py
[2024-02-29T05:39:34.730+0000] {processor.py:830} INFO - Processing file /home/airflow/.local/lib/python3.11/site-packages/airflow/example_dags/example_python_decorator.py for tasks to queue
[2024-02-29T05:39:34.732+0000] {logging_mixin.py:188} INFO - [2024-02-29T05:39:34.732+0000] {dagbag.py:540} INFO - Filling up the DagBag from /home/airflow/.local/lib/python3.11/site-packages/airflow/example_dags/example_python_decorator.py
[2024-02-29T05:39:34.754+0000] {processor.py:840} INFO - DAG(s) 'example_python_decorator' retrieved from /home/airflow/.local/lib/python3.11/site-packages/airflow/example_dags/example_python_decorator.py
[2024-02-29T05:39:34.787+0000] {logging_mixin.py:188} INFO - [2024-02-29T05:39:34.787+0000] {dag.py:3047} INFO - Sync 1 DAGs
[2024-02-29T05:39:34.800+0000] {logging_mixin.py:188} INFO - [2024-02-29T05:39:34.800+0000] {dag.py:3834} INFO - Setting next_dagrun for example_python_decorator to None, run_after=None
[2024-02-29T05:39:34.820+0000] {processor.py:183} INFO - Processing /home/airflow/.local/lib/python3.11/site-packages/airflow/example_dags/example_python_decorator.py took 0.105 seconds
[2024-02-29T05:40:05.035+0000] {processor.py:161} INFO - Started process (PID=978) to work on /home/airflow/.local/lib/python3.11/site-packages/airflow/example_dags/example_python_decorator.py
[2024-02-29T05:40:05.036+0000] {processor.py:830} INFO - Processing file /home/airflow/.local/lib/python3.11/site-packages/airflow/example_dags/example_python_decorator.py for tasks to queue
[2024-02-29T05:40:05.038+0000] {logging_mixin.py:188} INFO - [2024-02-29T05:40:05.038+0000] {dagbag.py:540} INFO - Filling up the DagBag from /home/airflow/.local/lib/python3.11/site-packages/airflow/example_dags/example_python_decorator.py
[2024-02-29T05:40:05.053+0000] {processor.py:840} INFO - DAG(s) 'example_python_decorator' retrieved from /home/airflow/.local/lib/python3.11/site-packages/airflow/example_dags/example_python_decorator.py
[2024-02-29T05:40:05.077+0000] {logging_mixin.py:188} INFO - [2024-02-29T05:40:05.077+0000] {dag.py:3047} INFO - Sync 1 DAGs
[2024-02-29T05:40:05.097+0000] {logging_mixin.py:188} INFO - [2024-02-29T05:40:05.097+0000] {dag.py:3834} INFO - Setting next_dagrun for example_python_decorator to None, run_after=None
[2024-02-29T05:40:05.125+0000] {processor.py:183} INFO - Processing /home/airflow/.local/lib/python3.11/site-packages/airflow/example_dags/example_python_decorator.py took 0.093 seconds
