[2024-02-29T05:32:13.600+0000] {processor.py:161} INFO - Started process (PID=66) to work on /home/airflow/.local/lib/python3.11/site-packages/airflow/example_dags/example_trigger_controller_dag.py
[2024-02-29T05:32:13.610+0000] {processor.py:830} INFO - Processing file /home/airflow/.local/lib/python3.11/site-packages/airflow/example_dags/example_trigger_controller_dag.py for tasks to queue
[2024-02-29T05:32:13.623+0000] {logging_mixin.py:188} INFO - [2024-02-29T05:32:13.623+0000] {dagbag.py:540} INFO - Filling up the DagBag from /home/airflow/.local/lib/python3.11/site-packages/airflow/example_dags/example_trigger_controller_dag.py
[2024-02-29T05:32:13.653+0000] {processor.py:840} INFO - DAG(s) 'example_trigger_controller_dag' retrieved from /home/airflow/.local/lib/python3.11/site-packages/airflow/example_dags/example_trigger_controller_dag.py
[2024-02-29T05:32:14.580+0000] {logging_mixin.py:188} INFO - [2024-02-29T05:32:14.579+0000] {dag.py:3047} INFO - Sync 1 DAGs
[2024-02-29T05:32:14.642+0000] {logging_mixin.py:188} INFO - [2024-02-29T05:32:14.641+0000] {dag.py:3834} INFO - Setting next_dagrun for example_trigger_controller_dag to 2021-01-01 00:00:00+00:00, run_after=2021-01-01 00:00:00+00:00
[2024-02-29T05:32:14.841+0000] {processor.py:183} INFO - Processing /home/airflow/.local/lib/python3.11/site-packages/airflow/example_dags/example_trigger_controller_dag.py took 1.291 seconds
[2024-02-29T05:32:45.416+0000] {processor.py:161} INFO - Started process (PID=123) to work on /home/airflow/.local/lib/python3.11/site-packages/airflow/example_dags/example_trigger_controller_dag.py
[2024-02-29T05:32:45.429+0000] {processor.py:830} INFO - Processing file /home/airflow/.local/lib/python3.11/site-packages/airflow/example_dags/example_trigger_controller_dag.py for tasks to queue
[2024-02-29T05:32:45.434+0000] {logging_mixin.py:188} INFO - [2024-02-29T05:32:45.433+0000] {dagbag.py:540} INFO - Filling up the DagBag from /home/airflow/.local/lib/python3.11/site-packages/airflow/example_dags/example_trigger_controller_dag.py
[2024-02-29T05:32:45.451+0000] {processor.py:840} INFO - DAG(s) 'example_trigger_controller_dag' retrieved from /home/airflow/.local/lib/python3.11/site-packages/airflow/example_dags/example_trigger_controller_dag.py
[2024-02-29T05:32:45.485+0000] {logging_mixin.py:188} INFO - [2024-02-29T05:32:45.485+0000] {dag.py:3047} INFO - Sync 1 DAGs
[2024-02-29T05:32:45.517+0000] {logging_mixin.py:188} INFO - [2024-02-29T05:32:45.517+0000] {dag.py:3834} INFO - Setting next_dagrun for example_trigger_controller_dag to 2021-01-01 00:00:00+00:00, run_after=2021-01-01 00:00:00+00:00
[2024-02-29T05:32:45.554+0000] {processor.py:183} INFO - Processing /home/airflow/.local/lib/python3.11/site-packages/airflow/example_dags/example_trigger_controller_dag.py took 0.141 seconds
[2024-02-29T05:33:16.550+0000] {processor.py:161} INFO - Started process (PID=183) to work on /home/airflow/.local/lib/python3.11/site-packages/airflow/example_dags/example_trigger_controller_dag.py
[2024-02-29T05:33:16.556+0000] {processor.py:830} INFO - Processing file /home/airflow/.local/lib/python3.11/site-packages/airflow/example_dags/example_trigger_controller_dag.py for tasks to queue
[2024-02-29T05:33:16.558+0000] {logging_mixin.py:188} INFO - [2024-02-29T05:33:16.557+0000] {dagbag.py:540} INFO - Filling up the DagBag from /home/airflow/.local/lib/python3.11/site-packages/airflow/example_dags/example_trigger_controller_dag.py
[2024-02-29T05:33:16.572+0000] {processor.py:840} INFO - DAG(s) 'example_trigger_controller_dag' retrieved from /home/airflow/.local/lib/python3.11/site-packages/airflow/example_dags/example_trigger_controller_dag.py
[2024-02-29T05:33:16.609+0000] {logging_mixin.py:188} INFO - [2024-02-29T05:33:16.608+0000] {dag.py:3047} INFO - Sync 1 DAGs
[2024-02-29T05:33:16.649+0000] {logging_mixin.py:188} INFO - [2024-02-29T05:33:16.648+0000] {dag.py:3834} INFO - Setting next_dagrun for example_trigger_controller_dag to 2021-01-01 00:00:00+00:00, run_after=2021-01-01 00:00:00+00:00
[2024-02-29T05:33:16.688+0000] {processor.py:183} INFO - Processing /home/airflow/.local/lib/python3.11/site-packages/airflow/example_dags/example_trigger_controller_dag.py took 0.141 seconds
[2024-02-29T05:33:46.782+0000] {processor.py:161} INFO - Started process (PID=247) to work on /home/airflow/.local/lib/python3.11/site-packages/airflow/example_dags/example_trigger_controller_dag.py
[2024-02-29T05:33:46.783+0000] {processor.py:830} INFO - Processing file /home/airflow/.local/lib/python3.11/site-packages/airflow/example_dags/example_trigger_controller_dag.py for tasks to queue
[2024-02-29T05:33:46.785+0000] {logging_mixin.py:188} INFO - [2024-02-29T05:33:46.785+0000] {dagbag.py:540} INFO - Filling up the DagBag from /home/airflow/.local/lib/python3.11/site-packages/airflow/example_dags/example_trigger_controller_dag.py
[2024-02-29T05:33:46.791+0000] {processor.py:840} INFO - DAG(s) 'example_trigger_controller_dag' retrieved from /home/airflow/.local/lib/python3.11/site-packages/airflow/example_dags/example_trigger_controller_dag.py
[2024-02-29T05:33:46.810+0000] {logging_mixin.py:188} INFO - [2024-02-29T05:33:46.810+0000] {dag.py:3047} INFO - Sync 1 DAGs
[2024-02-29T05:33:46.825+0000] {logging_mixin.py:188} INFO - [2024-02-29T05:33:46.825+0000] {dag.py:3834} INFO - Setting next_dagrun for example_trigger_controller_dag to 2021-01-01 00:00:00+00:00, run_after=2021-01-01 00:00:00+00:00
[2024-02-29T05:33:46.845+0000] {processor.py:183} INFO - Processing /home/airflow/.local/lib/python3.11/site-packages/airflow/example_dags/example_trigger_controller_dag.py took 0.067 seconds
[2024-02-29T05:34:17.427+0000] {processor.py:161} INFO - Started process (PID=308) to work on /home/airflow/.local/lib/python3.11/site-packages/airflow/example_dags/example_trigger_controller_dag.py
[2024-02-29T05:34:17.428+0000] {processor.py:830} INFO - Processing file /home/airflow/.local/lib/python3.11/site-packages/airflow/example_dags/example_trigger_controller_dag.py for tasks to queue
[2024-02-29T05:34:17.431+0000] {logging_mixin.py:188} INFO - [2024-02-29T05:34:17.430+0000] {dagbag.py:540} INFO - Filling up the DagBag from /home/airflow/.local/lib/python3.11/site-packages/airflow/example_dags/example_trigger_controller_dag.py
[2024-02-29T05:34:17.441+0000] {processor.py:840} INFO - DAG(s) 'example_trigger_controller_dag' retrieved from /home/airflow/.local/lib/python3.11/site-packages/airflow/example_dags/example_trigger_controller_dag.py
[2024-02-29T05:34:17.461+0000] {logging_mixin.py:188} INFO - [2024-02-29T05:34:17.461+0000] {dag.py:3047} INFO - Sync 1 DAGs
[2024-02-29T05:34:17.482+0000] {logging_mixin.py:188} INFO - [2024-02-29T05:34:17.482+0000] {dag.py:3834} INFO - Setting next_dagrun for example_trigger_controller_dag to 2021-01-01 00:00:00+00:00, run_after=2021-01-01 00:00:00+00:00
[2024-02-29T05:34:17.503+0000] {processor.py:183} INFO - Processing /home/airflow/.local/lib/python3.11/site-packages/airflow/example_dags/example_trigger_controller_dag.py took 0.079 seconds
[2024-02-29T05:34:48.192+0000] {processor.py:161} INFO - Started process (PID=371) to work on /home/airflow/.local/lib/python3.11/site-packages/airflow/example_dags/example_trigger_controller_dag.py
[2024-02-29T05:34:48.193+0000] {processor.py:830} INFO - Processing file /home/airflow/.local/lib/python3.11/site-packages/airflow/example_dags/example_trigger_controller_dag.py for tasks to queue
[2024-02-29T05:34:48.194+0000] {logging_mixin.py:188} INFO - [2024-02-29T05:34:48.194+0000] {dagbag.py:540} INFO - Filling up the DagBag from /home/airflow/.local/lib/python3.11/site-packages/airflow/example_dags/example_trigger_controller_dag.py
[2024-02-29T05:34:48.199+0000] {processor.py:840} INFO - DAG(s) 'example_trigger_controller_dag' retrieved from /home/airflow/.local/lib/python3.11/site-packages/airflow/example_dags/example_trigger_controller_dag.py
[2024-02-29T05:34:48.221+0000] {logging_mixin.py:188} INFO - [2024-02-29T05:34:48.221+0000] {dag.py:3047} INFO - Sync 1 DAGs
[2024-02-29T05:34:48.298+0000] {logging_mixin.py:188} INFO - [2024-02-29T05:34:48.297+0000] {dag.py:3834} INFO - Setting next_dagrun for example_trigger_controller_dag to 2021-01-01 00:00:00+00:00, run_after=2021-01-01 00:00:00+00:00
[2024-02-29T05:34:48.323+0000] {processor.py:183} INFO - Processing /home/airflow/.local/lib/python3.11/site-packages/airflow/example_dags/example_trigger_controller_dag.py took 0.134 seconds
[2024-02-29T05:35:18.953+0000] {processor.py:161} INFO - Started process (PID=431) to work on /home/airflow/.local/lib/python3.11/site-packages/airflow/example_dags/example_trigger_controller_dag.py
[2024-02-29T05:35:18.954+0000] {processor.py:830} INFO - Processing file /home/airflow/.local/lib/python3.11/site-packages/airflow/example_dags/example_trigger_controller_dag.py for tasks to queue
[2024-02-29T05:35:18.956+0000] {logging_mixin.py:188} INFO - [2024-02-29T05:35:18.955+0000] {dagbag.py:540} INFO - Filling up the DagBag from /home/airflow/.local/lib/python3.11/site-packages/airflow/example_dags/example_trigger_controller_dag.py
[2024-02-29T05:35:18.961+0000] {processor.py:840} INFO - DAG(s) 'example_trigger_controller_dag' retrieved from /home/airflow/.local/lib/python3.11/site-packages/airflow/example_dags/example_trigger_controller_dag.py
[2024-02-29T05:35:18.999+0000] {logging_mixin.py:188} INFO - [2024-02-29T05:35:18.999+0000] {dag.py:3047} INFO - Sync 1 DAGs
[2024-02-29T05:35:19.049+0000] {logging_mixin.py:188} INFO - [2024-02-29T05:35:19.048+0000] {dag.py:3834} INFO - Setting next_dagrun for example_trigger_controller_dag to 2021-01-01 00:00:00+00:00, run_after=2021-01-01 00:00:00+00:00
[2024-02-29T05:35:19.081+0000] {processor.py:183} INFO - Processing /home/airflow/.local/lib/python3.11/site-packages/airflow/example_dags/example_trigger_controller_dag.py took 0.131 seconds
[2024-02-29T05:35:49.869+0000] {processor.py:161} INFO - Started process (PID=497) to work on /home/airflow/.local/lib/python3.11/site-packages/airflow/example_dags/example_trigger_controller_dag.py
[2024-02-29T05:35:49.870+0000] {processor.py:830} INFO - Processing file /home/airflow/.local/lib/python3.11/site-packages/airflow/example_dags/example_trigger_controller_dag.py for tasks to queue
[2024-02-29T05:35:49.872+0000] {logging_mixin.py:188} INFO - [2024-02-29T05:35:49.872+0000] {dagbag.py:540} INFO - Filling up the DagBag from /home/airflow/.local/lib/python3.11/site-packages/airflow/example_dags/example_trigger_controller_dag.py
[2024-02-29T05:35:49.880+0000] {processor.py:840} INFO - DAG(s) 'example_trigger_controller_dag' retrieved from /home/airflow/.local/lib/python3.11/site-packages/airflow/example_dags/example_trigger_controller_dag.py
[2024-02-29T05:35:49.899+0000] {logging_mixin.py:188} INFO - [2024-02-29T05:35:49.899+0000] {dag.py:3047} INFO - Sync 1 DAGs
[2024-02-29T05:35:49.919+0000] {logging_mixin.py:188} INFO - [2024-02-29T05:35:49.919+0000] {dag.py:3834} INFO - Setting next_dagrun for example_trigger_controller_dag to 2021-01-01 00:00:00+00:00, run_after=2021-01-01 00:00:00+00:00
[2024-02-29T05:35:49.940+0000] {processor.py:183} INFO - Processing /home/airflow/.local/lib/python3.11/site-packages/airflow/example_dags/example_trigger_controller_dag.py took 0.074 seconds
[2024-02-29T05:36:20.220+0000] {processor.py:161} INFO - Started process (PID=557) to work on /home/airflow/.local/lib/python3.11/site-packages/airflow/example_dags/example_trigger_controller_dag.py
[2024-02-29T05:36:20.229+0000] {processor.py:830} INFO - Processing file /home/airflow/.local/lib/python3.11/site-packages/airflow/example_dags/example_trigger_controller_dag.py for tasks to queue
[2024-02-29T05:36:20.237+0000] {logging_mixin.py:188} INFO - [2024-02-29T05:36:20.237+0000] {dagbag.py:540} INFO - Filling up the DagBag from /home/airflow/.local/lib/python3.11/site-packages/airflow/example_dags/example_trigger_controller_dag.py
[2024-02-29T05:36:20.258+0000] {processor.py:840} INFO - DAG(s) 'example_trigger_controller_dag' retrieved from /home/airflow/.local/lib/python3.11/site-packages/airflow/example_dags/example_trigger_controller_dag.py
[2024-02-29T05:36:20.389+0000] {logging_mixin.py:188} INFO - [2024-02-29T05:36:20.389+0000] {dag.py:3047} INFO - Sync 1 DAGs
[2024-02-29T05:36:20.445+0000] {logging_mixin.py:188} INFO - [2024-02-29T05:36:20.445+0000] {dag.py:3834} INFO - Setting next_dagrun for example_trigger_controller_dag to 2021-01-01 00:00:00+00:00, run_after=2021-01-01 00:00:00+00:00
[2024-02-29T05:36:20.497+0000] {processor.py:183} INFO - Processing /home/airflow/.local/lib/python3.11/site-packages/airflow/example_dags/example_trigger_controller_dag.py took 0.281 seconds
[2024-02-29T05:36:50.948+0000] {processor.py:161} INFO - Started process (PID=617) to work on /home/airflow/.local/lib/python3.11/site-packages/airflow/example_dags/example_trigger_controller_dag.py
[2024-02-29T05:36:50.952+0000] {processor.py:830} INFO - Processing file /home/airflow/.local/lib/python3.11/site-packages/airflow/example_dags/example_trigger_controller_dag.py for tasks to queue
[2024-02-29T05:36:50.954+0000] {logging_mixin.py:188} INFO - [2024-02-29T05:36:50.954+0000] {dagbag.py:540} INFO - Filling up the DagBag from /home/airflow/.local/lib/python3.11/site-packages/airflow/example_dags/example_trigger_controller_dag.py
[2024-02-29T05:36:50.963+0000] {processor.py:840} INFO - DAG(s) 'example_trigger_controller_dag' retrieved from /home/airflow/.local/lib/python3.11/site-packages/airflow/example_dags/example_trigger_controller_dag.py
[2024-02-29T05:36:51.007+0000] {logging_mixin.py:188} INFO - [2024-02-29T05:36:51.007+0000] {dag.py:3047} INFO - Sync 1 DAGs
[2024-02-29T05:36:51.053+0000] {logging_mixin.py:188} INFO - [2024-02-29T05:36:51.053+0000] {dag.py:3834} INFO - Setting next_dagrun for example_trigger_controller_dag to 2021-01-01 00:00:00+00:00, run_after=2021-01-01 00:00:00+00:00
[2024-02-29T05:36:51.172+0000] {processor.py:183} INFO - Processing /home/airflow/.local/lib/python3.11/site-packages/airflow/example_dags/example_trigger_controller_dag.py took 0.232 seconds
[2024-02-29T05:37:22.129+0000] {processor.py:161} INFO - Started process (PID=674) to work on /home/airflow/.local/lib/python3.11/site-packages/airflow/example_dags/example_trigger_controller_dag.py
[2024-02-29T05:37:22.131+0000] {processor.py:830} INFO - Processing file /home/airflow/.local/lib/python3.11/site-packages/airflow/example_dags/example_trigger_controller_dag.py for tasks to queue
[2024-02-29T05:37:22.133+0000] {logging_mixin.py:188} INFO - [2024-02-29T05:37:22.132+0000] {dagbag.py:540} INFO - Filling up the DagBag from /home/airflow/.local/lib/python3.11/site-packages/airflow/example_dags/example_trigger_controller_dag.py
[2024-02-29T05:37:22.138+0000] {processor.py:840} INFO - DAG(s) 'example_trigger_controller_dag' retrieved from /home/airflow/.local/lib/python3.11/site-packages/airflow/example_dags/example_trigger_controller_dag.py
[2024-02-29T05:37:22.165+0000] {logging_mixin.py:188} INFO - [2024-02-29T05:37:22.164+0000] {dag.py:3047} INFO - Sync 1 DAGs
[2024-02-29T05:37:22.191+0000] {logging_mixin.py:188} INFO - [2024-02-29T05:37:22.191+0000] {dag.py:3834} INFO - Setting next_dagrun for example_trigger_controller_dag to 2021-01-01 00:00:00+00:00, run_after=2021-01-01 00:00:00+00:00
[2024-02-29T05:37:22.214+0000] {processor.py:183} INFO - Processing /home/airflow/.local/lib/python3.11/site-packages/airflow/example_dags/example_trigger_controller_dag.py took 0.087 seconds
[2024-02-29T05:37:52.892+0000] {processor.py:161} INFO - Started process (PID=731) to work on /home/airflow/.local/lib/python3.11/site-packages/airflow/example_dags/example_trigger_controller_dag.py
[2024-02-29T05:37:52.893+0000] {processor.py:830} INFO - Processing file /home/airflow/.local/lib/python3.11/site-packages/airflow/example_dags/example_trigger_controller_dag.py for tasks to queue
[2024-02-29T05:37:52.895+0000] {logging_mixin.py:188} INFO - [2024-02-29T05:37:52.894+0000] {dagbag.py:540} INFO - Filling up the DagBag from /home/airflow/.local/lib/python3.11/site-packages/airflow/example_dags/example_trigger_controller_dag.py
[2024-02-29T05:37:52.899+0000] {processor.py:840} INFO - DAG(s) 'example_trigger_controller_dag' retrieved from /home/airflow/.local/lib/python3.11/site-packages/airflow/example_dags/example_trigger_controller_dag.py
[2024-02-29T05:37:52.921+0000] {logging_mixin.py:188} INFO - [2024-02-29T05:37:52.921+0000] {dag.py:3047} INFO - Sync 1 DAGs
[2024-02-29T05:37:52.943+0000] {logging_mixin.py:188} INFO - [2024-02-29T05:37:52.943+0000] {dag.py:3834} INFO - Setting next_dagrun for example_trigger_controller_dag to 2021-01-01 00:00:00+00:00, run_after=2021-01-01 00:00:00+00:00
[2024-02-29T05:37:52.971+0000] {processor.py:183} INFO - Processing /home/airflow/.local/lib/python3.11/site-packages/airflow/example_dags/example_trigger_controller_dag.py took 0.082 seconds
[2024-02-29T05:38:23.189+0000] {processor.py:161} INFO - Started process (PID=788) to work on /home/airflow/.local/lib/python3.11/site-packages/airflow/example_dags/example_trigger_controller_dag.py
[2024-02-29T05:38:23.190+0000] {processor.py:830} INFO - Processing file /home/airflow/.local/lib/python3.11/site-packages/airflow/example_dags/example_trigger_controller_dag.py for tasks to queue
[2024-02-29T05:38:23.192+0000] {logging_mixin.py:188} INFO - [2024-02-29T05:38:23.191+0000] {dagbag.py:540} INFO - Filling up the DagBag from /home/airflow/.local/lib/python3.11/site-packages/airflow/example_dags/example_trigger_controller_dag.py
[2024-02-29T05:38:23.197+0000] {processor.py:840} INFO - DAG(s) 'example_trigger_controller_dag' retrieved from /home/airflow/.local/lib/python3.11/site-packages/airflow/example_dags/example_trigger_controller_dag.py
[2024-02-29T05:38:23.217+0000] {logging_mixin.py:188} INFO - [2024-02-29T05:38:23.216+0000] {dag.py:3047} INFO - Sync 1 DAGs
[2024-02-29T05:38:23.239+0000] {logging_mixin.py:188} INFO - [2024-02-29T05:38:23.239+0000] {dag.py:3834} INFO - Setting next_dagrun for example_trigger_controller_dag to 2021-01-01 00:00:00+00:00, run_after=2021-01-01 00:00:00+00:00
[2024-02-29T05:38:23.261+0000] {processor.py:183} INFO - Processing /home/airflow/.local/lib/python3.11/site-packages/airflow/example_dags/example_trigger_controller_dag.py took 0.075 seconds
[2024-02-29T05:38:53.525+0000] {processor.py:161} INFO - Started process (PID=845) to work on /home/airflow/.local/lib/python3.11/site-packages/airflow/example_dags/example_trigger_controller_dag.py
[2024-02-29T05:38:53.526+0000] {processor.py:830} INFO - Processing file /home/airflow/.local/lib/python3.11/site-packages/airflow/example_dags/example_trigger_controller_dag.py for tasks to queue
[2024-02-29T05:38:53.528+0000] {logging_mixin.py:188} INFO - [2024-02-29T05:38:53.527+0000] {dagbag.py:540} INFO - Filling up the DagBag from /home/airflow/.local/lib/python3.11/site-packages/airflow/example_dags/example_trigger_controller_dag.py
[2024-02-29T05:38:53.533+0000] {processor.py:840} INFO - DAG(s) 'example_trigger_controller_dag' retrieved from /home/airflow/.local/lib/python3.11/site-packages/airflow/example_dags/example_trigger_controller_dag.py
[2024-02-29T05:38:53.553+0000] {logging_mixin.py:188} INFO - [2024-02-29T05:38:53.553+0000] {dag.py:3047} INFO - Sync 1 DAGs
[2024-02-29T05:38:53.575+0000] {logging_mixin.py:188} INFO - [2024-02-29T05:38:53.575+0000] {dag.py:3834} INFO - Setting next_dagrun for example_trigger_controller_dag to 2021-01-01 00:00:00+00:00, run_after=2021-01-01 00:00:00+00:00
[2024-02-29T05:38:53.598+0000] {processor.py:183} INFO - Processing /home/airflow/.local/lib/python3.11/site-packages/airflow/example_dags/example_trigger_controller_dag.py took 0.076 seconds
[2024-02-29T05:39:23.989+0000] {processor.py:161} INFO - Started process (PID=902) to work on /home/airflow/.local/lib/python3.11/site-packages/airflow/example_dags/example_trigger_controller_dag.py
[2024-02-29T05:39:23.990+0000] {processor.py:830} INFO - Processing file /home/airflow/.local/lib/python3.11/site-packages/airflow/example_dags/example_trigger_controller_dag.py for tasks to queue
[2024-02-29T05:39:23.992+0000] {logging_mixin.py:188} INFO - [2024-02-29T05:39:23.992+0000] {dagbag.py:540} INFO - Filling up the DagBag from /home/airflow/.local/lib/python3.11/site-packages/airflow/example_dags/example_trigger_controller_dag.py
[2024-02-29T05:39:23.997+0000] {processor.py:840} INFO - DAG(s) 'example_trigger_controller_dag' retrieved from /home/airflow/.local/lib/python3.11/site-packages/airflow/example_dags/example_trigger_controller_dag.py
[2024-02-29T05:39:24.022+0000] {logging_mixin.py:188} INFO - [2024-02-29T05:39:24.021+0000] {dag.py:3047} INFO - Sync 1 DAGs
[2024-02-29T05:39:24.045+0000] {logging_mixin.py:188} INFO - [2024-02-29T05:39:24.045+0000] {dag.py:3834} INFO - Setting next_dagrun for example_trigger_controller_dag to 2021-01-01 00:00:00+00:00, run_after=2021-01-01 00:00:00+00:00
[2024-02-29T05:39:24.071+0000] {processor.py:183} INFO - Processing /home/airflow/.local/lib/python3.11/site-packages/airflow/example_dags/example_trigger_controller_dag.py took 0.085 seconds
[2024-02-29T05:39:54.143+0000] {processor.py:161} INFO - Started process (PID=959) to work on /home/airflow/.local/lib/python3.11/site-packages/airflow/example_dags/example_trigger_controller_dag.py
[2024-02-29T05:39:54.143+0000] {processor.py:830} INFO - Processing file /home/airflow/.local/lib/python3.11/site-packages/airflow/example_dags/example_trigger_controller_dag.py for tasks to queue
[2024-02-29T05:39:54.145+0000] {logging_mixin.py:188} INFO - [2024-02-29T05:39:54.145+0000] {dagbag.py:540} INFO - Filling up the DagBag from /home/airflow/.local/lib/python3.11/site-packages/airflow/example_dags/example_trigger_controller_dag.py
[2024-02-29T05:39:54.150+0000] {processor.py:840} INFO - DAG(s) 'example_trigger_controller_dag' retrieved from /home/airflow/.local/lib/python3.11/site-packages/airflow/example_dags/example_trigger_controller_dag.py
[2024-02-29T05:39:54.171+0000] {logging_mixin.py:188} INFO - [2024-02-29T05:39:54.171+0000] {dag.py:3047} INFO - Sync 1 DAGs
[2024-02-29T05:39:54.210+0000] {logging_mixin.py:188} INFO - [2024-02-29T05:39:54.210+0000] {dag.py:3834} INFO - Setting next_dagrun for example_trigger_controller_dag to 2021-01-01 00:00:00+00:00, run_after=2021-01-01 00:00:00+00:00
[2024-02-29T05:39:54.233+0000] {processor.py:183} INFO - Processing /home/airflow/.local/lib/python3.11/site-packages/airflow/example_dags/example_trigger_controller_dag.py took 0.093 seconds
