[2024-02-29T05:32:10.073+0000] {processor.py:161} INFO - Started process (PID=63) to work on /home/airflow/.local/lib/python3.11/site-packages/airflow/example_dags/example_skip_dag.py
[2024-02-29T05:32:10.074+0000] {processor.py:830} INFO - Processing file /home/airflow/.local/lib/python3.11/site-packages/airflow/example_dags/example_skip_dag.py for tasks to queue
[2024-02-29T05:32:10.076+0000] {logging_mixin.py:188} INFO - [2024-02-29T05:32:10.076+0000] {dagbag.py:540} INFO - Filling up the DagBag from /home/airflow/.local/lib/python3.11/site-packages/airflow/example_dags/example_skip_dag.py
[2024-02-29T05:32:10.217+0000] {processor.py:840} INFO - DAG(s) 'example_skip_dag' retrieved from /home/airflow/.local/lib/python3.11/site-packages/airflow/example_dags/example_skip_dag.py
[2024-02-29T05:32:11.117+0000] {logging_mixin.py:188} INFO - [2024-02-29T05:32:11.117+0000] {dag.py:3047} INFO - Sync 1 DAGs
[2024-02-29T05:32:11.313+0000] {logging_mixin.py:188} INFO - [2024-02-29T05:32:11.313+0000] {dag.py:3834} INFO - Setting next_dagrun for example_skip_dag to 2024-02-28 00:00:00+00:00, run_after=2024-02-29 00:00:00+00:00
[2024-02-29T05:32:11.510+0000] {processor.py:183} INFO - Processing /home/airflow/.local/lib/python3.11/site-packages/airflow/example_dags/example_skip_dag.py took 1.472 seconds
[2024-02-29T05:32:42.200+0000] {processor.py:161} INFO - Started process (PID=119) to work on /home/airflow/.local/lib/python3.11/site-packages/airflow/example_dags/example_skip_dag.py
[2024-02-29T05:32:42.201+0000] {processor.py:830} INFO - Processing file /home/airflow/.local/lib/python3.11/site-packages/airflow/example_dags/example_skip_dag.py for tasks to queue
[2024-02-29T05:32:42.203+0000] {logging_mixin.py:188} INFO - [2024-02-29T05:32:42.203+0000] {dagbag.py:540} INFO - Filling up the DagBag from /home/airflow/.local/lib/python3.11/site-packages/airflow/example_dags/example_skip_dag.py
[2024-02-29T05:32:42.213+0000] {processor.py:840} INFO - DAG(s) 'example_skip_dag' retrieved from /home/airflow/.local/lib/python3.11/site-packages/airflow/example_dags/example_skip_dag.py
[2024-02-29T05:32:42.240+0000] {logging_mixin.py:188} INFO - [2024-02-29T05:32:42.239+0000] {dag.py:3047} INFO - Sync 1 DAGs
[2024-02-29T05:32:42.267+0000] {logging_mixin.py:188} INFO - [2024-02-29T05:32:42.267+0000] {dag.py:3834} INFO - Setting next_dagrun for example_skip_dag to 2024-02-28 00:00:00+00:00, run_after=2024-02-29 00:00:00+00:00
[2024-02-29T05:32:42.294+0000] {processor.py:183} INFO - Processing /home/airflow/.local/lib/python3.11/site-packages/airflow/example_dags/example_skip_dag.py took 0.101 seconds
[2024-02-29T05:33:12.350+0000] {processor.py:161} INFO - Started process (PID=178) to work on /home/airflow/.local/lib/python3.11/site-packages/airflow/example_dags/example_skip_dag.py
[2024-02-29T05:33:12.351+0000] {processor.py:830} INFO - Processing file /home/airflow/.local/lib/python3.11/site-packages/airflow/example_dags/example_skip_dag.py for tasks to queue
[2024-02-29T05:33:12.353+0000] {logging_mixin.py:188} INFO - [2024-02-29T05:33:12.353+0000] {dagbag.py:540} INFO - Filling up the DagBag from /home/airflow/.local/lib/python3.11/site-packages/airflow/example_dags/example_skip_dag.py
[2024-02-29T05:33:12.358+0000] {processor.py:840} INFO - DAG(s) 'example_skip_dag' retrieved from /home/airflow/.local/lib/python3.11/site-packages/airflow/example_dags/example_skip_dag.py
[2024-02-29T05:33:12.374+0000] {logging_mixin.py:188} INFO - [2024-02-29T05:33:12.374+0000] {dag.py:3047} INFO - Sync 1 DAGs
[2024-02-29T05:33:12.390+0000] {logging_mixin.py:188} INFO - [2024-02-29T05:33:12.390+0000] {dag.py:3834} INFO - Setting next_dagrun for example_skip_dag to 2024-02-28 00:00:00+00:00, run_after=2024-02-29 00:00:00+00:00
[2024-02-29T05:33:12.409+0000] {processor.py:183} INFO - Processing /home/airflow/.local/lib/python3.11/site-packages/airflow/example_dags/example_skip_dag.py took 0.062 seconds
[2024-02-29T05:33:42.558+0000] {processor.py:161} INFO - Started process (PID=242) to work on /home/airflow/.local/lib/python3.11/site-packages/airflow/example_dags/example_skip_dag.py
[2024-02-29T05:33:42.559+0000] {processor.py:830} INFO - Processing file /home/airflow/.local/lib/python3.11/site-packages/airflow/example_dags/example_skip_dag.py for tasks to queue
[2024-02-29T05:33:42.561+0000] {logging_mixin.py:188} INFO - [2024-02-29T05:33:42.560+0000] {dagbag.py:540} INFO - Filling up the DagBag from /home/airflow/.local/lib/python3.11/site-packages/airflow/example_dags/example_skip_dag.py
[2024-02-29T05:33:42.566+0000] {processor.py:840} INFO - DAG(s) 'example_skip_dag' retrieved from /home/airflow/.local/lib/python3.11/site-packages/airflow/example_dags/example_skip_dag.py
[2024-02-29T05:33:42.585+0000] {logging_mixin.py:188} INFO - [2024-02-29T05:33:42.585+0000] {dag.py:3047} INFO - Sync 1 DAGs
[2024-02-29T05:33:42.602+0000] {logging_mixin.py:188} INFO - [2024-02-29T05:33:42.601+0000] {dag.py:3834} INFO - Setting next_dagrun for example_skip_dag to 2024-02-28 00:00:00+00:00, run_after=2024-02-29 00:00:00+00:00
[2024-02-29T05:33:42.620+0000] {processor.py:183} INFO - Processing /home/airflow/.local/lib/python3.11/site-packages/airflow/example_dags/example_skip_dag.py took 0.064 seconds
[2024-02-29T05:34:13.242+0000] {processor.py:161} INFO - Started process (PID=304) to work on /home/airflow/.local/lib/python3.11/site-packages/airflow/example_dags/example_skip_dag.py
[2024-02-29T05:34:13.243+0000] {processor.py:830} INFO - Processing file /home/airflow/.local/lib/python3.11/site-packages/airflow/example_dags/example_skip_dag.py for tasks to queue
[2024-02-29T05:34:13.245+0000] {logging_mixin.py:188} INFO - [2024-02-29T05:34:13.245+0000] {dagbag.py:540} INFO - Filling up the DagBag from /home/airflow/.local/lib/python3.11/site-packages/airflow/example_dags/example_skip_dag.py
[2024-02-29T05:34:13.254+0000] {processor.py:840} INFO - DAG(s) 'example_skip_dag' retrieved from /home/airflow/.local/lib/python3.11/site-packages/airflow/example_dags/example_skip_dag.py
[2024-02-29T05:34:13.277+0000] {logging_mixin.py:188} INFO - [2024-02-29T05:34:13.276+0000] {dag.py:3047} INFO - Sync 1 DAGs
[2024-02-29T05:34:13.300+0000] {logging_mixin.py:188} INFO - [2024-02-29T05:34:13.300+0000] {dag.py:3834} INFO - Setting next_dagrun for example_skip_dag to 2024-02-28 00:00:00+00:00, run_after=2024-02-29 00:00:00+00:00
[2024-02-29T05:34:13.321+0000] {processor.py:183} INFO - Processing /home/airflow/.local/lib/python3.11/site-packages/airflow/example_dags/example_skip_dag.py took 0.083 seconds
[2024-02-29T05:34:44.054+0000] {processor.py:161} INFO - Started process (PID=367) to work on /home/airflow/.local/lib/python3.11/site-packages/airflow/example_dags/example_skip_dag.py
[2024-02-29T05:34:44.055+0000] {processor.py:830} INFO - Processing file /home/airflow/.local/lib/python3.11/site-packages/airflow/example_dags/example_skip_dag.py for tasks to queue
[2024-02-29T05:34:44.056+0000] {logging_mixin.py:188} INFO - [2024-02-29T05:34:44.056+0000] {dagbag.py:540} INFO - Filling up the DagBag from /home/airflow/.local/lib/python3.11/site-packages/airflow/example_dags/example_skip_dag.py
[2024-02-29T05:34:44.062+0000] {processor.py:840} INFO - DAG(s) 'example_skip_dag' retrieved from /home/airflow/.local/lib/python3.11/site-packages/airflow/example_dags/example_skip_dag.py
[2024-02-29T05:34:44.089+0000] {logging_mixin.py:188} INFO - [2024-02-29T05:34:44.089+0000] {dag.py:3047} INFO - Sync 1 DAGs
[2024-02-29T05:34:44.111+0000] {logging_mixin.py:188} INFO - [2024-02-29T05:34:44.111+0000] {dag.py:3834} INFO - Setting next_dagrun for example_skip_dag to 2024-02-28 00:00:00+00:00, run_after=2024-02-29 00:00:00+00:00
[2024-02-29T05:34:44.132+0000] {processor.py:183} INFO - Processing /home/airflow/.local/lib/python3.11/site-packages/airflow/example_dags/example_skip_dag.py took 0.081 seconds
[2024-02-29T05:35:14.836+0000] {processor.py:161} INFO - Started process (PID=428) to work on /home/airflow/.local/lib/python3.11/site-packages/airflow/example_dags/example_skip_dag.py
[2024-02-29T05:35:14.836+0000] {processor.py:830} INFO - Processing file /home/airflow/.local/lib/python3.11/site-packages/airflow/example_dags/example_skip_dag.py for tasks to queue
[2024-02-29T05:35:14.838+0000] {logging_mixin.py:188} INFO - [2024-02-29T05:35:14.838+0000] {dagbag.py:540} INFO - Filling up the DagBag from /home/airflow/.local/lib/python3.11/site-packages/airflow/example_dags/example_skip_dag.py
[2024-02-29T05:35:14.844+0000] {processor.py:840} INFO - DAG(s) 'example_skip_dag' retrieved from /home/airflow/.local/lib/python3.11/site-packages/airflow/example_dags/example_skip_dag.py
[2024-02-29T05:35:14.869+0000] {logging_mixin.py:188} INFO - [2024-02-29T05:35:14.868+0000] {dag.py:3047} INFO - Sync 1 DAGs
[2024-02-29T05:35:14.904+0000] {logging_mixin.py:188} INFO - [2024-02-29T05:35:14.903+0000] {dag.py:3834} INFO - Setting next_dagrun for example_skip_dag to 2024-02-28 00:00:00+00:00, run_after=2024-02-29 00:00:00+00:00
[2024-02-29T05:35:14.954+0000] {processor.py:183} INFO - Processing /home/airflow/.local/lib/python3.11/site-packages/airflow/example_dags/example_skip_dag.py took 0.121 seconds
[2024-02-29T05:35:45.536+0000] {processor.py:161} INFO - Started process (PID=493) to work on /home/airflow/.local/lib/python3.11/site-packages/airflow/example_dags/example_skip_dag.py
[2024-02-29T05:35:45.538+0000] {processor.py:830} INFO - Processing file /home/airflow/.local/lib/python3.11/site-packages/airflow/example_dags/example_skip_dag.py for tasks to queue
[2024-02-29T05:35:45.540+0000] {logging_mixin.py:188} INFO - [2024-02-29T05:35:45.539+0000] {dagbag.py:540} INFO - Filling up the DagBag from /home/airflow/.local/lib/python3.11/site-packages/airflow/example_dags/example_skip_dag.py
[2024-02-29T05:35:45.556+0000] {processor.py:840} INFO - DAG(s) 'example_skip_dag' retrieved from /home/airflow/.local/lib/python3.11/site-packages/airflow/example_dags/example_skip_dag.py
[2024-02-29T05:35:45.588+0000] {logging_mixin.py:188} INFO - [2024-02-29T05:35:45.588+0000] {dag.py:3047} INFO - Sync 1 DAGs
[2024-02-29T05:35:45.626+0000] {logging_mixin.py:188} INFO - [2024-02-29T05:35:45.626+0000] {dag.py:3834} INFO - Setting next_dagrun for example_skip_dag to 2024-02-28 00:00:00+00:00, run_after=2024-02-29 00:00:00+00:00
[2024-02-29T05:35:45.667+0000] {processor.py:183} INFO - Processing /home/airflow/.local/lib/python3.11/site-packages/airflow/example_dags/example_skip_dag.py took 0.134 seconds
[2024-02-29T05:36:15.759+0000] {processor.py:161} INFO - Started process (PID=553) to work on /home/airflow/.local/lib/python3.11/site-packages/airflow/example_dags/example_skip_dag.py
[2024-02-29T05:36:15.760+0000] {processor.py:830} INFO - Processing file /home/airflow/.local/lib/python3.11/site-packages/airflow/example_dags/example_skip_dag.py for tasks to queue
[2024-02-29T05:36:15.761+0000] {logging_mixin.py:188} INFO - [2024-02-29T05:36:15.761+0000] {dagbag.py:540} INFO - Filling up the DagBag from /home/airflow/.local/lib/python3.11/site-packages/airflow/example_dags/example_skip_dag.py
[2024-02-29T05:36:15.766+0000] {processor.py:840} INFO - DAG(s) 'example_skip_dag' retrieved from /home/airflow/.local/lib/python3.11/site-packages/airflow/example_dags/example_skip_dag.py
[2024-02-29T05:36:15.783+0000] {logging_mixin.py:188} INFO - [2024-02-29T05:36:15.782+0000] {dag.py:3047} INFO - Sync 1 DAGs
[2024-02-29T05:36:15.798+0000] {logging_mixin.py:188} INFO - [2024-02-29T05:36:15.798+0000] {dag.py:3834} INFO - Setting next_dagrun for example_skip_dag to 2024-02-28 00:00:00+00:00, run_after=2024-02-29 00:00:00+00:00
[2024-02-29T05:36:15.817+0000] {processor.py:183} INFO - Processing /home/airflow/.local/lib/python3.11/site-packages/airflow/example_dags/example_skip_dag.py took 0.061 seconds
[2024-02-29T05:36:46.769+0000] {processor.py:161} INFO - Started process (PID=613) to work on /home/airflow/.local/lib/python3.11/site-packages/airflow/example_dags/example_skip_dag.py
[2024-02-29T05:36:46.770+0000] {processor.py:830} INFO - Processing file /home/airflow/.local/lib/python3.11/site-packages/airflow/example_dags/example_skip_dag.py for tasks to queue
[2024-02-29T05:36:46.771+0000] {logging_mixin.py:188} INFO - [2024-02-29T05:36:46.771+0000] {dagbag.py:540} INFO - Filling up the DagBag from /home/airflow/.local/lib/python3.11/site-packages/airflow/example_dags/example_skip_dag.py
[2024-02-29T05:36:46.779+0000] {processor.py:840} INFO - DAG(s) 'example_skip_dag' retrieved from /home/airflow/.local/lib/python3.11/site-packages/airflow/example_dags/example_skip_dag.py
[2024-02-29T05:36:46.797+0000] {logging_mixin.py:188} INFO - [2024-02-29T05:36:46.797+0000] {dag.py:3047} INFO - Sync 1 DAGs
[2024-02-29T05:36:46.813+0000] {logging_mixin.py:188} INFO - [2024-02-29T05:36:46.813+0000] {dag.py:3834} INFO - Setting next_dagrun for example_skip_dag to 2024-02-28 00:00:00+00:00, run_after=2024-02-29 00:00:00+00:00
[2024-02-29T05:36:46.832+0000] {processor.py:183} INFO - Processing /home/airflow/.local/lib/python3.11/site-packages/airflow/example_dags/example_skip_dag.py took 0.068 seconds
[2024-02-29T05:37:17.008+0000] {processor.py:161} INFO - Started process (PID=671) to work on /home/airflow/.local/lib/python3.11/site-packages/airflow/example_dags/example_skip_dag.py
[2024-02-29T05:37:17.008+0000] {processor.py:830} INFO - Processing file /home/airflow/.local/lib/python3.11/site-packages/airflow/example_dags/example_skip_dag.py for tasks to queue
[2024-02-29T05:37:17.010+0000] {logging_mixin.py:188} INFO - [2024-02-29T05:37:17.010+0000] {dagbag.py:540} INFO - Filling up the DagBag from /home/airflow/.local/lib/python3.11/site-packages/airflow/example_dags/example_skip_dag.py
[2024-02-29T05:37:17.015+0000] {processor.py:840} INFO - DAG(s) 'example_skip_dag' retrieved from /home/airflow/.local/lib/python3.11/site-packages/airflow/example_dags/example_skip_dag.py
[2024-02-29T05:37:17.033+0000] {logging_mixin.py:188} INFO - [2024-02-29T05:37:17.033+0000] {dag.py:3047} INFO - Sync 1 DAGs
[2024-02-29T05:37:17.048+0000] {logging_mixin.py:188} INFO - [2024-02-29T05:37:17.048+0000] {dag.py:3834} INFO - Setting next_dagrun for example_skip_dag to 2024-02-28 00:00:00+00:00, run_after=2024-02-29 00:00:00+00:00
[2024-02-29T05:37:17.067+0000] {processor.py:183} INFO - Processing /home/airflow/.local/lib/python3.11/site-packages/airflow/example_dags/example_skip_dag.py took 0.062 seconds
[2024-02-29T05:37:47.767+0000] {processor.py:161} INFO - Started process (PID=728) to work on /home/airflow/.local/lib/python3.11/site-packages/airflow/example_dags/example_skip_dag.py
[2024-02-29T05:37:47.768+0000] {processor.py:830} INFO - Processing file /home/airflow/.local/lib/python3.11/site-packages/airflow/example_dags/example_skip_dag.py for tasks to queue
[2024-02-29T05:37:47.769+0000] {logging_mixin.py:188} INFO - [2024-02-29T05:37:47.769+0000] {dagbag.py:540} INFO - Filling up the DagBag from /home/airflow/.local/lib/python3.11/site-packages/airflow/example_dags/example_skip_dag.py
[2024-02-29T05:37:47.774+0000] {processor.py:840} INFO - DAG(s) 'example_skip_dag' retrieved from /home/airflow/.local/lib/python3.11/site-packages/airflow/example_dags/example_skip_dag.py
[2024-02-29T05:37:47.791+0000] {logging_mixin.py:188} INFO - [2024-02-29T05:37:47.791+0000] {dag.py:3047} INFO - Sync 1 DAGs
[2024-02-29T05:37:47.809+0000] {logging_mixin.py:188} INFO - [2024-02-29T05:37:47.809+0000] {dag.py:3834} INFO - Setting next_dagrun for example_skip_dag to 2024-02-28 00:00:00+00:00, run_after=2024-02-29 00:00:00+00:00
[2024-02-29T05:37:47.827+0000] {processor.py:183} INFO - Processing /home/airflow/.local/lib/python3.11/site-packages/airflow/example_dags/example_skip_dag.py took 0.063 seconds
[2024-02-29T05:38:18.058+0000] {processor.py:161} INFO - Started process (PID=785) to work on /home/airflow/.local/lib/python3.11/site-packages/airflow/example_dags/example_skip_dag.py
[2024-02-29T05:38:18.059+0000] {processor.py:830} INFO - Processing file /home/airflow/.local/lib/python3.11/site-packages/airflow/example_dags/example_skip_dag.py for tasks to queue
[2024-02-29T05:38:18.060+0000] {logging_mixin.py:188} INFO - [2024-02-29T05:38:18.060+0000] {dagbag.py:540} INFO - Filling up the DagBag from /home/airflow/.local/lib/python3.11/site-packages/airflow/example_dags/example_skip_dag.py
[2024-02-29T05:38:18.065+0000] {processor.py:840} INFO - DAG(s) 'example_skip_dag' retrieved from /home/airflow/.local/lib/python3.11/site-packages/airflow/example_dags/example_skip_dag.py
[2024-02-29T05:38:18.081+0000] {logging_mixin.py:188} INFO - [2024-02-29T05:38:18.081+0000] {dag.py:3047} INFO - Sync 1 DAGs
[2024-02-29T05:38:18.097+0000] {logging_mixin.py:188} INFO - [2024-02-29T05:38:18.097+0000] {dag.py:3834} INFO - Setting next_dagrun for example_skip_dag to 2024-02-28 00:00:00+00:00, run_after=2024-02-29 00:00:00+00:00
[2024-02-29T05:38:18.115+0000] {processor.py:183} INFO - Processing /home/airflow/.local/lib/python3.11/site-packages/airflow/example_dags/example_skip_dag.py took 0.060 seconds
[2024-02-29T05:38:48.393+0000] {processor.py:161} INFO - Started process (PID=841) to work on /home/airflow/.local/lib/python3.11/site-packages/airflow/example_dags/example_skip_dag.py
[2024-02-29T05:38:48.394+0000] {processor.py:830} INFO - Processing file /home/airflow/.local/lib/python3.11/site-packages/airflow/example_dags/example_skip_dag.py for tasks to queue
[2024-02-29T05:38:48.395+0000] {logging_mixin.py:188} INFO - [2024-02-29T05:38:48.395+0000] {dagbag.py:540} INFO - Filling up the DagBag from /home/airflow/.local/lib/python3.11/site-packages/airflow/example_dags/example_skip_dag.py
[2024-02-29T05:38:48.400+0000] {processor.py:840} INFO - DAG(s) 'example_skip_dag' retrieved from /home/airflow/.local/lib/python3.11/site-packages/airflow/example_dags/example_skip_dag.py
[2024-02-29T05:38:48.416+0000] {logging_mixin.py:188} INFO - [2024-02-29T05:38:48.416+0000] {dag.py:3047} INFO - Sync 1 DAGs
[2024-02-29T05:38:48.431+0000] {logging_mixin.py:188} INFO - [2024-02-29T05:38:48.431+0000] {dag.py:3834} INFO - Setting next_dagrun for example_skip_dag to 2024-02-28 00:00:00+00:00, run_after=2024-02-29 00:00:00+00:00
[2024-02-29T05:38:48.450+0000] {processor.py:183} INFO - Processing /home/airflow/.local/lib/python3.11/site-packages/airflow/example_dags/example_skip_dag.py took 0.060 seconds
[2024-02-29T05:39:18.673+0000] {processor.py:161} INFO - Started process (PID=899) to work on /home/airflow/.local/lib/python3.11/site-packages/airflow/example_dags/example_skip_dag.py
[2024-02-29T05:39:18.674+0000] {processor.py:830} INFO - Processing file /home/airflow/.local/lib/python3.11/site-packages/airflow/example_dags/example_skip_dag.py for tasks to queue
[2024-02-29T05:39:18.676+0000] {logging_mixin.py:188} INFO - [2024-02-29T05:39:18.676+0000] {dagbag.py:540} INFO - Filling up the DagBag from /home/airflow/.local/lib/python3.11/site-packages/airflow/example_dags/example_skip_dag.py
[2024-02-29T05:39:18.682+0000] {processor.py:840} INFO - DAG(s) 'example_skip_dag' retrieved from /home/airflow/.local/lib/python3.11/site-packages/airflow/example_dags/example_skip_dag.py
[2024-02-29T05:39:18.697+0000] {logging_mixin.py:188} INFO - [2024-02-29T05:39:18.697+0000] {dag.py:3047} INFO - Sync 1 DAGs
[2024-02-29T05:39:18.715+0000] {logging_mixin.py:188} INFO - [2024-02-29T05:39:18.715+0000] {dag.py:3834} INFO - Setting next_dagrun for example_skip_dag to 2024-02-28 00:00:00+00:00, run_after=2024-02-29 00:00:00+00:00
[2024-02-29T05:39:18.733+0000] {processor.py:183} INFO - Processing /home/airflow/.local/lib/python3.11/site-packages/airflow/example_dags/example_skip_dag.py took 0.063 seconds
[2024-02-29T05:39:48.972+0000] {processor.py:161} INFO - Started process (PID=956) to work on /home/airflow/.local/lib/python3.11/site-packages/airflow/example_dags/example_skip_dag.py
[2024-02-29T05:39:48.973+0000] {processor.py:830} INFO - Processing file /home/airflow/.local/lib/python3.11/site-packages/airflow/example_dags/example_skip_dag.py for tasks to queue
[2024-02-29T05:39:48.974+0000] {logging_mixin.py:188} INFO - [2024-02-29T05:39:48.974+0000] {dagbag.py:540} INFO - Filling up the DagBag from /home/airflow/.local/lib/python3.11/site-packages/airflow/example_dags/example_skip_dag.py
[2024-02-29T05:39:48.980+0000] {processor.py:840} INFO - DAG(s) 'example_skip_dag' retrieved from /home/airflow/.local/lib/python3.11/site-packages/airflow/example_dags/example_skip_dag.py
[2024-02-29T05:39:48.996+0000] {logging_mixin.py:188} INFO - [2024-02-29T05:39:48.996+0000] {dag.py:3047} INFO - Sync 1 DAGs
[2024-02-29T05:39:49.013+0000] {logging_mixin.py:188} INFO - [2024-02-29T05:39:49.013+0000] {dag.py:3834} INFO - Setting next_dagrun for example_skip_dag to 2024-02-28 00:00:00+00:00, run_after=2024-02-29 00:00:00+00:00
[2024-02-29T05:39:49.031+0000] {processor.py:183} INFO - Processing /home/airflow/.local/lib/python3.11/site-packages/airflow/example_dags/example_skip_dag.py took 0.061 seconds
