[2024-02-29T05:32:01.541+0000] {processor.py:161} INFO - Started process (PID=51) to work on /home/airflow/.local/lib/python3.11/site-packages/airflow/example_dags/example_time_delta_sensor_async.py
[2024-02-29T05:32:01.542+0000] {processor.py:830} INFO - Processing file /home/airflow/.local/lib/python3.11/site-packages/airflow/example_dags/example_time_delta_sensor_async.py for tasks to queue
[2024-02-29T05:32:01.553+0000] {logging_mixin.py:188} INFO - [2024-02-29T05:32:01.553+0000] {dagbag.py:540} INFO - Filling up the DagBag from /home/airflow/.local/lib/python3.11/site-packages/airflow/example_dags/example_time_delta_sensor_async.py
[2024-02-29T05:32:01.559+0000] {processor.py:840} INFO - DAG(s) 'example_time_delta_sensor_async' retrieved from /home/airflow/.local/lib/python3.11/site-packages/airflow/example_dags/example_time_delta_sensor_async.py
[2024-02-29T05:32:02.364+0000] {logging_mixin.py:188} INFO - [2024-02-29T05:32:02.364+0000] {dag.py:3047} INFO - Sync 1 DAGs
[2024-02-29T05:32:02.439+0000] {logging_mixin.py:188} INFO - [2024-02-29T05:32:02.439+0000] {dag.py:3834} INFO - Setting next_dagrun for example_time_delta_sensor_async to None, run_after=None
[2024-02-29T05:32:02.567+0000] {processor.py:183} INFO - Processing /home/airflow/.local/lib/python3.11/site-packages/airflow/example_dags/example_time_delta_sensor_async.py took 1.037 seconds
[2024-02-29T05:32:34.040+0000] {processor.py:161} INFO - Started process (PID=107) to work on /home/airflow/.local/lib/python3.11/site-packages/airflow/example_dags/example_time_delta_sensor_async.py
[2024-02-29T05:32:34.041+0000] {processor.py:830} INFO - Processing file /home/airflow/.local/lib/python3.11/site-packages/airflow/example_dags/example_time_delta_sensor_async.py for tasks to queue
[2024-02-29T05:32:34.043+0000] {logging_mixin.py:188} INFO - [2024-02-29T05:32:34.043+0000] {dagbag.py:540} INFO - Filling up the DagBag from /home/airflow/.local/lib/python3.11/site-packages/airflow/example_dags/example_time_delta_sensor_async.py
[2024-02-29T05:32:34.052+0000] {processor.py:840} INFO - DAG(s) 'example_time_delta_sensor_async' retrieved from /home/airflow/.local/lib/python3.11/site-packages/airflow/example_dags/example_time_delta_sensor_async.py
[2024-02-29T05:32:34.099+0000] {logging_mixin.py:188} INFO - [2024-02-29T05:32:34.099+0000] {dag.py:3047} INFO - Sync 1 DAGs
[2024-02-29T05:32:34.127+0000] {logging_mixin.py:188} INFO - [2024-02-29T05:32:34.126+0000] {dag.py:3834} INFO - Setting next_dagrun for example_time_delta_sensor_async to None, run_after=None
[2024-02-29T05:32:34.168+0000] {processor.py:183} INFO - Processing /home/airflow/.local/lib/python3.11/site-packages/airflow/example_dags/example_time_delta_sensor_async.py took 0.132 seconds
[2024-02-29T05:33:04.459+0000] {processor.py:161} INFO - Started process (PID=164) to work on /home/airflow/.local/lib/python3.11/site-packages/airflow/example_dags/example_time_delta_sensor_async.py
[2024-02-29T05:33:04.460+0000] {processor.py:830} INFO - Processing file /home/airflow/.local/lib/python3.11/site-packages/airflow/example_dags/example_time_delta_sensor_async.py for tasks to queue
[2024-02-29T05:33:04.462+0000] {logging_mixin.py:188} INFO - [2024-02-29T05:33:04.462+0000] {dagbag.py:540} INFO - Filling up the DagBag from /home/airflow/.local/lib/python3.11/site-packages/airflow/example_dags/example_time_delta_sensor_async.py
[2024-02-29T05:33:04.467+0000] {processor.py:840} INFO - DAG(s) 'example_time_delta_sensor_async' retrieved from /home/airflow/.local/lib/python3.11/site-packages/airflow/example_dags/example_time_delta_sensor_async.py
[2024-02-29T05:33:04.488+0000] {logging_mixin.py:188} INFO - [2024-02-29T05:33:04.488+0000] {dag.py:3047} INFO - Sync 1 DAGs
[2024-02-29T05:33:04.501+0000] {logging_mixin.py:188} INFO - [2024-02-29T05:33:04.500+0000] {dag.py:3834} INFO - Setting next_dagrun for example_time_delta_sensor_async to None, run_after=None
[2024-02-29T05:33:04.523+0000] {processor.py:183} INFO - Processing /home/airflow/.local/lib/python3.11/site-packages/airflow/example_dags/example_time_delta_sensor_async.py took 0.067 seconds
[2024-02-29T05:33:34.618+0000] {processor.py:161} INFO - Started process (PID=226) to work on /home/airflow/.local/lib/python3.11/site-packages/airflow/example_dags/example_time_delta_sensor_async.py
[2024-02-29T05:33:34.619+0000] {processor.py:830} INFO - Processing file /home/airflow/.local/lib/python3.11/site-packages/airflow/example_dags/example_time_delta_sensor_async.py for tasks to queue
[2024-02-29T05:33:34.620+0000] {logging_mixin.py:188} INFO - [2024-02-29T05:33:34.620+0000] {dagbag.py:540} INFO - Filling up the DagBag from /home/airflow/.local/lib/python3.11/site-packages/airflow/example_dags/example_time_delta_sensor_async.py
[2024-02-29T05:33:34.624+0000] {processor.py:840} INFO - DAG(s) 'example_time_delta_sensor_async' retrieved from /home/airflow/.local/lib/python3.11/site-packages/airflow/example_dags/example_time_delta_sensor_async.py
[2024-02-29T05:33:34.642+0000] {logging_mixin.py:188} INFO - [2024-02-29T05:33:34.642+0000] {dag.py:3047} INFO - Sync 1 DAGs
[2024-02-29T05:33:34.651+0000] {logging_mixin.py:188} INFO - [2024-02-29T05:33:34.651+0000] {dag.py:3834} INFO - Setting next_dagrun for example_time_delta_sensor_async to None, run_after=None
[2024-02-29T05:33:34.669+0000] {processor.py:183} INFO - Processing /home/airflow/.local/lib/python3.11/site-packages/airflow/example_dags/example_time_delta_sensor_async.py took 0.053 seconds
[2024-02-29T05:34:05.168+0000] {processor.py:161} INFO - Started process (PID=288) to work on /home/airflow/.local/lib/python3.11/site-packages/airflow/example_dags/example_time_delta_sensor_async.py
[2024-02-29T05:34:05.178+0000] {processor.py:830} INFO - Processing file /home/airflow/.local/lib/python3.11/site-packages/airflow/example_dags/example_time_delta_sensor_async.py for tasks to queue
[2024-02-29T05:34:05.180+0000] {logging_mixin.py:188} INFO - [2024-02-29T05:34:05.180+0000] {dagbag.py:540} INFO - Filling up the DagBag from /home/airflow/.local/lib/python3.11/site-packages/airflow/example_dags/example_time_delta_sensor_async.py
[2024-02-29T05:34:05.185+0000] {processor.py:840} INFO - DAG(s) 'example_time_delta_sensor_async' retrieved from /home/airflow/.local/lib/python3.11/site-packages/airflow/example_dags/example_time_delta_sensor_async.py
[2024-02-29T05:34:05.217+0000] {logging_mixin.py:188} INFO - [2024-02-29T05:34:05.217+0000] {dag.py:3047} INFO - Sync 1 DAGs
[2024-02-29T05:34:05.230+0000] {logging_mixin.py:188} INFO - [2024-02-29T05:34:05.230+0000] {dag.py:3834} INFO - Setting next_dagrun for example_time_delta_sensor_async to None, run_after=None
[2024-02-29T05:34:05.252+0000] {processor.py:183} INFO - Processing /home/airflow/.local/lib/python3.11/site-packages/airflow/example_dags/example_time_delta_sensor_async.py took 0.092 seconds
[2024-02-29T05:34:36.134+0000] {processor.py:161} INFO - Started process (PID=352) to work on /home/airflow/.local/lib/python3.11/site-packages/airflow/example_dags/example_time_delta_sensor_async.py
[2024-02-29T05:34:36.135+0000] {processor.py:830} INFO - Processing file /home/airflow/.local/lib/python3.11/site-packages/airflow/example_dags/example_time_delta_sensor_async.py for tasks to queue
[2024-02-29T05:34:36.149+0000] {logging_mixin.py:188} INFO - [2024-02-29T05:34:36.149+0000] {dagbag.py:540} INFO - Filling up the DagBag from /home/airflow/.local/lib/python3.11/site-packages/airflow/example_dags/example_time_delta_sensor_async.py
[2024-02-29T05:34:36.170+0000] {processor.py:840} INFO - DAG(s) 'example_time_delta_sensor_async' retrieved from /home/airflow/.local/lib/python3.11/site-packages/airflow/example_dags/example_time_delta_sensor_async.py
[2024-02-29T05:34:36.264+0000] {logging_mixin.py:188} INFO - [2024-02-29T05:34:36.263+0000] {dag.py:3047} INFO - Sync 1 DAGs
[2024-02-29T05:34:36.305+0000] {logging_mixin.py:188} INFO - [2024-02-29T05:34:36.305+0000] {dag.py:3834} INFO - Setting next_dagrun for example_time_delta_sensor_async to None, run_after=None
[2024-02-29T05:34:36.414+0000] {processor.py:183} INFO - Processing /home/airflow/.local/lib/python3.11/site-packages/airflow/example_dags/example_time_delta_sensor_async.py took 0.291 seconds
[2024-02-29T05:35:07.171+0000] {processor.py:161} INFO - Started process (PID=414) to work on /home/airflow/.local/lib/python3.11/site-packages/airflow/example_dags/example_time_delta_sensor_async.py
[2024-02-29T05:35:07.172+0000] {processor.py:830} INFO - Processing file /home/airflow/.local/lib/python3.11/site-packages/airflow/example_dags/example_time_delta_sensor_async.py for tasks to queue
[2024-02-29T05:35:07.174+0000] {logging_mixin.py:188} INFO - [2024-02-29T05:35:07.174+0000] {dagbag.py:540} INFO - Filling up the DagBag from /home/airflow/.local/lib/python3.11/site-packages/airflow/example_dags/example_time_delta_sensor_async.py
[2024-02-29T05:35:07.179+0000] {processor.py:840} INFO - DAG(s) 'example_time_delta_sensor_async' retrieved from /home/airflow/.local/lib/python3.11/site-packages/airflow/example_dags/example_time_delta_sensor_async.py
[2024-02-29T05:35:07.199+0000] {logging_mixin.py:188} INFO - [2024-02-29T05:35:07.199+0000] {dag.py:3047} INFO - Sync 1 DAGs
[2024-02-29T05:35:07.211+0000] {logging_mixin.py:188} INFO - [2024-02-29T05:35:07.211+0000] {dag.py:3834} INFO - Setting next_dagrun for example_time_delta_sensor_async to None, run_after=None
[2024-02-29T05:35:07.234+0000] {processor.py:183} INFO - Processing /home/airflow/.local/lib/python3.11/site-packages/airflow/example_dags/example_time_delta_sensor_async.py took 0.066 seconds
[2024-02-29T05:35:37.990+0000] {processor.py:161} INFO - Started process (PID=477) to work on /home/airflow/.local/lib/python3.11/site-packages/airflow/example_dags/example_time_delta_sensor_async.py
[2024-02-29T05:35:37.991+0000] {processor.py:830} INFO - Processing file /home/airflow/.local/lib/python3.11/site-packages/airflow/example_dags/example_time_delta_sensor_async.py for tasks to queue
[2024-02-29T05:35:37.996+0000] {logging_mixin.py:188} INFO - [2024-02-29T05:35:37.994+0000] {dagbag.py:540} INFO - Filling up the DagBag from /home/airflow/.local/lib/python3.11/site-packages/airflow/example_dags/example_time_delta_sensor_async.py
[2024-02-29T05:35:38.006+0000] {processor.py:840} INFO - DAG(s) 'example_time_delta_sensor_async' retrieved from /home/airflow/.local/lib/python3.11/site-packages/airflow/example_dags/example_time_delta_sensor_async.py
[2024-02-29T05:35:38.085+0000] {logging_mixin.py:188} INFO - [2024-02-29T05:35:38.085+0000] {dag.py:3047} INFO - Sync 1 DAGs
[2024-02-29T05:35:38.112+0000] {logging_mixin.py:188} INFO - [2024-02-29T05:35:38.112+0000] {dag.py:3834} INFO - Setting next_dagrun for example_time_delta_sensor_async to None, run_after=None
[2024-02-29T05:35:38.174+0000] {processor.py:183} INFO - Processing /home/airflow/.local/lib/python3.11/site-packages/airflow/example_dags/example_time_delta_sensor_async.py took 0.189 seconds
[2024-02-29T05:36:08.772+0000] {processor.py:161} INFO - Started process (PID=538) to work on /home/airflow/.local/lib/python3.11/site-packages/airflow/example_dags/example_time_delta_sensor_async.py
[2024-02-29T05:36:08.773+0000] {processor.py:830} INFO - Processing file /home/airflow/.local/lib/python3.11/site-packages/airflow/example_dags/example_time_delta_sensor_async.py for tasks to queue
[2024-02-29T05:36:08.775+0000] {logging_mixin.py:188} INFO - [2024-02-29T05:36:08.774+0000] {dagbag.py:540} INFO - Filling up the DagBag from /home/airflow/.local/lib/python3.11/site-packages/airflow/example_dags/example_time_delta_sensor_async.py
[2024-02-29T05:36:08.781+0000] {processor.py:840} INFO - DAG(s) 'example_time_delta_sensor_async' retrieved from /home/airflow/.local/lib/python3.11/site-packages/airflow/example_dags/example_time_delta_sensor_async.py
[2024-02-29T05:36:08.845+0000] {logging_mixin.py:188} INFO - [2024-02-29T05:36:08.845+0000] {dag.py:3047} INFO - Sync 1 DAGs
[2024-02-29T05:36:08.858+0000] {logging_mixin.py:188} INFO - [2024-02-29T05:36:08.858+0000] {dag.py:3834} INFO - Setting next_dagrun for example_time_delta_sensor_async to None, run_after=None
[2024-02-29T05:36:08.892+0000] {processor.py:183} INFO - Processing /home/airflow/.local/lib/python3.11/site-packages/airflow/example_dags/example_time_delta_sensor_async.py took 0.124 seconds
[2024-02-29T05:36:39.107+0000] {processor.py:161} INFO - Started process (PID=598) to work on /home/airflow/.local/lib/python3.11/site-packages/airflow/example_dags/example_time_delta_sensor_async.py
[2024-02-29T05:36:39.108+0000] {processor.py:830} INFO - Processing file /home/airflow/.local/lib/python3.11/site-packages/airflow/example_dags/example_time_delta_sensor_async.py for tasks to queue
[2024-02-29T05:36:39.110+0000] {logging_mixin.py:188} INFO - [2024-02-29T05:36:39.110+0000] {dagbag.py:540} INFO - Filling up the DagBag from /home/airflow/.local/lib/python3.11/site-packages/airflow/example_dags/example_time_delta_sensor_async.py
[2024-02-29T05:36:39.116+0000] {processor.py:840} INFO - DAG(s) 'example_time_delta_sensor_async' retrieved from /home/airflow/.local/lib/python3.11/site-packages/airflow/example_dags/example_time_delta_sensor_async.py
[2024-02-29T05:36:39.139+0000] {logging_mixin.py:188} INFO - [2024-02-29T05:36:39.139+0000] {dag.py:3047} INFO - Sync 1 DAGs
[2024-02-29T05:36:39.154+0000] {logging_mixin.py:188} INFO - [2024-02-29T05:36:39.153+0000] {dag.py:3834} INFO - Setting next_dagrun for example_time_delta_sensor_async to None, run_after=None
[2024-02-29T05:36:39.174+0000] {processor.py:183} INFO - Processing /home/airflow/.local/lib/python3.11/site-packages/airflow/example_dags/example_time_delta_sensor_async.py took 0.070 seconds
[2024-02-29T05:37:09.354+0000] {processor.py:161} INFO - Started process (PID=657) to work on /home/airflow/.local/lib/python3.11/site-packages/airflow/example_dags/example_time_delta_sensor_async.py
[2024-02-29T05:37:09.355+0000] {processor.py:830} INFO - Processing file /home/airflow/.local/lib/python3.11/site-packages/airflow/example_dags/example_time_delta_sensor_async.py for tasks to queue
[2024-02-29T05:37:09.357+0000] {logging_mixin.py:188} INFO - [2024-02-29T05:37:09.356+0000] {dagbag.py:540} INFO - Filling up the DagBag from /home/airflow/.local/lib/python3.11/site-packages/airflow/example_dags/example_time_delta_sensor_async.py
[2024-02-29T05:37:09.362+0000] {processor.py:840} INFO - DAG(s) 'example_time_delta_sensor_async' retrieved from /home/airflow/.local/lib/python3.11/site-packages/airflow/example_dags/example_time_delta_sensor_async.py
[2024-02-29T05:37:09.383+0000] {logging_mixin.py:188} INFO - [2024-02-29T05:37:09.383+0000] {dag.py:3047} INFO - Sync 1 DAGs
[2024-02-29T05:37:09.395+0000] {logging_mixin.py:188} INFO - [2024-02-29T05:37:09.395+0000] {dag.py:3834} INFO - Setting next_dagrun for example_time_delta_sensor_async to None, run_after=None
[2024-02-29T05:37:09.414+0000] {processor.py:183} INFO - Processing /home/airflow/.local/lib/python3.11/site-packages/airflow/example_dags/example_time_delta_sensor_async.py took 0.064 seconds
[2024-02-29T05:37:40.123+0000] {processor.py:161} INFO - Started process (PID=714) to work on /home/airflow/.local/lib/python3.11/site-packages/airflow/example_dags/example_time_delta_sensor_async.py
[2024-02-29T05:37:40.124+0000] {processor.py:830} INFO - Processing file /home/airflow/.local/lib/python3.11/site-packages/airflow/example_dags/example_time_delta_sensor_async.py for tasks to queue
[2024-02-29T05:37:40.126+0000] {logging_mixin.py:188} INFO - [2024-02-29T05:37:40.126+0000] {dagbag.py:540} INFO - Filling up the DagBag from /home/airflow/.local/lib/python3.11/site-packages/airflow/example_dags/example_time_delta_sensor_async.py
[2024-02-29T05:37:40.131+0000] {processor.py:840} INFO - DAG(s) 'example_time_delta_sensor_async' retrieved from /home/airflow/.local/lib/python3.11/site-packages/airflow/example_dags/example_time_delta_sensor_async.py
[2024-02-29T05:37:40.156+0000] {logging_mixin.py:188} INFO - [2024-02-29T05:37:40.155+0000] {dag.py:3047} INFO - Sync 1 DAGs
[2024-02-29T05:37:40.167+0000] {logging_mixin.py:188} INFO - [2024-02-29T05:37:40.167+0000] {dag.py:3834} INFO - Setting next_dagrun for example_time_delta_sensor_async to None, run_after=None
[2024-02-29T05:37:40.190+0000] {processor.py:183} INFO - Processing /home/airflow/.local/lib/python3.11/site-packages/airflow/example_dags/example_time_delta_sensor_async.py took 0.071 seconds
[2024-02-29T05:38:10.309+0000] {processor.py:161} INFO - Started process (PID=771) to work on /home/airflow/.local/lib/python3.11/site-packages/airflow/example_dags/example_time_delta_sensor_async.py
[2024-02-29T05:38:10.310+0000] {processor.py:830} INFO - Processing file /home/airflow/.local/lib/python3.11/site-packages/airflow/example_dags/example_time_delta_sensor_async.py for tasks to queue
[2024-02-29T05:38:10.312+0000] {logging_mixin.py:188} INFO - [2024-02-29T05:38:10.312+0000] {dagbag.py:540} INFO - Filling up the DagBag from /home/airflow/.local/lib/python3.11/site-packages/airflow/example_dags/example_time_delta_sensor_async.py
[2024-02-29T05:38:10.317+0000] {processor.py:840} INFO - DAG(s) 'example_time_delta_sensor_async' retrieved from /home/airflow/.local/lib/python3.11/site-packages/airflow/example_dags/example_time_delta_sensor_async.py
[2024-02-29T05:38:10.340+0000] {logging_mixin.py:188} INFO - [2024-02-29T05:38:10.339+0000] {dag.py:3047} INFO - Sync 1 DAGs
[2024-02-29T05:38:10.349+0000] {logging_mixin.py:188} INFO - [2024-02-29T05:38:10.349+0000] {dag.py:3834} INFO - Setting next_dagrun for example_time_delta_sensor_async to None, run_after=None
[2024-02-29T05:38:10.371+0000] {processor.py:183} INFO - Processing /home/airflow/.local/lib/python3.11/site-packages/airflow/example_dags/example_time_delta_sensor_async.py took 0.065 seconds
[2024-02-29T05:38:40.624+0000] {processor.py:161} INFO - Started process (PID=827) to work on /home/airflow/.local/lib/python3.11/site-packages/airflow/example_dags/example_time_delta_sensor_async.py
[2024-02-29T05:38:40.637+0000] {processor.py:830} INFO - Processing file /home/airflow/.local/lib/python3.11/site-packages/airflow/example_dags/example_time_delta_sensor_async.py for tasks to queue
[2024-02-29T05:38:40.639+0000] {logging_mixin.py:188} INFO - [2024-02-29T05:38:40.638+0000] {dagbag.py:540} INFO - Filling up the DagBag from /home/airflow/.local/lib/python3.11/site-packages/airflow/example_dags/example_time_delta_sensor_async.py
[2024-02-29T05:38:40.643+0000] {processor.py:840} INFO - DAG(s) 'example_time_delta_sensor_async' retrieved from /home/airflow/.local/lib/python3.11/site-packages/airflow/example_dags/example_time_delta_sensor_async.py
[2024-02-29T05:38:40.706+0000] {logging_mixin.py:188} INFO - [2024-02-29T05:38:40.706+0000] {dag.py:3047} INFO - Sync 1 DAGs
[2024-02-29T05:38:40.720+0000] {logging_mixin.py:188} INFO - [2024-02-29T05:38:40.719+0000] {dag.py:3834} INFO - Setting next_dagrun for example_time_delta_sensor_async to None, run_after=None
[2024-02-29T05:38:40.762+0000] {processor.py:183} INFO - Processing /home/airflow/.local/lib/python3.11/site-packages/airflow/example_dags/example_time_delta_sensor_async.py took 0.142 seconds
[2024-02-29T05:39:10.827+0000] {processor.py:161} INFO - Started process (PID=883) to work on /home/airflow/.local/lib/python3.11/site-packages/airflow/example_dags/example_time_delta_sensor_async.py
[2024-02-29T05:39:10.828+0000] {processor.py:830} INFO - Processing file /home/airflow/.local/lib/python3.11/site-packages/airflow/example_dags/example_time_delta_sensor_async.py for tasks to queue
[2024-02-29T05:39:10.830+0000] {logging_mixin.py:188} INFO - [2024-02-29T05:39:10.830+0000] {dagbag.py:540} INFO - Filling up the DagBag from /home/airflow/.local/lib/python3.11/site-packages/airflow/example_dags/example_time_delta_sensor_async.py
[2024-02-29T05:39:10.835+0000] {processor.py:840} INFO - DAG(s) 'example_time_delta_sensor_async' retrieved from /home/airflow/.local/lib/python3.11/site-packages/airflow/example_dags/example_time_delta_sensor_async.py
[2024-02-29T05:39:10.854+0000] {logging_mixin.py:188} INFO - [2024-02-29T05:39:10.854+0000] {dag.py:3047} INFO - Sync 1 DAGs
[2024-02-29T05:39:10.867+0000] {logging_mixin.py:188} INFO - [2024-02-29T05:39:10.866+0000] {dag.py:3834} INFO - Setting next_dagrun for example_time_delta_sensor_async to None, run_after=None
[2024-02-29T05:39:10.892+0000] {processor.py:183} INFO - Processing /home/airflow/.local/lib/python3.11/site-packages/airflow/example_dags/example_time_delta_sensor_async.py took 0.068 seconds
[2024-02-29T05:39:40.951+0000] {processor.py:161} INFO - Started process (PID=940) to work on /home/airflow/.local/lib/python3.11/site-packages/airflow/example_dags/example_time_delta_sensor_async.py
[2024-02-29T05:39:40.953+0000] {processor.py:830} INFO - Processing file /home/airflow/.local/lib/python3.11/site-packages/airflow/example_dags/example_time_delta_sensor_async.py for tasks to queue
[2024-02-29T05:39:40.954+0000] {logging_mixin.py:188} INFO - [2024-02-29T05:39:40.954+0000] {dagbag.py:540} INFO - Filling up the DagBag from /home/airflow/.local/lib/python3.11/site-packages/airflow/example_dags/example_time_delta_sensor_async.py
[2024-02-29T05:39:40.959+0000] {processor.py:840} INFO - DAG(s) 'example_time_delta_sensor_async' retrieved from /home/airflow/.local/lib/python3.11/site-packages/airflow/example_dags/example_time_delta_sensor_async.py
[2024-02-29T05:39:41.041+0000] {logging_mixin.py:188} INFO - [2024-02-29T05:39:41.041+0000] {dag.py:3047} INFO - Sync 1 DAGs
[2024-02-29T05:39:41.070+0000] {logging_mixin.py:188} INFO - [2024-02-29T05:39:41.070+0000] {dag.py:3834} INFO - Setting next_dagrun for example_time_delta_sensor_async to None, run_after=None
[2024-02-29T05:39:41.105+0000] {processor.py:183} INFO - Processing /home/airflow/.local/lib/python3.11/site-packages/airflow/example_dags/example_time_delta_sensor_async.py took 0.157 seconds
[2024-02-29T05:40:11.208+0000] {processor.py:161} INFO - Started process (PID=996) to work on /home/airflow/.local/lib/python3.11/site-packages/airflow/example_dags/example_time_delta_sensor_async.py
[2024-02-29T05:40:11.209+0000] {processor.py:830} INFO - Processing file /home/airflow/.local/lib/python3.11/site-packages/airflow/example_dags/example_time_delta_sensor_async.py for tasks to queue
[2024-02-29T05:40:11.211+0000] {logging_mixin.py:188} INFO - [2024-02-29T05:40:11.211+0000] {dagbag.py:540} INFO - Filling up the DagBag from /home/airflow/.local/lib/python3.11/site-packages/airflow/example_dags/example_time_delta_sensor_async.py
[2024-02-29T05:40:11.216+0000] {processor.py:840} INFO - DAG(s) 'example_time_delta_sensor_async' retrieved from /home/airflow/.local/lib/python3.11/site-packages/airflow/example_dags/example_time_delta_sensor_async.py
[2024-02-29T05:40:11.238+0000] {logging_mixin.py:188} INFO - [2024-02-29T05:40:11.238+0000] {dag.py:3047} INFO - Sync 1 DAGs
[2024-02-29T05:40:11.250+0000] {logging_mixin.py:188} INFO - [2024-02-29T05:40:11.250+0000] {dag.py:3834} INFO - Setting next_dagrun for example_time_delta_sensor_async to None, run_after=None
[2024-02-29T05:40:11.272+0000] {processor.py:183} INFO - Processing /home/airflow/.local/lib/python3.11/site-packages/airflow/example_dags/example_time_delta_sensor_async.py took 0.067 seconds
