[2024-02-29T05:32:06.992+0000] {processor.py:161} INFO - Started process (PID=59) to work on /home/airflow/.local/lib/python3.11/site-packages/airflow/example_dags/example_branch_python_dop_operator_3.py
[2024-02-29T05:32:07.021+0000] {processor.py:830} INFO - Processing file /home/airflow/.local/lib/python3.11/site-packages/airflow/example_dags/example_branch_python_dop_operator_3.py for tasks to queue
[2024-02-29T05:32:07.034+0000] {logging_mixin.py:188} INFO - [2024-02-29T05:32:07.034+0000] {dagbag.py:540} INFO - Filling up the DagBag from /home/airflow/.local/lib/python3.11/site-packages/airflow/example_dags/example_branch_python_dop_operator_3.py
[2024-02-29T05:32:07.080+0000] {processor.py:840} INFO - DAG(s) 'example_branch_dop_operator_v3' retrieved from /home/airflow/.local/lib/python3.11/site-packages/airflow/example_dags/example_branch_python_dop_operator_3.py
[2024-02-29T05:32:08.059+0000] {logging_mixin.py:188} INFO - [2024-02-29T05:32:08.059+0000] {dag.py:3047} INFO - Sync 1 DAGs
[2024-02-29T05:32:08.205+0000] {logging_mixin.py:188} INFO - [2024-02-29T05:32:08.205+0000] {dag.py:3834} INFO - Setting next_dagrun for example_branch_dop_operator_v3 to 2024-02-29 05:31:00+00:00, run_after=2024-02-29 05:32:00+00:00
[2024-02-29T05:32:08.348+0000] {processor.py:183} INFO - Processing /home/airflow/.local/lib/python3.11/site-packages/airflow/example_dags/example_branch_python_dop_operator_3.py took 1.359 seconds
[2024-02-29T05:32:38.556+0000] {processor.py:161} INFO - Started process (PID=115) to work on /home/airflow/.local/lib/python3.11/site-packages/airflow/example_dags/example_branch_python_dop_operator_3.py
[2024-02-29T05:32:38.571+0000] {processor.py:830} INFO - Processing file /home/airflow/.local/lib/python3.11/site-packages/airflow/example_dags/example_branch_python_dop_operator_3.py for tasks to queue
[2024-02-29T05:32:38.573+0000] {logging_mixin.py:188} INFO - [2024-02-29T05:32:38.572+0000] {dagbag.py:540} INFO - Filling up the DagBag from /home/airflow/.local/lib/python3.11/site-packages/airflow/example_dags/example_branch_python_dop_operator_3.py
[2024-02-29T05:32:38.600+0000] {processor.py:840} INFO - DAG(s) 'example_branch_dop_operator_v3' retrieved from /home/airflow/.local/lib/python3.11/site-packages/airflow/example_dags/example_branch_python_dop_operator_3.py
[2024-02-29T05:32:38.680+0000] {logging_mixin.py:188} INFO - [2024-02-29T05:32:38.680+0000] {dag.py:3047} INFO - Sync 1 DAGs
[2024-02-29T05:32:38.730+0000] {logging_mixin.py:188} INFO - [2024-02-29T05:32:38.730+0000] {dag.py:3834} INFO - Setting next_dagrun for example_branch_dop_operator_v3 to 2024-02-29 05:31:00+00:00, run_after=2024-02-29 05:32:00+00:00
[2024-02-29T05:32:38.764+0000] {processor.py:183} INFO - Processing /home/airflow/.local/lib/python3.11/site-packages/airflow/example_dags/example_branch_python_dop_operator_3.py took 0.212 seconds
[2024-02-29T05:33:08.929+0000] {processor.py:161} INFO - Started process (PID=173) to work on /home/airflow/.local/lib/python3.11/site-packages/airflow/example_dags/example_branch_python_dop_operator_3.py
[2024-02-29T05:33:08.930+0000] {processor.py:830} INFO - Processing file /home/airflow/.local/lib/python3.11/site-packages/airflow/example_dags/example_branch_python_dop_operator_3.py for tasks to queue
[2024-02-29T05:33:08.932+0000] {logging_mixin.py:188} INFO - [2024-02-29T05:33:08.932+0000] {dagbag.py:540} INFO - Filling up the DagBag from /home/airflow/.local/lib/python3.11/site-packages/airflow/example_dags/example_branch_python_dop_operator_3.py
[2024-02-29T05:33:08.943+0000] {processor.py:840} INFO - DAG(s) 'example_branch_dop_operator_v3' retrieved from /home/airflow/.local/lib/python3.11/site-packages/airflow/example_dags/example_branch_python_dop_operator_3.py
[2024-02-29T05:33:08.963+0000] {logging_mixin.py:188} INFO - [2024-02-29T05:33:08.963+0000] {dag.py:3047} INFO - Sync 1 DAGs
[2024-02-29T05:33:09.015+0000] {logging_mixin.py:188} INFO - [2024-02-29T05:33:09.004+0000] {dag.py:3834} INFO - Setting next_dagrun for example_branch_dop_operator_v3 to 2024-02-29 05:32:00+00:00, run_after=2024-02-29 05:33:00+00:00
[2024-02-29T05:33:09.040+0000] {processor.py:183} INFO - Processing /home/airflow/.local/lib/python3.11/site-packages/airflow/example_dags/example_branch_python_dop_operator_3.py took 0.114 seconds
[2024-02-29T05:33:39.218+0000] {processor.py:161} INFO - Started process (PID=237) to work on /home/airflow/.local/lib/python3.11/site-packages/airflow/example_dags/example_branch_python_dop_operator_3.py
[2024-02-29T05:33:39.219+0000] {processor.py:830} INFO - Processing file /home/airflow/.local/lib/python3.11/site-packages/airflow/example_dags/example_branch_python_dop_operator_3.py for tasks to queue
[2024-02-29T05:33:39.220+0000] {logging_mixin.py:188} INFO - [2024-02-29T05:33:39.220+0000] {dagbag.py:540} INFO - Filling up the DagBag from /home/airflow/.local/lib/python3.11/site-packages/airflow/example_dags/example_branch_python_dop_operator_3.py
[2024-02-29T05:33:39.230+0000] {processor.py:840} INFO - DAG(s) 'example_branch_dop_operator_v3' retrieved from /home/airflow/.local/lib/python3.11/site-packages/airflow/example_dags/example_branch_python_dop_operator_3.py
[2024-02-29T05:33:39.249+0000] {logging_mixin.py:188} INFO - [2024-02-29T05:33:39.249+0000] {dag.py:3047} INFO - Sync 1 DAGs
[2024-02-29T05:33:39.274+0000] {logging_mixin.py:188} INFO - [2024-02-29T05:33:39.274+0000] {dag.py:3834} INFO - Setting next_dagrun for example_branch_dop_operator_v3 to 2024-02-29 05:32:00+00:00, run_after=2024-02-29 05:33:00+00:00
[2024-02-29T05:33:39.295+0000] {processor.py:183} INFO - Processing /home/airflow/.local/lib/python3.11/site-packages/airflow/example_dags/example_branch_python_dop_operator_3.py took 0.080 seconds
[2024-02-29T05:34:09.781+0000] {processor.py:161} INFO - Started process (PID=299) to work on /home/airflow/.local/lib/python3.11/site-packages/airflow/example_dags/example_branch_python_dop_operator_3.py
[2024-02-29T05:34:09.782+0000] {processor.py:830} INFO - Processing file /home/airflow/.local/lib/python3.11/site-packages/airflow/example_dags/example_branch_python_dop_operator_3.py for tasks to queue
[2024-02-29T05:34:09.784+0000] {logging_mixin.py:188} INFO - [2024-02-29T05:34:09.784+0000] {dagbag.py:540} INFO - Filling up the DagBag from /home/airflow/.local/lib/python3.11/site-packages/airflow/example_dags/example_branch_python_dop_operator_3.py
[2024-02-29T05:34:09.794+0000] {processor.py:840} INFO - DAG(s) 'example_branch_dop_operator_v3' retrieved from /home/airflow/.local/lib/python3.11/site-packages/airflow/example_dags/example_branch_python_dop_operator_3.py
[2024-02-29T05:34:09.816+0000] {logging_mixin.py:188} INFO - [2024-02-29T05:34:09.816+0000] {dag.py:3047} INFO - Sync 1 DAGs
[2024-02-29T05:34:09.844+0000] {logging_mixin.py:188} INFO - [2024-02-29T05:34:09.843+0000] {dag.py:3834} INFO - Setting next_dagrun for example_branch_dop_operator_v3 to 2024-02-29 05:33:00+00:00, run_after=2024-02-29 05:34:00+00:00
[2024-02-29T05:34:09.864+0000] {processor.py:183} INFO - Processing /home/airflow/.local/lib/python3.11/site-packages/airflow/example_dags/example_branch_python_dop_operator_3.py took 0.086 seconds
[2024-02-29T05:34:40.772+0000] {processor.py:161} INFO - Started process (PID=362) to work on /home/airflow/.local/lib/python3.11/site-packages/airflow/example_dags/example_branch_python_dop_operator_3.py
[2024-02-29T05:34:40.773+0000] {processor.py:830} INFO - Processing file /home/airflow/.local/lib/python3.11/site-packages/airflow/example_dags/example_branch_python_dop_operator_3.py for tasks to queue
[2024-02-29T05:34:40.775+0000] {logging_mixin.py:188} INFO - [2024-02-29T05:34:40.775+0000] {dagbag.py:540} INFO - Filling up the DagBag from /home/airflow/.local/lib/python3.11/site-packages/airflow/example_dags/example_branch_python_dop_operator_3.py
[2024-02-29T05:34:40.786+0000] {processor.py:840} INFO - DAG(s) 'example_branch_dop_operator_v3' retrieved from /home/airflow/.local/lib/python3.11/site-packages/airflow/example_dags/example_branch_python_dop_operator_3.py
[2024-02-29T05:34:40.806+0000] {logging_mixin.py:188} INFO - [2024-02-29T05:34:40.806+0000] {dag.py:3047} INFO - Sync 1 DAGs
[2024-02-29T05:34:40.836+0000] {logging_mixin.py:188} INFO - [2024-02-29T05:34:40.836+0000] {dag.py:3834} INFO - Setting next_dagrun for example_branch_dop_operator_v3 to 2024-02-29 05:33:00+00:00, run_after=2024-02-29 05:34:00+00:00
[2024-02-29T05:34:40.856+0000] {processor.py:183} INFO - Processing /home/airflow/.local/lib/python3.11/site-packages/airflow/example_dags/example_branch_python_dop_operator_3.py took 0.087 seconds
[2024-02-29T05:35:11.256+0000] {processor.py:161} INFO - Started process (PID=424) to work on /home/airflow/.local/lib/python3.11/site-packages/airflow/example_dags/example_branch_python_dop_operator_3.py
[2024-02-29T05:35:11.257+0000] {processor.py:830} INFO - Processing file /home/airflow/.local/lib/python3.11/site-packages/airflow/example_dags/example_branch_python_dop_operator_3.py for tasks to queue
[2024-02-29T05:35:11.259+0000] {logging_mixin.py:188} INFO - [2024-02-29T05:35:11.259+0000] {dagbag.py:540} INFO - Filling up the DagBag from /home/airflow/.local/lib/python3.11/site-packages/airflow/example_dags/example_branch_python_dop_operator_3.py
[2024-02-29T05:35:11.299+0000] {processor.py:840} INFO - DAG(s) 'example_branch_dop_operator_v3' retrieved from /home/airflow/.local/lib/python3.11/site-packages/airflow/example_dags/example_branch_python_dop_operator_3.py
[2024-02-29T05:35:11.409+0000] {logging_mixin.py:188} INFO - [2024-02-29T05:35:11.409+0000] {dag.py:3047} INFO - Sync 1 DAGs
[2024-02-29T05:35:11.534+0000] {logging_mixin.py:188} INFO - [2024-02-29T05:35:11.534+0000] {dag.py:3834} INFO - Setting next_dagrun for example_branch_dop_operator_v3 to 2024-02-29 05:34:00+00:00, run_after=2024-02-29 05:35:00+00:00
[2024-02-29T05:35:11.640+0000] {processor.py:183} INFO - Processing /home/airflow/.local/lib/python3.11/site-packages/airflow/example_dags/example_branch_python_dop_operator_3.py took 0.411 seconds
[2024-02-29T05:35:41.726+0000] {processor.py:161} INFO - Started process (PID=488) to work on /home/airflow/.local/lib/python3.11/site-packages/airflow/example_dags/example_branch_python_dop_operator_3.py
[2024-02-29T05:35:41.727+0000] {processor.py:830} INFO - Processing file /home/airflow/.local/lib/python3.11/site-packages/airflow/example_dags/example_branch_python_dop_operator_3.py for tasks to queue
[2024-02-29T05:35:41.729+0000] {logging_mixin.py:188} INFO - [2024-02-29T05:35:41.729+0000] {dagbag.py:540} INFO - Filling up the DagBag from /home/airflow/.local/lib/python3.11/site-packages/airflow/example_dags/example_branch_python_dop_operator_3.py
[2024-02-29T05:35:41.749+0000] {processor.py:840} INFO - DAG(s) 'example_branch_dop_operator_v3' retrieved from /home/airflow/.local/lib/python3.11/site-packages/airflow/example_dags/example_branch_python_dop_operator_3.py
[2024-02-29T05:35:41.771+0000] {logging_mixin.py:188} INFO - [2024-02-29T05:35:41.771+0000] {dag.py:3047} INFO - Sync 1 DAGs
[2024-02-29T05:35:41.797+0000] {logging_mixin.py:188} INFO - [2024-02-29T05:35:41.797+0000] {dag.py:3834} INFO - Setting next_dagrun for example_branch_dop_operator_v3 to 2024-02-29 05:34:00+00:00, run_after=2024-02-29 05:35:00+00:00
[2024-02-29T05:35:41.817+0000] {processor.py:183} INFO - Processing /home/airflow/.local/lib/python3.11/site-packages/airflow/example_dags/example_branch_python_dop_operator_3.py took 0.095 seconds
[2024-02-29T05:36:12.328+0000] {processor.py:161} INFO - Started process (PID=549) to work on /home/airflow/.local/lib/python3.11/site-packages/airflow/example_dags/example_branch_python_dop_operator_3.py
[2024-02-29T05:36:12.332+0000] {processor.py:830} INFO - Processing file /home/airflow/.local/lib/python3.11/site-packages/airflow/example_dags/example_branch_python_dop_operator_3.py for tasks to queue
[2024-02-29T05:36:12.337+0000] {logging_mixin.py:188} INFO - [2024-02-29T05:36:12.336+0000] {dagbag.py:540} INFO - Filling up the DagBag from /home/airflow/.local/lib/python3.11/site-packages/airflow/example_dags/example_branch_python_dop_operator_3.py
[2024-02-29T05:36:12.382+0000] {processor.py:840} INFO - DAG(s) 'example_branch_dop_operator_v3' retrieved from /home/airflow/.local/lib/python3.11/site-packages/airflow/example_dags/example_branch_python_dop_operator_3.py
[2024-02-29T05:36:12.432+0000] {logging_mixin.py:188} INFO - [2024-02-29T05:36:12.432+0000] {dag.py:3047} INFO - Sync 1 DAGs
[2024-02-29T05:36:12.458+0000] {logging_mixin.py:188} INFO - [2024-02-29T05:36:12.458+0000] {dag.py:3834} INFO - Setting next_dagrun for example_branch_dop_operator_v3 to 2024-02-29 05:35:00+00:00, run_after=2024-02-29 05:36:00+00:00
[2024-02-29T05:36:12.477+0000] {processor.py:183} INFO - Processing /home/airflow/.local/lib/python3.11/site-packages/airflow/example_dags/example_branch_python_dop_operator_3.py took 0.151 seconds
[2024-02-29T05:36:42.588+0000] {processor.py:161} INFO - Started process (PID=608) to work on /home/airflow/.local/lib/python3.11/site-packages/airflow/example_dags/example_branch_python_dop_operator_3.py
[2024-02-29T05:36:42.589+0000] {processor.py:830} INFO - Processing file /home/airflow/.local/lib/python3.11/site-packages/airflow/example_dags/example_branch_python_dop_operator_3.py for tasks to queue
[2024-02-29T05:36:42.591+0000] {logging_mixin.py:188} INFO - [2024-02-29T05:36:42.590+0000] {dagbag.py:540} INFO - Filling up the DagBag from /home/airflow/.local/lib/python3.11/site-packages/airflow/example_dags/example_branch_python_dop_operator_3.py
[2024-02-29T05:36:42.598+0000] {processor.py:840} INFO - DAG(s) 'example_branch_dop_operator_v3' retrieved from /home/airflow/.local/lib/python3.11/site-packages/airflow/example_dags/example_branch_python_dop_operator_3.py
[2024-02-29T05:36:42.620+0000] {logging_mixin.py:188} INFO - [2024-02-29T05:36:42.619+0000] {dag.py:3047} INFO - Sync 1 DAGs
[2024-02-29T05:36:42.647+0000] {logging_mixin.py:188} INFO - [2024-02-29T05:36:42.647+0000] {dag.py:3834} INFO - Setting next_dagrun for example_branch_dop_operator_v3 to 2024-02-29 05:35:00+00:00, run_after=2024-02-29 05:36:00+00:00
[2024-02-29T05:36:42.667+0000] {processor.py:183} INFO - Processing /home/airflow/.local/lib/python3.11/site-packages/airflow/example_dags/example_branch_python_dop_operator_3.py took 0.082 seconds
[2024-02-29T05:37:12.749+0000] {processor.py:161} INFO - Started process (PID=667) to work on /home/airflow/.local/lib/python3.11/site-packages/airflow/example_dags/example_branch_python_dop_operator_3.py
[2024-02-29T05:37:12.750+0000] {processor.py:830} INFO - Processing file /home/airflow/.local/lib/python3.11/site-packages/airflow/example_dags/example_branch_python_dop_operator_3.py for tasks to queue
[2024-02-29T05:37:12.752+0000] {logging_mixin.py:188} INFO - [2024-02-29T05:37:12.752+0000] {dagbag.py:540} INFO - Filling up the DagBag from /home/airflow/.local/lib/python3.11/site-packages/airflow/example_dags/example_branch_python_dop_operator_3.py
[2024-02-29T05:37:12.763+0000] {processor.py:840} INFO - DAG(s) 'example_branch_dop_operator_v3' retrieved from /home/airflow/.local/lib/python3.11/site-packages/airflow/example_dags/example_branch_python_dop_operator_3.py
[2024-02-29T05:37:12.785+0000] {logging_mixin.py:188} INFO - [2024-02-29T05:37:12.785+0000] {dag.py:3047} INFO - Sync 1 DAGs
[2024-02-29T05:37:12.813+0000] {logging_mixin.py:188} INFO - [2024-02-29T05:37:12.813+0000] {dag.py:3834} INFO - Setting next_dagrun for example_branch_dop_operator_v3 to 2024-02-29 05:36:00+00:00, run_after=2024-02-29 05:37:00+00:00
[2024-02-29T05:37:12.835+0000] {processor.py:183} INFO - Processing /home/airflow/.local/lib/python3.11/site-packages/airflow/example_dags/example_branch_python_dop_operator_3.py took 0.092 seconds
[2024-02-29T05:37:43.471+0000] {processor.py:161} INFO - Started process (PID=722) to work on /home/airflow/.local/lib/python3.11/site-packages/airflow/example_dags/example_branch_python_dop_operator_3.py
[2024-02-29T05:37:43.472+0000] {processor.py:830} INFO - Processing file /home/airflow/.local/lib/python3.11/site-packages/airflow/example_dags/example_branch_python_dop_operator_3.py for tasks to queue
[2024-02-29T05:37:43.474+0000] {logging_mixin.py:188} INFO - [2024-02-29T05:37:43.474+0000] {dagbag.py:540} INFO - Filling up the DagBag from /home/airflow/.local/lib/python3.11/site-packages/airflow/example_dags/example_branch_python_dop_operator_3.py
[2024-02-29T05:37:43.484+0000] {processor.py:840} INFO - DAG(s) 'example_branch_dop_operator_v3' retrieved from /home/airflow/.local/lib/python3.11/site-packages/airflow/example_dags/example_branch_python_dop_operator_3.py
[2024-02-29T05:37:43.503+0000] {logging_mixin.py:188} INFO - [2024-02-29T05:37:43.503+0000] {dag.py:3047} INFO - Sync 1 DAGs
[2024-02-29T05:37:43.529+0000] {logging_mixin.py:188} INFO - [2024-02-29T05:37:43.529+0000] {dag.py:3834} INFO - Setting next_dagrun for example_branch_dop_operator_v3 to 2024-02-29 05:36:00+00:00, run_after=2024-02-29 05:37:00+00:00
[2024-02-29T05:37:43.552+0000] {processor.py:183} INFO - Processing /home/airflow/.local/lib/python3.11/site-packages/airflow/example_dags/example_branch_python_dop_operator_3.py took 0.087 seconds
[2024-02-29T05:38:13.727+0000] {processor.py:161} INFO - Started process (PID=779) to work on /home/airflow/.local/lib/python3.11/site-packages/airflow/example_dags/example_branch_python_dop_operator_3.py
[2024-02-29T05:38:13.728+0000] {processor.py:830} INFO - Processing file /home/airflow/.local/lib/python3.11/site-packages/airflow/example_dags/example_branch_python_dop_operator_3.py for tasks to queue
[2024-02-29T05:38:13.730+0000] {logging_mixin.py:188} INFO - [2024-02-29T05:38:13.730+0000] {dagbag.py:540} INFO - Filling up the DagBag from /home/airflow/.local/lib/python3.11/site-packages/airflow/example_dags/example_branch_python_dop_operator_3.py
[2024-02-29T05:38:13.742+0000] {processor.py:840} INFO - DAG(s) 'example_branch_dop_operator_v3' retrieved from /home/airflow/.local/lib/python3.11/site-packages/airflow/example_dags/example_branch_python_dop_operator_3.py
[2024-02-29T05:38:13.788+0000] {logging_mixin.py:188} INFO - [2024-02-29T05:38:13.788+0000] {dag.py:3047} INFO - Sync 1 DAGs
[2024-02-29T05:38:13.836+0000] {logging_mixin.py:188} INFO - [2024-02-29T05:38:13.836+0000] {dag.py:3834} INFO - Setting next_dagrun for example_branch_dop_operator_v3 to 2024-02-29 05:37:00+00:00, run_after=2024-02-29 05:38:00+00:00
[2024-02-29T05:38:13.878+0000] {processor.py:183} INFO - Processing /home/airflow/.local/lib/python3.11/site-packages/airflow/example_dags/example_branch_python_dop_operator_3.py took 0.155 seconds
[2024-02-29T05:38:44.053+0000] {processor.py:161} INFO - Started process (PID=835) to work on /home/airflow/.local/lib/python3.11/site-packages/airflow/example_dags/example_branch_python_dop_operator_3.py
[2024-02-29T05:38:44.054+0000] {processor.py:830} INFO - Processing file /home/airflow/.local/lib/python3.11/site-packages/airflow/example_dags/example_branch_python_dop_operator_3.py for tasks to queue
[2024-02-29T05:38:44.056+0000] {logging_mixin.py:188} INFO - [2024-02-29T05:38:44.056+0000] {dagbag.py:540} INFO - Filling up the DagBag from /home/airflow/.local/lib/python3.11/site-packages/airflow/example_dags/example_branch_python_dop_operator_3.py
[2024-02-29T05:38:44.065+0000] {processor.py:840} INFO - DAG(s) 'example_branch_dop_operator_v3' retrieved from /home/airflow/.local/lib/python3.11/site-packages/airflow/example_dags/example_branch_python_dop_operator_3.py
[2024-02-29T05:38:44.086+0000] {logging_mixin.py:188} INFO - [2024-02-29T05:38:44.086+0000] {dag.py:3047} INFO - Sync 1 DAGs
[2024-02-29T05:38:44.111+0000] {logging_mixin.py:188} INFO - [2024-02-29T05:38:44.111+0000] {dag.py:3834} INFO - Setting next_dagrun for example_branch_dop_operator_v3 to 2024-02-29 05:37:00+00:00, run_after=2024-02-29 05:38:00+00:00
[2024-02-29T05:38:44.131+0000] {processor.py:183} INFO - Processing /home/airflow/.local/lib/python3.11/site-packages/airflow/example_dags/example_branch_python_dop_operator_3.py took 0.081 seconds
[2024-02-29T05:39:14.284+0000] {processor.py:161} INFO - Started process (PID=891) to work on /home/airflow/.local/lib/python3.11/site-packages/airflow/example_dags/example_branch_python_dop_operator_3.py
[2024-02-29T05:39:14.285+0000] {processor.py:830} INFO - Processing file /home/airflow/.local/lib/python3.11/site-packages/airflow/example_dags/example_branch_python_dop_operator_3.py for tasks to queue
[2024-02-29T05:39:14.287+0000] {logging_mixin.py:188} INFO - [2024-02-29T05:39:14.286+0000] {dagbag.py:540} INFO - Filling up the DagBag from /home/airflow/.local/lib/python3.11/site-packages/airflow/example_dags/example_branch_python_dop_operator_3.py
[2024-02-29T05:39:14.302+0000] {processor.py:840} INFO - DAG(s) 'example_branch_dop_operator_v3' retrieved from /home/airflow/.local/lib/python3.11/site-packages/airflow/example_dags/example_branch_python_dop_operator_3.py
[2024-02-29T05:39:14.335+0000] {logging_mixin.py:188} INFO - [2024-02-29T05:39:14.335+0000] {dag.py:3047} INFO - Sync 1 DAGs
[2024-02-29T05:39:14.363+0000] {logging_mixin.py:188} INFO - [2024-02-29T05:39:14.363+0000] {dag.py:3834} INFO - Setting next_dagrun for example_branch_dop_operator_v3 to 2024-02-29 05:38:00+00:00, run_after=2024-02-29 05:39:00+00:00
[2024-02-29T05:39:14.382+0000] {processor.py:183} INFO - Processing /home/airflow/.local/lib/python3.11/site-packages/airflow/example_dags/example_branch_python_dop_operator_3.py took 0.109 seconds
[2024-02-29T05:39:44.639+0000] {processor.py:161} INFO - Started process (PID=950) to work on /home/airflow/.local/lib/python3.11/site-packages/airflow/example_dags/example_branch_python_dop_operator_3.py
[2024-02-29T05:39:44.640+0000] {processor.py:830} INFO - Processing file /home/airflow/.local/lib/python3.11/site-packages/airflow/example_dags/example_branch_python_dop_operator_3.py for tasks to queue
[2024-02-29T05:39:44.642+0000] {logging_mixin.py:188} INFO - [2024-02-29T05:39:44.642+0000] {dagbag.py:540} INFO - Filling up the DagBag from /home/airflow/.local/lib/python3.11/site-packages/airflow/example_dags/example_branch_python_dop_operator_3.py
[2024-02-29T05:39:44.652+0000] {processor.py:840} INFO - DAG(s) 'example_branch_dop_operator_v3' retrieved from /home/airflow/.local/lib/python3.11/site-packages/airflow/example_dags/example_branch_python_dop_operator_3.py
[2024-02-29T05:39:44.669+0000] {logging_mixin.py:188} INFO - [2024-02-29T05:39:44.669+0000] {dag.py:3047} INFO - Sync 1 DAGs
[2024-02-29T05:39:44.690+0000] {logging_mixin.py:188} INFO - [2024-02-29T05:39:44.690+0000] {dag.py:3834} INFO - Setting next_dagrun for example_branch_dop_operator_v3 to 2024-02-29 05:38:00+00:00, run_after=2024-02-29 05:39:00+00:00
[2024-02-29T05:39:44.714+0000] {processor.py:183} INFO - Processing /home/airflow/.local/lib/python3.11/site-packages/airflow/example_dags/example_branch_python_dop_operator_3.py took 0.078 seconds
[2024-02-29T05:40:15.782+0000] {processor.py:161} INFO - Started process (PID=1006) to work on /home/airflow/.local/lib/python3.11/site-packages/airflow/example_dags/example_branch_python_dop_operator_3.py
[2024-02-29T05:40:15.784+0000] {processor.py:830} INFO - Processing file /home/airflow/.local/lib/python3.11/site-packages/airflow/example_dags/example_branch_python_dop_operator_3.py for tasks to queue
[2024-02-29T05:40:15.805+0000] {logging_mixin.py:188} INFO - [2024-02-29T05:40:15.805+0000] {dagbag.py:540} INFO - Filling up the DagBag from /home/airflow/.local/lib/python3.11/site-packages/airflow/example_dags/example_branch_python_dop_operator_3.py
[2024-02-29T05:40:15.821+0000] {processor.py:840} INFO - DAG(s) 'example_branch_dop_operator_v3' retrieved from /home/airflow/.local/lib/python3.11/site-packages/airflow/example_dags/example_branch_python_dop_operator_3.py
[2024-02-29T05:40:15.889+0000] {logging_mixin.py:188} INFO - [2024-02-29T05:40:15.889+0000] {dag.py:3047} INFO - Sync 1 DAGs
[2024-02-29T05:40:15.959+0000] {logging_mixin.py:188} INFO - [2024-02-29T05:40:15.959+0000] {dag.py:3834} INFO - Setting next_dagrun for example_branch_dop_operator_v3 to 2024-02-29 05:39:00+00:00, run_after=2024-02-29 05:40:00+00:00
[2024-02-29T05:40:16.049+0000] {processor.py:183} INFO - Processing /home/airflow/.local/lib/python3.11/site-packages/airflow/example_dags/example_branch_python_dop_operator_3.py took 0.274 seconds
