[2024-02-29T05:32:22.319+0000] {processor.py:161} INFO - Started process (PID=77) to work on /home/airflow/.local/lib/python3.11/site-packages/airflow/example_dags/tutorial.py
[2024-02-29T05:32:22.329+0000] {processor.py:830} INFO - Processing file /home/airflow/.local/lib/python3.11/site-packages/airflow/example_dags/tutorial.py for tasks to queue
[2024-02-29T05:32:22.342+0000] {logging_mixin.py:188} INFO - [2024-02-29T05:32:22.342+0000] {dagbag.py:540} INFO - Filling up the DagBag from /home/airflow/.local/lib/python3.11/site-packages/airflow/example_dags/tutorial.py
[2024-02-29T05:32:22.392+0000] {processor.py:840} INFO - DAG(s) 'tutorial' retrieved from /home/airflow/.local/lib/python3.11/site-packages/airflow/example_dags/tutorial.py
[2024-02-29T05:32:23.690+0000] {logging_mixin.py:188} INFO - [2024-02-29T05:32:23.690+0000] {dag.py:3047} INFO - Sync 1 DAGs
[2024-02-29T05:32:23.834+0000] {logging_mixin.py:188} INFO - [2024-02-29T05:32:23.834+0000] {dag.py:3834} INFO - Setting next_dagrun for tutorial to 2024-02-28 00:00:00+00:00, run_after=2024-02-29 00:00:00+00:00
[2024-02-29T05:32:24.034+0000] {processor.py:183} INFO - Processing /home/airflow/.local/lib/python3.11/site-packages/airflow/example_dags/tutorial.py took 1.741 seconds
[2024-02-29T05:32:54.779+0000] {processor.py:161} INFO - Started process (PID=134) to work on /home/airflow/.local/lib/python3.11/site-packages/airflow/example_dags/tutorial.py
[2024-02-29T05:32:54.784+0000] {processor.py:830} INFO - Processing file /home/airflow/.local/lib/python3.11/site-packages/airflow/example_dags/tutorial.py for tasks to queue
[2024-02-29T05:32:54.797+0000] {logging_mixin.py:188} INFO - [2024-02-29T05:32:54.797+0000] {dagbag.py:540} INFO - Filling up the DagBag from /home/airflow/.local/lib/python3.11/site-packages/airflow/example_dags/tutorial.py
[2024-02-29T05:32:54.808+0000] {processor.py:840} INFO - DAG(s) 'tutorial' retrieved from /home/airflow/.local/lib/python3.11/site-packages/airflow/example_dags/tutorial.py
[2024-02-29T05:32:54.842+0000] {logging_mixin.py:188} INFO - [2024-02-29T05:32:54.842+0000] {dag.py:3047} INFO - Sync 1 DAGs
[2024-02-29T05:32:54.866+0000] {logging_mixin.py:188} INFO - [2024-02-29T05:32:54.865+0000] {dag.py:3834} INFO - Setting next_dagrun for tutorial to 2024-02-28 00:00:00+00:00, run_after=2024-02-29 00:00:00+00:00
[2024-02-29T05:32:54.898+0000] {processor.py:183} INFO - Processing /home/airflow/.local/lib/python3.11/site-packages/airflow/example_dags/tutorial.py took 0.122 seconds
[2024-02-29T05:33:25.685+0000] {processor.py:161} INFO - Started process (PID=197) to work on /home/airflow/.local/lib/python3.11/site-packages/airflow/example_dags/tutorial.py
[2024-02-29T05:33:25.685+0000] {processor.py:830} INFO - Processing file /home/airflow/.local/lib/python3.11/site-packages/airflow/example_dags/tutorial.py for tasks to queue
[2024-02-29T05:33:25.691+0000] {logging_mixin.py:188} INFO - [2024-02-29T05:33:25.690+0000] {dagbag.py:540} INFO - Filling up the DagBag from /home/airflow/.local/lib/python3.11/site-packages/airflow/example_dags/tutorial.py
[2024-02-29T05:33:25.714+0000] {processor.py:840} INFO - DAG(s) 'tutorial' retrieved from /home/airflow/.local/lib/python3.11/site-packages/airflow/example_dags/tutorial.py
[2024-02-29T05:33:25.770+0000] {logging_mixin.py:188} INFO - [2024-02-29T05:33:25.769+0000] {dag.py:3047} INFO - Sync 1 DAGs
[2024-02-29T05:33:25.826+0000] {logging_mixin.py:188} INFO - [2024-02-29T05:33:25.825+0000] {dag.py:3834} INFO - Setting next_dagrun for tutorial to 2024-02-28 00:00:00+00:00, run_after=2024-02-29 00:00:00+00:00
[2024-02-29T05:33:25.878+0000] {processor.py:183} INFO - Processing /home/airflow/.local/lib/python3.11/site-packages/airflow/example_dags/tutorial.py took 0.219 seconds
[2024-02-29T05:33:56.348+0000] {processor.py:161} INFO - Started process (PID=259) to work on /home/airflow/.local/lib/python3.11/site-packages/airflow/example_dags/tutorial.py
[2024-02-29T05:33:56.349+0000] {processor.py:830} INFO - Processing file /home/airflow/.local/lib/python3.11/site-packages/airflow/example_dags/tutorial.py for tasks to queue
[2024-02-29T05:33:56.350+0000] {logging_mixin.py:188} INFO - [2024-02-29T05:33:56.350+0000] {dagbag.py:540} INFO - Filling up the DagBag from /home/airflow/.local/lib/python3.11/site-packages/airflow/example_dags/tutorial.py
[2024-02-29T05:33:56.355+0000] {processor.py:840} INFO - DAG(s) 'tutorial' retrieved from /home/airflow/.local/lib/python3.11/site-packages/airflow/example_dags/tutorial.py
[2024-02-29T05:33:56.370+0000] {logging_mixin.py:188} INFO - [2024-02-29T05:33:56.370+0000] {dag.py:3047} INFO - Sync 1 DAGs
[2024-02-29T05:33:56.388+0000] {logging_mixin.py:188} INFO - [2024-02-29T05:33:56.388+0000] {dag.py:3834} INFO - Setting next_dagrun for tutorial to 2024-02-28 00:00:00+00:00, run_after=2024-02-29 00:00:00+00:00
[2024-02-29T05:33:56.407+0000] {processor.py:183} INFO - Processing /home/airflow/.local/lib/python3.11/site-packages/airflow/example_dags/tutorial.py took 0.062 seconds
[2024-02-29T05:34:27.069+0000] {processor.py:161} INFO - Started process (PID=320) to work on /home/airflow/.local/lib/python3.11/site-packages/airflow/example_dags/tutorial.py
[2024-02-29T05:34:27.070+0000] {processor.py:830} INFO - Processing file /home/airflow/.local/lib/python3.11/site-packages/airflow/example_dags/tutorial.py for tasks to queue
[2024-02-29T05:34:27.071+0000] {logging_mixin.py:188} INFO - [2024-02-29T05:34:27.071+0000] {dagbag.py:540} INFO - Filling up the DagBag from /home/airflow/.local/lib/python3.11/site-packages/airflow/example_dags/tutorial.py
[2024-02-29T05:34:27.077+0000] {processor.py:840} INFO - DAG(s) 'tutorial' retrieved from /home/airflow/.local/lib/python3.11/site-packages/airflow/example_dags/tutorial.py
[2024-02-29T05:34:27.092+0000] {logging_mixin.py:188} INFO - [2024-02-29T05:34:27.091+0000] {dag.py:3047} INFO - Sync 1 DAGs
[2024-02-29T05:34:27.107+0000] {logging_mixin.py:188} INFO - [2024-02-29T05:34:27.107+0000] {dag.py:3834} INFO - Setting next_dagrun for tutorial to 2024-02-28 00:00:00+00:00, run_after=2024-02-29 00:00:00+00:00
[2024-02-29T05:34:27.126+0000] {processor.py:183} INFO - Processing /home/airflow/.local/lib/python3.11/site-packages/airflow/example_dags/tutorial.py took 0.059 seconds
[2024-02-29T05:34:57.966+0000] {processor.py:161} INFO - Started process (PID=385) to work on /home/airflow/.local/lib/python3.11/site-packages/airflow/example_dags/tutorial.py
[2024-02-29T05:34:57.967+0000] {processor.py:830} INFO - Processing file /home/airflow/.local/lib/python3.11/site-packages/airflow/example_dags/tutorial.py for tasks to queue
[2024-02-29T05:34:57.969+0000] {logging_mixin.py:188} INFO - [2024-02-29T05:34:57.968+0000] {dagbag.py:540} INFO - Filling up the DagBag from /home/airflow/.local/lib/python3.11/site-packages/airflow/example_dags/tutorial.py
[2024-02-29T05:34:57.973+0000] {processor.py:840} INFO - DAG(s) 'tutorial' retrieved from /home/airflow/.local/lib/python3.11/site-packages/airflow/example_dags/tutorial.py
[2024-02-29T05:34:57.990+0000] {logging_mixin.py:188} INFO - [2024-02-29T05:34:57.990+0000] {dag.py:3047} INFO - Sync 1 DAGs
[2024-02-29T05:34:58.005+0000] {logging_mixin.py:188} INFO - [2024-02-29T05:34:58.005+0000] {dag.py:3834} INFO - Setting next_dagrun for tutorial to 2024-02-28 00:00:00+00:00, run_after=2024-02-29 00:00:00+00:00
[2024-02-29T05:34:58.023+0000] {processor.py:183} INFO - Processing /home/airflow/.local/lib/python3.11/site-packages/airflow/example_dags/tutorial.py took 0.059 seconds
[2024-02-29T05:35:28.744+0000] {processor.py:161} INFO - Started process (PID=447) to work on /home/airflow/.local/lib/python3.11/site-packages/airflow/example_dags/tutorial.py
[2024-02-29T05:35:28.744+0000] {processor.py:830} INFO - Processing file /home/airflow/.local/lib/python3.11/site-packages/airflow/example_dags/tutorial.py for tasks to queue
[2024-02-29T05:35:28.746+0000] {logging_mixin.py:188} INFO - [2024-02-29T05:35:28.746+0000] {dagbag.py:540} INFO - Filling up the DagBag from /home/airflow/.local/lib/python3.11/site-packages/airflow/example_dags/tutorial.py
[2024-02-29T05:35:28.751+0000] {processor.py:840} INFO - DAG(s) 'tutorial' retrieved from /home/airflow/.local/lib/python3.11/site-packages/airflow/example_dags/tutorial.py
[2024-02-29T05:35:28.771+0000] {logging_mixin.py:188} INFO - [2024-02-29T05:35:28.771+0000] {dag.py:3047} INFO - Sync 1 DAGs
[2024-02-29T05:35:28.792+0000] {logging_mixin.py:188} INFO - [2024-02-29T05:35:28.792+0000] {dag.py:3834} INFO - Setting next_dagrun for tutorial to 2024-02-28 00:00:00+00:00, run_after=2024-02-29 00:00:00+00:00
[2024-02-29T05:35:28.815+0000] {processor.py:183} INFO - Processing /home/airflow/.local/lib/python3.11/site-packages/airflow/example_dags/tutorial.py took 0.074 seconds
[2024-02-29T05:35:59.727+0000] {processor.py:161} INFO - Started process (PID=511) to work on /home/airflow/.local/lib/python3.11/site-packages/airflow/example_dags/tutorial.py
[2024-02-29T05:35:59.728+0000] {processor.py:830} INFO - Processing file /home/airflow/.local/lib/python3.11/site-packages/airflow/example_dags/tutorial.py for tasks to queue
[2024-02-29T05:35:59.730+0000] {logging_mixin.py:188} INFO - [2024-02-29T05:35:59.730+0000] {dagbag.py:540} INFO - Filling up the DagBag from /home/airflow/.local/lib/python3.11/site-packages/airflow/example_dags/tutorial.py
[2024-02-29T05:35:59.742+0000] {processor.py:840} INFO - DAG(s) 'tutorial' retrieved from /home/airflow/.local/lib/python3.11/site-packages/airflow/example_dags/tutorial.py
[2024-02-29T05:35:59.770+0000] {logging_mixin.py:188} INFO - [2024-02-29T05:35:59.770+0000] {dag.py:3047} INFO - Sync 1 DAGs
[2024-02-29T05:35:59.787+0000] {logging_mixin.py:188} INFO - [2024-02-29T05:35:59.787+0000] {dag.py:3834} INFO - Setting next_dagrun for tutorial to 2024-02-28 00:00:00+00:00, run_after=2024-02-29 00:00:00+00:00
[2024-02-29T05:35:59.804+0000] {processor.py:183} INFO - Processing /home/airflow/.local/lib/python3.11/site-packages/airflow/example_dags/tutorial.py took 0.081 seconds
[2024-02-29T05:36:29.936+0000] {processor.py:161} INFO - Started process (PID=569) to work on /home/airflow/.local/lib/python3.11/site-packages/airflow/example_dags/tutorial.py
[2024-02-29T05:36:29.937+0000] {processor.py:830} INFO - Processing file /home/airflow/.local/lib/python3.11/site-packages/airflow/example_dags/tutorial.py for tasks to queue
[2024-02-29T05:36:29.939+0000] {logging_mixin.py:188} INFO - [2024-02-29T05:36:29.939+0000] {dagbag.py:540} INFO - Filling up the DagBag from /home/airflow/.local/lib/python3.11/site-packages/airflow/example_dags/tutorial.py
[2024-02-29T05:36:29.945+0000] {processor.py:840} INFO - DAG(s) 'tutorial' retrieved from /home/airflow/.local/lib/python3.11/site-packages/airflow/example_dags/tutorial.py
[2024-02-29T05:36:29.963+0000] {logging_mixin.py:188} INFO - [2024-02-29T05:36:29.963+0000] {dag.py:3047} INFO - Sync 1 DAGs
[2024-02-29T05:36:29.979+0000] {logging_mixin.py:188} INFO - [2024-02-29T05:36:29.979+0000] {dag.py:3834} INFO - Setting next_dagrun for tutorial to 2024-02-28 00:00:00+00:00, run_after=2024-02-29 00:00:00+00:00
[2024-02-29T05:36:30.000+0000] {processor.py:183} INFO - Processing /home/airflow/.local/lib/python3.11/site-packages/airflow/example_dags/tutorial.py took 0.066 seconds
[2024-02-29T05:37:00.120+0000] {processor.py:161} INFO - Started process (PID=629) to work on /home/airflow/.local/lib/python3.11/site-packages/airflow/example_dags/tutorial.py
[2024-02-29T05:37:00.120+0000] {processor.py:830} INFO - Processing file /home/airflow/.local/lib/python3.11/site-packages/airflow/example_dags/tutorial.py for tasks to queue
[2024-02-29T05:37:00.122+0000] {logging_mixin.py:188} INFO - [2024-02-29T05:37:00.121+0000] {dagbag.py:540} INFO - Filling up the DagBag from /home/airflow/.local/lib/python3.11/site-packages/airflow/example_dags/tutorial.py
[2024-02-29T05:37:00.127+0000] {processor.py:840} INFO - DAG(s) 'tutorial' retrieved from /home/airflow/.local/lib/python3.11/site-packages/airflow/example_dags/tutorial.py
[2024-02-29T05:37:00.144+0000] {logging_mixin.py:188} INFO - [2024-02-29T05:37:00.143+0000] {dag.py:3047} INFO - Sync 1 DAGs
[2024-02-29T05:37:00.159+0000] {logging_mixin.py:188} INFO - [2024-02-29T05:37:00.159+0000] {dag.py:3834} INFO - Setting next_dagrun for tutorial to 2024-02-28 00:00:00+00:00, run_after=2024-02-29 00:00:00+00:00
[2024-02-29T05:37:00.179+0000] {processor.py:183} INFO - Processing /home/airflow/.local/lib/python3.11/site-packages/airflow/example_dags/tutorial.py took 0.062 seconds
[2024-02-29T05:37:30.923+0000] {processor.py:161} INFO - Started process (PID=685) to work on /home/airflow/.local/lib/python3.11/site-packages/airflow/example_dags/tutorial.py
[2024-02-29T05:37:30.924+0000] {processor.py:830} INFO - Processing file /home/airflow/.local/lib/python3.11/site-packages/airflow/example_dags/tutorial.py for tasks to queue
[2024-02-29T05:37:30.925+0000] {logging_mixin.py:188} INFO - [2024-02-29T05:37:30.925+0000] {dagbag.py:540} INFO - Filling up the DagBag from /home/airflow/.local/lib/python3.11/site-packages/airflow/example_dags/tutorial.py
[2024-02-29T05:37:30.930+0000] {processor.py:840} INFO - DAG(s) 'tutorial' retrieved from /home/airflow/.local/lib/python3.11/site-packages/airflow/example_dags/tutorial.py
[2024-02-29T05:37:30.946+0000] {logging_mixin.py:188} INFO - [2024-02-29T05:37:30.946+0000] {dag.py:3047} INFO - Sync 1 DAGs
[2024-02-29T05:37:30.963+0000] {logging_mixin.py:188} INFO - [2024-02-29T05:37:30.963+0000] {dag.py:3834} INFO - Setting next_dagrun for tutorial to 2024-02-28 00:00:00+00:00, run_after=2024-02-29 00:00:00+00:00
[2024-02-29T05:37:30.982+0000] {processor.py:183} INFO - Processing /home/airflow/.local/lib/python3.11/site-packages/airflow/example_dags/tutorial.py took 0.062 seconds
[2024-02-29T05:38:01.093+0000] {processor.py:161} INFO - Started process (PID=742) to work on /home/airflow/.local/lib/python3.11/site-packages/airflow/example_dags/tutorial.py
[2024-02-29T05:38:01.099+0000] {processor.py:830} INFO - Processing file /home/airflow/.local/lib/python3.11/site-packages/airflow/example_dags/tutorial.py for tasks to queue
[2024-02-29T05:38:01.104+0000] {logging_mixin.py:188} INFO - [2024-02-29T05:38:01.103+0000] {dagbag.py:540} INFO - Filling up the DagBag from /home/airflow/.local/lib/python3.11/site-packages/airflow/example_dags/tutorial.py
[2024-02-29T05:38:01.117+0000] {processor.py:840} INFO - DAG(s) 'tutorial' retrieved from /home/airflow/.local/lib/python3.11/site-packages/airflow/example_dags/tutorial.py
[2024-02-29T05:38:01.189+0000] {logging_mixin.py:188} INFO - [2024-02-29T05:38:01.188+0000] {dag.py:3047} INFO - Sync 1 DAGs
[2024-02-29T05:38:01.260+0000] {logging_mixin.py:188} INFO - [2024-02-29T05:38:01.259+0000] {dag.py:3834} INFO - Setting next_dagrun for tutorial to 2024-02-28 00:00:00+00:00, run_after=2024-02-29 00:00:00+00:00
[2024-02-29T05:38:01.314+0000] {processor.py:183} INFO - Processing /home/airflow/.local/lib/python3.11/site-packages/airflow/example_dags/tutorial.py took 0.226 seconds
[2024-02-29T05:38:31.763+0000] {processor.py:161} INFO - Started process (PID=799) to work on /home/airflow/.local/lib/python3.11/site-packages/airflow/example_dags/tutorial.py
[2024-02-29T05:38:31.773+0000] {processor.py:830} INFO - Processing file /home/airflow/.local/lib/python3.11/site-packages/airflow/example_dags/tutorial.py for tasks to queue
[2024-02-29T05:38:31.775+0000] {logging_mixin.py:188} INFO - [2024-02-29T05:38:31.774+0000] {dagbag.py:540} INFO - Filling up the DagBag from /home/airflow/.local/lib/python3.11/site-packages/airflow/example_dags/tutorial.py
[2024-02-29T05:38:31.784+0000] {processor.py:840} INFO - DAG(s) 'tutorial' retrieved from /home/airflow/.local/lib/python3.11/site-packages/airflow/example_dags/tutorial.py
[2024-02-29T05:38:31.837+0000] {logging_mixin.py:188} INFO - [2024-02-29T05:38:31.837+0000] {dag.py:3047} INFO - Sync 1 DAGs
[2024-02-29T05:38:31.888+0000] {logging_mixin.py:188} INFO - [2024-02-29T05:38:31.888+0000] {dag.py:3834} INFO - Setting next_dagrun for tutorial to 2024-02-28 00:00:00+00:00, run_after=2024-02-29 00:00:00+00:00
[2024-02-29T05:38:31.963+0000] {processor.py:183} INFO - Processing /home/airflow/.local/lib/python3.11/site-packages/airflow/example_dags/tutorial.py took 0.208 seconds
[2024-02-29T05:39:02.080+0000] {processor.py:161} INFO - Started process (PID=856) to work on /home/airflow/.local/lib/python3.11/site-packages/airflow/example_dags/tutorial.py
[2024-02-29T05:39:02.081+0000] {processor.py:830} INFO - Processing file /home/airflow/.local/lib/python3.11/site-packages/airflow/example_dags/tutorial.py for tasks to queue
[2024-02-29T05:39:02.083+0000] {logging_mixin.py:188} INFO - [2024-02-29T05:39:02.083+0000] {dagbag.py:540} INFO - Filling up the DagBag from /home/airflow/.local/lib/python3.11/site-packages/airflow/example_dags/tutorial.py
[2024-02-29T05:39:02.091+0000] {processor.py:840} INFO - DAG(s) 'tutorial' retrieved from /home/airflow/.local/lib/python3.11/site-packages/airflow/example_dags/tutorial.py
[2024-02-29T05:39:02.128+0000] {logging_mixin.py:188} INFO - [2024-02-29T05:39:02.127+0000] {dag.py:3047} INFO - Sync 1 DAGs
[2024-02-29T05:39:02.149+0000] {logging_mixin.py:188} INFO - [2024-02-29T05:39:02.149+0000] {dag.py:3834} INFO - Setting next_dagrun for tutorial to 2024-02-28 00:00:00+00:00, run_after=2024-02-29 00:00:00+00:00
[2024-02-29T05:39:02.177+0000] {processor.py:183} INFO - Processing /home/airflow/.local/lib/python3.11/site-packages/airflow/example_dags/tutorial.py took 0.099 seconds
[2024-02-29T05:39:32.597+0000] {processor.py:161} INFO - Started process (PID=913) to work on /home/airflow/.local/lib/python3.11/site-packages/airflow/example_dags/tutorial.py
[2024-02-29T05:39:32.601+0000] {processor.py:830} INFO - Processing file /home/airflow/.local/lib/python3.11/site-packages/airflow/example_dags/tutorial.py for tasks to queue
[2024-02-29T05:39:32.603+0000] {logging_mixin.py:188} INFO - [2024-02-29T05:39:32.603+0000] {dagbag.py:540} INFO - Filling up the DagBag from /home/airflow/.local/lib/python3.11/site-packages/airflow/example_dags/tutorial.py
[2024-02-29T05:39:32.610+0000] {processor.py:840} INFO - DAG(s) 'tutorial' retrieved from /home/airflow/.local/lib/python3.11/site-packages/airflow/example_dags/tutorial.py
[2024-02-29T05:39:32.630+0000] {logging_mixin.py:188} INFO - [2024-02-29T05:39:32.630+0000] {dag.py:3047} INFO - Sync 1 DAGs
[2024-02-29T05:39:32.653+0000] {logging_mixin.py:188} INFO - [2024-02-29T05:39:32.652+0000] {dag.py:3834} INFO - Setting next_dagrun for tutorial to 2024-02-28 00:00:00+00:00, run_after=2024-02-29 00:00:00+00:00
[2024-02-29T05:39:32.674+0000] {processor.py:183} INFO - Processing /home/airflow/.local/lib/python3.11/site-packages/airflow/example_dags/tutorial.py took 0.080 seconds
[2024-02-29T05:40:02.839+0000] {processor.py:161} INFO - Started process (PID=970) to work on /home/airflow/.local/lib/python3.11/site-packages/airflow/example_dags/tutorial.py
[2024-02-29T05:40:02.842+0000] {processor.py:830} INFO - Processing file /home/airflow/.local/lib/python3.11/site-packages/airflow/example_dags/tutorial.py for tasks to queue
[2024-02-29T05:40:02.844+0000] {logging_mixin.py:188} INFO - [2024-02-29T05:40:02.843+0000] {dagbag.py:540} INFO - Filling up the DagBag from /home/airflow/.local/lib/python3.11/site-packages/airflow/example_dags/tutorial.py
[2024-02-29T05:40:02.850+0000] {processor.py:840} INFO - DAG(s) 'tutorial' retrieved from /home/airflow/.local/lib/python3.11/site-packages/airflow/example_dags/tutorial.py
[2024-02-29T05:40:02.935+0000] {logging_mixin.py:188} INFO - [2024-02-29T05:40:02.934+0000] {dag.py:3047} INFO - Sync 1 DAGs
[2024-02-29T05:40:03.019+0000] {logging_mixin.py:188} INFO - [2024-02-29T05:40:03.019+0000] {dag.py:3834} INFO - Setting next_dagrun for tutorial to 2024-02-28 00:00:00+00:00, run_after=2024-02-29 00:00:00+00:00
[2024-02-29T05:40:03.068+0000] {processor.py:183} INFO - Processing /home/airflow/.local/lib/python3.11/site-packages/airflow/example_dags/tutorial.py took 0.232 seconds
