[2024-02-29T05:32:12.150+0000] {processor.py:161} INFO - Started process (PID=64) to work on /home/airflow/.local/lib/python3.11/site-packages/airflow/example_dags/tutorial_objectstorage.py
[2024-02-29T05:32:12.150+0000] {processor.py:830} INFO - Processing file /home/airflow/.local/lib/python3.11/site-packages/airflow/example_dags/tutorial_objectstorage.py for tasks to queue
[2024-02-29T05:32:12.165+0000] {logging_mixin.py:188} INFO - [2024-02-29T05:32:12.165+0000] {dagbag.py:540} INFO - Filling up the DagBag from /home/airflow/.local/lib/python3.11/site-packages/airflow/example_dags/tutorial_objectstorage.py
[2024-02-29T05:32:12.248+0000] {processor.py:840} INFO - DAG(s) 'tutorial_objectstorage' retrieved from /home/airflow/.local/lib/python3.11/site-packages/airflow/example_dags/tutorial_objectstorage.py
[2024-02-29T05:32:13.126+0000] {logging_mixin.py:188} INFO - [2024-02-29T05:32:13.126+0000] {dag.py:3047} INFO - Sync 1 DAGs
[2024-02-29T05:32:13.246+0000] {logging_mixin.py:188} INFO - [2024-02-29T05:32:13.246+0000] {dag.py:3834} INFO - Setting next_dagrun for tutorial_objectstorage to None, run_after=None
[2024-02-29T05:32:13.378+0000] {processor.py:183} INFO - Processing /home/airflow/.local/lib/python3.11/site-packages/airflow/example_dags/tutorial_objectstorage.py took 1.240 seconds
[2024-02-29T05:32:44.217+0000] {processor.py:161} INFO - Started process (PID=120) to work on /home/airflow/.local/lib/python3.11/site-packages/airflow/example_dags/tutorial_objectstorage.py
[2024-02-29T05:32:44.225+0000] {processor.py:830} INFO - Processing file /home/airflow/.local/lib/python3.11/site-packages/airflow/example_dags/tutorial_objectstorage.py for tasks to queue
[2024-02-29T05:32:44.226+0000] {logging_mixin.py:188} INFO - [2024-02-29T05:32:44.226+0000] {dagbag.py:540} INFO - Filling up the DagBag from /home/airflow/.local/lib/python3.11/site-packages/airflow/example_dags/tutorial_objectstorage.py
[2024-02-29T05:32:44.242+0000] {processor.py:840} INFO - DAG(s) 'tutorial_objectstorage' retrieved from /home/airflow/.local/lib/python3.11/site-packages/airflow/example_dags/tutorial_objectstorage.py
[2024-02-29T05:32:44.274+0000] {logging_mixin.py:188} INFO - [2024-02-29T05:32:44.274+0000] {dag.py:3047} INFO - Sync 1 DAGs
[2024-02-29T05:32:44.301+0000] {logging_mixin.py:188} INFO - [2024-02-29T05:32:44.301+0000] {dag.py:3834} INFO - Setting next_dagrun for tutorial_objectstorage to None, run_after=None
[2024-02-29T05:32:44.348+0000] {processor.py:183} INFO - Processing /home/airflow/.local/lib/python3.11/site-packages/airflow/example_dags/tutorial_objectstorage.py took 0.133 seconds
[2024-02-29T05:33:14.421+0000] {processor.py:161} INFO - Started process (PID=181) to work on /home/airflow/.local/lib/python3.11/site-packages/airflow/example_dags/tutorial_objectstorage.py
[2024-02-29T05:33:14.424+0000] {processor.py:830} INFO - Processing file /home/airflow/.local/lib/python3.11/site-packages/airflow/example_dags/tutorial_objectstorage.py for tasks to queue
[2024-02-29T05:33:14.426+0000] {logging_mixin.py:188} INFO - [2024-02-29T05:33:14.425+0000] {dagbag.py:540} INFO - Filling up the DagBag from /home/airflow/.local/lib/python3.11/site-packages/airflow/example_dags/tutorial_objectstorage.py
[2024-02-29T05:33:14.433+0000] {processor.py:840} INFO - DAG(s) 'tutorial_objectstorage' retrieved from /home/airflow/.local/lib/python3.11/site-packages/airflow/example_dags/tutorial_objectstorage.py
[2024-02-29T05:33:14.454+0000] {logging_mixin.py:188} INFO - [2024-02-29T05:33:14.454+0000] {dag.py:3047} INFO - Sync 1 DAGs
[2024-02-29T05:33:14.468+0000] {logging_mixin.py:188} INFO - [2024-02-29T05:33:14.468+0000] {dag.py:3834} INFO - Setting next_dagrun for tutorial_objectstorage to None, run_after=None
[2024-02-29T05:33:14.490+0000] {processor.py:183} INFO - Processing /home/airflow/.local/lib/python3.11/site-packages/airflow/example_dags/tutorial_objectstorage.py took 0.074 seconds
[2024-02-29T05:33:44.658+0000] {processor.py:161} INFO - Started process (PID=244) to work on /home/airflow/.local/lib/python3.11/site-packages/airflow/example_dags/tutorial_objectstorage.py
[2024-02-29T05:33:44.659+0000] {processor.py:830} INFO - Processing file /home/airflow/.local/lib/python3.11/site-packages/airflow/example_dags/tutorial_objectstorage.py for tasks to queue
[2024-02-29T05:33:44.661+0000] {logging_mixin.py:188} INFO - [2024-02-29T05:33:44.660+0000] {dagbag.py:540} INFO - Filling up the DagBag from /home/airflow/.local/lib/python3.11/site-packages/airflow/example_dags/tutorial_objectstorage.py
[2024-02-29T05:33:44.668+0000] {processor.py:840} INFO - DAG(s) 'tutorial_objectstorage' retrieved from /home/airflow/.local/lib/python3.11/site-packages/airflow/example_dags/tutorial_objectstorage.py
[2024-02-29T05:33:44.689+0000] {logging_mixin.py:188} INFO - [2024-02-29T05:33:44.689+0000] {dag.py:3047} INFO - Sync 1 DAGs
[2024-02-29T05:33:44.703+0000] {logging_mixin.py:188} INFO - [2024-02-29T05:33:44.702+0000] {dag.py:3834} INFO - Setting next_dagrun for tutorial_objectstorage to None, run_after=None
[2024-02-29T05:33:44.730+0000] {processor.py:183} INFO - Processing /home/airflow/.local/lib/python3.11/site-packages/airflow/example_dags/tutorial_objectstorage.py took 0.076 seconds
[2024-02-29T05:34:15.277+0000] {processor.py:161} INFO - Started process (PID=305) to work on /home/airflow/.local/lib/python3.11/site-packages/airflow/example_dags/tutorial_objectstorage.py
[2024-02-29T05:34:15.278+0000] {processor.py:830} INFO - Processing file /home/airflow/.local/lib/python3.11/site-packages/airflow/example_dags/tutorial_objectstorage.py for tasks to queue
[2024-02-29T05:34:15.280+0000] {logging_mixin.py:188} INFO - [2024-02-29T05:34:15.279+0000] {dagbag.py:540} INFO - Filling up the DagBag from /home/airflow/.local/lib/python3.11/site-packages/airflow/example_dags/tutorial_objectstorage.py
[2024-02-29T05:34:15.287+0000] {processor.py:840} INFO - DAG(s) 'tutorial_objectstorage' retrieved from /home/airflow/.local/lib/python3.11/site-packages/airflow/example_dags/tutorial_objectstorage.py
[2024-02-29T05:34:15.317+0000] {logging_mixin.py:188} INFO - [2024-02-29T05:34:15.317+0000] {dag.py:3047} INFO - Sync 1 DAGs
[2024-02-29T05:34:15.333+0000] {logging_mixin.py:188} INFO - [2024-02-29T05:34:15.333+0000] {dag.py:3834} INFO - Setting next_dagrun for tutorial_objectstorage to None, run_after=None
[2024-02-29T05:34:15.356+0000] {processor.py:183} INFO - Processing /home/airflow/.local/lib/python3.11/site-packages/airflow/example_dags/tutorial_objectstorage.py took 0.082 seconds
[2024-02-29T05:34:46.073+0000] {processor.py:161} INFO - Started process (PID=368) to work on /home/airflow/.local/lib/python3.11/site-packages/airflow/example_dags/tutorial_objectstorage.py
[2024-02-29T05:34:46.074+0000] {processor.py:830} INFO - Processing file /home/airflow/.local/lib/python3.11/site-packages/airflow/example_dags/tutorial_objectstorage.py for tasks to queue
[2024-02-29T05:34:46.076+0000] {logging_mixin.py:188} INFO - [2024-02-29T05:34:46.075+0000] {dagbag.py:540} INFO - Filling up the DagBag from /home/airflow/.local/lib/python3.11/site-packages/airflow/example_dags/tutorial_objectstorage.py
[2024-02-29T05:34:46.082+0000] {processor.py:840} INFO - DAG(s) 'tutorial_objectstorage' retrieved from /home/airflow/.local/lib/python3.11/site-packages/airflow/example_dags/tutorial_objectstorage.py
[2024-02-29T05:34:46.104+0000] {logging_mixin.py:188} INFO - [2024-02-29T05:34:46.104+0000] {dag.py:3047} INFO - Sync 1 DAGs
[2024-02-29T05:34:46.116+0000] {logging_mixin.py:188} INFO - [2024-02-29T05:34:46.116+0000] {dag.py:3834} INFO - Setting next_dagrun for tutorial_objectstorage to None, run_after=None
[2024-02-29T05:34:46.141+0000] {processor.py:183} INFO - Processing /home/airflow/.local/lib/python3.11/site-packages/airflow/example_dags/tutorial_objectstorage.py took 0.071 seconds
[2024-02-29T05:35:16.848+0000] {processor.py:161} INFO - Started process (PID=429) to work on /home/airflow/.local/lib/python3.11/site-packages/airflow/example_dags/tutorial_objectstorage.py
[2024-02-29T05:35:16.849+0000] {processor.py:830} INFO - Processing file /home/airflow/.local/lib/python3.11/site-packages/airflow/example_dags/tutorial_objectstorage.py for tasks to queue
[2024-02-29T05:35:16.851+0000] {logging_mixin.py:188} INFO - [2024-02-29T05:35:16.850+0000] {dagbag.py:540} INFO - Filling up the DagBag from /home/airflow/.local/lib/python3.11/site-packages/airflow/example_dags/tutorial_objectstorage.py
[2024-02-29T05:35:16.857+0000] {processor.py:840} INFO - DAG(s) 'tutorial_objectstorage' retrieved from /home/airflow/.local/lib/python3.11/site-packages/airflow/example_dags/tutorial_objectstorage.py
[2024-02-29T05:35:16.877+0000] {logging_mixin.py:188} INFO - [2024-02-29T05:35:16.877+0000] {dag.py:3047} INFO - Sync 1 DAGs
[2024-02-29T05:35:16.892+0000] {logging_mixin.py:188} INFO - [2024-02-29T05:35:16.892+0000] {dag.py:3834} INFO - Setting next_dagrun for tutorial_objectstorage to None, run_after=None
[2024-02-29T05:35:16.917+0000] {processor.py:183} INFO - Processing /home/airflow/.local/lib/python3.11/site-packages/airflow/example_dags/tutorial_objectstorage.py took 0.072 seconds
[2024-02-29T05:35:47.687+0000] {processor.py:161} INFO - Started process (PID=494) to work on /home/airflow/.local/lib/python3.11/site-packages/airflow/example_dags/tutorial_objectstorage.py
[2024-02-29T05:35:47.691+0000] {processor.py:830} INFO - Processing file /home/airflow/.local/lib/python3.11/site-packages/airflow/example_dags/tutorial_objectstorage.py for tasks to queue
[2024-02-29T05:35:47.694+0000] {logging_mixin.py:188} INFO - [2024-02-29T05:35:47.694+0000] {dagbag.py:540} INFO - Filling up the DagBag from /home/airflow/.local/lib/python3.11/site-packages/airflow/example_dags/tutorial_objectstorage.py
[2024-02-29T05:35:47.707+0000] {processor.py:840} INFO - DAG(s) 'tutorial_objectstorage' retrieved from /home/airflow/.local/lib/python3.11/site-packages/airflow/example_dags/tutorial_objectstorage.py
[2024-02-29T05:35:47.747+0000] {logging_mixin.py:188} INFO - [2024-02-29T05:35:47.747+0000] {dag.py:3047} INFO - Sync 1 DAGs
[2024-02-29T05:35:47.773+0000] {logging_mixin.py:188} INFO - [2024-02-29T05:35:47.772+0000] {dag.py:3834} INFO - Setting next_dagrun for tutorial_objectstorage to None, run_after=None
[2024-02-29T05:35:47.809+0000] {processor.py:183} INFO - Processing /home/airflow/.local/lib/python3.11/site-packages/airflow/example_dags/tutorial_objectstorage.py took 0.128 seconds
[2024-02-29T05:36:17.887+0000] {processor.py:161} INFO - Started process (PID=554) to work on /home/airflow/.local/lib/python3.11/site-packages/airflow/example_dags/tutorial_objectstorage.py
[2024-02-29T05:36:17.899+0000] {processor.py:830} INFO - Processing file /home/airflow/.local/lib/python3.11/site-packages/airflow/example_dags/tutorial_objectstorage.py for tasks to queue
[2024-02-29T05:36:17.902+0000] {logging_mixin.py:188} INFO - [2024-02-29T05:36:17.901+0000] {dagbag.py:540} INFO - Filling up the DagBag from /home/airflow/.local/lib/python3.11/site-packages/airflow/example_dags/tutorial_objectstorage.py
[2024-02-29T05:36:17.915+0000] {processor.py:840} INFO - DAG(s) 'tutorial_objectstorage' retrieved from /home/airflow/.local/lib/python3.11/site-packages/airflow/example_dags/tutorial_objectstorage.py
[2024-02-29T05:36:17.985+0000] {logging_mixin.py:188} INFO - [2024-02-29T05:36:17.985+0000] {dag.py:3047} INFO - Sync 1 DAGs
[2024-02-29T05:36:18.027+0000] {logging_mixin.py:188} INFO - [2024-02-29T05:36:18.027+0000] {dag.py:3834} INFO - Setting next_dagrun for tutorial_objectstorage to None, run_after=None
[2024-02-29T05:36:18.076+0000] {processor.py:183} INFO - Processing /home/airflow/.local/lib/python3.11/site-packages/airflow/example_dags/tutorial_objectstorage.py took 0.193 seconds
[2024-02-29T05:36:48.788+0000] {processor.py:161} INFO - Started process (PID=614) to work on /home/airflow/.local/lib/python3.11/site-packages/airflow/example_dags/tutorial_objectstorage.py
[2024-02-29T05:36:48.793+0000] {processor.py:830} INFO - Processing file /home/airflow/.local/lib/python3.11/site-packages/airflow/example_dags/tutorial_objectstorage.py for tasks to queue
[2024-02-29T05:36:48.795+0000] {logging_mixin.py:188} INFO - [2024-02-29T05:36:48.794+0000] {dagbag.py:540} INFO - Filling up the DagBag from /home/airflow/.local/lib/python3.11/site-packages/airflow/example_dags/tutorial_objectstorage.py
[2024-02-29T05:36:48.820+0000] {processor.py:840} INFO - DAG(s) 'tutorial_objectstorage' retrieved from /home/airflow/.local/lib/python3.11/site-packages/airflow/example_dags/tutorial_objectstorage.py
[2024-02-29T05:36:48.842+0000] {logging_mixin.py:188} INFO - [2024-02-29T05:36:48.841+0000] {dag.py:3047} INFO - Sync 1 DAGs
[2024-02-29T05:36:48.859+0000] {logging_mixin.py:188} INFO - [2024-02-29T05:36:48.859+0000] {dag.py:3834} INFO - Setting next_dagrun for tutorial_objectstorage to None, run_after=None
[2024-02-29T05:36:48.881+0000] {processor.py:183} INFO - Processing /home/airflow/.local/lib/python3.11/site-packages/airflow/example_dags/tutorial_objectstorage.py took 0.096 seconds
[2024-02-29T05:37:19.023+0000] {processor.py:161} INFO - Started process (PID=672) to work on /home/airflow/.local/lib/python3.11/site-packages/airflow/example_dags/tutorial_objectstorage.py
[2024-02-29T05:37:19.024+0000] {processor.py:830} INFO - Processing file /home/airflow/.local/lib/python3.11/site-packages/airflow/example_dags/tutorial_objectstorage.py for tasks to queue
[2024-02-29T05:37:19.026+0000] {logging_mixin.py:188} INFO - [2024-02-29T05:37:19.026+0000] {dagbag.py:540} INFO - Filling up the DagBag from /home/airflow/.local/lib/python3.11/site-packages/airflow/example_dags/tutorial_objectstorage.py
[2024-02-29T05:37:19.034+0000] {processor.py:840} INFO - DAG(s) 'tutorial_objectstorage' retrieved from /home/airflow/.local/lib/python3.11/site-packages/airflow/example_dags/tutorial_objectstorage.py
[2024-02-29T05:37:19.054+0000] {logging_mixin.py:188} INFO - [2024-02-29T05:37:19.054+0000] {dag.py:3047} INFO - Sync 1 DAGs
[2024-02-29T05:37:19.067+0000] {logging_mixin.py:188} INFO - [2024-02-29T05:37:19.066+0000] {dag.py:3834} INFO - Setting next_dagrun for tutorial_objectstorage to None, run_after=None
[2024-02-29T05:37:19.091+0000] {processor.py:183} INFO - Processing /home/airflow/.local/lib/python3.11/site-packages/airflow/example_dags/tutorial_objectstorage.py took 0.070 seconds
[2024-02-29T05:37:49.781+0000] {processor.py:161} INFO - Started process (PID=729) to work on /home/airflow/.local/lib/python3.11/site-packages/airflow/example_dags/tutorial_objectstorage.py
[2024-02-29T05:37:49.782+0000] {processor.py:830} INFO - Processing file /home/airflow/.local/lib/python3.11/site-packages/airflow/example_dags/tutorial_objectstorage.py for tasks to queue
[2024-02-29T05:37:49.783+0000] {logging_mixin.py:188} INFO - [2024-02-29T05:37:49.783+0000] {dagbag.py:540} INFO - Filling up the DagBag from /home/airflow/.local/lib/python3.11/site-packages/airflow/example_dags/tutorial_objectstorage.py
[2024-02-29T05:37:49.790+0000] {processor.py:840} INFO - DAG(s) 'tutorial_objectstorage' retrieved from /home/airflow/.local/lib/python3.11/site-packages/airflow/example_dags/tutorial_objectstorage.py
[2024-02-29T05:37:49.813+0000] {logging_mixin.py:188} INFO - [2024-02-29T05:37:49.812+0000] {dag.py:3047} INFO - Sync 1 DAGs
[2024-02-29T05:37:49.828+0000] {logging_mixin.py:188} INFO - [2024-02-29T05:37:49.827+0000] {dag.py:3834} INFO - Setting next_dagrun for tutorial_objectstorage to None, run_after=None
[2024-02-29T05:37:49.853+0000] {processor.py:183} INFO - Processing /home/airflow/.local/lib/python3.11/site-packages/airflow/example_dags/tutorial_objectstorage.py took 0.075 seconds
[2024-02-29T05:38:20.076+0000] {processor.py:161} INFO - Started process (PID=786) to work on /home/airflow/.local/lib/python3.11/site-packages/airflow/example_dags/tutorial_objectstorage.py
[2024-02-29T05:38:20.077+0000] {processor.py:830} INFO - Processing file /home/airflow/.local/lib/python3.11/site-packages/airflow/example_dags/tutorial_objectstorage.py for tasks to queue
[2024-02-29T05:38:20.079+0000] {logging_mixin.py:188} INFO - [2024-02-29T05:38:20.079+0000] {dagbag.py:540} INFO - Filling up the DagBag from /home/airflow/.local/lib/python3.11/site-packages/airflow/example_dags/tutorial_objectstorage.py
[2024-02-29T05:38:20.086+0000] {processor.py:840} INFO - DAG(s) 'tutorial_objectstorage' retrieved from /home/airflow/.local/lib/python3.11/site-packages/airflow/example_dags/tutorial_objectstorage.py
[2024-02-29T05:38:20.108+0000] {logging_mixin.py:188} INFO - [2024-02-29T05:38:20.108+0000] {dag.py:3047} INFO - Sync 1 DAGs
[2024-02-29T05:38:20.121+0000] {logging_mixin.py:188} INFO - [2024-02-29T05:38:20.121+0000] {dag.py:3834} INFO - Setting next_dagrun for tutorial_objectstorage to None, run_after=None
[2024-02-29T05:38:20.153+0000] {processor.py:183} INFO - Processing /home/airflow/.local/lib/python3.11/site-packages/airflow/example_dags/tutorial_objectstorage.py took 0.079 seconds
[2024-02-29T05:38:50.420+0000] {processor.py:161} INFO - Started process (PID=843) to work on /home/airflow/.local/lib/python3.11/site-packages/airflow/example_dags/tutorial_objectstorage.py
[2024-02-29T05:38:50.421+0000] {processor.py:830} INFO - Processing file /home/airflow/.local/lib/python3.11/site-packages/airflow/example_dags/tutorial_objectstorage.py for tasks to queue
[2024-02-29T05:38:50.423+0000] {logging_mixin.py:188} INFO - [2024-02-29T05:38:50.423+0000] {dagbag.py:540} INFO - Filling up the DagBag from /home/airflow/.local/lib/python3.11/site-packages/airflow/example_dags/tutorial_objectstorage.py
[2024-02-29T05:38:50.430+0000] {processor.py:840} INFO - DAG(s) 'tutorial_objectstorage' retrieved from /home/airflow/.local/lib/python3.11/site-packages/airflow/example_dags/tutorial_objectstorage.py
[2024-02-29T05:38:50.451+0000] {logging_mixin.py:188} INFO - [2024-02-29T05:38:50.451+0000] {dag.py:3047} INFO - Sync 1 DAGs
[2024-02-29T05:38:50.464+0000] {logging_mixin.py:188} INFO - [2024-02-29T05:38:50.464+0000] {dag.py:3834} INFO - Setting next_dagrun for tutorial_objectstorage to None, run_after=None
[2024-02-29T05:38:50.487+0000] {processor.py:183} INFO - Processing /home/airflow/.local/lib/python3.11/site-packages/airflow/example_dags/tutorial_objectstorage.py took 0.070 seconds
[2024-02-29T05:39:20.709+0000] {processor.py:161} INFO - Started process (PID=900) to work on /home/airflow/.local/lib/python3.11/site-packages/airflow/example_dags/tutorial_objectstorage.py
[2024-02-29T05:39:20.730+0000] {processor.py:830} INFO - Processing file /home/airflow/.local/lib/python3.11/site-packages/airflow/example_dags/tutorial_objectstorage.py for tasks to queue
[2024-02-29T05:39:20.741+0000] {logging_mixin.py:188} INFO - [2024-02-29T05:39:20.740+0000] {dagbag.py:540} INFO - Filling up the DagBag from /home/airflow/.local/lib/python3.11/site-packages/airflow/example_dags/tutorial_objectstorage.py
[2024-02-29T05:39:20.750+0000] {processor.py:840} INFO - DAG(s) 'tutorial_objectstorage' retrieved from /home/airflow/.local/lib/python3.11/site-packages/airflow/example_dags/tutorial_objectstorage.py
[2024-02-29T05:39:20.805+0000] {logging_mixin.py:188} INFO - [2024-02-29T05:39:20.805+0000] {dag.py:3047} INFO - Sync 1 DAGs
[2024-02-29T05:39:20.831+0000] {logging_mixin.py:188} INFO - [2024-02-29T05:39:20.831+0000] {dag.py:3834} INFO - Setting next_dagrun for tutorial_objectstorage to None, run_after=None
[2024-02-29T05:39:20.927+0000] {processor.py:183} INFO - Processing /home/airflow/.local/lib/python3.11/site-packages/airflow/example_dags/tutorial_objectstorage.py took 0.221 seconds
[2024-02-29T05:39:50.986+0000] {processor.py:161} INFO - Started process (PID=957) to work on /home/airflow/.local/lib/python3.11/site-packages/airflow/example_dags/tutorial_objectstorage.py
[2024-02-29T05:39:50.986+0000] {processor.py:830} INFO - Processing file /home/airflow/.local/lib/python3.11/site-packages/airflow/example_dags/tutorial_objectstorage.py for tasks to queue
[2024-02-29T05:39:50.988+0000] {logging_mixin.py:188} INFO - [2024-02-29T05:39:50.988+0000] {dagbag.py:540} INFO - Filling up the DagBag from /home/airflow/.local/lib/python3.11/site-packages/airflow/example_dags/tutorial_objectstorage.py
[2024-02-29T05:39:50.993+0000] {processor.py:840} INFO - DAG(s) 'tutorial_objectstorage' retrieved from /home/airflow/.local/lib/python3.11/site-packages/airflow/example_dags/tutorial_objectstorage.py
[2024-02-29T05:39:51.008+0000] {logging_mixin.py:188} INFO - [2024-02-29T05:39:51.007+0000] {dag.py:3047} INFO - Sync 1 DAGs
[2024-02-29T05:39:51.018+0000] {logging_mixin.py:188} INFO - [2024-02-29T05:39:51.018+0000] {dag.py:3834} INFO - Setting next_dagrun for tutorial_objectstorage to None, run_after=None
[2024-02-29T05:39:51.038+0000] {processor.py:183} INFO - Processing /home/airflow/.local/lib/python3.11/site-packages/airflow/example_dags/tutorial_objectstorage.py took 0.054 seconds
