[2024-02-29T05:32:16.542+0000] {processor.py:161} INFO - Started process (PID=71) to work on /home/airflow/.local/lib/python3.11/site-packages/airflow/example_dags/tutorial_taskflow_api_virtualenv.py
[2024-02-29T05:32:16.550+0000] {processor.py:830} INFO - Processing file /home/airflow/.local/lib/python3.11/site-packages/airflow/example_dags/tutorial_taskflow_api_virtualenv.py for tasks to queue
[2024-02-29T05:32:16.559+0000] {logging_mixin.py:188} INFO - [2024-02-29T05:32:16.559+0000] {dagbag.py:540} INFO - Filling up the DagBag from /home/airflow/.local/lib/python3.11/site-packages/airflow/example_dags/tutorial_taskflow_api_virtualenv.py
[2024-02-29T05:32:16.611+0000] {processor.py:840} INFO - DAG(s) 'tutorial_taskflow_api_virtualenv' retrieved from /home/airflow/.local/lib/python3.11/site-packages/airflow/example_dags/tutorial_taskflow_api_virtualenv.py
[2024-02-29T05:32:17.698+0000] {logging_mixin.py:188} INFO - [2024-02-29T05:32:17.698+0000] {dag.py:3047} INFO - Sync 1 DAGs
[2024-02-29T05:32:17.746+0000] {logging_mixin.py:188} INFO - [2024-02-29T05:32:17.745+0000] {dag.py:3834} INFO - Setting next_dagrun for tutorial_taskflow_api_virtualenv to None, run_after=None
[2024-02-29T05:32:17.930+0000] {processor.py:183} INFO - Processing /home/airflow/.local/lib/python3.11/site-packages/airflow/example_dags/tutorial_taskflow_api_virtualenv.py took 1.403 seconds
[2024-02-29T05:32:48.978+0000] {processor.py:161} INFO - Started process (PID=128) to work on /home/airflow/.local/lib/python3.11/site-packages/airflow/example_dags/tutorial_taskflow_api_virtualenv.py
[2024-02-29T05:32:48.982+0000] {processor.py:830} INFO - Processing file /home/airflow/.local/lib/python3.11/site-packages/airflow/example_dags/tutorial_taskflow_api_virtualenv.py for tasks to queue
[2024-02-29T05:32:48.984+0000] {logging_mixin.py:188} INFO - [2024-02-29T05:32:48.983+0000] {dagbag.py:540} INFO - Filling up the DagBag from /home/airflow/.local/lib/python3.11/site-packages/airflow/example_dags/tutorial_taskflow_api_virtualenv.py
[2024-02-29T05:32:48.993+0000] {processor.py:840} INFO - DAG(s) 'tutorial_taskflow_api_virtualenv' retrieved from /home/airflow/.local/lib/python3.11/site-packages/airflow/example_dags/tutorial_taskflow_api_virtualenv.py
[2024-02-29T05:32:49.007+0000] {logging_mixin.py:188} INFO - [2024-02-29T05:32:49.007+0000] {dag.py:3047} INFO - Sync 1 DAGs
[2024-02-29T05:32:49.016+0000] {logging_mixin.py:188} INFO - [2024-02-29T05:32:49.016+0000] {dag.py:3834} INFO - Setting next_dagrun for tutorial_taskflow_api_virtualenv to None, run_after=None
[2024-02-29T05:32:49.034+0000] {processor.py:183} INFO - Processing /home/airflow/.local/lib/python3.11/site-packages/airflow/example_dags/tutorial_taskflow_api_virtualenv.py took 0.058 seconds
[2024-02-29T05:33:19.092+0000] {processor.py:161} INFO - Started process (PID=189) to work on /home/airflow/.local/lib/python3.11/site-packages/airflow/example_dags/tutorial_taskflow_api_virtualenv.py
[2024-02-29T05:33:19.093+0000] {processor.py:830} INFO - Processing file /home/airflow/.local/lib/python3.11/site-packages/airflow/example_dags/tutorial_taskflow_api_virtualenv.py for tasks to queue
[2024-02-29T05:33:19.095+0000] {logging_mixin.py:188} INFO - [2024-02-29T05:33:19.094+0000] {dagbag.py:540} INFO - Filling up the DagBag from /home/airflow/.local/lib/python3.11/site-packages/airflow/example_dags/tutorial_taskflow_api_virtualenv.py
[2024-02-29T05:33:19.103+0000] {processor.py:840} INFO - DAG(s) 'tutorial_taskflow_api_virtualenv' retrieved from /home/airflow/.local/lib/python3.11/site-packages/airflow/example_dags/tutorial_taskflow_api_virtualenv.py
[2024-02-29T05:33:19.118+0000] {logging_mixin.py:188} INFO - [2024-02-29T05:33:19.118+0000] {dag.py:3047} INFO - Sync 1 DAGs
[2024-02-29T05:33:19.130+0000] {logging_mixin.py:188} INFO - [2024-02-29T05:33:19.130+0000] {dag.py:3834} INFO - Setting next_dagrun for tutorial_taskflow_api_virtualenv to None, run_after=None
[2024-02-29T05:33:19.159+0000] {processor.py:183} INFO - Processing /home/airflow/.local/lib/python3.11/site-packages/airflow/example_dags/tutorial_taskflow_api_virtualenv.py took 0.069 seconds
[2024-02-29T05:33:50.054+0000] {processor.py:161} INFO - Started process (PID=252) to work on /home/airflow/.local/lib/python3.11/site-packages/airflow/example_dags/tutorial_taskflow_api_virtualenv.py
[2024-02-29T05:33:50.054+0000] {processor.py:830} INFO - Processing file /home/airflow/.local/lib/python3.11/site-packages/airflow/example_dags/tutorial_taskflow_api_virtualenv.py for tasks to queue
[2024-02-29T05:33:50.056+0000] {logging_mixin.py:188} INFO - [2024-02-29T05:33:50.055+0000] {dagbag.py:540} INFO - Filling up the DagBag from /home/airflow/.local/lib/python3.11/site-packages/airflow/example_dags/tutorial_taskflow_api_virtualenv.py
[2024-02-29T05:33:50.063+0000] {processor.py:840} INFO - DAG(s) 'tutorial_taskflow_api_virtualenv' retrieved from /home/airflow/.local/lib/python3.11/site-packages/airflow/example_dags/tutorial_taskflow_api_virtualenv.py
[2024-02-29T05:33:50.082+0000] {logging_mixin.py:188} INFO - [2024-02-29T05:33:50.081+0000] {dag.py:3047} INFO - Sync 1 DAGs
[2024-02-29T05:33:50.095+0000] {logging_mixin.py:188} INFO - [2024-02-29T05:33:50.095+0000] {dag.py:3834} INFO - Setting next_dagrun for tutorial_taskflow_api_virtualenv to None, run_after=None
[2024-02-29T05:33:50.114+0000] {processor.py:183} INFO - Processing /home/airflow/.local/lib/python3.11/site-packages/airflow/example_dags/tutorial_taskflow_api_virtualenv.py took 0.063 seconds
[2024-02-29T05:34:20.741+0000] {processor.py:161} INFO - Started process (PID=313) to work on /home/airflow/.local/lib/python3.11/site-packages/airflow/example_dags/tutorial_taskflow_api_virtualenv.py
[2024-02-29T05:34:20.742+0000] {processor.py:830} INFO - Processing file /home/airflow/.local/lib/python3.11/site-packages/airflow/example_dags/tutorial_taskflow_api_virtualenv.py for tasks to queue
[2024-02-29T05:34:20.745+0000] {logging_mixin.py:188} INFO - [2024-02-29T05:34:20.744+0000] {dagbag.py:540} INFO - Filling up the DagBag from /home/airflow/.local/lib/python3.11/site-packages/airflow/example_dags/tutorial_taskflow_api_virtualenv.py
[2024-02-29T05:34:20.753+0000] {processor.py:840} INFO - DAG(s) 'tutorial_taskflow_api_virtualenv' retrieved from /home/airflow/.local/lib/python3.11/site-packages/airflow/example_dags/tutorial_taskflow_api_virtualenv.py
[2024-02-29T05:34:20.777+0000] {logging_mixin.py:188} INFO - [2024-02-29T05:34:20.777+0000] {dag.py:3047} INFO - Sync 1 DAGs
[2024-02-29T05:34:20.787+0000] {logging_mixin.py:188} INFO - [2024-02-29T05:34:20.787+0000] {dag.py:3834} INFO - Setting next_dagrun for tutorial_taskflow_api_virtualenv to None, run_after=None
[2024-02-29T05:34:20.806+0000] {processor.py:183} INFO - Processing /home/airflow/.local/lib/python3.11/site-packages/airflow/example_dags/tutorial_taskflow_api_virtualenv.py took 0.069 seconds
[2024-02-29T05:34:51.560+0000] {processor.py:161} INFO - Started process (PID=377) to work on /home/airflow/.local/lib/python3.11/site-packages/airflow/example_dags/tutorial_taskflow_api_virtualenv.py
[2024-02-29T05:34:51.561+0000] {processor.py:830} INFO - Processing file /home/airflow/.local/lib/python3.11/site-packages/airflow/example_dags/tutorial_taskflow_api_virtualenv.py for tasks to queue
[2024-02-29T05:34:51.563+0000] {logging_mixin.py:188} INFO - [2024-02-29T05:34:51.563+0000] {dagbag.py:540} INFO - Filling up the DagBag from /home/airflow/.local/lib/python3.11/site-packages/airflow/example_dags/tutorial_taskflow_api_virtualenv.py
[2024-02-29T05:34:51.573+0000] {processor.py:840} INFO - DAG(s) 'tutorial_taskflow_api_virtualenv' retrieved from /home/airflow/.local/lib/python3.11/site-packages/airflow/example_dags/tutorial_taskflow_api_virtualenv.py
[2024-02-29T05:34:51.588+0000] {logging_mixin.py:188} INFO - [2024-02-29T05:34:51.588+0000] {dag.py:3047} INFO - Sync 1 DAGs
[2024-02-29T05:34:51.596+0000] {logging_mixin.py:188} INFO - [2024-02-29T05:34:51.596+0000] {dag.py:3834} INFO - Setting next_dagrun for tutorial_taskflow_api_virtualenv to None, run_after=None
[2024-02-29T05:34:51.616+0000] {processor.py:183} INFO - Processing /home/airflow/.local/lib/python3.11/site-packages/airflow/example_dags/tutorial_taskflow_api_virtualenv.py took 0.059 seconds
[2024-02-29T05:35:22.356+0000] {processor.py:161} INFO - Started process (PID=437) to work on /home/airflow/.local/lib/python3.11/site-packages/airflow/example_dags/tutorial_taskflow_api_virtualenv.py
[2024-02-29T05:35:22.356+0000] {processor.py:830} INFO - Processing file /home/airflow/.local/lib/python3.11/site-packages/airflow/example_dags/tutorial_taskflow_api_virtualenv.py for tasks to queue
[2024-02-29T05:35:22.358+0000] {logging_mixin.py:188} INFO - [2024-02-29T05:35:22.358+0000] {dagbag.py:540} INFO - Filling up the DagBag from /home/airflow/.local/lib/python3.11/site-packages/airflow/example_dags/tutorial_taskflow_api_virtualenv.py
[2024-02-29T05:35:22.366+0000] {processor.py:840} INFO - DAG(s) 'tutorial_taskflow_api_virtualenv' retrieved from /home/airflow/.local/lib/python3.11/site-packages/airflow/example_dags/tutorial_taskflow_api_virtualenv.py
[2024-02-29T05:35:22.380+0000] {logging_mixin.py:188} INFO - [2024-02-29T05:35:22.380+0000] {dag.py:3047} INFO - Sync 1 DAGs
[2024-02-29T05:35:22.389+0000] {logging_mixin.py:188} INFO - [2024-02-29T05:35:22.389+0000] {dag.py:3834} INFO - Setting next_dagrun for tutorial_taskflow_api_virtualenv to None, run_after=None
[2024-02-29T05:35:22.410+0000] {processor.py:183} INFO - Processing /home/airflow/.local/lib/python3.11/site-packages/airflow/example_dags/tutorial_taskflow_api_virtualenv.py took 0.056 seconds
[2024-02-29T05:35:53.207+0000] {processor.py:161} INFO - Started process (PID=502) to work on /home/airflow/.local/lib/python3.11/site-packages/airflow/example_dags/tutorial_taskflow_api_virtualenv.py
[2024-02-29T05:35:53.208+0000] {processor.py:830} INFO - Processing file /home/airflow/.local/lib/python3.11/site-packages/airflow/example_dags/tutorial_taskflow_api_virtualenv.py for tasks to queue
[2024-02-29T05:35:53.209+0000] {logging_mixin.py:188} INFO - [2024-02-29T05:35:53.209+0000] {dagbag.py:540} INFO - Filling up the DagBag from /home/airflow/.local/lib/python3.11/site-packages/airflow/example_dags/tutorial_taskflow_api_virtualenv.py
[2024-02-29T05:35:53.217+0000] {processor.py:840} INFO - DAG(s) 'tutorial_taskflow_api_virtualenv' retrieved from /home/airflow/.local/lib/python3.11/site-packages/airflow/example_dags/tutorial_taskflow_api_virtualenv.py
[2024-02-29T05:35:53.236+0000] {logging_mixin.py:188} INFO - [2024-02-29T05:35:53.235+0000] {dag.py:3047} INFO - Sync 1 DAGs
[2024-02-29T05:35:53.248+0000] {logging_mixin.py:188} INFO - [2024-02-29T05:35:53.247+0000] {dag.py:3834} INFO - Setting next_dagrun for tutorial_taskflow_api_virtualenv to None, run_after=None
[2024-02-29T05:35:53.267+0000] {processor.py:183} INFO - Processing /home/airflow/.local/lib/python3.11/site-packages/airflow/example_dags/tutorial_taskflow_api_virtualenv.py took 0.063 seconds
[2024-02-29T05:36:23.697+0000] {processor.py:161} INFO - Started process (PID=562) to work on /home/airflow/.local/lib/python3.11/site-packages/airflow/example_dags/tutorial_taskflow_api_virtualenv.py
[2024-02-29T05:36:23.698+0000] {processor.py:830} INFO - Processing file /home/airflow/.local/lib/python3.11/site-packages/airflow/example_dags/tutorial_taskflow_api_virtualenv.py for tasks to queue
[2024-02-29T05:36:23.700+0000] {logging_mixin.py:188} INFO - [2024-02-29T05:36:23.700+0000] {dagbag.py:540} INFO - Filling up the DagBag from /home/airflow/.local/lib/python3.11/site-packages/airflow/example_dags/tutorial_taskflow_api_virtualenv.py
[2024-02-29T05:36:23.712+0000] {processor.py:840} INFO - DAG(s) 'tutorial_taskflow_api_virtualenv' retrieved from /home/airflow/.local/lib/python3.11/site-packages/airflow/example_dags/tutorial_taskflow_api_virtualenv.py
[2024-02-29T05:36:23.730+0000] {logging_mixin.py:188} INFO - [2024-02-29T05:36:23.730+0000] {dag.py:3047} INFO - Sync 1 DAGs
[2024-02-29T05:36:23.740+0000] {logging_mixin.py:188} INFO - [2024-02-29T05:36:23.740+0000] {dag.py:3834} INFO - Setting next_dagrun for tutorial_taskflow_api_virtualenv to None, run_after=None
[2024-02-29T05:36:23.758+0000] {processor.py:183} INFO - Processing /home/airflow/.local/lib/python3.11/site-packages/airflow/example_dags/tutorial_taskflow_api_virtualenv.py took 0.065 seconds
[2024-02-29T05:36:53.860+0000] {processor.py:161} INFO - Started process (PID=623) to work on /home/airflow/.local/lib/python3.11/site-packages/airflow/example_dags/tutorial_taskflow_api_virtualenv.py
[2024-02-29T05:36:53.861+0000] {processor.py:830} INFO - Processing file /home/airflow/.local/lib/python3.11/site-packages/airflow/example_dags/tutorial_taskflow_api_virtualenv.py for tasks to queue
[2024-02-29T05:36:53.863+0000] {logging_mixin.py:188} INFO - [2024-02-29T05:36:53.862+0000] {dagbag.py:540} INFO - Filling up the DagBag from /home/airflow/.local/lib/python3.11/site-packages/airflow/example_dags/tutorial_taskflow_api_virtualenv.py
[2024-02-29T05:36:53.876+0000] {processor.py:840} INFO - DAG(s) 'tutorial_taskflow_api_virtualenv' retrieved from /home/airflow/.local/lib/python3.11/site-packages/airflow/example_dags/tutorial_taskflow_api_virtualenv.py
[2024-02-29T05:36:53.901+0000] {logging_mixin.py:188} INFO - [2024-02-29T05:36:53.901+0000] {dag.py:3047} INFO - Sync 1 DAGs
[2024-02-29T05:36:53.915+0000] {logging_mixin.py:188} INFO - [2024-02-29T05:36:53.915+0000] {dag.py:3834} INFO - Setting next_dagrun for tutorial_taskflow_api_virtualenv to None, run_after=None
[2024-02-29T05:36:53.937+0000] {processor.py:183} INFO - Processing /home/airflow/.local/lib/python3.11/site-packages/airflow/example_dags/tutorial_taskflow_api_virtualenv.py took 0.081 seconds
[2024-02-29T05:37:24.571+0000] {processor.py:161} INFO - Started process (PID=679) to work on /home/airflow/.local/lib/python3.11/site-packages/airflow/example_dags/tutorial_taskflow_api_virtualenv.py
[2024-02-29T05:37:24.572+0000] {processor.py:830} INFO - Processing file /home/airflow/.local/lib/python3.11/site-packages/airflow/example_dags/tutorial_taskflow_api_virtualenv.py for tasks to queue
[2024-02-29T05:37:24.574+0000] {logging_mixin.py:188} INFO - [2024-02-29T05:37:24.574+0000] {dagbag.py:540} INFO - Filling up the DagBag from /home/airflow/.local/lib/python3.11/site-packages/airflow/example_dags/tutorial_taskflow_api_virtualenv.py
[2024-02-29T05:37:24.621+0000] {processor.py:840} INFO - DAG(s) 'tutorial_taskflow_api_virtualenv' retrieved from /home/airflow/.local/lib/python3.11/site-packages/airflow/example_dags/tutorial_taskflow_api_virtualenv.py
[2024-02-29T05:37:24.669+0000] {logging_mixin.py:188} INFO - [2024-02-29T05:37:24.668+0000] {dag.py:3047} INFO - Sync 1 DAGs
[2024-02-29T05:37:24.685+0000] {logging_mixin.py:188} INFO - [2024-02-29T05:37:24.685+0000] {dag.py:3834} INFO - Setting next_dagrun for tutorial_taskflow_api_virtualenv to None, run_after=None
[2024-02-29T05:37:24.742+0000] {processor.py:183} INFO - Processing /home/airflow/.local/lib/python3.11/site-packages/airflow/example_dags/tutorial_taskflow_api_virtualenv.py took 0.186 seconds
[2024-02-29T05:37:55.203+0000] {processor.py:161} INFO - Started process (PID=736) to work on /home/airflow/.local/lib/python3.11/site-packages/airflow/example_dags/tutorial_taskflow_api_virtualenv.py
[2024-02-29T05:37:55.204+0000] {processor.py:830} INFO - Processing file /home/airflow/.local/lib/python3.11/site-packages/airflow/example_dags/tutorial_taskflow_api_virtualenv.py for tasks to queue
[2024-02-29T05:37:55.206+0000] {logging_mixin.py:188} INFO - [2024-02-29T05:37:55.206+0000] {dagbag.py:540} INFO - Filling up the DagBag from /home/airflow/.local/lib/python3.11/site-packages/airflow/example_dags/tutorial_taskflow_api_virtualenv.py
[2024-02-29T05:37:55.216+0000] {processor.py:840} INFO - DAG(s) 'tutorial_taskflow_api_virtualenv' retrieved from /home/airflow/.local/lib/python3.11/site-packages/airflow/example_dags/tutorial_taskflow_api_virtualenv.py
[2024-02-29T05:37:55.237+0000] {logging_mixin.py:188} INFO - [2024-02-29T05:37:55.236+0000] {dag.py:3047} INFO - Sync 1 DAGs
[2024-02-29T05:37:55.246+0000] {logging_mixin.py:188} INFO - [2024-02-29T05:37:55.246+0000] {dag.py:3834} INFO - Setting next_dagrun for tutorial_taskflow_api_virtualenv to None, run_after=None
[2024-02-29T05:37:55.264+0000] {processor.py:183} INFO - Processing /home/airflow/.local/lib/python3.11/site-packages/airflow/example_dags/tutorial_taskflow_api_virtualenv.py took 0.064 seconds
[2024-02-29T05:38:25.454+0000] {processor.py:161} INFO - Started process (PID=793) to work on /home/airflow/.local/lib/python3.11/site-packages/airflow/example_dags/tutorial_taskflow_api_virtualenv.py
[2024-02-29T05:38:25.455+0000] {processor.py:830} INFO - Processing file /home/airflow/.local/lib/python3.11/site-packages/airflow/example_dags/tutorial_taskflow_api_virtualenv.py for tasks to queue
[2024-02-29T05:38:25.457+0000] {logging_mixin.py:188} INFO - [2024-02-29T05:38:25.456+0000] {dagbag.py:540} INFO - Filling up the DagBag from /home/airflow/.local/lib/python3.11/site-packages/airflow/example_dags/tutorial_taskflow_api_virtualenv.py
[2024-02-29T05:38:25.467+0000] {processor.py:840} INFO - DAG(s) 'tutorial_taskflow_api_virtualenv' retrieved from /home/airflow/.local/lib/python3.11/site-packages/airflow/example_dags/tutorial_taskflow_api_virtualenv.py
[2024-02-29T05:38:25.487+0000] {logging_mixin.py:188} INFO - [2024-02-29T05:38:25.487+0000] {dag.py:3047} INFO - Sync 1 DAGs
[2024-02-29T05:38:25.506+0000] {logging_mixin.py:188} INFO - [2024-02-29T05:38:25.506+0000] {dag.py:3834} INFO - Setting next_dagrun for tutorial_taskflow_api_virtualenv to None, run_after=None
[2024-02-29T05:38:25.527+0000] {processor.py:183} INFO - Processing /home/airflow/.local/lib/python3.11/site-packages/airflow/example_dags/tutorial_taskflow_api_virtualenv.py took 0.077 seconds
[2024-02-29T05:38:55.783+0000] {processor.py:161} INFO - Started process (PID=850) to work on /home/airflow/.local/lib/python3.11/site-packages/airflow/example_dags/tutorial_taskflow_api_virtualenv.py
[2024-02-29T05:38:55.784+0000] {processor.py:830} INFO - Processing file /home/airflow/.local/lib/python3.11/site-packages/airflow/example_dags/tutorial_taskflow_api_virtualenv.py for tasks to queue
[2024-02-29T05:38:55.787+0000] {logging_mixin.py:188} INFO - [2024-02-29T05:38:55.786+0000] {dagbag.py:540} INFO - Filling up the DagBag from /home/airflow/.local/lib/python3.11/site-packages/airflow/example_dags/tutorial_taskflow_api_virtualenv.py
[2024-02-29T05:38:55.799+0000] {processor.py:840} INFO - DAG(s) 'tutorial_taskflow_api_virtualenv' retrieved from /home/airflow/.local/lib/python3.11/site-packages/airflow/example_dags/tutorial_taskflow_api_virtualenv.py
[2024-02-29T05:38:55.821+0000] {logging_mixin.py:188} INFO - [2024-02-29T05:38:55.821+0000] {dag.py:3047} INFO - Sync 1 DAGs
[2024-02-29T05:38:55.832+0000] {logging_mixin.py:188} INFO - [2024-02-29T05:38:55.831+0000] {dag.py:3834} INFO - Setting next_dagrun for tutorial_taskflow_api_virtualenv to None, run_after=None
[2024-02-29T05:38:55.853+0000] {processor.py:183} INFO - Processing /home/airflow/.local/lib/python3.11/site-packages/airflow/example_dags/tutorial_taskflow_api_virtualenv.py took 0.074 seconds
[2024-02-29T05:39:26.250+0000] {processor.py:161} INFO - Started process (PID=907) to work on /home/airflow/.local/lib/python3.11/site-packages/airflow/example_dags/tutorial_taskflow_api_virtualenv.py
[2024-02-29T05:39:26.251+0000] {processor.py:830} INFO - Processing file /home/airflow/.local/lib/python3.11/site-packages/airflow/example_dags/tutorial_taskflow_api_virtualenv.py for tasks to queue
[2024-02-29T05:39:26.253+0000] {logging_mixin.py:188} INFO - [2024-02-29T05:39:26.253+0000] {dagbag.py:540} INFO - Filling up the DagBag from /home/airflow/.local/lib/python3.11/site-packages/airflow/example_dags/tutorial_taskflow_api_virtualenv.py
[2024-02-29T05:39:26.264+0000] {processor.py:840} INFO - DAG(s) 'tutorial_taskflow_api_virtualenv' retrieved from /home/airflow/.local/lib/python3.11/site-packages/airflow/example_dags/tutorial_taskflow_api_virtualenv.py
[2024-02-29T05:39:26.294+0000] {logging_mixin.py:188} INFO - [2024-02-29T05:39:26.294+0000] {dag.py:3047} INFO - Sync 1 DAGs
[2024-02-29T05:39:26.307+0000] {logging_mixin.py:188} INFO - [2024-02-29T05:39:26.307+0000] {dag.py:3834} INFO - Setting next_dagrun for tutorial_taskflow_api_virtualenv to None, run_after=None
[2024-02-29T05:39:26.326+0000] {processor.py:183} INFO - Processing /home/airflow/.local/lib/python3.11/site-packages/airflow/example_dags/tutorial_taskflow_api_virtualenv.py took 0.079 seconds
[2024-02-29T05:39:56.454+0000] {processor.py:161} INFO - Started process (PID=964) to work on /home/airflow/.local/lib/python3.11/site-packages/airflow/example_dags/tutorial_taskflow_api_virtualenv.py
[2024-02-29T05:39:56.456+0000] {processor.py:830} INFO - Processing file /home/airflow/.local/lib/python3.11/site-packages/airflow/example_dags/tutorial_taskflow_api_virtualenv.py for tasks to queue
[2024-02-29T05:39:56.458+0000] {logging_mixin.py:188} INFO - [2024-02-29T05:39:56.457+0000] {dagbag.py:540} INFO - Filling up the DagBag from /home/airflow/.local/lib/python3.11/site-packages/airflow/example_dags/tutorial_taskflow_api_virtualenv.py
[2024-02-29T05:39:56.475+0000] {processor.py:840} INFO - DAG(s) 'tutorial_taskflow_api_virtualenv' retrieved from /home/airflow/.local/lib/python3.11/site-packages/airflow/example_dags/tutorial_taskflow_api_virtualenv.py
[2024-02-29T05:39:56.505+0000] {logging_mixin.py:188} INFO - [2024-02-29T05:39:56.505+0000] {dag.py:3047} INFO - Sync 1 DAGs
[2024-02-29T05:39:56.518+0000] {logging_mixin.py:188} INFO - [2024-02-29T05:39:56.518+0000] {dag.py:3834} INFO - Setting next_dagrun for tutorial_taskflow_api_virtualenv to None, run_after=None
[2024-02-29T05:39:56.567+0000] {processor.py:183} INFO - Processing /home/airflow/.local/lib/python3.11/site-packages/airflow/example_dags/tutorial_taskflow_api_virtualenv.py took 0.117 seconds
