[2024-03-01T03:20:17.627+0000] {taskinstance.py:1979} INFO - Dependencies all met for dep_context=non-requeueable deps ti=<TaskInstance: stock_analyzer.process_irctc_data manual__2024-03-01T03:20:12.942540+00:00 [queued]>
[2024-03-01T03:20:17.636+0000] {taskinstance.py:1979} INFO - Dependencies all met for dep_context=requeueable deps ti=<TaskInstance: stock_analyzer.process_irctc_data manual__2024-03-01T03:20:12.942540+00:00 [queued]>
[2024-03-01T03:20:17.637+0000] {taskinstance.py:2193} INFO - Starting attempt 1 of 1
[2024-03-01T03:20:17.663+0000] {taskinstance.py:2214} INFO - Executing <Task(_PythonDecoratedOperator): process_irctc_data> on 2024-03-01 03:20:12.942540+00:00
[2024-03-01T03:20:17.679+0000] {standard_task_runner.py:60} INFO - Started process 230 to run task
[2024-03-01T03:20:17.686+0000] {standard_task_runner.py:87} INFO - Running: ['***', 'tasks', 'run', 'stock_analyzer', 'process_irctc_data', 'manual__2024-03-01T03:20:12.942540+00:00', '--job-id', '107', '--raw', '--subdir', 'DAGS_FOLDER/stock-analyzer.py', '--cfg-path', '/tmp/tmp56e0n6ur']
[2024-03-01T03:20:17.691+0000] {standard_task_runner.py:88} INFO - Job 107: Subtask process_irctc_data
[2024-03-01T03:20:17.772+0000] {task_command.py:423} INFO - Running <TaskInstance: stock_analyzer.process_irctc_data manual__2024-03-01T03:20:12.942540+00:00 [running]> on host 0a26efe0197d
[2024-03-01T03:20:18.137+0000] {taskinstance.py:2510} INFO - Exporting env vars: AIRFLOW_CTX_DAG_OWNER='root' AIRFLOW_CTX_DAG_ID='stock_analyzer' AIRFLOW_CTX_TASK_ID='process_irctc_data' AIRFLOW_CTX_EXECUTION_DATE='2024-03-01T03:20:12.942540+00:00' AIRFLOW_CTX_TRY_NUMBER='1' AIRFLOW_CTX_DAG_RUN_ID='manual__2024-03-01T03:20:12.942540+00:00'
[2024-03-01T03:20:18.138+0000] {logging_mixin.py:188} INFO - Reading /opt/***/data/irctc_data.json for processing.
[2024-03-01T03:20:18.384+0000] {logging_mixin.py:188} INFO -         date    open    high     low   close    volume
0 2024-02-29  924.55  933.45  912.55  926.90  217085.0
1 2024-02-28  952.30  962.30  920.25  924.60  136667.0
2 2024-02-27  973.80  973.80  948.25  952.30  116008.0
3 2024-02-26  968.00  989.80  963.50  967.10  308667.0
4 2024-02-23  946.70  970.00  946.00  964.65  767856.0
[2024-03-01T03:20:18.384+0000] {logging_mixin.py:188} INFO - Data processed from /opt/***/data/irctc_data.json and written to /opt/***/data/irctc_processed.csv
[2024-03-01T03:20:18.385+0000] {python.py:202} INFO - Done. Returned value was: None
[2024-03-01T03:20:18.395+0000] {taskinstance.py:1149} INFO - Marking task as SUCCESS. dag_id=stock_analyzer, task_id=process_irctc_data, execution_date=20240301T032012, start_date=20240301T032017, end_date=20240301T032018
[2024-03-01T03:20:18.461+0000] {local_task_job_runner.py:234} INFO - Task exited with return code 0
[2024-03-01T03:20:18.496+0000] {taskinstance.py:3309} INFO - 0 downstream tasks scheduled from follow-on schedule check
