[2024-02-29T05:32:26.396+0000] {processor.py:161} INFO - Started process (PID=83) to work on /home/airflow/.local/lib/python3.11/site-packages/airflow/example_dags/plugins/workday.py
[2024-02-29T05:32:26.407+0000] {processor.py:830} INFO - Processing file /home/airflow/.local/lib/python3.11/site-packages/airflow/example_dags/plugins/workday.py for tasks to queue
[2024-02-29T05:32:26.415+0000] {logging_mixin.py:188} INFO - [2024-02-29T05:32:26.414+0000] {dagbag.py:540} INFO - Filling up the DagBag from /home/airflow/.local/lib/python3.11/site-packages/airflow/example_dags/plugins/workday.py
[2024-02-29T05:32:32.785+0000] {processor.py:842} WARNING - No viable dags retrieved from /home/airflow/.local/lib/python3.11/site-packages/airflow/example_dags/plugins/workday.py
[2024-02-29T05:32:32.832+0000] {processor.py:183} INFO - Processing /home/airflow/.local/lib/python3.11/site-packages/airflow/example_dags/plugins/workday.py took 6.456 seconds
[2024-02-29T05:33:04.151+0000] {processor.py:161} INFO - Started process (PID=161) to work on /home/airflow/.local/lib/python3.11/site-packages/airflow/example_dags/plugins/workday.py
[2024-02-29T05:33:04.155+0000] {processor.py:830} INFO - Processing file /home/airflow/.local/lib/python3.11/site-packages/airflow/example_dags/plugins/workday.py for tasks to queue
[2024-02-29T05:33:04.158+0000] {logging_mixin.py:188} INFO - [2024-02-29T05:33:04.157+0000] {dagbag.py:540} INFO - Filling up the DagBag from /home/airflow/.local/lib/python3.11/site-packages/airflow/example_dags/plugins/workday.py
[2024-02-29T05:33:04.627+0000] {processor.py:842} WARNING - No viable dags retrieved from /home/airflow/.local/lib/python3.11/site-packages/airflow/example_dags/plugins/workday.py
[2024-02-29T05:33:04.638+0000] {processor.py:183} INFO - Processing /home/airflow/.local/lib/python3.11/site-packages/airflow/example_dags/plugins/workday.py took 0.500 seconds
[2024-02-29T05:33:34.691+0000] {processor.py:161} INFO - Started process (PID=227) to work on /home/airflow/.local/lib/python3.11/site-packages/airflow/example_dags/plugins/workday.py
[2024-02-29T05:33:34.691+0000] {processor.py:830} INFO - Processing file /home/airflow/.local/lib/python3.11/site-packages/airflow/example_dags/plugins/workday.py for tasks to queue
[2024-02-29T05:33:34.693+0000] {logging_mixin.py:188} INFO - [2024-02-29T05:33:34.693+0000] {dagbag.py:540} INFO - Filling up the DagBag from /home/airflow/.local/lib/python3.11/site-packages/airflow/example_dags/plugins/workday.py
[2024-02-29T05:33:34.973+0000] {processor.py:842} WARNING - No viable dags retrieved from /home/airflow/.local/lib/python3.11/site-packages/airflow/example_dags/plugins/workday.py
[2024-02-29T05:33:34.988+0000] {processor.py:183} INFO - Processing /home/airflow/.local/lib/python3.11/site-packages/airflow/example_dags/plugins/workday.py took 0.300 seconds
[2024-02-29T05:34:05.199+0000] {processor.py:161} INFO - Started process (PID=289) to work on /home/airflow/.local/lib/python3.11/site-packages/airflow/example_dags/plugins/workday.py
[2024-02-29T05:34:05.201+0000] {processor.py:830} INFO - Processing file /home/airflow/.local/lib/python3.11/site-packages/airflow/example_dags/plugins/workday.py for tasks to queue
[2024-02-29T05:34:05.203+0000] {logging_mixin.py:188} INFO - [2024-02-29T05:34:05.202+0000] {dagbag.py:540} INFO - Filling up the DagBag from /home/airflow/.local/lib/python3.11/site-packages/airflow/example_dags/plugins/workday.py
[2024-02-29T05:34:05.531+0000] {processor.py:842} WARNING - No viable dags retrieved from /home/airflow/.local/lib/python3.11/site-packages/airflow/example_dags/plugins/workday.py
[2024-02-29T05:34:05.551+0000] {processor.py:183} INFO - Processing /home/airflow/.local/lib/python3.11/site-packages/airflow/example_dags/plugins/workday.py took 0.356 seconds
[2024-02-29T05:34:36.559+0000] {processor.py:161} INFO - Started process (PID=353) to work on /home/airflow/.local/lib/python3.11/site-packages/airflow/example_dags/plugins/workday.py
[2024-02-29T05:34:36.596+0000] {processor.py:830} INFO - Processing file /home/airflow/.local/lib/python3.11/site-packages/airflow/example_dags/plugins/workday.py for tasks to queue
[2024-02-29T05:34:36.599+0000] {logging_mixin.py:188} INFO - [2024-02-29T05:34:36.598+0000] {dagbag.py:540} INFO - Filling up the DagBag from /home/airflow/.local/lib/python3.11/site-packages/airflow/example_dags/plugins/workday.py
[2024-02-29T05:34:38.199+0000] {processor.py:842} WARNING - No viable dags retrieved from /home/airflow/.local/lib/python3.11/site-packages/airflow/example_dags/plugins/workday.py
[2024-02-29T05:34:38.305+0000] {processor.py:183} INFO - Processing /home/airflow/.local/lib/python3.11/site-packages/airflow/example_dags/plugins/workday.py took 1.764 seconds
[2024-02-29T05:35:08.513+0000] {processor.py:161} INFO - Started process (PID=419) to work on /home/airflow/.local/lib/python3.11/site-packages/airflow/example_dags/plugins/workday.py
[2024-02-29T05:35:08.523+0000] {processor.py:830} INFO - Processing file /home/airflow/.local/lib/python3.11/site-packages/airflow/example_dags/plugins/workday.py for tasks to queue
[2024-02-29T05:35:08.527+0000] {logging_mixin.py:188} INFO - [2024-02-29T05:35:08.527+0000] {dagbag.py:540} INFO - Filling up the DagBag from /home/airflow/.local/lib/python3.11/site-packages/airflow/example_dags/plugins/workday.py
[2024-02-29T05:35:08.809+0000] {processor.py:842} WARNING - No viable dags retrieved from /home/airflow/.local/lib/python3.11/site-packages/airflow/example_dags/plugins/workday.py
[2024-02-29T05:35:08.819+0000] {processor.py:183} INFO - Processing /home/airflow/.local/lib/python3.11/site-packages/airflow/example_dags/plugins/workday.py took 0.324 seconds
[2024-02-29T05:35:39.378+0000] {processor.py:161} INFO - Started process (PID=482) to work on /home/airflow/.local/lib/python3.11/site-packages/airflow/example_dags/plugins/workday.py
[2024-02-29T05:35:39.379+0000] {processor.py:830} INFO - Processing file /home/airflow/.local/lib/python3.11/site-packages/airflow/example_dags/plugins/workday.py for tasks to queue
[2024-02-29T05:35:39.381+0000] {logging_mixin.py:188} INFO - [2024-02-29T05:35:39.381+0000] {dagbag.py:540} INFO - Filling up the DagBag from /home/airflow/.local/lib/python3.11/site-packages/airflow/example_dags/plugins/workday.py
[2024-02-29T05:35:39.851+0000] {processor.py:842} WARNING - No viable dags retrieved from /home/airflow/.local/lib/python3.11/site-packages/airflow/example_dags/plugins/workday.py
[2024-02-29T05:35:39.875+0000] {processor.py:183} INFO - Processing /home/airflow/.local/lib/python3.11/site-packages/airflow/example_dags/plugins/workday.py took 0.503 seconds
[2024-02-29T05:36:10.152+0000] {processor.py:161} INFO - Started process (PID=544) to work on /home/airflow/.local/lib/python3.11/site-packages/airflow/example_dags/plugins/workday.py
[2024-02-29T05:36:10.153+0000] {processor.py:830} INFO - Processing file /home/airflow/.local/lib/python3.11/site-packages/airflow/example_dags/plugins/workday.py for tasks to queue
[2024-02-29T05:36:10.155+0000] {logging_mixin.py:188} INFO - [2024-02-29T05:36:10.155+0000] {dagbag.py:540} INFO - Filling up the DagBag from /home/airflow/.local/lib/python3.11/site-packages/airflow/example_dags/plugins/workday.py
[2024-02-29T05:36:10.408+0000] {processor.py:842} WARNING - No viable dags retrieved from /home/airflow/.local/lib/python3.11/site-packages/airflow/example_dags/plugins/workday.py
[2024-02-29T05:36:10.419+0000] {processor.py:183} INFO - Processing /home/airflow/.local/lib/python3.11/site-packages/airflow/example_dags/plugins/workday.py took 0.269 seconds
[2024-02-29T05:36:41.477+0000] {processor.py:161} INFO - Started process (PID=605) to work on /home/airflow/.local/lib/python3.11/site-packages/airflow/example_dags/plugins/workday.py
[2024-02-29T05:36:41.477+0000] {processor.py:830} INFO - Processing file /home/airflow/.local/lib/python3.11/site-packages/airflow/example_dags/plugins/workday.py for tasks to queue
[2024-02-29T05:36:41.479+0000] {logging_mixin.py:188} INFO - [2024-02-29T05:36:41.479+0000] {dagbag.py:540} INFO - Filling up the DagBag from /home/airflow/.local/lib/python3.11/site-packages/airflow/example_dags/plugins/workday.py
[2024-02-29T05:36:41.751+0000] {processor.py:842} WARNING - No viable dags retrieved from /home/airflow/.local/lib/python3.11/site-packages/airflow/example_dags/plugins/workday.py
[2024-02-29T05:36:41.764+0000] {processor.py:183} INFO - Processing /home/airflow/.local/lib/python3.11/site-packages/airflow/example_dags/plugins/workday.py took 0.290 seconds
[2024-02-29T05:37:12.652+0000] {processor.py:161} INFO - Started process (PID=665) to work on /home/airflow/.local/lib/python3.11/site-packages/airflow/example_dags/plugins/workday.py
[2024-02-29T05:37:12.653+0000] {processor.py:830} INFO - Processing file /home/airflow/.local/lib/python3.11/site-packages/airflow/example_dags/plugins/workday.py for tasks to queue
[2024-02-29T05:37:12.655+0000] {logging_mixin.py:188} INFO - [2024-02-29T05:37:12.655+0000] {dagbag.py:540} INFO - Filling up the DagBag from /home/airflow/.local/lib/python3.11/site-packages/airflow/example_dags/plugins/workday.py
[2024-02-29T05:37:13.011+0000] {processor.py:842} WARNING - No viable dags retrieved from /home/airflow/.local/lib/python3.11/site-packages/airflow/example_dags/plugins/workday.py
[2024-02-29T05:37:13.027+0000] {processor.py:183} INFO - Processing /home/airflow/.local/lib/python3.11/site-packages/airflow/example_dags/plugins/workday.py took 0.378 seconds
[2024-02-29T05:37:43.566+0000] {processor.py:161} INFO - Started process (PID=723) to work on /home/airflow/.local/lib/python3.11/site-packages/airflow/example_dags/plugins/workday.py
[2024-02-29T05:37:43.567+0000] {processor.py:830} INFO - Processing file /home/airflow/.local/lib/python3.11/site-packages/airflow/example_dags/plugins/workday.py for tasks to queue
[2024-02-29T05:37:43.568+0000] {logging_mixin.py:188} INFO - [2024-02-29T05:37:43.568+0000] {dagbag.py:540} INFO - Filling up the DagBag from /home/airflow/.local/lib/python3.11/site-packages/airflow/example_dags/plugins/workday.py
[2024-02-29T05:37:43.816+0000] {processor.py:842} WARNING - No viable dags retrieved from /home/airflow/.local/lib/python3.11/site-packages/airflow/example_dags/plugins/workday.py
[2024-02-29T05:37:43.826+0000] {processor.py:183} INFO - Processing /home/airflow/.local/lib/python3.11/site-packages/airflow/example_dags/plugins/workday.py took 0.264 seconds
[2024-02-29T05:38:13.876+0000] {processor.py:161} INFO - Started process (PID=780) to work on /home/airflow/.local/lib/python3.11/site-packages/airflow/example_dags/plugins/workday.py
[2024-02-29T05:38:13.879+0000] {processor.py:830} INFO - Processing file /home/airflow/.local/lib/python3.11/site-packages/airflow/example_dags/plugins/workday.py for tasks to queue
[2024-02-29T05:38:13.883+0000] {logging_mixin.py:188} INFO - [2024-02-29T05:38:13.883+0000] {dagbag.py:540} INFO - Filling up the DagBag from /home/airflow/.local/lib/python3.11/site-packages/airflow/example_dags/plugins/workday.py
[2024-02-29T05:38:14.179+0000] {processor.py:842} WARNING - No viable dags retrieved from /home/airflow/.local/lib/python3.11/site-packages/airflow/example_dags/plugins/workday.py
[2024-02-29T05:38:14.190+0000] {processor.py:183} INFO - Processing /home/airflow/.local/lib/python3.11/site-packages/airflow/example_dags/plugins/workday.py took 0.318 seconds
[2024-02-29T05:38:45.159+0000] {processor.py:161} INFO - Started process (PID=837) to work on /home/airflow/.local/lib/python3.11/site-packages/airflow/example_dags/plugins/workday.py
[2024-02-29T05:38:45.159+0000] {processor.py:830} INFO - Processing file /home/airflow/.local/lib/python3.11/site-packages/airflow/example_dags/plugins/workday.py for tasks to queue
[2024-02-29T05:38:45.161+0000] {logging_mixin.py:188} INFO - [2024-02-29T05:38:45.161+0000] {dagbag.py:540} INFO - Filling up the DagBag from /home/airflow/.local/lib/python3.11/site-packages/airflow/example_dags/plugins/workday.py
[2024-02-29T05:38:45.503+0000] {processor.py:842} WARNING - No viable dags retrieved from /home/airflow/.local/lib/python3.11/site-packages/airflow/example_dags/plugins/workday.py
[2024-02-29T05:38:45.523+0000] {processor.py:183} INFO - Processing /home/airflow/.local/lib/python3.11/site-packages/airflow/example_dags/plugins/workday.py took 0.368 seconds
[2024-02-29T05:39:16.499+0000] {processor.py:161} INFO - Started process (PID=895) to work on /home/airflow/.local/lib/python3.11/site-packages/airflow/example_dags/plugins/workday.py
[2024-02-29T05:39:16.499+0000] {processor.py:830} INFO - Processing file /home/airflow/.local/lib/python3.11/site-packages/airflow/example_dags/plugins/workday.py for tasks to queue
[2024-02-29T05:39:16.501+0000] {logging_mixin.py:188} INFO - [2024-02-29T05:39:16.501+0000] {dagbag.py:540} INFO - Filling up the DagBag from /home/airflow/.local/lib/python3.11/site-packages/airflow/example_dags/plugins/workday.py
[2024-02-29T05:39:16.762+0000] {processor.py:842} WARNING - No viable dags retrieved from /home/airflow/.local/lib/python3.11/site-packages/airflow/example_dags/plugins/workday.py
[2024-02-29T05:39:16.775+0000] {processor.py:183} INFO - Processing /home/airflow/.local/lib/python3.11/site-packages/airflow/example_dags/plugins/workday.py took 0.279 seconds
[2024-02-29T05:39:46.836+0000] {processor.py:161} INFO - Started process (PID=952) to work on /home/airflow/.local/lib/python3.11/site-packages/airflow/example_dags/plugins/workday.py
[2024-02-29T05:39:46.837+0000] {processor.py:830} INFO - Processing file /home/airflow/.local/lib/python3.11/site-packages/airflow/example_dags/plugins/workday.py for tasks to queue
[2024-02-29T05:39:46.839+0000] {logging_mixin.py:188} INFO - [2024-02-29T05:39:46.838+0000] {dagbag.py:540} INFO - Filling up the DagBag from /home/airflow/.local/lib/python3.11/site-packages/airflow/example_dags/plugins/workday.py
[2024-02-29T05:39:47.124+0000] {processor.py:842} WARNING - No viable dags retrieved from /home/airflow/.local/lib/python3.11/site-packages/airflow/example_dags/plugins/workday.py
[2024-02-29T05:39:47.135+0000] {processor.py:183} INFO - Processing /home/airflow/.local/lib/python3.11/site-packages/airflow/example_dags/plugins/workday.py took 0.303 seconds
