[2024-03-01T03:15:54.966+0000] {taskinstance.py:1979} INFO - Dependencies all met for dep_context=non-requeueable deps ti=<TaskInstance: stock_analyzer.process_irctc_data manual__2024-03-01T03:15:48.734477+00:00 [queued]>
[2024-03-01T03:15:54.974+0000] {taskinstance.py:1979} INFO - Dependencies all met for dep_context=requeueable deps ti=<TaskInstance: stock_analyzer.process_irctc_data manual__2024-03-01T03:15:48.734477+00:00 [queued]>
[2024-03-01T03:15:54.975+0000] {taskinstance.py:2193} INFO - Starting attempt 1 of 1
[2024-03-01T03:15:54.996+0000] {taskinstance.py:2214} INFO - Executing <Task(_PythonDecoratedOperator): process_irctc_data> on 2024-03-01 03:15:48.734477+00:00
[2024-03-01T03:15:55.008+0000] {standard_task_runner.py:60} INFO - Started process 149 to run task
[2024-03-01T03:15:55.013+0000] {standard_task_runner.py:87} INFO - Running: ['***', 'tasks', 'run', 'stock_analyzer', 'process_irctc_data', 'manual__2024-03-01T03:15:48.734477+00:00', '--job-id', '99', '--raw', '--subdir', 'DAGS_FOLDER/stock-analyzer.py', '--cfg-path', '/tmp/tmpvjs2ry4o']
[2024-03-01T03:15:55.015+0000] {standard_task_runner.py:88} INFO - Job 99: Subtask process_irctc_data
[2024-03-01T03:15:55.069+0000] {task_command.py:423} INFO - Running <TaskInstance: stock_analyzer.process_irctc_data manual__2024-03-01T03:15:48.734477+00:00 [running]> on host 0a26efe0197d
[2024-03-01T03:15:55.365+0000] {taskinstance.py:2510} INFO - Exporting env vars: AIRFLOW_CTX_DAG_OWNER='root' AIRFLOW_CTX_DAG_ID='stock_analyzer' AIRFLOW_CTX_TASK_ID='process_irctc_data' AIRFLOW_CTX_EXECUTION_DATE='2024-03-01T03:15:48.734477+00:00' AIRFLOW_CTX_TRY_NUMBER='1' AIRFLOW_CTX_DAG_RUN_ID='manual__2024-03-01T03:15:48.734477+00:00'
[2024-03-01T03:15:55.367+0000] {logging_mixin.py:188} INFO - Reading /opt/***/data/base_data.json for processing.
[2024-03-01T03:15:55.367+0000] {taskinstance.py:2728} ERROR - Task failed with exception
Traceback (most recent call last):
  File "/home/airflow/.local/lib/python3.11/site-packages/airflow/models/taskinstance.py", line 444, in _execute_task
    result = _execute_callable(context=context, **execute_callable_kwargs)
             ^^^^^^^^^^^^^^^^^^^^^^^^^^^^^^^^^^^^^^^^^^^^^^^^^^^^^^^^^^^^^
  File "/home/airflow/.local/lib/python3.11/site-packages/airflow/models/taskinstance.py", line 414, in _execute_callable
    return execute_callable(context=context, **execute_callable_kwargs)
           ^^^^^^^^^^^^^^^^^^^^^^^^^^^^^^^^^^^^^^^^^^^^^^^^^^^^^^^^^^^^
  File "/home/airflow/.local/lib/python3.11/site-packages/airflow/decorators/base.py", line 241, in execute
    return_value = super().execute(context)
                   ^^^^^^^^^^^^^^^^^^^^^^^^
  File "/home/airflow/.local/lib/python3.11/site-packages/airflow/operators/python.py", line 200, in execute
    return_value = self.execute_callable()
                   ^^^^^^^^^^^^^^^^^^^^^^^
  File "/home/airflow/.local/lib/python3.11/site-packages/airflow/operators/python.py", line 217, in execute_callable
    return self.python_callable(*self.op_args, **self.op_kwargs)
           ^^^^^^^^^^^^^^^^^^^^^^^^^^^^^^^^^^^^^^^^^^^^^^^^^^^^^
  File "/opt/airflow/dags/stock-analyzer.py", line 66, in process_irctc_data
    process_data(input_file, output_file)
  File "/opt/airflow/dags/stock-analyzer.py", line 39, in process_data
    with open(input_file) as f:
         ^^^^^^^^^^^^^^^^
FileNotFoundError: [Errno 2] No such file or directory: '/opt/airflow/data/base_data.json'
[2024-03-01T03:15:55.385+0000] {taskinstance.py:1149} INFO - Marking task as FAILED. dag_id=stock_analyzer, task_id=process_irctc_data, execution_date=20240301T031548, start_date=20240301T031554, end_date=20240301T031555
[2024-03-01T03:15:55.424+0000] {standard_task_runner.py:107} ERROR - Failed to execute job 99 for task process_irctc_data ([Errno 2] No such file or directory: '/opt/airflow/data/base_data.json'; 149)
[2024-03-01T03:15:55.469+0000] {local_task_job_runner.py:234} INFO - Task exited with return code 1
[2024-03-01T03:15:55.664+0000] {taskinstance.py:3309} INFO - 0 downstream tasks scheduled from follow-on schedule check
